Log file open, 06/04/16 13:19:40
LogInit:Display: Running engine for game: HeliosFinal
LogPlatformFile: Not using cached read wrapper
LogInit:Display: RandInit(818232348) SRandInit(818232349).
LogTaskGraph: Started task graph with 4 named threads and 7 total threads.
LogStats: Stats thread started at 0.074601
LogInit: Version: 4.11.2-2946394+++UE4+Release-4.11
LogInit: API Version: 2927265
LogInit: Compiled (64-bit): Apr 18 2016 02:18:46
LogInit: Compiled with Visual C++: 19.00.23026.00
LogInit: Build Configuration: Development
LogInit: Branch Name: ++UE4+Release-4.11
LogInit: Command line:  
LogInit: Base directory: C:/Program Files/Epic Games/4.11/Engine/Binaries/Win64/
LogInit: Installed Engine Build: 1
LogInit: Using libcurl 7.41.0
LogInit:  - built for x86_64-pc-win32
LogInit:  - supports SSL with WinSSL
LogInit:  - other features:
LogInit:      CURL_VERSION_SSL
LogInit:      CURL_VERSION_IPV6
LogInit:      CURL_VERSION_ASYNCHDNS
LogInit:      CURL_VERSION_LARGEFILE
LogInit:      CURL_VERSION_IDN
LogInit:  CurlRequestOptions (configurable via config and command line):
LogInit:  - bVerifyPeer = true  - Libcurl will verify peer certificate
LogInit:  - bUseHttpProxy = false  - Libcurl will NOT use HTTP proxy
LogInit:  - bDontReuseConnections = false  - Libcurl will reuse connections
LogInit:  - CertBundlePath = nullptr  - Libcurl will use whatever was configured at build time.
LogInit: Presizing for max 16777216 objects, including 0 objects not considered by GC, pre-allocating 0 bytes for permanent pool.
LogInit: Object subsystem initialized
[2016.06.04-20.19.40:523][  0]LogConsoleManager:Display: Setting the console variable 'r.ScreenPercentage' with 'SetByScalability' was ignored as it is lower priority than the previous 'SetBySystemSettingsIni'
[2016.06.04-20.19.40:523][  0]LogConsoleManager:Display: Setting the console variable 'r.PostProcessAAQuality' with 'SetByScalability' was ignored as it is lower priority than the previous 'SetBySystemSettingsIni'
[2016.06.04-20.19.40:523][  0]LogConsoleManager:Display: Setting the console variable 'sg.PostProcessQuality' with 'SetByScalability' was ignored as it is lower priority than the previous 'SetBySystemSettingsIni'
[2016.06.04-20.19.40:523][  0]LogConsoleManager:Display: Setting the console variable 'r.MaxAnisotropy' with 'SetByScalability' was ignored as it is lower priority than the previous 'SetBySystemSettingsIni'
[2016.06.04-20.19.40:523][  0]LogConsoleManager:Display: Setting the console variable 'sg.EffectsQuality' with 'SetByScalability' was ignored as it is lower priority than the previous 'SetBySystemSettingsIni'
[2016.06.04-20.19.40:523][  0]LogInit: Selected Device Profile: [Windows]
[2016.06.04-20.19.40:523][  0]LogInit: Applying CVar settings loaded from the selected device profile: [Windows]
[2016.06.04-20.19.40:531][  0]LogInit: Computer: 210-EUROPA
[2016.06.04-20.19.40:531][  0]LogInit: User: Helios
[2016.06.04-20.19.40:531][  0]LogInit: CPU Page size=65536, Cores=4
[2016.06.04-20.19.40:531][  0]LogInit: High frequency timer resolution =2.531249 MHz
[2016.06.04-20.19.40:531][  0]LogMemory: Memory total: Physical=15.9GB (16GB approx)
[2016.06.04-20.19.40:531][  0]LogMemory: Platform Memory Stats for Windows
[2016.06.04-20.19.40:531][  0]LogMemory: Process Physical Memory: 314.77 MB used, 314.77 MB peak
[2016.06.04-20.19.40:531][  0]LogMemory: Process Virtual Memory: 314.93 MB used, 314.93 MB peak
[2016.06.04-20.19.40:531][  0]LogMemory: Physical Memory: 5097.63 MB used, 16283.44 MB total
[2016.06.04-20.19.40:531][  0]LogMemory: Virtual Memory: 653.71 MB used, 134217728.00 MB total
[2016.06.04-20.19.40:575][  0]LogTextLocalizationManager: No specific translations for ('en-US') exist, so ('en') translations will be used.
[2016.06.04-20.19.41:053][  0]LogD3D11RHI: D3D11 adapters:
[2016.06.04-20.19.41:101][  0]LogD3D11RHI:    0. 'NVIDIA GeForce GTX 980 Ti' (Feature Level 11_0)
[2016.06.04-20.19.41:101][  0]LogD3D11RHI:       6047MB of dedicated video memory, 0MB of dedicated system memory, and 8141MB of shared system memory, 1 output[s]
[2016.06.04-20.19.41:113][  0]LogD3D11RHI:    1. 'Intel(R) HD Graphics 530' (Feature Level 11_0)
[2016.06.04-20.19.41:113][  0]LogD3D11RHI:       128MB of dedicated video memory, 0MB of dedicated system memory, and 8141MB of shared system memory, 0 output[s]
[2016.06.04-20.19.41:114][  0]LogD3D11RHI:    2. 'Microsoft Basic Render Driver' (Feature Level 11_0)
[2016.06.04-20.19.41:114][  0]LogD3D11RHI:       0MB of dedicated video memory, 0MB of dedicated system memory, and 8141MB of shared system memory, 0 output[s]
[2016.06.04-20.19.41:114][  0]LogD3D11RHI: Chosen D3D11 Adapter: 0
[2016.06.04-20.19.41:120][  0]LogD3D11RHI: Creating new Direct3DDevice
[2016.06.04-20.19.41:120][  0]LogD3D11RHI:     Adapter Name: NVIDIA GeForce GTX 980 Ti
[2016.06.04-20.19.41:120][  0]LogD3D11RHI:   Driver Version: Unknown (internal Unknown)
[2016.06.04-20.19.41:120][  0]LogD3D11RHI:      Driver Date: Unknown
[2016.06.04-20.19.41:120][  0]LogRHI: Texture pool is 1361 MB (70% of 1945 MB)
[2016.06.04-20.19.41:141][  0]LogD3D11RHI: Async texture creation enabled
[2016.06.04-20.19.41:152][  0]LogShaderCompilers: Guid format shader working directory is 33 characters bigger than the processId version (D:/HeliosFinal/Intermediate/Shaders/WorkingDirectory/3864/).
[2016.06.04-20.19.41:152][  0]LogShaderCompilers: Cleaned the shader compiler working directory 'C:/Users/Helios/AppData/Local/Temp/UnrealShaderWorkingDir/F53FE3434F0F2BD2EF56AE8250166F65/'.
[2016.06.04-20.19.41:152][  0]LogShaderCompilers:Display: Using Local Shader Compiler.
[2016.06.04-20.19.42:209][  0]LogTemp:Display: Loaded TP AllDesktopTargetPlatform
[2016.06.04-20.19.42:216][  0]LogTemp:Display: Loaded TP WindowsClientTargetPlatform
[2016.06.04-20.19.42:225][  0]LogTemp:Display: Loaded TP WindowsNoEditorTargetPlatform
[2016.06.04-20.19.42:234][  0]LogTemp:Display: Loaded TP WindowsServerTargetPlatform
[2016.06.04-20.19.42:245][  0]LogTemp:Display: Loaded TP WindowsTargetPlatform
[2016.06.04-20.19.42:250][  0]LogTemp:Display: Loaded TP AndroidTargetPlatform
[2016.06.04-20.19.42:258][  0]LogTemp:Display: Loaded TP Android_ASTCTargetPlatform
[2016.06.04-20.19.42:264][  0]LogTemp:Display: Loaded TP Android_ATCTargetPlatform
[2016.06.04-20.19.42:268][  0]LogTemp:Display: Loaded TP Android_DXTTargetPlatform
[2016.06.04-20.19.42:275][  0]LogTemp:Display: Loaded TP Android_ETC1TargetPlatform
[2016.06.04-20.19.42:280][  0]LogTemp:Display: Loaded TP Android_ETC2TargetPlatform
[2016.06.04-20.19.42:288][  0]LogTemp:Display: Loaded TP Android_MultiTargetPlatform
[2016.06.04-20.19.42:288][  0]LogTemp:Display: Loaded TP Android_PVRTCTargetPlatform
[2016.06.04-20.19.42:290][  0]LogTemp:Display: Loaded TP HTML5TargetPlatform
[2016.06.04-20.19.42:308][  0]LogTemp:Display: Loaded TP IOSTargetPlatform
[2016.06.04-20.19.42:311][  0]LogTemp:Display: Loaded TP TVOSTargetPlatform
[2016.06.04-20.19.42:314][  0]LogTemp:Display: Loaded TP LinuxNoEditorTargetPlatform
[2016.06.04-20.19.42:317][  0]LogTemp:Display: Loaded TP LinuxServerTargetPlatform
[2016.06.04-20.19.42:322][  0]LogTemp:Display: Loaded TP LinuxTargetPlatform
[2016.06.04-20.19.42:322][  0]LogTargetPlatformManager:Display: Building Assets For Windows
[2016.06.04-20.19.42:435][  0]LogDerivedDataCache:Display: Max Cache Size: 512 MB
[2016.06.04-20.19.42:509][  0]LogDerivedDataCache: Loaded boot cache 0.07s 73MB C:/Users/Helios/AppData/Local/UnrealEngine/4.11/DerivedDataCache/Boot.ddc.
[2016.06.04-20.19.42:509][  0]LogDerivedDataCache:Display: Loaded Boot cache: C:/Users/Helios/AppData/Local/UnrealEngine/4.11/DerivedDataCache/Boot.ddc
[2016.06.04-20.19.42:510][  0]LogDerivedDataCache: FDerivedDataBackendGraph:  Pak pak cache file D:/HeliosFinal/DerivedDataCache/DDC.ddp not found, will not use a pak cache.
[2016.06.04-20.19.42:510][  0]LogDerivedDataCache: Unable to find inner node Pak for hierarchical cache Hierarchy.
[2016.06.04-20.19.42:510][  0]LogDerivedDataCache: FDerivedDataBackendGraph:  CompressedPak pak cache file D:/HeliosFinal/DerivedDataCache/Compressed.ddp not found, will not use a pak cache.
[2016.06.04-20.19.42:510][  0]LogDerivedDataCache: Unable to find inner node CompressedPak for hierarchical cache Hierarchy.
[2016.06.04-20.19.42:525][  0]LogDerivedDataCache:Display: Pak cache opened for reading ../../../Engine/DerivedDataCache/Compressed.ddp.
[2016.06.04-20.19.42:540][  0]LogDerivedDataCache: Using Local data cache path C:/Users/Helios/AppData/Local/UnrealEngine/Common/DerivedDataCache: Writable
[2016.06.04-20.19.42:797][  0]LogInit: Selected Device Profile: [Windows]
[2016.06.04-20.19.42:798][  0]LogContentStreaming: Texture pool size is 0.00 MB
[2016.06.04-20.19.42:851][  0]LogMaterial: Uniform references updated for custom material expression Custom.
[2016.06.04-20.19.43:022][  0]LogMeshUtilities: No automatic mesh reduction module available
[2016.06.04-20.19.43:022][  0]LogMeshUtilities: No automatic mesh merging module available
[2016.06.04-20.19.43:022][  0]LogMeshUtilities: No distributed automatic mesh merging module available
[2016.06.04-20.19.43:254][  0]LogUObjectArray: 27679 objects as part of root set at end of initial load.
[2016.06.04-20.19.43:254][  0]LogUObjectAllocator: 5591592 out of 0 bytes used by permanent object pool.
[2016.06.04-20.19.43:254][  0]LogUObjectArray: CloseDisregardForGC: 0/0 objects in disregard for GC pool
[2016.06.04-20.19.43:268][  0]LogInit: WinSock: version 1.1 (2.2), MaxSocks=32767, MaxUdp=65467
[2016.06.04-20.19.43:394][  0]LogSlate: SlateFontCache - WITH_FREETYPE: 1, WITH_HARFBUZZ: 1
[2016.06.04-20.19.43:394][  0]LogSlate: SlateFontCache - WITH_FREETYPE: 1, WITH_HARFBUZZ: 1
[2016.06.04-20.19.43:509][  0]LogStreaming:Warning: Failed to read file '../../../Engine/Content/Editor/Slate/Common/Selection_16x.png' error.
[2016.06.04-20.19.43:509][  0]LogSlate: Could not find file for Slate resource: ../../../Engine/Content/Editor/Slate/Common/Selection_16x.png
[2016.06.04-20.19.43:509][  0]LogStreaming:Warning: Failed to read file '../../../Engine/Content/Editor/Slate/Common/Selection_16x.png' error.
[2016.06.04-20.19.43:509][  0]LogSlate: Could not find file for Slate resource: ../../../Engine/Content/Editor/Slate/Common/Selection_16x.png
[2016.06.04-20.19.43:509][  0]LogStreaming:Warning: Failed to read file '../../../Engine/Content/Editor/Slate/Common/Selection_16x.png' error.
[2016.06.04-20.19.43:509][  0]LogSlate: Could not find file for Slate resource: ../../../Engine/Content/Editor/Slate/Common/Selection_16x.png
[2016.06.04-20.19.44:080][  0]LogUdpMessaging: Initializing bridge on interface 0.0.0.0:0 to multicast group 230.0.0.1:6666.
[2016.06.04-20.19.44:205][  0]LogAssetRegistry: FAssetRegistry took 0.0229 seconds to start up
[2016.06.04-20.19.44:365][  0]SourceControl: Info Source control is disabled
[2016.06.04-20.19.44:400][  0]SourceControl: Info Source control is disabled
[2016.06.04-20.19.44:408][  0]SourceControl: Info Source control is disabled
[2016.06.04-20.19.44:415][  0]SourceControl: Info Source control is disabled
[2016.06.04-20.19.44:946][  0]LogConsoleManager:Warning: Console object named 'vr.EnableMotionControllerLateUpdate' already exists but is being registered again, but we weren't expected it to be! (FConsoleManager::AddConsoleObject)
[2016.06.04-20.19.44:998][  0]LogEngine: Initializing Engine...
[2016.06.04-20.19.46:636][  0]LogHMD: SteamVR initialized.  Driver: lighthouse  Display: LHR-2D0E5179
[2016.06.04-20.19.46:804][  0]LogAIModule: Creating AISystem for world NewWorld
[2016.06.04-20.19.46:812][  0]LogInit: XAudio2 using 'Speakers (4- USB Audio Device)' : 2 channels at 44.1 kHz using 16 bits per sample (channel mask 0x3)
[2016.06.04-20.19.46:828][  0]LogInit: FAudioDevice initialized.
[2016.06.04-20.19.46:862][  0]LogDerivedDataCache: Saved boot cache 0.03s 73MB C:/Users/Helios/AppData/Local/UnrealEngine/4.11/DerivedDataCache/Boot.ddc.
[2016.06.04-20.19.46:870][  0]LogInit: Texture streaming: Enabled
[2016.06.04-20.19.48:999][  0]LogInit: Transaction tracking system initialized
[2016.06.04-20.19.49:044][  0]BlueprintLog: New page: Editor Load
[2016.06.04-20.19.49:135][  0]LocalizationService: Info Localization service is disabled
[2016.06.04-20.19.49:219][  0]LogConsoleResponse:Display: 
[2016.06.04-20.19.49:318][  0]LogCook:Display: Max memory allowance for cook 8192mb
[2016.06.04-20.19.49:318][  0]LogCook:Display: Mobile HDR setting 1
[2016.06.04-20.19.49:318][  0]LogCook:Display: Done creating registry. It took  0.00s.
[2016.06.04-20.19.49:372][  0]LogFileCache: Scanning file cache for directory 'D:/HeliosFinal/Content/' took 0.01s
[2016.06.04-20.19.49:372][  0]SourceControl: Info Source control is disabled
[2016.06.04-20.19.49:372][  0]Cmd: MAP LOAD FILE="D:/HeliosFinal/Content/Plains.umap" TEMPLATE=0 SHOWPROGRESS=1 FEATURELEVEL=3
[2016.06.04-20.19.49:372][  0]LightingResults: New page: Lighting Build
[2016.06.04-20.19.49:377][  0]MapCheck: New page: Map Check
[2016.06.04-20.19.49:377][  0]LightingResults: New page: Lighting Build
[2016.06.04-20.19.49:880][  0]LogAIModule: Creating AISystem for world Plains
[2016.06.04-20.19.49:899][  0]LogEditorServer: Finished looking for orphan Actors (0.000 secs)
[2016.06.04-20.19.49:899][  0]Cmd: MAP CHECKDEP NOCLEARLOG
[2016.06.04-20.19.49:942][  0]MapCheck: Info Map check complete: 0 Error(s), 0 Warning(s), took 43.092ms to complete.
[2016.06.04-20.19.49:942][  0]LogFileHelpers: Loading map 'Plains' took 0.570
[2016.06.04-20.19.50:073][  0]LogCollectionManager: Loaded 0 collections in 0.002422 seconds
[2016.06.04-20.19.50:115][  0]LogFileCache: Scanning file cache for directory 'D:/HeliosFinal/Saved/Collections/' took 0.01s
[2016.06.04-20.19.50:116][  0]LogFileCache: Scanning file cache for directory 'D:/HeliosFinal/Content/Developers/Helios/Collections/' took 0.01s
[2016.06.04-20.19.50:116][  0]LogFileCache: Scanning file cache for directory 'D:/HeliosFinal/Content/Collections/' took 0.01s
[2016.06.04-20.19.50:116][  0]LogCollectionManager: Rebuilt the GUID cache for 0 collections in 0.000003 seconds
[2016.06.04-20.19.50:123][  0]LogContentBrowser: Native class hierarchy populated in 0.0072 seconds. Added 1980 classes and 346 folders.
[2016.06.04-20.19.50:128][  0]LogStats: UGameplayTagsManager::ConstructGameplayTagTree: Construct from data asset -  0.000 s
[2016.06.04-20.19.50:128][  0]LogStats: UGameplayTagsManager::ConstructGameplayTagTree: GameplayTagTreeChangedEvent.Broadcast -  0.000 s
[2016.06.04-20.19.50:129][  0]LogContentBrowser: Native class hierarchy updated for 'GameplayTags' in 0.0003 seconds. Added 12 classes and 0 folders.
[2016.06.04-20.19.50:135][  0]LogContentBrowser: Native class hierarchy updated for 'WidgetCarousel' in 0.0004 seconds. Added 0 classes and 0 folders.
[2016.06.04-20.19.50:142][  0]LogContentBrowser: Native class hierarchy updated for 'SuperSearch' in 0.0003 seconds. Added 1 classes and 2 folders.
[2016.06.04-20.19.50:175][  0]LogContentBrowser: Native class hierarchy updated for 'AddContentDialog' in 0.0003 seconds. Added 0 classes and 0 folders.
[2016.06.04-20.19.50:180][  0]LogContentBrowser: Native class hierarchy updated for 'SceneOutliner' in 0.0005 seconds. Added 1 classes and 2 folders.
[2016.06.04-20.19.50:238][  0]LogCrashTracker: Crashtracker disabled due to settings.
[2016.06.04-20.19.50:243][  0]LogUObjectGlobals:Warning: Failed to find object 'Class None.'
[2016.06.04-20.19.50:270][  0]LogContentBrowser: Native class hierarchy updated for 'HierarchicalLODOutliner' in 0.0003 seconds. Added 1 classes and 2 folders.
[2016.06.04-20.19.50:270][  0]LogLoad: Full Startup: 10.46 seconds (BP compile: 0.09 seconds)
[2016.06.04-20.19.50:270][  0]LogExternalProfiler: Found external profiler: VSPerf
[2016.06.04-20.19.50:271][  0]LogExternalProfiler: Using external profiler: VSPerf
[2016.06.04-20.19.50:288][  0]LogOcInput: OculusInput pre-init called
[2016.06.04-20.19.50:362][  0]LogContentStreaming: Texture pool size now 700 MB
[2016.06.04-20.19.50:533][  0]LogRenderer: Reallocating scene render targets to support 2056x1256 (Frame:2).
[2016.06.04-20.19.50:624][  1]Cmd: UpdateLandscapeEditorData -warnings
[2016.06.04-20.19.50:657][  1]LogAssetRegistry: Asset discovery search completed in 6.4749 seconds
[2016.06.04-20.19.50:657][  1]LogCollectionManager: Rebuilt the object cache for 0 collections in 0.000000 seconds (found 0 objects)
[2016.06.04-20.19.50:657][  1]LogCollectionManager: Fixed up redirectors for 0 collections in 0.000018 seconds (updated 0 objects)
[2016.06.04-20.28.16:829][113]LogSlate:Warning: Prevented a slow task dialog from being summoned while a context menu was open
[2016.06.04-20.28.39:252][236]LogPlayLevel: PlayLevel: No blueprints needed recompiling
[2016.06.04-20.28.39:252][236]PIE: New page: PIE session: Plains (Jun 4, 2016, 5:28:39 AM)
[2016.06.04-20.28.39:252][236]LogPlayLevel: Creating play world package: /Game/UEDPIE_0_Plains
[2016.06.04-20.28.39:278][236]LogPlayLevel: PIE: StaticDuplicateObject took: (0.026115s)
[2016.06.04-20.28.39:279][236]LogAIModule: Creating AISystem for world Plains
[2016.06.04-20.28.39:279][236]LogPlayLevel: PIE: World Init took: (0.001057s)
[2016.06.04-20.28.39:279][236]LogPlayLevel: PIE: Created PIE world by copying editor world from /Game/Plains.Plains to /Game/UEDPIE_0_Plains.Plains (0.027350s)
[2016.06.04-20.28.39:293][236]LogInit: XAudio2 using 'Speakers (4- USB Audio Device)' : 2 channels at 44.1 kHz using 16 bits per sample (channel mask 0x3)
[2016.06.04-20.28.39:298][236]LogInit: FAudioDevice initialized.
[2016.06.04-20.28.39:579][236]LogLinker:Warning: Can't find file '/Game/Vive/Material/MTeleportTarget'
[2016.06.04-20.28.39:579][236]LogLinker:Warning: Can't find file for asset '/Game/Vive/Material/MTeleportTarget' while loading D:/HeliosFinal/Content/Vive/Vive_Pawn.uasset.
[2016.06.04-20.28.39:579][236]LoadErrors:Error: Error /Game/Vive/Vive_Pawn : Can't find file for asset. /Game/Vive/Material/MTeleportTarget
[2016.06.04-20.28.39:588][236]LogLinker:Warning: Can't find file '/Game/Vive/Material/MTeleportTarget'
[2016.06.04-20.28.39:588][236]LogLinker:Warning: Can't find file for asset '/Game/Vive/Material/MTeleportTarget' while loading D:/HeliosFinal/Content/Vive/Vive_Pawn.uasset.
[2016.06.04-20.28.39:598][236]LogLinker:Warning: Can't find file '/Game/Vive/Material/MTeleportTarget'
[2016.06.04-20.28.39:598][236]LogLinker:Warning: Can't find file for asset '/Game/Vive/Material/MTeleportTarget' while loading D:/HeliosFinal/Content/Vive/SteamVR_GM.uasset.
[2016.06.04-20.28.39:598][236]LoadErrors:Error: Error /Game/Vive/SteamVR_GM : Can't find file for asset. /Game/Vive/Material/MTeleportTarget
[2016.06.04-20.28.39:599][236]LogLinker:Warning: Can't find file '/Game/Vive/Material/MTeleportTarget'
[2016.06.04-20.28.39:599][236]LogLinker:Warning: Can't find file for asset '/Game/Vive/Material/MTeleportTarget' while loading D:/HeliosFinal/Content/Vive/SteamVR_GM.uasset.
[2016.06.04-20.28.39:706][236]LogLinker:Warning: Can't find file '/Game/Vive/Material/MTeleportTarget'
[2016.06.04-20.28.39:706][236]LoadErrors: Info Failed to load /Game/Vive/Material/MTeleportTarget.MTeleportTarget Referenced by LTarget_GEN_VARIABLE
[2016.06.04-20.28.39:706][236]LogLinker:Warning: Can't find file for asset '/Game/Vive/Material/MTeleportTarget' while loading D:/HeliosFinal/Content/Vive/SteamVR_GM.uasset.
[2016.06.04-20.28.39:706][236]LogLinker:Warning: Can't find file '/Game/Vive/Material/MTeleportTarget'
[2016.06.04-20.28.39:706][236]LoadErrors: Info Failed to load /Game/Vive/Material/MTeleportTarget.MTeleportTarget Referenced by RTarget_GEN_VARIABLE
[2016.06.04-20.28.39:706][236]LogLinker:Warning: Can't find file for asset '/Game/Vive/Material/MTeleportTarget' while loading D:/HeliosFinal/Content/Vive/SteamVR_GM.uasset.
[2016.06.04-20.28.40:251][236]LogWorld: Game class is 'SteamVR_GM_C'
[2016.06.04-20.28.40:261][236]LogWorld: Bringing World /Game/UEDPIE_0_Plains.Plains up for play (max tick rate 0) at 2016.06.04-13.28.40
[2016.06.04-20.28.40:262][236]LogWorld: Bringing up level for play took: 0.006248
[2016.06.04-20.28.40:267][236]LogContentBrowser: Native class hierarchy updated for 'MovieSceneCapture' in 0.0004 seconds. Added 9 classes and 0 folders.
[2016.06.04-20.28.40:277][236]PIE: Info Play in editor start time for /Game/UEDPIE_0_Plains 0.357
[2016.06.04-20.28.40:296][238]LogRenderer: Reallocating scene render targets to support 3024x1680 (Frame:283).
[2016.06.04-20.28.40:367][239]LogRenderTargetPool:Warning: r.RenderTargetPoolMin exceeded 457/400 MB (ok in editor, bad on fixed memory platform)
[2016.06.04-20.28.47:906][910]LogSpawn:Warning: SpawnActor failed because of collision at the spawn location [X=34.396 Y=-446.897 Z=300.000] for [Target_C]
[2016.06.04-20.28.51:928][270]LogSpawn:Warning: SpawnActor failed because of collision at the spawn location [X=516.216 Y=34.923 Z=300.000] for [Target_C]
[2016.06.04-20.28.53:212][385]LogTemp:Warning: VRGripMotionController drop function was passed an invalid actor
[2016.06.04-20.28.53:938][450]LogSpawn:Warning: SpawnActor failed because of collision at the spawn location [X=516.216 Y=34.922 Z=200.000] for [Target_C]
[2016.06.04-20.28.54:533][490]LogActorComponent: UnregisterComponent: (/Engine/Transient.SteamVRChaperone_GEN_VARIABLE) Not registered. Aborting.
[2016.06.04-20.28.54:533][490]LogActorComponent: UnregisterComponent: (/Engine/Transient.FloatingPawnMovement_GEN_VARIABLE) Not registered. Aborting.
[2016.06.04-20.28.56:982][605]Cmd: QUIT_EDITOR
[2016.06.04-20.28.58:029][605]LogWindowsTextInputMethodSystem:Display: IME system now deactivated.
[2016.06.04-20.28.58:067][605]LogExit: Preparing to exit.
[2016.06.04-20.28.58:379][605]LogExit: Editor shut down
[2016.06.04-20.28.58:379][605]LogExit: Transaction tracking system shut down
[2016.06.04-20.28.58:482][605]LogObj: Freed 0b from 0 cluster array pools.
[2016.06.04-20.28.58:482][605]LogExit: Object subsystem successfully closed.
[2016.06.04-20.28.58:495][605]LogD3D11RHI: Shutdown
[2016.06.04-20.28.58:495][605]LogD3D11RHI: CleanupD3DDevice
[2016.06.04-20.28.58:496][605]LogD3D11RHI: ~FD3D11DynamicRHI
[2016.06.04-20.28.58:585][605]LogDerivedDataCache: Shutdown
[2016.06.04-20.28.58:585][605]LogModuleManager: Shutting down and abandoning module MovieSceneCapture (206)
[2016.06.04-20.28.58:585][605]LogModuleManager: Shutting down and abandoning module HierarchicalLODOutliner (205)
[2016.06.04-20.28.58:585][605]LogModuleManager: Shutting down and abandoning module CrashTracker (204)
[2016.06.04-20.28.58:585][605]LogModuleManager: Shutting down and abandoning module SceneOutliner (203)
[2016.06.04-20.28.58:585][605]LogModuleManager: Shutting down and abandoning module SuperSearch (202)
[2016.06.04-20.28.58:585][605]LogModuleManager: Shutting down and abandoning module WidgetCarousel (201)
[2016.06.04-20.28.58:585][605]LogModuleManager: Shutting down and abandoning module AddContentDialog (200)
[2016.06.04-20.28.58:586][605]LogModuleManager: Shutting down and abandoning module GameplayTags (199)
[2016.06.04-20.28.58:586][605]LogModuleManager: Shutting down and abandoning module EditorWidgets (198)
[2016.06.04-20.28.58:586][605]LogModuleManager: Shutting down and abandoning module CollectionManager (197)
[2016.06.04-20.28.58:586][605]LogModuleManager: Shutting down and abandoning module StatsViewer (196)
[2016.06.04-20.28.58:586][605]LogModuleManager: Shutting down and abandoning module FoliageEdit (195)
[2016.06.04-20.28.58:586][605]LogModuleManager: Shutting down and abandoning module LandscapeEditor (194)
[2016.06.04-20.28.58:586][605]LogModuleManager: Shutting down and abandoning module ActorPickerMode (193)
[2016.06.04-20.28.58:586][605]LogModuleManager: Shutting down and abandoning module GeometryMode (192)
[2016.06.04-20.28.58:586][605]LogModuleManager: Shutting down and abandoning module TextureAlignMode (191)
[2016.06.04-20.28.58:586][605]LogModuleManager: Shutting down and abandoning module BspMode (190)
[2016.06.04-20.28.58:586][605]LogModuleManager: Shutting down and abandoning module PlacementMode (189)
[2016.06.04-20.28.58:586][605]LogModuleManager: Shutting down and abandoning module AutomationWorker (188)
[2016.06.04-20.28.58:586][605]LogModuleManager: Shutting down and abandoning module CharacterAI (187)
[2016.06.04-20.28.58:586][605]LogModuleManager: Shutting down and abandoning module SmartSnapping (186)
[2016.06.04-20.28.58:586][605]LogModuleManager: Shutting down and abandoning module ViewportSnapping (185)
[2016.06.04-20.28.58:587][605]LogModuleManager: Shutting down and abandoning module LogVisualizer (184)
[2016.06.04-20.28.58:587][605]LogModuleManager: Shutting down and abandoning module GameProjectGeneration (183)
[2016.06.04-20.28.58:587][605]LogModuleManager: Shutting down and abandoning module IntroTutorials (182)
[2016.06.04-20.28.58:587][605]LogModuleManager: Shutting down and abandoning module EditorLiveStreaming (181)
[2016.06.04-20.28.58:587][605]LogModuleManager: Shutting down and abandoning module IOSPlatformEditor (180)
[2016.06.04-20.28.58:587][605]LogModuleManager: Shutting down and abandoning module HTML5PlatformEditor (179)
[2016.06.04-20.28.58:587][605]LogModuleManager: Shutting down and abandoning module AndroidDeviceDetection (178)
[2016.06.04-20.28.59:356][605]LogModuleManager: Shutting down and abandoning module AndroidPlatformEditor (177)
[2016.06.04-20.28.59:356][605]LogModuleManager: Shutting down and abandoning module IOSRuntimeSettings (176)
[2016.06.04-20.28.59:356][605]LogModuleManager: Shutting down and abandoning module AndroidRuntimeSettings (175)
[2016.06.04-20.28.59:356][605]LogModuleManager: Shutting down and abandoning module MergeActors (174)
[2016.06.04-20.28.59:356][605]LogModuleManager: Shutting down and abandoning module SizeMap (173)
[2016.06.04-20.28.59:356][605]LogModuleManager: Shutting down and abandoning module TreeMap (172)
[2016.06.04-20.28.59:356][605]LogModuleManager: Shutting down and abandoning module ReferenceViewer (171)
[2016.06.04-20.28.59:356][605]LogModuleManager: Shutting down and abandoning module LocalizationService (170)
[2016.06.04-20.28.59:356][605]LogModuleManager: Shutting down and abandoning module LocalizationDashboard (169)
[2016.06.04-20.28.59:356][605]LogModuleManager: Shutting down and abandoning module HardwareTargeting (168)
[2016.06.04-20.28.59:356][605]LogModuleManager: Shutting down and abandoning module DeviceProfileEditor (167)
[2016.06.04-20.28.59:356][605]LogModuleManager: Shutting down and abandoning module UndoHistory (166)
[2016.06.04-20.28.59:356][605]LogModuleManager: Shutting down and abandoning module UserFeedback (165)
[2016.06.04-20.28.59:356][605]LogModuleManager: Shutting down and abandoning module XmlParser (164)
[2016.06.04-20.28.59:356][605]LogModuleManager: Shutting down and abandoning module Blutility (163)
[2016.06.04-20.28.59:356][605]LogModuleManager: Shutting down and abandoning module ProjectTargetPlatformEditor (162)
[2016.06.04-20.28.59:356][605]LogModuleManager: Shutting down and abandoning module ProjectSettingsViewer (161)
[2016.06.04-20.28.59:356][605]LogModuleManager: Shutting down and abandoning module InputBindingEditor (160)
[2016.06.04-20.28.59:356][605]LogModuleManager: Shutting down and abandoning module EditorSettingsViewer (159)
[2016.06.04-20.28.59:356][605]LogModuleManager: Shutting down and abandoning module SettingsEditor (158)
[2016.06.04-20.28.59:356][605]LogModuleManager: Shutting down and abandoning module ProjectLauncher (157)
[2016.06.04-20.28.59:357][605]LogModuleManager: Shutting down and abandoning module SessionFrontend (156)
[2016.06.04-20.28.59:357][605]LogModuleManager: Shutting down and abandoning module ProfilerClient (155)
[2016.06.04-20.28.59:357][605]LogModuleManager: Shutting down and abandoning module TargetDeviceServices (154)
[2016.06.04-20.28.59:357][605]LogModuleManager: Shutting down and abandoning module DeviceManager (153)
[2016.06.04-20.28.59:388][605]LogModuleManager: Shutting down and abandoning module AutomationController (152)
[2016.06.04-20.28.59:388][605]LogModuleManager: Shutting down and abandoning module AutomationWindow (151)
[2016.06.04-20.28.59:388][605]LogModuleManager: Shutting down and abandoning module Layers (150)
[2016.06.04-20.28.59:388][605]LogModuleManager: Shutting down and abandoning module ComponentVisualizers (149)
[2016.06.04-20.28.59:388][605]LogModuleManager: Shutting down and abandoning module DetailCustomizations (148)
[2016.06.04-20.28.59:388][605]LogModuleManager: Shutting down and abandoning module PackagesDialog (147)
[2016.06.04-20.28.59:388][605]LogModuleManager: Shutting down and abandoning module Persona (146)
[2016.06.04-20.28.59:388][605]LogModuleManager: Shutting down and abandoning module Kismet (145)
[2016.06.04-20.28.59:388][605]LogModuleManager: Shutting down and abandoning module GraphEditor (144)
[2016.06.04-20.28.59:388][605]LogModuleManager: Shutting down and abandoning module ClassViewer (143)
[2016.06.04-20.28.59:388][605]LogModuleManager: Shutting down and abandoning module Toolbox (142)
[2016.06.04-20.28.59:388][605]LogModuleManager: Shutting down and abandoning module ModuleUI (141)
[2016.06.04-20.28.59:388][605]LogModuleManager: Shutting down and abandoning module MovieSceneTools (140)
[2016.06.04-20.28.59:388][605]LogModuleManager: Shutting down and abandoning module OutputLog (139)
[2016.06.04-20.28.59:388][605]LogModuleManager: Shutting down and abandoning module GammaUI (138)
[2016.06.04-20.28.59:388][605]LogModuleManager: Shutting down and abandoning module Documentation (137)
[2016.06.04-20.28.59:388][605]LogModuleManager: Shutting down and abandoning module StreamingPauseRendering (136)
[2016.06.04-20.28.59:388][605]LogModuleManager: Shutting down and abandoning module AnalyticsET (135)
[2016.06.04-20.28.59:388][605]LogModuleManager: Shutting down and abandoning module Analytics (134)
[2016.06.04-20.28.59:388][605]LogModuleManager: Shutting down and abandoning module PortalServices (133)
[2016.06.04-20.28.59:388][605]LogModuleManager: Shutting down and abandoning module PortalRpc (132)
[2016.06.04-20.28.59:388][605]LogModuleManager: Shutting down and abandoning module MessagingRpc (131)
[2016.06.04-20.28.59:388][605]LogModuleManager: Shutting down and abandoning module AITestSuite (130)
[2016.06.04-20.28.59:388][605]LogModuleManager: Shutting down and abandoning module GameplayDebugger (129)
[2016.06.04-20.28.59:388][605]LogModuleManager: Shutting down and abandoning module AIModule (128)
[2016.06.04-20.28.59:388][605]LogModuleManager: Shutting down and abandoning module ProfilerService (127)
[2016.06.04-20.28.59:551][605]LogModuleManager: Shutting down and abandoning module TaskGraph (126)
[2016.06.04-20.28.59:551][605]LogModuleManager: Shutting down and abandoning module VRGripMotionControllerPlugin (125)
[2016.06.04-20.28.59:551][605]LogModuleManager: Shutting down and abandoning module SlateRemote (124)
[2016.06.04-20.28.59:551][605]LogModuleManager: Shutting down and abandoning module SteamVRController (123)
[2016.06.04-20.28.59:551][605]LogModuleManager: Shutting down and abandoning module SteamVR (122)
[2016.06.04-20.28.59:551][605]LogModuleManager: Shutting down and abandoning module ProceduralMeshComponent (121)
[2016.06.04-20.28.59:551][605]LogModuleManager: Shutting down and abandoning module OculusLibrary (120)
[2016.06.04-20.28.59:551][605]LogModuleManager: Shutting down and abandoning module OculusInput (119)
[2016.06.04-20.28.59:551][605]LogModuleManager: Shutting down and abandoning module CustomMeshComponent (118)
[2016.06.04-20.28.59:551][605]LogModuleManager: Shutting down and abandoning module CableComponent (117)
[2016.06.04-20.28.59:551][605]LogModuleManager: Shutting down and abandoning module ArchVisCharacter (116)
[2016.06.04-20.28.59:551][605]LogModuleManager: Shutting down and abandoning module MediaPlayerEditor (115)
[2016.06.04-20.28.59:551][605]LogModuleManager: Shutting down and abandoning module HTML5Networking (114)
[2016.06.04-20.28.59:551][605]LogModuleManager: Shutting down and abandoning module SpeedTreeImporter (113)
[2016.06.04-20.28.59:551][605]LogModuleManager: Shutting down and abandoning module PluginBrowser (112)
[2016.06.04-20.28.59:551][605]LogModuleManager: Shutting down and abandoning module EpicSurvey (111)
[2016.06.04-20.28.59:551][605]LogModuleManager: Shutting down and abandoning module DesktopPlatform (110)
[2016.06.04-20.28.59:551][605]LogModuleManager: Shutting down and abandoning module VisualStudioSourceCodeAccess (109)
[2016.06.04-20.28.59:551][605]LogModuleManager: Shutting down and abandoning module UObjectPlugin (108)
[2016.06.04-20.28.59:551][605]LogModuleManager: Shutting down and abandoning module SubversionSourceControl (107)
[2016.06.04-20.28.59:553][605]LogModuleManager: Shutting down and abandoning module PerforceSourceControl (106)
[2016.06.04-20.28.59:553][605]LogModuleManager: Shutting down and abandoning module SourceControl (105)
[2016.06.04-20.28.59:553][605]LogModuleManager: Shutting down and abandoning module GitSourceControl (104)
[2016.06.04-20.28.59:553][605]LogModuleManager: Shutting down and abandoning module LightPropagationVolumeEditor (103)
[2016.06.04-20.28.59:553][605]LogModuleManager: Shutting down and abandoning module PaperTiledImporter (102)
[2016.06.04-20.28.59:553][605]LogModuleManager: Shutting down and abandoning module PaperSpriteSheetImporter (101)
[2016.06.04-20.28.59:553][605]LogModuleManager: Shutting down and abandoning module MeshPaint (100)
[2016.06.04-20.28.59:553][605]LogModuleManager: Shutting down and abandoning module HotReload (99)
[2016.06.04-20.28.59:553][605]LogModuleManager: Shutting down and abandoning module MainFrame (98)
[2016.06.04-20.28.59:553][605]LogModuleManager: Shutting down and abandoning module LevelEditor (97)
[2016.06.04-20.28.59:554][605]LogModuleManager: Shutting down and abandoning module DirectoryWatcher (96)
[2016.06.04-20.28.59:554][605]LogModuleManager: Shutting down and abandoning module AssetRegistry (95)
[2016.06.04-20.28.59:685][605]LogModuleManager: Shutting down and abandoning module ContentBrowser (94)
[2016.06.04-20.28.59:685][605]LogModuleManager: Shutting down and abandoning module Paper2DEditor (93)
[2016.06.04-20.28.59:685][605]LogModuleManager: Shutting down and abandoning module UdpMessaging (92)
[2016.06.04-20.28.59:786][605]LogModuleManager: Shutting down and abandoning module LightPropagationVolumeRuntime (91)
[2016.06.04-20.28.59:786][605]LogModuleManager: Shutting down and abandoning module Paper2D (90)
[2016.06.04-20.28.59:786][605]LogModuleManager: Shutting down and abandoning module WindowsMoviePlayer (89)
[2016.06.04-20.28.59:786][605]LogModuleManager: Shutting down and abandoning module Media (88)
[2016.06.04-20.28.59:786][605]LogModuleManager: Shutting down and abandoning module WmfMedia (87)
[2016.06.04-20.28.59:786][605]LogModuleManager: Shutting down and abandoning module MediaAssets (86)
[2016.06.04-20.28.59:786][605]LogModuleManager: Shutting down and abandoning module GameLiveStreaming (85)
[2016.06.04-20.28.59:786][605]LogModuleManager: Shutting down and abandoning module GameplayTagsEditor (84)
[2016.06.04-20.28.59:786][605]LogModuleManager: Shutting down and abandoning module OnlineBlueprintSupport (83)
[2016.06.04-20.28.59:786][605]LogModuleManager: Shutting down and abandoning module GameplayTasksEditor (82)
[2016.06.04-20.28.59:786][605]LogModuleManager: Shutting down and abandoning module PropertyEditor (81)
[2016.06.04-20.28.59:786][605]LogModuleManager: Shutting down and abandoning module BehaviorTreeEditor (80)
[2016.06.04-20.28.59:786][605]LogModuleManager: Shutting down and abandoning module FunctionalTesting (79)
[2016.06.04-20.28.59:786][605]LogModuleManager: Shutting down and abandoning module CollisionAnalyzer (78)
[2016.06.04-20.28.59:786][605]LogModuleManager: Shutting down and abandoning module WorkspaceMenuStructure (77)
[2016.06.04-20.28.59:786][605]LogModuleManager: Shutting down and abandoning module MessageLog (76)
[2016.06.04-20.28.59:786][605]LogModuleManager: Shutting down and abandoning module Sequencer (75)
[2016.06.04-20.28.59:786][605]LogModuleManager: Shutting down and abandoning module AssetTools (74)
[2016.06.04-20.28.59:786][605]LogModuleManager: Shutting down and abandoning module UMGEditor (73)
[2016.06.04-20.28.59:786][605]LogModuleManager: Shutting down and abandoning module UMG (72)
[2016.06.04-20.28.59:786][605]LogModuleManager: Shutting down and abandoning module SlateReflector (71)
[2016.06.04-20.28.59:786][605]LogModuleManager: Shutting down and abandoning module Slate (70)
[2016.06.04-20.28.59:786][605]LogModuleManager: Shutting down and abandoning module EditorStyle (69)
[2016.06.04-20.28.59:788][605]LogModuleManager: Shutting down and abandoning module SessionServices (68)
[2016.06.04-20.28.59:788][605]LogModuleManager: Shutting down and abandoning module SourceCodeAccess (67)
[2016.06.04-20.28.59:788][605]LogModuleManager: Shutting down and abandoning module HeadMountedDisplay (66)
[2016.06.04-20.28.59:788][605]LogModuleManager: Shutting down and abandoning module XAudio2 (65)
[2016.06.04-20.28.59:788][605]LogModuleManager: Shutting down and abandoning module Networking (63)
[2016.06.04-20.28.59:788][605]LogModuleManager: Shutting down and abandoning module Core (62)
[2016.06.04-20.28.59:788][605]LogModuleManager: Shutting down and abandoning module KismetCompiler (61)
[2016.06.04-20.28.59:788][605]LogModuleManager: Shutting down and abandoning module PhysXFormats (60)
[2016.06.04-20.28.59:788][605]LogModuleManager: Shutting down and abandoning module MeshUtilities (59)
[2016.06.04-20.28.59:788][605]LogModuleManager: Shutting down and abandoning module CookingStats (58)
[2016.06.04-20.28.59:788][605]LogModuleManager: Shutting down and abandoning module DerivedDataCache (57)
[2016.06.04-20.28.59:788][605]LogDerivedDataCache: Shutdown
[2016.06.04-20.28.59:788][605]LogModuleManager: Shutting down and abandoning module ShaderFormatOpenGL (56)
[2016.06.04-20.28.59:788][605]LogModuleManager: Shutting down and abandoning module ShaderFormatD3D (55)
[2016.06.04-20.28.59:788][605]LogModuleManager: Shutting down and abandoning module MetalShaderFormat (54)
[2016.06.04-20.28.59:788][605]LogModuleManager: Shutting down and abandoning module TextureFormatUncompressed (53)
[2016.06.04-20.28.59:788][605]LogModuleManager: Shutting down and abandoning module TextureFormatPVR (52)
[2016.06.04-20.28.59:788][605]LogModuleManager: Shutting down and abandoning module TextureFormatIntelISPCTexComp (51)
[2016.06.04-20.28.59:788][605]LogModuleManager: Shutting down and abandoning module TextureFormatDXT (50)
[2016.06.04-20.28.59:788][605]LogModuleManager: Shutting down and abandoning module ImageWrapper (49)
[2016.06.04-20.28.59:788][605]LogModuleManager: Shutting down and abandoning module TextureFormatASTC (48)
[2016.06.04-20.28.59:788][605]LogModuleManager: Shutting down and abandoning module TextureFormatAndroid (47)
[2016.06.04-20.28.59:788][605]LogModuleManager: Shutting down and abandoning module AudioFormatOpus (46)
[2016.06.04-20.28.59:788][605]LogModuleManager: Shutting down and abandoning module AudioFormatOgg (45)
[2016.06.04-20.28.59:788][605]LogModuleManager: Shutting down and abandoning module AudioFormatADPCM (44)
[2016.06.04-20.28.59:788][605]LogModuleManager: Shutting down and abandoning module LinuxTargetPlatform (43)
[2016.06.04-20.28.59:788][605]LogModuleManager: Shutting down and abandoning module LinuxServerTargetPlatform (42)
[2016.06.04-20.28.59:788][605]LogModuleManager: Shutting down and abandoning module LinuxNoEditorTargetPlatform (41)
[2016.06.04-20.28.59:788][605]LogModuleManager: Shutting down and abandoning module TVOSTargetPlatform (40)
[2016.06.04-20.28.59:788][605]LogModuleManager: Shutting down and abandoning module Messaging (39)
[2016.06.04-20.28.59:788][605]LogModuleManager: Shutting down and abandoning module IOSTargetPlatform (38)
[2016.06.04-20.28.59:788][605]LogModuleManager: Shutting down and abandoning module HTML5TargetPlatform (37)
[2016.06.04-20.28.59:788][605]LogModuleManager: Shutting down and abandoning module Android_PVRTCTargetPlatform (36)
[2016.06.04-20.28.59:788][605]LogModuleManager: Shutting down and abandoning module Android_MultiTargetPlatform (35)
[2016.06.04-20.28.59:788][605]LogModuleManager: Shutting down and abandoning module Android_ETC2TargetPlatform (34)
[2016.06.04-20.28.59:788][605]LogModuleManager: Shutting down and abandoning module Android_ETC1TargetPlatform (33)
[2016.06.04-20.28.59:788][605]LogModuleManager: Shutting down and abandoning module Android_DXTTargetPlatform (32)
[2016.06.04-20.28.59:789][605]LogModuleManager: Shutting down and abandoning module Android_ATCTargetPlatform (31)
[2016.06.04-20.28.59:789][605]LogModuleManager: Shutting down and abandoning module Android_ASTCTargetPlatform (30)
[2016.06.04-20.28.59:789][605]LogModuleManager: Shutting down and abandoning module AndroidTargetPlatform (29)
[2016.06.04-20.28.59:789][605]LogModuleManager: Shutting down and abandoning module WindowsTargetPlatform (28)
[2016.06.04-20.28.59:789][605]LogModuleManager: Shutting down and abandoning module WindowsServerTargetPlatform (27)
[2016.06.04-20.28.59:789][605]LogModuleManager: Shutting down and abandoning module WindowsNoEditorTargetPlatform (26)
[2016.06.04-20.28.59:789][605]LogModuleManager: Shutting down and abandoning module WindowsClientTargetPlatform (25)
[2016.06.04-20.28.59:789][605]LogModuleManager: Shutting down and abandoning module AllDesktopTargetPlatform (24)
[2016.06.04-20.28.59:789][605]LogModuleManager: Shutting down and abandoning module TargetPlatform (23)
[2016.06.04-20.28.59:789][605]LogModuleManager: Shutting down and abandoning module InputCore (22)
[2016.06.04-20.28.59:789][605]LogModuleManager: Shutting down and abandoning module Settings (21)
[2016.06.04-20.28.59:789][605]LogModuleManager: Shutting down and abandoning module OnlineSubsystem (19)
[2016.06.04-20.28.59:789][605]LogModuleManager: Shutting down and abandoning module HTTP (18)
[2016.06.04-20.29.00:791][605]LogModuleManager: Shutting down and abandoning module XMPP (17)
[2016.06.04-20.29.00:791][605]LogModuleManager: Shutting down and abandoning module OculusRift (16)
[2016.06.04-20.29.00:791][605]LogModuleManager: Shutting down and abandoning module ExampleDeviceProfileSelector (15)
[2016.06.04-20.29.00:791][605]LogModuleManager: Shutting down and abandoning module TextureCompressor (14)
[2016.06.04-20.29.00:791][605]LogModuleManager: Shutting down and abandoning module ShaderCore (13)
[2016.06.04-20.29.00:791][605]LogModuleManager: Shutting down and abandoning module Landscape (12)
[2016.06.04-20.29.00:791][605]LogModuleManager: Shutting down and abandoning module SlateRHIRenderer (11)
[2016.06.04-20.29.00:792][605]LogModuleManager: Shutting down and abandoning module OpenGLDrv (10)
[2016.06.04-20.29.00:792][605]LogModuleManager: Shutting down and abandoning module D3D11RHI (9)
[2016.06.04-20.29.00:792][605]LogModuleManager: Shutting down and abandoning module AnimGraphRuntime (8)
[2016.06.04-20.29.00:792][605]LogModuleManager: Shutting down and abandoning module Renderer (7)
[2016.06.04-20.29.00:792][605]LogModuleManager: Shutting down and abandoning module Engine (6)
[2016.06.04-20.29.00:792][605]LogModuleManager: Shutting down and abandoning module CoreUObject (5)
[2016.06.04-20.29.00:792][605]LogModuleManager: Shutting down and abandoning module NetworkFile (4)
[2016.06.04-20.29.00:792][605]LogModuleManager: Shutting down and abandoning module StreamingFile (3)
[2016.06.04-20.29.00:792][605]LogModuleManager: Shutting down and abandoning module SandboxFile (2)
[2016.06.04-20.29.00:792][605]LogModuleManager: Shutting down and abandoning module PakFile (1)
[2016.06.04-20.29.00:794][605]LogExit: Exiting.
[2016.06.04-20.29.00:795][605]Log file closed, 06/04/16 13:29:00
