Log file open, 05/10/16 21:31:24
LogInit:Display: Running engine for game: HeliosFirstPerson
LogPlatformFile: Not using cached read wrapper
LogInit:Display: RandInit(1225560785) SRandInit(1225560786).
LogTaskGraph: Started task graph with 4 named threads and 7 total threads.
LogStats: Stats thread started at 0.077291
OCULUS: Info: [CAPI] LibOVR module is located at C:\Program Files\Oculus\Support\oculus-runtime\LibOVRRT64_1.dll
LogInit: Version: 4.11.2-2946394+++UE4+Release-4.11
LogInit: API Version: 2927265
LogInit: Compiled (64-bit): Apr 18 2016 02:18:46
LogInit: Compiled with Visual C++: 19.00.23026.00
LogInit: Build Configuration: Development
LogInit: Branch Name: ++UE4+Release-4.11
LogInit: Command line:  
LogInit: Base directory: C:/Program Files/Epic Games/4.11/Engine/Binaries/Win64/
LogInit: Installed Engine Build: 1
LogInit: Using libcurl 7.41.0
LogInit:  - built for x86_64-pc-win32
LogInit:  - supports SSL with WinSSL
LogInit:  - other features:
LogInit:      CURL_VERSION_SSL
LogInit:      CURL_VERSION_IPV6
LogInit:      CURL_VERSION_ASYNCHDNS
LogInit:      CURL_VERSION_LARGEFILE
LogInit:      CURL_VERSION_IDN
LogInit:  CurlRequestOptions (configurable via config and command line):
LogInit:  - bVerifyPeer = true  - Libcurl will verify peer certificate
LogInit:  - bUseHttpProxy = false  - Libcurl will NOT use HTTP proxy
LogInit:  - bDontReuseConnections = false  - Libcurl will reuse connections
LogInit:  - CertBundlePath = nullptr  - Libcurl will use whatever was configured at build time.
LogInit: Presizing for max 16777216 objects, including 0 objects not considered by GC, pre-allocating 0 bytes for permanent pool.
LogInit: Object subsystem initialized
[2016.05.11-04.31.24:178][  0]LogInit: Selected Device Profile: [Windows]
[2016.05.11-04.31.24:178][  0]LogInit: Applying CVar settings loaded from the selected device profile: [Windows]
[2016.05.11-04.31.24:187][  0]LogInit: Computer: 210-EUROPA
[2016.05.11-04.31.24:187][  0]LogInit: User: Helios
[2016.05.11-04.31.24:187][  0]LogInit: CPU Page size=65536, Cores=4
[2016.05.11-04.31.24:187][  0]LogInit: High frequency timer resolution =2.531253 MHz
[2016.05.11-04.31.24:188][  0]LogMemory: Memory total: Physical=15.9GB (16GB approx)
[2016.05.11-04.31.24:188][  0]LogMemory: Platform Memory Stats for Windows
[2016.05.11-04.31.24:188][  0]LogMemory: Process Physical Memory: 318.47 MB used, 318.47 MB peak
[2016.05.11-04.31.24:188][  0]LogMemory: Process Virtual Memory: 317.98 MB used, 317.98 MB peak
[2016.05.11-04.31.24:188][  0]LogMemory: Physical Memory: 5949.48 MB used, 16283.44 MB total
[2016.05.11-04.31.24:188][  0]LogMemory: Virtual Memory: 696.71 MB used, 134217728.00 MB total
[2016.05.11-04.31.24:220][  0]LogTextLocalizationManager: No specific translations for ('en-US') exist, so ('en') translations will be used.
[2016.05.11-04.31.24:644][  0]LogD3D11RHI: D3D11 adapters:
[2016.05.11-04.31.24:678][  0]LogD3D11RHI:    0. 'NVIDIA GeForce GTX 980M   ' (Feature Level 11_0)
[2016.05.11-04.31.24:678][  0]LogD3D11RHI:       4009MB of dedicated video memory, 0MB of dedicated system memory, and 8141MB of shared system memory, 1 output[s]
[2016.05.11-04.31.24:684][  0]LogD3D11RHI:    1. 'Intel(R) HD Graphics 530' (Feature Level 11_0)
[2016.05.11-04.31.24:684][  0]LogD3D11RHI:       128MB of dedicated video memory, 0MB of dedicated system memory, and 8141MB of shared system memory, 0 output[s]
[2016.05.11-04.31.24:686][  0]LogD3D11RHI:    2. 'Microsoft Basic Render Driver' (Feature Level 11_0)
[2016.05.11-04.31.24:686][  0]LogD3D11RHI:       0MB of dedicated video memory, 0MB of dedicated system memory, and 8141MB of shared system memory, 0 output[s]
[2016.05.11-04.31.24:686][  0]LogD3D11RHI: Chosen D3D11 Adapter: 0
[2016.05.11-04.31.24:690][  0]LogD3D11RHI: Creating new Direct3DDevice
[2016.05.11-04.31.24:690][  0]LogD3D11RHI:     Adapter Name: NVIDIA GeForce GTX 980M   
[2016.05.11-04.31.24:690][  0]LogD3D11RHI:   Driver Version: 10.18.13.6510 (internal 10.18.13.6510)
[2016.05.11-04.31.24:690][  0]LogD3D11RHI:      Driver Date: 4-27-2016
[2016.05.11-04.31.24:690][  0]LogRHI: Texture pool is 1361 MB (70% of 1945 MB)
[2016.05.11-04.31.24:707][  0]LogD3D11RHI: Async texture creation enabled
[2016.05.11-04.31.24:719][  0]LogShaderCompilers: Guid format shader working directory is -17 characters bigger than the processId version (../../../../../../Users/Helios/Dropbox/CS 210/HeliosFirstPerson/Intermediate/Shaders/WorkingDirectory/12904/).
[2016.05.11-04.31.24:719][  0]LogShaderCompilers: Cleaned the shader compiler working directory 'C:/Users/Helios/AppData/Local/Temp/UnrealShaderWorkingDir/B2B3580D4470CB88ABB1019C5F25DE13/'.
[2016.05.11-04.31.24:719][  0]LogShaderCompilers:Display: Using Local Shader Compiler.
[2016.05.11-04.31.25:615][  0]LogTemp:Display: Loaded TP AllDesktopTargetPlatform
[2016.05.11-04.31.25:620][  0]LogTemp:Display: Loaded TP WindowsClientTargetPlatform
[2016.05.11-04.31.25:624][  0]LogTemp:Display: Loaded TP WindowsNoEditorTargetPlatform
[2016.05.11-04.31.25:630][  0]LogTemp:Display: Loaded TP WindowsServerTargetPlatform
[2016.05.11-04.31.25:634][  0]LogTemp:Display: Loaded TP WindowsTargetPlatform
[2016.05.11-04.31.25:637][  0]LogTemp:Display: Loaded TP AndroidTargetPlatform
[2016.05.11-04.31.25:641][  0]LogTemp:Display: Loaded TP Android_ASTCTargetPlatform
[2016.05.11-04.31.25:645][  0]LogTemp:Display: Loaded TP Android_ATCTargetPlatform
[2016.05.11-04.31.25:649][  0]LogTemp:Display: Loaded TP Android_DXTTargetPlatform
[2016.05.11-04.31.25:652][  0]LogTemp:Display: Loaded TP Android_ETC1TargetPlatform
[2016.05.11-04.31.25:655][  0]LogTemp:Display: Loaded TP Android_ETC2TargetPlatform
[2016.05.11-04.31.25:663][  0]LogTemp:Display: Loaded TP Android_MultiTargetPlatform
[2016.05.11-04.31.25:663][  0]LogTemp:Display: Loaded TP Android_PVRTCTargetPlatform
[2016.05.11-04.31.25:664][  0]LogTemp:Display: Loaded TP HTML5TargetPlatform
[2016.05.11-04.31.25:683][  0]LogTemp:Display: Loaded TP IOSTargetPlatform
[2016.05.11-04.31.25:685][  0]LogTemp:Display: Loaded TP TVOSTargetPlatform
[2016.05.11-04.31.25:688][  0]LogTemp:Display: Loaded TP LinuxNoEditorTargetPlatform
[2016.05.11-04.31.25:690][  0]LogTemp:Display: Loaded TP LinuxServerTargetPlatform
[2016.05.11-04.31.25:694][  0]LogTemp:Display: Loaded TP LinuxTargetPlatform
[2016.05.11-04.31.25:694][  0]LogTargetPlatformManager:Display: Building Assets For Windows
[2016.05.11-04.31.25:778][  0]LogDerivedDataCache:Display: Max Cache Size: 512 MB
[2016.05.11-04.31.25:820][  0]LogDerivedDataCache: Loaded boot cache 0.04s 46MB C:/Users/Helios/AppData/Local/UnrealEngine/4.11/DerivedDataCache/Boot.ddc.
[2016.05.11-04.31.25:820][  0]LogDerivedDataCache:Display: Loaded Boot cache: C:/Users/Helios/AppData/Local/UnrealEngine/4.11/DerivedDataCache/Boot.ddc
[2016.05.11-04.31.25:820][  0]LogDerivedDataCache: FDerivedDataBackendGraph:  Pak pak cache file ../../../../../../Users/Helios/Dropbox/CS 210/HeliosFirstPerson/DerivedDataCache/DDC.ddp not found, will not use a pak cache.
[2016.05.11-04.31.25:820][  0]LogDerivedDataCache: Unable to find inner node Pak for hierarchical cache Hierarchy.
[2016.05.11-04.31.25:820][  0]LogDerivedDataCache: FDerivedDataBackendGraph:  CompressedPak pak cache file ../../../../../../Users/Helios/Dropbox/CS 210/HeliosFirstPerson/DerivedDataCache/Compressed.ddp not found, will not use a pak cache.
[2016.05.11-04.31.25:820][  0]LogDerivedDataCache: Unable to find inner node CompressedPak for hierarchical cache Hierarchy.
[2016.05.11-04.31.25:835][  0]LogDerivedDataCache:Display: Pak cache opened for reading ../../../Engine/DerivedDataCache/Compressed.ddp.
[2016.05.11-04.31.25:846][  0]LogDerivedDataCache: Using Local data cache path C:/Users/Helios/AppData/Local/UnrealEngine/Common/DerivedDataCache: Writable
[2016.05.11-04.31.26:054][  0]OCULUS: Info: [HMDState] Requested to SetForegroundWindow(1e050cll)
[2016.05.11-04.31.26:054][  0]LogInit: Selected Device Profile: [Windows]
[2016.05.11-04.31.26:055][  0]LogContentStreaming: Texture pool size is 0.00 MB
[2016.05.11-04.31.26:097][  0]LogMaterial: Uniform references updated for custom material expression Custom.
[2016.05.11-04.31.26:253][  0]LogMeshUtilities: No automatic mesh reduction module available
[2016.05.11-04.31.26:253][  0]LogMeshUtilities: No automatic mesh merging module available
[2016.05.11-04.31.26:253][  0]LogMeshUtilities: No distributed automatic mesh merging module available
[2016.05.11-04.31.26:491][  0]LogUObjectArray: 27679 objects as part of root set at end of initial load.
[2016.05.11-04.31.26:491][  0]LogUObjectAllocator: 5591592 out of 0 bytes used by permanent object pool.
[2016.05.11-04.31.26:491][  0]LogUObjectArray: CloseDisregardForGC: 0/0 objects in disregard for GC pool
[2016.05.11-04.31.26:499][  0]LogInit: WinSock: version 1.1 (2.2), MaxSocks=32767, MaxUdp=65467
[2016.05.11-04.31.26:606][  0]LogSlate: SlateFontCache - WITH_FREETYPE: 1, WITH_HARFBUZZ: 1
[2016.05.11-04.31.26:606][  0]LogSlate: SlateFontCache - WITH_FREETYPE: 1, WITH_HARFBUZZ: 1
[2016.05.11-04.31.26:691][  0]LogStreaming:Warning: Failed to read file '../../../Engine/Content/Editor/Slate/Common/Selection_16x.png' error.
[2016.05.11-04.31.26:691][  0]LogSlate: Could not find file for Slate resource: ../../../Engine/Content/Editor/Slate/Common/Selection_16x.png
[2016.05.11-04.31.26:691][  0]LogStreaming:Warning: Failed to read file '../../../Engine/Content/Editor/Slate/Common/Selection_16x.png' error.
[2016.05.11-04.31.26:691][  0]LogSlate: Could not find file for Slate resource: ../../../Engine/Content/Editor/Slate/Common/Selection_16x.png
[2016.05.11-04.31.26:691][  0]LogStreaming:Warning: Failed to read file '../../../Engine/Content/Editor/Slate/Common/Selection_16x.png' error.
[2016.05.11-04.31.26:691][  0]LogSlate: Could not find file for Slate resource: ../../../Engine/Content/Editor/Slate/Common/Selection_16x.png
[2016.05.11-04.31.27:199][  0]LogUdpMessaging: Initializing bridge on interface 0.0.0.0:0 to multicast group 230.0.0.1:6666.
[2016.05.11-04.31.27:303][  0]LogAssetRegistry: FAssetRegistry took 0.0211 seconds to start up
[2016.05.11-04.31.27:477][  0]SourceControl: Info Source control is disabled
[2016.05.11-04.31.27:511][  0]SourceControl: Info Source control is disabled
[2016.05.11-04.31.27:520][  0]SourceControl: Info Source control is disabled
[2016.05.11-04.31.27:528][  0]SourceControl: Info Source control is disabled
[2016.05.11-04.31.27:867][  0]LogHMD: Failed to initialize OpenVR with code 108
[2016.05.11-04.31.27:940][  0]LogEngine: Initializing Engine...
[2016.05.11-04.31.27:940][  0]LogHMD: Oculus plugin initialized. Version: 4.11.2-2946394+++UE4+Release-4.11, LibOVR: 1.3.2, SDK: 1.3.0, built Apr 18 2016, 02:19:44
[2016.05.11-04.31.28:087][  0]LogAIModule: Creating AISystem for world NewWorld
[2016.05.11-04.31.28:091][  0]LogInit: XAudio2 using 'Speakers (Sound Blaster Recon3Di)' : 2 channels at 48 kHz using 32 bits per sample (channel mask 0x3)
[2016.05.11-04.31.28:099][  0]LogInit: FAudioDevice initialized.
[2016.05.11-04.31.28:124][  0]LogDerivedDataCache: Saved boot cache 0.02s 46MB C:/Users/Helios/AppData/Local/UnrealEngine/4.11/DerivedDataCache/Boot.ddc.
[2016.05.11-04.31.28:129][  0]LogInit: Texture streaming: Enabled
[2016.05.11-04.31.28:155][  0]LogInit: Transaction tracking system initialized
[2016.05.11-04.31.28:184][  0]BlueprintLog: New page: Editor Load
[2016.05.11-04.31.28:285][  0]LocalizationService: Info Localization service is disabled
[2016.05.11-04.31.28:373][  0]LogConsoleResponse:Display: 
[2016.05.11-04.31.28:479][  0]LogCook:Display: Max memory allowance for cook 8192mb
[2016.05.11-04.31.28:480][  0]LogCook:Display: Mobile HDR setting 1
[2016.05.11-04.31.28:480][  0]LogCook:Display: Done creating registry. It took  0.00s.
[2016.05.11-04.31.28:540][  0]LogFileCache: Scanning file cache for directory 'C:/Users/Helios/Dropbox/CS 210/HeliosFirstPerson/Content/' took 0.01s
[2016.05.11-04.31.28:540][  0]SourceControl: Info Source control is disabled
[2016.05.11-04.31.28:540][  0]Cmd: MAP LOAD FILE="../../../../../../Users/Helios/Dropbox/CS 210/HeliosFirstPerson/Content/LevelBldgTutorail.umap" TEMPLATE=0 SHOWPROGRESS=1 FEATURELEVEL=3
[2016.05.11-04.31.28:540][  0]LightingResults: New page: Lighting Build
[2016.05.11-04.31.28:545][  0]MapCheck: New page: Map Check
[2016.05.11-04.31.28:545][  0]LightingResults: New page: Lighting Build
[2016.05.11-04.31.29:246][  0]LogAIModule: Creating AISystem for world LevelBldgTutorail
[2016.05.11-04.31.29:254][  0]LogEditorServer: Finished looking for orphan Actors (0.000 secs)
[2016.05.11-04.31.29:254][  0]Cmd: MAP CHECKDEP NOCLEARLOG
[2016.05.11-04.31.29:299][  0]MapCheck: Info Map check complete: 0 Error(s), 0 Warning(s), took 43.929ms to complete.
[2016.05.11-04.31.29:299][  0]LogFileHelpers: Loading map 'LevelBldgTutorail' took 0.759
[2016.05.11-04.31.29:426][  0]LogCollectionManager: Loaded 0 collections in 0.002363 seconds
[2016.05.11-04.31.29:467][  0]LogFileCache: Scanning file cache for directory 'C:/Users/Helios/Dropbox/CS 210/HeliosFirstPerson/Saved/Collections/' took 0.01s
[2016.05.11-04.31.29:467][  0]LogFileCache: Scanning file cache for directory 'C:/Users/Helios/Dropbox/CS 210/HeliosFirstPerson/Content/Developers/Helios/Collections/' took 0.01s
[2016.05.11-04.31.29:467][  0]LogFileCache: Scanning file cache for directory 'C:/Users/Helios/Dropbox/CS 210/HeliosFirstPerson/Content/Collections/' took 0.01s
[2016.05.11-04.31.29:467][  0]LogCollectionManager: Rebuilt the GUID cache for 0 collections in 0.000003 seconds
[2016.05.11-04.31.29:474][  0]LogContentBrowser: Native class hierarchy populated in 0.0068 seconds. Added 1979 classes and 343 folders.
[2016.05.11-04.31.29:479][  0]LogStats: UGameplayTagsManager::ConstructGameplayTagTree: Construct from data asset -  0.000 s
[2016.05.11-04.31.29:480][  0]LogStats: UGameplayTagsManager::ConstructGameplayTagTree: GameplayTagTreeChangedEvent.Broadcast -  0.000 s
[2016.05.11-04.31.29:480][  0]LogContentBrowser: Native class hierarchy updated for 'GameplayTags' in 0.0003 seconds. Added 12 classes and 0 folders.
[2016.05.11-04.31.29:485][  0]LogContentBrowser: Native class hierarchy updated for 'WidgetCarousel' in 0.0003 seconds. Added 0 classes and 0 folders.
[2016.05.11-04.31.29:491][  0]LogContentBrowser: Native class hierarchy updated for 'SuperSearch' in 0.0003 seconds. Added 1 classes and 2 folders.
[2016.05.11-04.31.29:527][  0]LogContentBrowser: Native class hierarchy updated for 'AddContentDialog' in 0.0004 seconds. Added 0 classes and 0 folders.
[2016.05.11-04.31.29:532][  0]LogContentBrowser: Native class hierarchy updated for 'SceneOutliner' in 0.0003 seconds. Added 1 classes and 2 folders.
[2016.05.11-04.31.29:556][  0]LogCrashTracker: Crashtracker disabled due to settings.
[2016.05.11-04.31.29:564][  0]LogUObjectGlobals:Warning: Failed to find object 'Class None.'
[2016.05.11-04.31.29:594][  0]LogContentBrowser: Native class hierarchy updated for 'HierarchicalLODOutliner' in 0.0007 seconds. Added 1 classes and 2 folders.
[2016.05.11-04.31.29:594][  0]LogLoad: Full Startup: 6.78 seconds (BP compile: 0.11 seconds)
[2016.05.11-04.31.29:594][  0]LogExternalProfiler: Found external profiler: VSPerf
[2016.05.11-04.31.29:594][  0]LogExternalProfiler: Using external profiler: VSPerf
[2016.05.11-04.31.29:613][  0]LogOcInput: OculusInput pre-init called
[2016.05.11-04.31.29:624][  0]LogOcInput: OculusInput is initialized. Init status 0. Runtime version: 1.3.2
[2016.05.11-04.31.29:666][  0]LogContentStreaming: Texture pool size now 700 MB
[2016.05.11-04.31.29:812][  0]LogRenderer: Reallocating scene render targets to support 776x432 (Frame:2).
[2016.05.11-04.31.29:868][  1]LogCollectionManager: Rebuilt the object cache for 0 collections in 0.000000 seconds (found 0 objects)
[2016.05.11-04.31.29:944][  1]LogAssetRegistry: Asset discovery search completed in 2.6626 seconds
[2016.05.11-04.31.29:944][  1]LogCollectionManager: Fixed up redirectors for 0 collections in 0.000006 seconds (updated 0 objects)
[2016.05.11-04.31.35:606][338]LogBlueprintUserMessages: Early PlayInEditor Detection: Level '/Game/LevelBldgTutorail.LevelBldgTutorail:PersistentLevel' has LevelScriptBlueprint '/Game/LevelBldgTutorail.LevelBldgTutorail:PersistentLevel.LevelBldgTutorail' with GeneratedClass '/Game/LevelBldgTutorail.LevelBldgTutorail_C' with ClassGeneratedBy '/Game/LevelBldgTutorail.LevelBldgTutorail:PersistentLevel.LevelBldgTutorail'
[2016.05.11-04.31.35:606][338]LogPlayLevel: PlayLevel: No blueprints needed recompiling
[2016.05.11-04.31.35:606][338]LogApp: UseVRFocus has changed to 1
[2016.05.11-04.31.35:606][338]LogApp: HasVRFocus has changed to 1
[2016.05.11-04.31.35:608][338]PIE: New page: PIE session: LevelBldgTutorail (May 10, 2016, 1:31:35 PM)
[2016.05.11-04.31.35:608][338]LogPlayLevel: Creating play world package: /Game/UEDPIE_0_LevelBldgTutorail
[2016.05.11-04.31.35:630][338]LogPlayLevel: PIE: StaticDuplicateObject took: (0.021769s)
[2016.05.11-04.31.35:630][338]LogAIModule: Creating AISystem for world LevelBldgTutorail
[2016.05.11-04.31.35:630][338]LogPlayLevel: PIE: World Init took: (0.000641s)
[2016.05.11-04.31.35:631][338]LogPlayLevel: PIE: Created PIE world by copying editor world from /Game/LevelBldgTutorail.LevelBldgTutorail to /Game/UEDPIE_0_LevelBldgTutorail.LevelBldgTutorail (0.022761s)
[2016.05.11-04.31.35:631][338]LogActorComponent: UnregisterComponent: (/Engine/Transient.ProjectileMovementComponent_40__A6522401) Not registered. Aborting.
[2016.05.11-04.31.35:631][338]LogActorComponent: UnregisterComponent: (/Engine/Transient.CharMoveComp) Not registered. Aborting.
[2016.05.11-04.31.35:631][338]LogActorComponent: UnregisterComponent: (/Engine/Transient.SteamVRChaperone_GEN_VARIABLE) Not registered. Aborting.
[2016.05.11-04.31.35:655][338]LogInit: XAudio2 using 'Speakers (Sound Blaster Recon3Di)' : 2 channels at 48 kHz using 32 bits per sample (channel mask 0x3)
[2016.05.11-04.31.35:662][338]LogInit: FAudioDevice initialized.
[2016.05.11-04.31.35:709][338]LogWorld: Game class is 'VR_GameMode_C'
[2016.05.11-04.31.35:716][338]LogWorld: Bringing World /Game/UEDPIE_0_LevelBldgTutorail.LevelBldgTutorail up for play (max tick rate 60) at 2016.05.10-21.31.35
[2016.05.11-04.31.35:716][338]LogWorld: Bringing up level for play took: 0.004629
[2016.05.11-04.31.35:720][338]LogContentBrowser: Native class hierarchy updated for 'MovieSceneCapture' in 0.0004 seconds. Added 9 classes and 0 folders.
[2016.05.11-04.31.35:722][338]PIE: Info Play in editor start time for /Game/UEDPIE_0_LevelBldgTutorail -0.834
[2016.05.11-04.31.35:727][338]LogBlueprintUserMessages: Late PlayInEditor Detection: Level '/Game/LevelBldgTutorail.LevelBldgTutorail:PersistentLevel' has LevelScriptBlueprint '/Game/LevelBldgTutorail.LevelBldgTutorail:PersistentLevel.LevelBldgTutorail' with GeneratedClass '/Game/LevelBldgTutorail.LevelBldgTutorail_C' with ClassGeneratedBy '/Game/LevelBldgTutorail.LevelBldgTutorail:PersistentLevel.LevelBldgTutorail'
[2016.05.11-04.31.35:727][338]LogApp: UseVRFocus has changed to 0
[2016.05.11-04.31.35:727][338]LogApp: HasVRFocus has changed to 0
[2016.05.11-04.31.36:208][364]LogBlueprintUserMessages: [FirstPersonProjectile_C_0] decalspawned
[2016.05.11-04.31.36:574][386]LogBlueprintUserMessages: [FirstPersonProjectile_C_1] decalspawned
[2016.05.11-04.31.36:992][411]LogBlueprintUserMessages: [FirstPersonProjectile_C_2] decalspawned
[2016.05.11-04.31.37:174][422]LogBlueprintUserMessages: [FirstPersonProjectile_C_3] decalspawned
[2016.05.11-04.31.37:409][436]LogBlueprintUserMessages: [FirstPersonProjectile_C_4] decalspawned
[2016.05.11-04.31.37:642][450]LogBlueprintUserMessages: [FirstPersonProjectile_C_5] decalspawned
[2016.05.11-04.31.37:825][461]LogBlueprintUserMessages: [FirstPersonProjectile_C_6] decalspawned
[2016.05.11-04.31.38:092][477]LogBlueprintUserMessages: [FirstPersonProjectile_C_7] decalspawned
[2016.05.11-04.31.38:292][489]LogBlueprintUserMessages: [FirstPersonProjectile_C_8] decalspawned
[2016.05.11-04.31.38:475][500]LogBlueprintUserMessages: [FirstPersonProjectile_C_9] decalspawned
[2016.05.11-04.31.41:242][666]LogBlueprintUserMessages: [FirstPersonProjectile_C_12] decalspawned
[2016.05.11-04.31.41:475][680]LogBlueprintUserMessages: [FirstPersonProjectile_C_13] decalspawned
[2016.05.11-04.31.43:010][772]LogBlueprintUserMessages: [FirstPersonProjectile_C_14] decalspawned
[2016.05.11-04.31.43:210][784]LogBlueprintUserMessages: [FirstPersonProjectile_C_15] decalspawned
[2016.05.11-04.31.43:425][797]LogBlueprintUserMessages: [FirstPersonProjectile_C_16] decalspawned
[2016.05.11-04.31.43:775][818]LogBlueprintUserMessages: [FirstPersonProjectile_C_17] decalspawned
[2016.05.11-04.31.43:909][826]LogBlueprintUserMessages: [FirstPersonProjectile_C_18] decalspawned
[2016.05.11-04.31.44:342][852]LogBlueprintUserMessages: [FirstPersonProjectile_C_19] decalspawned
[2016.05.11-04.31.45:975][950]LogBlueprintUserMessages: [FirstPersonProjectile_C_20] decalspawned
[2016.05.11-04.31.46:142][960]LogBlueprintUserMessages: [FirstPersonProjectile_C_21] decalspawned
[2016.05.11-04.31.46:442][978]LogBlueprintUserMessages: [FirstPersonProjectile_C_22] decalspawned
[2016.05.11-04.31.46:525][983]LogBlueprintUserMessages: [FirstPersonProjectile_C_23] decalspawned
[2016.05.11-04.31.46:661][991]LogBlueprintUserMessages: [FirstPersonProjectile_C_24] decalspawned
[2016.05.11-04.31.46:844][  2]LogBlueprintUserMessages: [FirstPersonProjectile_C_25] decalspawned
[2016.05.11-04.31.47:125][ 19]LogBlueprintUserMessages: [FirstPersonProjectile_C_26] decalspawned
[2016.05.11-04.31.47:342][ 32]LogBlueprintUserMessages: [FirstPersonProjectile_C_27] decalspawned
[2016.05.11-04.31.47:458][ 39]LogBlueprintUserMessages: [FirstPersonProjectile_C_28] decalspawned
[2016.05.11-04.31.47:609][ 48]LogBlueprintUserMessages: [FirstPersonProjectile_C_29] decalspawned
[2016.05.11-04.31.47:744][ 56]LogBlueprintUserMessages: [FirstPersonProjectile_C_30] decalspawned
[2016.05.11-04.31.47:942][ 68]LogBlueprintUserMessages: [FirstPersonProjectile_C_31] decalspawned
[2016.05.11-04.31.53:892][425]LogBlueprintUserMessages: [FirstPersonProjectile_C_32] decalspawned
[2016.05.11-04.31.54:076][436]LogBlueprintUserMessages: [FirstPersonProjectile_C_33] decalspawned
[2016.05.11-04.31.54:276][448]LogBlueprintUserMessages: [FirstPersonProjectile_C_34] decalspawned
[2016.05.11-04.31.54:962][489]LogBlueprintUserMessages: [FirstPersonProjectile_C_35] decalspawned
[2016.05.11-04.31.55:293][509]LogBlueprintUserMessages: [FirstPersonProjectile_C_36] decalspawned
[2016.05.11-04.31.55:459][519]LogBlueprintUserMessages: [FirstPersonProjectile_C_37] decalspawned
[2016.05.11-04.31.55:626][529]LogBlueprintUserMessages: [FirstPersonProjectile_C_38] decalspawned
[2016.05.11-04.31.55:809][540]LogBlueprintUserMessages: [FirstPersonProjectile_C_39] decalspawned
[2016.05.11-04.31.56:026][553]LogBlueprintUserMessages: [FirstPersonProjectile_C_40] decalspawned
[2016.05.11-04.31.56:242][566]LogBlueprintUserMessages: [FirstPersonProjectile_C_41] decalspawned
[2016.05.11-04.31.56:509][582]LogBlueprintUserMessages: [FirstPersonProjectile_C_42] decalspawned
[2016.05.11-04.31.57:026][613]LogBlueprintUserMessages: [FirstPersonProjectile_C_43] decalspawned
[2016.05.11-04.31.57:762][657]LogBlueprintUserMessages: [FirstPersonProjectile_C_44] decalspawned
[2016.05.11-04.31.57:995][671]LogBlueprintUserMessages: [FirstPersonProjectile_C_45] decalspawned
[2016.05.11-04.31.58:195][683]LogBlueprintUserMessages: [FirstPersonProjectile_C_46] decalspawned
[2016.05.11-04.31.58:361][693]LogBlueprintUserMessages: [FirstPersonProjectile_C_47] decalspawned
[2016.05.11-04.31.58:529][703]LogBlueprintUserMessages: [FirstPersonProjectile_C_48] decalspawned
[2016.05.11-04.31.58:711][714]LogBlueprintUserMessages: [FirstPersonProjectile_C_49] decalspawned
[2016.05.11-04.32.00:610][828]LogBlueprintUserMessages: [FirstPersonProjectile_C_50] decalspawned
[2016.05.11-04.32.02:360][933]LogBlueprintUserMessages: [FirstPersonProjectile_C_51] decalspawned
[2016.05.11-04.32.02:826][961]LogBlueprintUserMessages: [FirstPersonProjectile_C_52] decalspawned
[2016.05.11-04.32.03:043][974]LogBlueprintUserMessages: [FirstPersonProjectile_C_53] decalspawned
[2016.05.11-04.32.03:260][987]LogBlueprintUserMessages: [FirstPersonProjectile_C_54] decalspawned
[2016.05.11-04.32.03:710][ 14]LogBlueprintUserMessages: [FirstPersonProjectile_C_55] decalspawned
[2016.05.11-04.32.03:910][ 26]LogBlueprintUserMessages: [FirstPersonProjectile_C_56] decalspawned
[2016.05.11-05.40.44:019][464]LogBlueprintUserMessages: [FirstPersonProjectile_C_57] decalspawned
[2016.05.11-05.40.44:652][502]LogBlueprintUserMessages: [FirstPersonProjectile_C_58] decalspawned
[2016.05.11-05.40.44:869][515]LogBlueprintUserMessages: [FirstPersonProjectile_C_59] decalspawned
[2016.05.11-05.40.45:102][529]LogBlueprintUserMessages: [FirstPersonProjectile_C_60] decalspawned
[2016.05.11-05.40.45:319][542]LogBlueprintUserMessages: [FirstPersonProjectile_C_61] decalspawned
[2016.05.11-05.40.45:802][571]LogBlueprintUserMessages: [FirstPersonProjectile_C_62] decalspawned
[2016.05.11-05.40.46:069][587]LogBlueprintUserMessages: [FirstPersonProjectile_C_63] decalspawned
[2016.05.11-05.40.46:253][598]LogBlueprintUserMessages: [FirstPersonProjectile_C_64] decalspawned
[2016.05.11-05.40.46:455][610]LogBlueprintUserMessages: [FirstPersonProjectile_C_65] decalspawned
[2016.05.11-05.40.46:936][639]LogBlueprintUserMessages: [FirstPersonProjectile_C_66] decalspawned
[2016.05.11-05.40.47:203][655]LogBlueprintUserMessages: [FirstPersonProjectile_C_67] decalspawned
[2016.05.11-05.40.47:569][677]LogBlueprintUserMessages: [FirstPersonProjectile_C_68] decalspawned
[2016.05.11-05.40.48:689][744]LogBlueprintUserMessages: [FirstPersonProjectile_C_69] decalspawned
[2016.05.11-05.40.48:972][761]LogBlueprintUserMessages: [FirstPersonProjectile_C_70] decalspawned
[2016.05.11-05.40.49:472][791]LogBlueprintUserMessages: [FirstPersonProjectile_C_71] decalspawned
[2016.05.11-05.40.49:889][816]LogBlueprintUserMessages: [FirstPersonProjectile_C_72] decalspawned
[2016.05.11-05.40.50:339][843]LogBlueprintUserMessages: [FirstPersonProjectile_C_73] decalspawned
[2016.05.11-05.40.51:120][890]LogBlueprintUserMessages: [FirstPersonProjectile_C_74] decalspawned
[2016.05.11-05.40.51:369][905]LogBlueprintUserMessages: [FirstPersonProjectile_C_75] decalspawned
[2016.05.11-05.40.51:803][931]LogBlueprintUserMessages: [FirstPersonProjectile_C_76] decalspawned
[2016.05.11-05.40.56:038][185]LogBlueprintUserMessages: [FirstPersonProjectile_C_77] decalspawned
[2016.05.11-05.40.56:338][203]LogBlueprintUserMessages: [FirstPersonProjectile_C_78] decalspawned
[2016.05.11-05.40.56:471][211]LogBlueprintUserMessages: [FirstPersonProjectile_C_79] decalspawned
[2016.05.11-05.40.56:771][229]LogBlueprintUserMessages: [FirstPersonProjectile_C_80] decalspawned
[2016.05.11-05.40.57:071][247]LogBlueprintUserMessages: [FirstPersonProjectile_C_81] decalspawned
[2016.05.11-05.40.57:421][268]LogBlueprintUserMessages: [FirstPersonProjectile_C_82] decalspawned
[2016.05.11-05.40.57:738][287]LogBlueprintUserMessages: [FirstPersonProjectile_C_83] decalspawned
[2016.05.11-05.40.58:124][310]LogBlueprintUserMessages: [FirstPersonProjectile_C_84] decalspawned
[2016.05.11-05.40.58:505][333]LogBlueprintUserMessages: [FirstPersonProjectile_C_85] decalspawned
[2016.05.11-05.40.58:971][361]LogBlueprintUserMessages: [FirstPersonProjectile_C_86] decalspawned
[2016.05.11-05.41.00:823][472]LogBlueprintUserMessages: [FirstPersonProjectile_C_87] decalspawned
[2016.05.11-05.41.01:140][491]LogBlueprintUserMessages: [FirstPersonProjectile_C_88] decalspawned
[2016.05.11-05.41.01:523][514]LogBlueprintUserMessages: [FirstPersonProjectile_C_89] decalspawned
[2016.05.11-05.41.02:073][547]LogBlueprintUserMessages: [FirstPersonProjectile_C_90] decalspawned
[2016.05.11-05.41.02:537][575]LogBlueprintUserMessages: [FirstPersonProjectile_C_91] decalspawned
[2016.05.11-05.41.04:421][688]LogBlueprintUserMessages: [FirstPersonProjectile_C_92] decalspawned
[2016.05.11-05.41.06:005][783]LogBlueprintUserMessages: [FirstPersonProjectile_C_93] decalspawned
[2016.05.11-05.41.06:505][813]LogBlueprintUserMessages: [FirstPersonProjectile_C_94] decalspawned
[2016.05.11-05.41.06:755][828]LogBlueprintUserMessages: [FirstPersonProjectile_C_95] decalspawned
[2016.05.11-05.41.07:188][854]LogBlueprintUserMessages: [FirstPersonProjectile_C_96] decalspawned
[2016.05.11-05.41.07:371][865]LogBlueprintUserMessages: [FirstPersonProjectile_C_97] decalspawned
[2016.05.11-05.41.07:655][882]LogBlueprintUserMessages: [FirstPersonProjectile_C_98] decalspawned
[2016.05.11-05.41.08:521][934]LogBlueprintUserMessages: Early EndPlayMap Detection: Level '/Game/LevelBldgTutorail.LevelBldgTutorail:PersistentLevel' has LevelScriptBlueprint '/Game/LevelBldgTutorail.LevelBldgTutorail:PersistentLevel.LevelBldgTutorail' with GeneratedClass '/Game/LevelBldgTutorail.LevelBldgTutorail_C' with ClassGeneratedBy '/Game/LevelBldgTutorail.LevelBldgTutorail:PersistentLevel.LevelBldgTutorail'
[2016.05.11-05.41.08:562][934]LogBlueprintUserMessages: Late EndPlayMap Detection: Level '/Game/LevelBldgTutorail.LevelBldgTutorail:PersistentLevel' has LevelScriptBlueprint '/Game/LevelBldgTutorail.LevelBldgTutorail:PersistentLevel.LevelBldgTutorail' with GeneratedClass '/Game/LevelBldgTutorail.LevelBldgTutorail_C' with ClassGeneratedBy '/Game/LevelBldgTutorail.LevelBldgTutorail:PersistentLevel.LevelBldgTutorail'
[2016.05.11-05.41.11:701][121]Cmd: SELECT NONE
[2016.05.11-05.41.13:425][204]Cmd: QUIT_EDITOR
[2016.05.11-05.41.13:963][204]LogWindowsTextInputMethodSystem:Display: IME system now deactivated.
[2016.05.11-05.41.14:013][204]LogExit: Preparing to exit.
[2016.05.11-05.41.14:699][204]LogExit: Editor shut down
[2016.05.11-05.41.14:699][204]LogExit: Transaction tracking system shut down
[2016.05.11-05.41.14:819][204]LogObj: Freed 0b from 0 cluster array pools.
[2016.05.11-05.41.14:819][204]LogExit: Object subsystem successfully closed.
[2016.05.11-05.41.14:837][204]LogD3D11RHI: Shutdown
[2016.05.11-05.41.14:837][204]LogD3D11RHI: CleanupD3DDevice
[2016.05.11-05.41.14:839][204]LogD3D11RHI: ~FD3D11DynamicRHI
[2016.05.11-05.41.14:927][204]LogDerivedDataCache: Shutdown
[2016.05.11-05.41.14:927][204]LogModuleManager: Shutting down and abandoning module MovieSceneCapture (205)
[2016.05.11-05.41.14:928][204]LogModuleManager: Shutting down and abandoning module HierarchicalLODOutliner (204)
[2016.05.11-05.41.14:928][204]LogModuleManager: Shutting down and abandoning module CrashTracker (203)
[2016.05.11-05.41.14:928][204]LogModuleManager: Shutting down and abandoning module SceneOutliner (202)
[2016.05.11-05.41.14:928][204]LogModuleManager: Shutting down and abandoning module SuperSearch (201)
[2016.05.11-05.41.14:928][204]LogModuleManager: Shutting down and abandoning module WidgetCarousel (200)
[2016.05.11-05.41.14:928][204]LogModuleManager: Shutting down and abandoning module AddContentDialog (199)
[2016.05.11-05.41.14:931][204]LogModuleManager: Shutting down and abandoning module GameplayTags (198)
[2016.05.11-05.41.14:931][204]LogModuleManager: Shutting down and abandoning module EditorWidgets (197)
[2016.05.11-05.41.14:931][204]LogModuleManager: Shutting down and abandoning module CollectionManager (196)
[2016.05.11-05.41.14:931][204]LogModuleManager: Shutting down and abandoning module StatsViewer (195)
[2016.05.11-05.41.14:931][204]LogModuleManager: Shutting down and abandoning module FoliageEdit (194)
[2016.05.11-05.41.14:931][204]LogModuleManager: Shutting down and abandoning module LandscapeEditor (193)
[2016.05.11-05.41.14:931][204]LogModuleManager: Shutting down and abandoning module ActorPickerMode (192)
[2016.05.11-05.41.14:931][204]LogModuleManager: Shutting down and abandoning module GeometryMode (191)
[2016.05.11-05.41.14:931][204]LogModuleManager: Shutting down and abandoning module TextureAlignMode (190)
[2016.05.11-05.41.14:931][204]LogModuleManager: Shutting down and abandoning module BspMode (189)
[2016.05.11-05.41.14:931][204]LogModuleManager: Shutting down and abandoning module PlacementMode (188)
[2016.05.11-05.41.14:931][204]LogModuleManager: Shutting down and abandoning module AutomationWorker (187)
[2016.05.11-05.41.14:931][204]LogModuleManager: Shutting down and abandoning module CharacterAI (186)
[2016.05.11-05.41.14:931][204]LogModuleManager: Shutting down and abandoning module SmartSnapping (185)
[2016.05.11-05.41.14:931][204]LogModuleManager: Shutting down and abandoning module ViewportSnapping (184)
[2016.05.11-05.41.14:931][204]LogModuleManager: Shutting down and abandoning module LogVisualizer (183)
[2016.05.11-05.41.14:931][204]LogModuleManager: Shutting down and abandoning module GameProjectGeneration (182)
[2016.05.11-05.41.14:931][204]LogModuleManager: Shutting down and abandoning module IntroTutorials (181)
[2016.05.11-05.41.14:931][204]LogModuleManager: Shutting down and abandoning module EditorLiveStreaming (180)
[2016.05.11-05.41.14:931][204]LogModuleManager: Shutting down and abandoning module IOSPlatformEditor (179)
[2016.05.11-05.41.14:931][204]LogModuleManager: Shutting down and abandoning module HTML5PlatformEditor (178)
[2016.05.11-05.41.14:932][204]LogModuleManager: Shutting down and abandoning module AndroidDeviceDetection (177)
[2016.05.11-05.41.15:613][204]LogModuleManager: Shutting down and abandoning module AndroidPlatformEditor (176)
[2016.05.11-05.41.15:613][204]LogModuleManager: Shutting down and abandoning module IOSRuntimeSettings (175)
[2016.05.11-05.41.15:613][204]LogModuleManager: Shutting down and abandoning module AndroidRuntimeSettings (174)
[2016.05.11-05.41.15:613][204]LogModuleManager: Shutting down and abandoning module MergeActors (173)
[2016.05.11-05.41.15:613][204]LogModuleManager: Shutting down and abandoning module SizeMap (172)
[2016.05.11-05.41.15:613][204]LogModuleManager: Shutting down and abandoning module TreeMap (171)
[2016.05.11-05.41.15:613][204]LogModuleManager: Shutting down and abandoning module ReferenceViewer (170)
[2016.05.11-05.41.15:613][204]LogModuleManager: Shutting down and abandoning module LocalizationService (169)
[2016.05.11-05.41.15:613][204]LogModuleManager: Shutting down and abandoning module LocalizationDashboard (168)
[2016.05.11-05.41.15:613][204]LogModuleManager: Shutting down and abandoning module HardwareTargeting (167)
[2016.05.11-05.41.15:613][204]LogModuleManager: Shutting down and abandoning module DeviceProfileEditor (166)
[2016.05.11-05.41.15:613][204]LogModuleManager: Shutting down and abandoning module UndoHistory (165)
[2016.05.11-05.41.15:613][204]LogModuleManager: Shutting down and abandoning module UserFeedback (164)
[2016.05.11-05.41.15:613][204]LogModuleManager: Shutting down and abandoning module XmlParser (163)
[2016.05.11-05.41.15:613][204]LogModuleManager: Shutting down and abandoning module Blutility (162)
[2016.05.11-05.41.15:613][204]LogModuleManager: Shutting down and abandoning module ProjectTargetPlatformEditor (161)
[2016.05.11-05.41.15:614][204]LogModuleManager: Shutting down and abandoning module ProjectSettingsViewer (160)
[2016.05.11-05.41.15:614][204]LogModuleManager: Shutting down and abandoning module InputBindingEditor (159)
[2016.05.11-05.41.15:614][204]LogModuleManager: Shutting down and abandoning module EditorSettingsViewer (158)
[2016.05.11-05.41.15:614][204]LogModuleManager: Shutting down and abandoning module SettingsEditor (157)
[2016.05.11-05.41.15:614][204]LogModuleManager: Shutting down and abandoning module ProjectLauncher (156)
[2016.05.11-05.41.15:614][204]LogModuleManager: Shutting down and abandoning module SessionFrontend (155)
[2016.05.11-05.41.15:614][204]LogModuleManager: Shutting down and abandoning module ProfilerClient (154)
[2016.05.11-05.41.15:614][204]LogModuleManager: Shutting down and abandoning module TargetDeviceServices (153)
[2016.05.11-05.41.15:614][204]LogModuleManager: Shutting down and abandoning module DeviceManager (152)
[2016.05.11-05.41.15:645][204]LogModuleManager: Shutting down and abandoning module AutomationController (151)
[2016.05.11-05.41.15:645][204]LogModuleManager: Shutting down and abandoning module AutomationWindow (150)
[2016.05.11-05.41.15:645][204]LogModuleManager: Shutting down and abandoning module Layers (149)
[2016.05.11-05.41.15:645][204]LogModuleManager: Shutting down and abandoning module ComponentVisualizers (148)
[2016.05.11-05.41.15:645][204]LogModuleManager: Shutting down and abandoning module DetailCustomizations (147)
[2016.05.11-05.41.15:645][204]LogModuleManager: Shutting down and abandoning module PackagesDialog (146)
[2016.05.11-05.41.15:645][204]LogModuleManager: Shutting down and abandoning module Persona (145)
[2016.05.11-05.41.15:645][204]LogModuleManager: Shutting down and abandoning module Kismet (144)
[2016.05.11-05.41.15:645][204]LogModuleManager: Shutting down and abandoning module GraphEditor (143)
[2016.05.11-05.41.15:645][204]LogModuleManager: Shutting down and abandoning module ClassViewer (142)
[2016.05.11-05.41.15:645][204]LogModuleManager: Shutting down and abandoning module Toolbox (141)
[2016.05.11-05.41.15:645][204]LogModuleManager: Shutting down and abandoning module ModuleUI (140)
[2016.05.11-05.41.15:645][204]LogModuleManager: Shutting down and abandoning module MovieSceneTools (139)
[2016.05.11-05.41.15:645][204]LogModuleManager: Shutting down and abandoning module OutputLog (138)
[2016.05.11-05.41.15:645][204]LogModuleManager: Shutting down and abandoning module GammaUI (137)
[2016.05.11-05.41.15:645][204]LogModuleManager: Shutting down and abandoning module Documentation (136)
[2016.05.11-05.41.15:645][204]LogModuleManager: Shutting down and abandoning module StreamingPauseRendering (135)
[2016.05.11-05.41.15:645][204]LogModuleManager: Shutting down and abandoning module AnalyticsET (134)
[2016.05.11-05.41.15:645][204]LogModuleManager: Shutting down and abandoning module Analytics (133)
[2016.05.11-05.41.15:645][204]LogModuleManager: Shutting down and abandoning module PortalServices (132)
[2016.05.11-05.41.15:646][204]LogModuleManager: Shutting down and abandoning module PortalRpc (131)
[2016.05.11-05.41.15:646][204]LogModuleManager: Shutting down and abandoning module MessagingRpc (130)
[2016.05.11-05.41.15:646][204]LogModuleManager: Shutting down and abandoning module AITestSuite (129)
[2016.05.11-05.41.15:646][204]LogModuleManager: Shutting down and abandoning module GameplayDebugger (128)
[2016.05.11-05.41.15:646][204]LogModuleManager: Shutting down and abandoning module AIModule (127)
[2016.05.11-05.41.15:646][204]LogModuleManager: Shutting down and abandoning module ProfilerService (126)
[2016.05.11-05.41.15:760][204]LogModuleManager: Shutting down and abandoning module TaskGraph (125)
[2016.05.11-05.41.15:760][204]LogModuleManager: Shutting down and abandoning module SlateRemote (124)
[2016.05.11-05.41.15:760][204]LogModuleManager: Shutting down and abandoning module SteamVRController (123)
[2016.05.11-05.41.15:760][204]LogModuleManager: Shutting down and abandoning module SteamVR (122)
[2016.05.11-05.41.15:760][204]LogModuleManager: Shutting down and abandoning module ProceduralMeshComponent (121)
[2016.05.11-05.41.15:760][204]LogModuleManager: Shutting down and abandoning module OculusLibrary (120)
[2016.05.11-05.41.15:760][204]LogModuleManager: Shutting down and abandoning module OculusInput (119)
[2016.05.11-05.41.15:760][204]LogModuleManager: Shutting down and abandoning module CustomMeshComponent (118)
[2016.05.11-05.41.15:760][204]LogModuleManager: Shutting down and abandoning module CableComponent (117)
[2016.05.11-05.41.15:760][204]LogModuleManager: Shutting down and abandoning module ArchVisCharacter (116)
[2016.05.11-05.41.15:760][204]LogModuleManager: Shutting down and abandoning module MediaPlayerEditor (115)
[2016.05.11-05.41.15:760][204]LogModuleManager: Shutting down and abandoning module HTML5Networking (114)
[2016.05.11-05.41.15:760][204]LogModuleManager: Shutting down and abandoning module SpeedTreeImporter (113)
[2016.05.11-05.41.15:760][204]LogModuleManager: Shutting down and abandoning module PluginBrowser (112)
[2016.05.11-05.41.15:760][204]LogModuleManager: Shutting down and abandoning module EpicSurvey (111)
[2016.05.11-05.41.15:760][204]LogModuleManager: Shutting down and abandoning module DesktopPlatform (110)
[2016.05.11-05.41.15:760][204]LogModuleManager: Shutting down and abandoning module VisualStudioSourceCodeAccess (109)
[2016.05.11-05.41.15:760][204]LogModuleManager: Shutting down and abandoning module UObjectPlugin (108)
[2016.05.11-05.41.15:760][204]LogModuleManager: Shutting down and abandoning module SubversionSourceControl (107)
[2016.05.11-05.41.15:760][204]LogModuleManager: Shutting down and abandoning module PerforceSourceControl (106)
[2016.05.11-05.41.15:760][204]LogModuleManager: Shutting down and abandoning module SourceControl (105)
[2016.05.11-05.41.15:760][204]LogModuleManager: Shutting down and abandoning module GitSourceControl (104)
[2016.05.11-05.41.15:760][204]LogModuleManager: Shutting down and abandoning module LightPropagationVolumeEditor (103)
[2016.05.11-05.41.15:760][204]LogModuleManager: Shutting down and abandoning module PaperTiledImporter (102)
[2016.05.11-05.41.15:760][204]LogModuleManager: Shutting down and abandoning module PaperSpriteSheetImporter (101)
[2016.05.11-05.41.15:760][204]LogModuleManager: Shutting down and abandoning module MeshPaint (100)
[2016.05.11-05.41.15:760][204]LogModuleManager: Shutting down and abandoning module HotReload (99)
[2016.05.11-05.41.15:761][204]LogModuleManager: Shutting down and abandoning module MainFrame (98)
[2016.05.11-05.41.15:761][204]LogModuleManager: Shutting down and abandoning module LevelEditor (97)
[2016.05.11-05.41.15:761][204]LogModuleManager: Shutting down and abandoning module DirectoryWatcher (96)
[2016.05.11-05.41.15:762][204]LogModuleManager: Shutting down and abandoning module AssetRegistry (95)
[2016.05.11-05.41.15:963][204]LogModuleManager: Shutting down and abandoning module ContentBrowser (94)
[2016.05.11-05.41.15:963][204]LogModuleManager: Shutting down and abandoning module Paper2DEditor (93)
[2016.05.11-05.41.15:963][204]LogModuleManager: Shutting down and abandoning module UdpMessaging (92)
[2016.05.11-05.41.16:064][204]LogModuleManager: Shutting down and abandoning module LightPropagationVolumeRuntime (91)
[2016.05.11-05.41.16:064][204]LogModuleManager: Shutting down and abandoning module Paper2D (90)
[2016.05.11-05.41.16:064][204]LogModuleManager: Shutting down and abandoning module WindowsMoviePlayer (89)
[2016.05.11-05.41.16:064][204]LogModuleManager: Shutting down and abandoning module Media (88)
[2016.05.11-05.41.16:064][204]LogModuleManager: Shutting down and abandoning module WmfMedia (87)
[2016.05.11-05.41.16:064][204]LogModuleManager: Shutting down and abandoning module MediaAssets (86)
[2016.05.11-05.41.16:064][204]LogModuleManager: Shutting down and abandoning module GameLiveStreaming (85)
[2016.05.11-05.41.16:064][204]LogModuleManager: Shutting down and abandoning module GameplayTagsEditor (84)
[2016.05.11-05.41.16:064][204]LogModuleManager: Shutting down and abandoning module OnlineBlueprintSupport (83)
[2016.05.11-05.41.16:064][204]LogModuleManager: Shutting down and abandoning module GameplayTasksEditor (82)
[2016.05.11-05.41.16:064][204]LogModuleManager: Shutting down and abandoning module PropertyEditor (81)
[2016.05.11-05.41.16:065][204]LogModuleManager: Shutting down and abandoning module BehaviorTreeEditor (80)
[2016.05.11-05.41.16:065][204]LogModuleManager: Shutting down and abandoning module FunctionalTesting (79)
[2016.05.11-05.41.16:065][204]LogModuleManager: Shutting down and abandoning module CollisionAnalyzer (78)
[2016.05.11-05.41.16:065][204]LogModuleManager: Shutting down and abandoning module WorkspaceMenuStructure (77)
[2016.05.11-05.41.16:065][204]LogModuleManager: Shutting down and abandoning module MessageLog (76)
[2016.05.11-05.41.16:065][204]LogModuleManager: Shutting down and abandoning module Sequencer (75)
[2016.05.11-05.41.16:065][204]LogModuleManager: Shutting down and abandoning module AssetTools (74)
[2016.05.11-05.41.16:065][204]LogModuleManager: Shutting down and abandoning module UMGEditor (73)
[2016.05.11-05.41.16:065][204]LogModuleManager: Shutting down and abandoning module UMG (72)
[2016.05.11-05.41.16:065][204]LogModuleManager: Shutting down and abandoning module SlateReflector (71)
[2016.05.11-05.41.16:065][204]LogModuleManager: Shutting down and abandoning module Slate (70)
[2016.05.11-05.41.16:065][204]LogModuleManager: Shutting down and abandoning module EditorStyle (69)
[2016.05.11-05.41.16:067][204]LogModuleManager: Shutting down and abandoning module SessionServices (68)
[2016.05.11-05.41.16:067][204]LogModuleManager: Shutting down and abandoning module SourceCodeAccess (67)
[2016.05.11-05.41.16:067][204]LogModuleManager: Shutting down and abandoning module HeadMountedDisplay (66)
[2016.05.11-05.41.16:067][204]LogModuleManager: Shutting down and abandoning module XAudio2 (65)
[2016.05.11-05.41.16:067][204]LogModuleManager: Shutting down and abandoning module Networking (63)
[2016.05.11-05.41.16:067][204]LogModuleManager: Shutting down and abandoning module Core (62)
[2016.05.11-05.41.16:067][204]LogModuleManager: Shutting down and abandoning module KismetCompiler (61)
[2016.05.11-05.41.16:067][204]LogModuleManager: Shutting down and abandoning module PhysXFormats (60)
[2016.05.11-05.41.16:067][204]LogModuleManager: Shutting down and abandoning module MeshUtilities (59)
[2016.05.11-05.41.16:067][204]LogModuleManager: Shutting down and abandoning module CookingStats (58)
[2016.05.11-05.41.16:067][204]LogModuleManager: Shutting down and abandoning module DerivedDataCache (57)
[2016.05.11-05.41.16:067][204]LogDerivedDataCache: Shutdown
[2016.05.11-05.41.16:067][204]LogModuleManager: Shutting down and abandoning module ShaderFormatOpenGL (56)
[2016.05.11-05.41.16:067][204]LogModuleManager: Shutting down and abandoning module ShaderFormatD3D (55)
[2016.05.11-05.41.16:067][204]LogModuleManager: Shutting down and abandoning module MetalShaderFormat (54)
[2016.05.11-05.41.16:067][204]LogModuleManager: Shutting down and abandoning module TextureFormatUncompressed (53)
[2016.05.11-05.41.16:067][204]LogModuleManager: Shutting down and abandoning module TextureFormatPVR (52)
[2016.05.11-05.41.16:067][204]LogModuleManager: Shutting down and abandoning module TextureFormatIntelISPCTexComp (51)
[2016.05.11-05.41.16:067][204]LogModuleManager: Shutting down and abandoning module TextureFormatDXT (50)
[2016.05.11-05.41.16:067][204]LogModuleManager: Shutting down and abandoning module ImageWrapper (49)
[2016.05.11-05.41.16:067][204]LogModuleManager: Shutting down and abandoning module TextureFormatASTC (48)
[2016.05.11-05.41.16:067][204]LogModuleManager: Shutting down and abandoning module TextureFormatAndroid (47)
[2016.05.11-05.41.16:067][204]LogModuleManager: Shutting down and abandoning module AudioFormatOpus (46)
[2016.05.11-05.41.16:067][204]LogModuleManager: Shutting down and abandoning module AudioFormatOgg (45)
[2016.05.11-05.41.16:067][204]LogModuleManager: Shutting down and abandoning module AudioFormatADPCM (44)
[2016.05.11-05.41.16:067][204]LogModuleManager: Shutting down and abandoning module LinuxTargetPlatform (43)
[2016.05.11-05.41.16:067][204]LogModuleManager: Shutting down and abandoning module LinuxServerTargetPlatform (42)
[2016.05.11-05.41.16:067][204]LogModuleManager: Shutting down and abandoning module LinuxNoEditorTargetPlatform (41)
[2016.05.11-05.41.16:067][204]LogModuleManager: Shutting down and abandoning module TVOSTargetPlatform (40)
[2016.05.11-05.41.16:067][204]LogModuleManager: Shutting down and abandoning module Messaging (39)
[2016.05.11-05.41.16:067][204]LogModuleManager: Shutting down and abandoning module IOSTargetPlatform (38)
[2016.05.11-05.41.16:067][204]LogModuleManager: Shutting down and abandoning module HTML5TargetPlatform (37)
[2016.05.11-05.41.16:067][204]LogModuleManager: Shutting down and abandoning module Android_PVRTCTargetPlatform (36)
[2016.05.11-05.41.16:067][204]LogModuleManager: Shutting down and abandoning module Android_MultiTargetPlatform (35)
[2016.05.11-05.41.16:067][204]LogModuleManager: Shutting down and abandoning module Android_ETC2TargetPlatform (34)
[2016.05.11-05.41.16:067][204]LogModuleManager: Shutting down and abandoning module Android_ETC1TargetPlatform (33)
[2016.05.11-05.41.16:067][204]LogModuleManager: Shutting down and abandoning module Android_DXTTargetPlatform (32)
[2016.05.11-05.41.16:067][204]LogModuleManager: Shutting down and abandoning module Android_ATCTargetPlatform (31)
[2016.05.11-05.41.16:067][204]LogModuleManager: Shutting down and abandoning module Android_ASTCTargetPlatform (30)
[2016.05.11-05.41.16:067][204]LogModuleManager: Shutting down and abandoning module AndroidTargetPlatform (29)
[2016.05.11-05.41.16:067][204]LogModuleManager: Shutting down and abandoning module WindowsTargetPlatform (28)
[2016.05.11-05.41.16:067][204]LogModuleManager: Shutting down and abandoning module WindowsServerTargetPlatform (27)
[2016.05.11-05.41.16:067][204]LogModuleManager: Shutting down and abandoning module WindowsNoEditorTargetPlatform (26)
[2016.05.11-05.41.16:067][204]LogModuleManager: Shutting down and abandoning module WindowsClientTargetPlatform (25)
[2016.05.11-05.41.16:067][204]LogModuleManager: Shutting down and abandoning module AllDesktopTargetPlatform (24)
[2016.05.11-05.41.16:067][204]LogModuleManager: Shutting down and abandoning module TargetPlatform (23)
[2016.05.11-05.41.16:067][204]LogModuleManager: Shutting down and abandoning module InputCore (22)
[2016.05.11-05.41.16:067][204]LogModuleManager: Shutting down and abandoning module Settings (21)
[2016.05.11-05.41.16:067][204]LogModuleManager: Shutting down and abandoning module OnlineSubsystem (19)
[2016.05.11-05.41.16:067][204]LogModuleManager: Shutting down and abandoning module HTTP (18)
[2016.05.11-05.41.18:069][204]LogModuleManager: Shutting down and abandoning module XMPP (17)
[2016.05.11-05.41.18:069][204]LogModuleManager: Shutting down and abandoning module OculusRift (16)
[2016.05.11-05.41.18:070][204]LogHMD: Oculus shutdown.
[2016.05.11-05.41.18:070][204]LogModuleManager: Shutting down and abandoning module ExampleDeviceProfileSelector (15)
[2016.05.11-05.41.18:070][204]LogModuleManager: Shutting down and abandoning module TextureCompressor (14)
[2016.05.11-05.41.18:073][204]LogModuleManager: Shutting down and abandoning module ShaderCore (13)
[2016.05.11-05.41.18:073][204]LogModuleManager: Shutting down and abandoning module Landscape (12)
[2016.05.11-05.41.18:073][204]LogModuleManager: Shutting down and abandoning module SlateRHIRenderer (11)
[2016.05.11-05.41.18:075][204]LogModuleManager: Shutting down and abandoning module OpenGLDrv (10)
[2016.05.11-05.41.18:075][204]LogModuleManager: Shutting down and abandoning module D3D11RHI (9)
[2016.05.11-05.41.18:075][204]LogModuleManager: Shutting down and abandoning module AnimGraphRuntime (8)
[2016.05.11-05.41.18:075][204]LogModuleManager: Shutting down and abandoning module Renderer (7)
[2016.05.11-05.41.18:075][204]LogModuleManager: Shutting down and abandoning module Engine (6)
[2016.05.11-05.41.18:075][204]LogModuleManager: Shutting down and abandoning module CoreUObject (5)
[2016.05.11-05.41.18:075][204]LogModuleManager: Shutting down and abandoning module NetworkFile (4)
[2016.05.11-05.41.18:075][204]LogModuleManager: Shutting down and abandoning module StreamingFile (3)
[2016.05.11-05.41.18:075][204]LogModuleManager: Shutting down and abandoning module SandboxFile (2)
[2016.05.11-05.41.18:075][204]LogModuleManager: Shutting down and abandoning module PakFile (1)
[2016.05.11-05.41.18:078][204]LogExit: Exiting.
[2016.05.11-05.41.18:080][204]Log file closed, 05/10/16 22:41:18
