Log file open, 06/08/16 01:59:23
LogInit:Display: Running engine for game: HeliosFinal
LogPlatformFile: Not using cached read wrapper
LogInit:Display: RandInit(-2022107944) SRandInit(-2022107943).
LogTaskGraph: Started task graph with 4 named threads and 7 total threads.
LogStats: Stats thread started at 0.083146
LogInit: Version: 4.11.2-2946394+++UE4+Release-4.11
LogInit: API Version: 2927265
LogInit: Compiled (64-bit): Apr 18 2016 02:18:46
LogInit: Compiled with Visual C++: 19.00.23026.00
LogInit: Build Configuration: Development
LogInit: Branch Name: ++UE4+Release-4.11
LogInit: Command line: 
LogInit: Base directory: C:/Program Files/Epic Games/4.11/Engine/Binaries/Win64/
LogInit: Installed Engine Build: 1
LogInit: Using libcurl 7.41.0
LogInit:  - built for x86_64-pc-win32
LogInit:  - supports SSL with WinSSL
LogInit:  - other features:
LogInit:      CURL_VERSION_SSL
LogInit:      CURL_VERSION_IPV6
LogInit:      CURL_VERSION_ASYNCHDNS
LogInit:      CURL_VERSION_LARGEFILE
LogInit:      CURL_VERSION_IDN
LogInit:  CurlRequestOptions (configurable via config and command line):
LogInit:  - bVerifyPeer = true  - Libcurl will verify peer certificate
LogInit:  - bUseHttpProxy = false  - Libcurl will NOT use HTTP proxy
LogInit:  - bDontReuseConnections = false  - Libcurl will reuse connections
LogInit:  - CertBundlePath = nullptr  - Libcurl will use whatever was configured at build time.
LogInit: Presizing for max 16777216 objects, including 0 objects not considered by GC, pre-allocating 0 bytes for permanent pool.
LogInit: Object subsystem initialized
[2016.06.08-08.59.23:918][  0]LogConsoleManager:Display: Setting the console variable 'r.ScreenPercentage' with 'SetByScalability' was ignored as it is lower priority than the previous 'SetBySystemSettingsIni'
[2016.06.08-08.59.23:919][  0]LogConsoleManager:Display: Setting the console variable 'r.PostProcessAAQuality' with 'SetByScalability' was ignored as it is lower priority than the previous 'SetBySystemSettingsIni'
[2016.06.08-08.59.23:919][  0]LogConsoleManager:Display: Setting the console variable 'sg.PostProcessQuality' with 'SetByScalability' was ignored as it is lower priority than the previous 'SetBySystemSettingsIni'
[2016.06.08-08.59.23:919][  0]LogConsoleManager:Display: Setting the console variable 'r.MaxAnisotropy' with 'SetByScalability' was ignored as it is lower priority than the previous 'SetBySystemSettingsIni'
[2016.06.08-08.59.23:919][  0]LogConsoleManager:Display: Setting the console variable 'sg.EffectsQuality' with 'SetByScalability' was ignored as it is lower priority than the previous 'SetBySystemSettingsIni'
[2016.06.08-08.59.23:919][  0]LogInit: Selected Device Profile: [Windows]
[2016.06.08-08.59.23:919][  0]LogInit: Applying CVar settings loaded from the selected device profile: [Windows]
[2016.06.08-08.59.23:926][  0]LogInit: Computer: 210-EUROPA
[2016.06.08-08.59.23:926][  0]LogInit: User: Helios
[2016.06.08-08.59.23:926][  0]LogInit: CPU Page size=65536, Cores=4
[2016.06.08-08.59.23:926][  0]LogInit: High frequency timer resolution =2.531255 MHz
[2016.06.08-08.59.23:926][  0]LogMemory: Memory total: Physical=15.9GB (16GB approx)
[2016.06.08-08.59.23:926][  0]LogMemory: Platform Memory Stats for Windows
[2016.06.08-08.59.23:926][  0]LogMemory: Process Physical Memory: 314.71 MB used, 314.71 MB peak
[2016.06.08-08.59.23:926][  0]LogMemory: Process Virtual Memory: 314.98 MB used, 314.98 MB peak
[2016.06.08-08.59.23:926][  0]LogMemory: Physical Memory: 5155.00 MB used, 16283.44 MB total
[2016.06.08-08.59.23:926][  0]LogMemory: Virtual Memory: 653.71 MB used, 134217728.00 MB total
[2016.06.08-08.59.23:956][  0]LogTextLocalizationManager: No specific translations for ('en-US') exist, so ('en') translations will be used.
[2016.06.08-08.59.24:348][  0]LogD3D11RHI: D3D11 adapters:
[2016.06.08-08.59.24:381][  0]LogD3D11RHI:    0. 'NVIDIA GeForce GTX 980 Ti' (Feature Level 11_0)
[2016.06.08-08.59.24:381][  0]LogD3D11RHI:       6047MB of dedicated video memory, 0MB of dedicated system memory, and 8141MB of shared system memory, 1 output[s]
[2016.06.08-08.59.24:388][  0]LogD3D11RHI:    1. 'Intel(R) HD Graphics 530' (Feature Level 11_0)
[2016.06.08-08.59.24:388][  0]LogD3D11RHI:       128MB of dedicated video memory, 0MB of dedicated system memory, and 8141MB of shared system memory, 0 output[s]
[2016.06.08-08.59.24:389][  0]LogD3D11RHI:    2. 'Microsoft Basic Render Driver' (Feature Level 11_0)
[2016.06.08-08.59.24:389][  0]LogD3D11RHI:       0MB of dedicated video memory, 0MB of dedicated system memory, and 8141MB of shared system memory, 0 output[s]
[2016.06.08-08.59.24:389][  0]LogD3D11RHI: Chosen D3D11 Adapter: 0
[2016.06.08-08.59.24:396][  0]LogD3D11RHI: Creating new Direct3DDevice
[2016.06.08-08.59.24:396][  0]LogD3D11RHI:     Adapter Name: NVIDIA GeForce GTX 980 Ti
[2016.06.08-08.59.24:396][  0]LogD3D11RHI:   Driver Version: Unknown (internal Unknown)
[2016.06.08-08.59.24:396][  0]LogD3D11RHI:      Driver Date: Unknown
[2016.06.08-08.59.24:396][  0]LogRHI: Texture pool is 1361 MB (70% of 1945 MB)
[2016.06.08-08.59.24:415][  0]LogD3D11RHI: Async texture creation enabled
[2016.06.08-08.59.24:432][  0]LogShaderCompilers: Guid format shader working directory is 33 characters bigger than the processId version (D:/HeliosFinal/Intermediate/Shaders/WorkingDirectory/4640/).
[2016.06.08-08.59.24:432][  0]LogShaderCompilers: Cleaned the shader compiler working directory 'C:/Users/Helios/AppData/Local/Temp/UnrealShaderWorkingDir/E26A62894F1F83BB13DE0FBA2F7B8ADF/'.
[2016.06.08-08.59.24:432][  0]LogShaderCompilers:Display: Using Local Shader Compiler.
[2016.06.08-08.59.25:365][  0]LogTemp:Display: Loaded TP AllDesktopTargetPlatform
[2016.06.08-08.59.25:370][  0]LogTemp:Display: Loaded TP WindowsClientTargetPlatform
[2016.06.08-08.59.25:375][  0]LogTemp:Display: Loaded TP WindowsNoEditorTargetPlatform
[2016.06.08-08.59.25:380][  0]LogTemp:Display: Loaded TP WindowsServerTargetPlatform
[2016.06.08-08.59.25:386][  0]LogTemp:Display: Loaded TP WindowsTargetPlatform
[2016.06.08-08.59.25:389][  0]LogTemp:Display: Loaded TP AndroidTargetPlatform
[2016.06.08-08.59.25:393][  0]LogTemp:Display: Loaded TP Android_ASTCTargetPlatform
[2016.06.08-08.59.25:396][  0]LogTemp:Display: Loaded TP Android_ATCTargetPlatform
[2016.06.08-08.59.25:399][  0]LogTemp:Display: Loaded TP Android_DXTTargetPlatform
[2016.06.08-08.59.25:403][  0]LogTemp:Display: Loaded TP Android_ETC1TargetPlatform
[2016.06.08-08.59.25:406][  0]LogTemp:Display: Loaded TP Android_ETC2TargetPlatform
[2016.06.08-08.59.25:412][  0]LogTemp:Display: Loaded TP Android_MultiTargetPlatform
[2016.06.08-08.59.25:412][  0]LogTemp:Display: Loaded TP Android_PVRTCTargetPlatform
[2016.06.08-08.59.25:413][  0]LogTemp:Display: Loaded TP HTML5TargetPlatform
[2016.06.08-08.59.25:431][  0]LogTemp:Display: Loaded TP IOSTargetPlatform
[2016.06.08-08.59.25:433][  0]LogTemp:Display: Loaded TP TVOSTargetPlatform
[2016.06.08-08.59.25:436][  0]LogTemp:Display: Loaded TP LinuxNoEditorTargetPlatform
[2016.06.08-08.59.25:439][  0]LogTemp:Display: Loaded TP LinuxServerTargetPlatform
[2016.06.08-08.59.25:441][  0]LogTemp:Display: Loaded TP LinuxTargetPlatform
[2016.06.08-08.59.25:442][  0]LogTargetPlatformManager:Display: Building Assets For Windows
[2016.06.08-08.59.25:526][  0]LogDerivedDataCache:Display: Max Cache Size: 512 MB
[2016.06.08-08.59.25:592][  0]LogDerivedDataCache: Loaded boot cache 0.07s 73MB C:/Users/Helios/AppData/Local/UnrealEngine/4.11/DerivedDataCache/Boot.ddc.
[2016.06.08-08.59.25:592][  0]LogDerivedDataCache:Display: Loaded Boot cache: C:/Users/Helios/AppData/Local/UnrealEngine/4.11/DerivedDataCache/Boot.ddc
[2016.06.08-08.59.25:592][  0]LogDerivedDataCache: FDerivedDataBackendGraph:  Pak pak cache file D:/HeliosFinal/DerivedDataCache/DDC.ddp not found, will not use a pak cache.
[2016.06.08-08.59.25:592][  0]LogDerivedDataCache: Unable to find inner node Pak for hierarchical cache Hierarchy.
[2016.06.08-08.59.25:592][  0]LogDerivedDataCache: FDerivedDataBackendGraph:  CompressedPak pak cache file D:/HeliosFinal/DerivedDataCache/Compressed.ddp not found, will not use a pak cache.
[2016.06.08-08.59.25:592][  0]LogDerivedDataCache: Unable to find inner node CompressedPak for hierarchical cache Hierarchy.
[2016.06.08-08.59.25:607][  0]LogDerivedDataCache:Display: Pak cache opened for reading ../../../Engine/DerivedDataCache/Compressed.ddp.
[2016.06.08-08.59.25:619][  0]LogDerivedDataCache: Using Local data cache path C:/Users/Helios/AppData/Local/UnrealEngine/Common/DerivedDataCache: Writable
[2016.06.08-08.59.25:766][  0]LogInit: Selected Device Profile: [Windows]
[2016.06.08-08.59.25:767][  0]LogContentStreaming: Texture pool size is 0.00 MB
[2016.06.08-08.59.25:796][  0]LogMaterial: Uniform references updated for custom material expression Custom.
[2016.06.08-08.59.25:925][  0]LogMeshUtilities: No automatic mesh reduction module available
[2016.06.08-08.59.25:925][  0]LogMeshUtilities: No automatic mesh merging module available
[2016.06.08-08.59.25:925][  0]LogMeshUtilities: No distributed automatic mesh merging module available
[2016.06.08-08.59.26:143][  0]LogUObjectArray: 27679 objects as part of root set at end of initial load.
[2016.06.08-08.59.26:143][  0]LogUObjectAllocator: 5591592 out of 0 bytes used by permanent object pool.
[2016.06.08-08.59.26:143][  0]LogUObjectArray: CloseDisregardForGC: 0/0 objects in disregard for GC pool
[2016.06.08-08.59.26:151][  0]LogInit: WinSock: version 1.1 (2.2), MaxSocks=32767, MaxUdp=65467
[2016.06.08-08.59.26:248][  0]LogSlate: SlateFontCache - WITH_FREETYPE: 1, WITH_HARFBUZZ: 1
[2016.06.08-08.59.26:248][  0]LogSlate: SlateFontCache - WITH_FREETYPE: 1, WITH_HARFBUZZ: 1
[2016.06.08-08.59.26:336][  0]LogStreaming:Warning: Failed to read file '../../../Engine/Content/Editor/Slate/Common/Selection_16x.png' error.
[2016.06.08-08.59.26:336][  0]LogSlate: Could not find file for Slate resource: ../../../Engine/Content/Editor/Slate/Common/Selection_16x.png
[2016.06.08-08.59.26:336][  0]LogStreaming:Warning: Failed to read file '../../../Engine/Content/Editor/Slate/Common/Selection_16x.png' error.
[2016.06.08-08.59.26:336][  0]LogSlate: Could not find file for Slate resource: ../../../Engine/Content/Editor/Slate/Common/Selection_16x.png
[2016.06.08-08.59.26:336][  0]LogStreaming:Warning: Failed to read file '../../../Engine/Content/Editor/Slate/Common/Selection_16x.png' error.
[2016.06.08-08.59.26:336][  0]LogSlate: Could not find file for Slate resource: ../../../Engine/Content/Editor/Slate/Common/Selection_16x.png
[2016.06.08-08.59.26:852][  0]LogUdpMessaging: Initializing bridge on interface 0.0.0.0:0 to multicast group 230.0.0.1:6666.
[2016.06.08-08.59.26:966][  0]LogAssetRegistry: FAssetRegistry took 0.0218 seconds to start up
[2016.06.08-08.59.27:107][  0]SourceControl: Info Source control is disabled
[2016.06.08-08.59.27:140][  0]SourceControl: Info Source control is disabled
[2016.06.08-08.59.27:148][  0]SourceControl: Info Source control is disabled
[2016.06.08-08.59.27:156][  0]SourceControl: Info Source control is disabled
[2016.06.08-08.59.27:325][  0]LogConsoleManager:Warning: Console object named 'vr.EnableMotionControllerLateUpdate' already exists but is being registered again, but we weren't expected it to be! (FConsoleManager::AddConsoleObject)
[2016.06.08-08.59.27:378][  0]LogEngine: Initializing Engine...
[2016.06.08-08.59.27:382][  0]LogHMD: SteamVR initialized.  Driver: lighthouse  Display: LHR-2D0E5179
[2016.06.08-08.59.27:521][  0]LogAIModule: Creating AISystem for world NewWorld
[2016.06.08-08.59.27:527][  0]LogInit: XAudio2 using 'Speakers (4- USB Audio Device)' : 2 channels at 44.1 kHz using 16 bits per sample (channel mask 0x3)
[2016.06.08-08.59.27:543][  0]LogInit: FAudioDevice initialized.
[2016.06.08-08.59.27:576][  0]LogDerivedDataCache: Saved boot cache 0.03s 73MB C:/Users/Helios/AppData/Local/UnrealEngine/4.11/DerivedDataCache/Boot.ddc.
[2016.06.08-08.59.27:582][  0]LogInit: Texture streaming: Enabled
[2016.06.08-08.59.29:530][  0]LogInit: Transaction tracking system initialized
[2016.06.08-08.59.29:576][  0]BlueprintLog: New page: Editor Load
[2016.06.08-08.59.29:662][  0]LocalizationService: Info Localization service is disabled
[2016.06.08-08.59.29:742][  0]LogConsoleResponse:Display: 
[2016.06.08-08.59.29:841][  0]LogCook:Display: Max memory allowance for cook 8192mb
[2016.06.08-08.59.29:841][  0]LogCook:Display: Mobile HDR setting 1
[2016.06.08-08.59.29:841][  0]LogCook:Display: Done creating registry. It took  0.00s.
[2016.06.08-08.59.29:895][  0]LogFileCache: Scanning file cache for directory 'D:/HeliosFinal/Content/' took 0.01s
[2016.06.08-08.59.29:895][  0]SourceControl: Info Source control is disabled
[2016.06.08-08.59.29:895][  0]Cmd: MAP LOAD FILE="D:/HeliosFinal/Content/Plains.umap" TEMPLATE=0 SHOWPROGRESS=1 FEATURELEVEL=3
[2016.06.08-08.59.29:895][  0]LightingResults: New page: Lighting Build
[2016.06.08-08.59.29:899][  0]MapCheck: New page: Map Check
[2016.06.08-08.59.29:899][  0]LightingResults: New page: Lighting Build
[2016.06.08-08.59.30:399][  0]LogAIModule: Creating AISystem for world Plains
[2016.06.08-08.59.30:415][  0]LogEditorServer: Finished looking for orphan Actors (0.000 secs)
[2016.06.08-08.59.30:415][  0]Cmd: MAP CHECKDEP NOCLEARLOG
[2016.06.08-08.59.30:449][  0]MapCheck: Info Map check complete: 0 Error(s), 0 Warning(s), took 34.405ms to complete.
[2016.06.08-08.59.30:449][  0]LogFileHelpers: Loading map 'Plains' took 0.554
[2016.06.08-08.59.30:581][  0]LogCollectionManager: Loaded 0 collections in 0.002260 seconds
[2016.06.08-08.59.30:623][  0]LogFileCache: Scanning file cache for directory 'D:/HeliosFinal/Saved/Collections/' took 0.01s
[2016.06.08-08.59.30:623][  0]LogFileCache: Scanning file cache for directory 'D:/HeliosFinal/Content/Developers/Helios/Collections/' took 0.01s
[2016.06.08-08.59.30:623][  0]LogFileCache: Scanning file cache for directory 'D:/HeliosFinal/Content/Collections/' took 0.01s
[2016.06.08-08.59.30:623][  0]LogCollectionManager: Rebuilt the GUID cache for 0 collections in 0.000004 seconds
[2016.06.08-08.59.30:631][  0]LogContentBrowser: Native class hierarchy populated in 0.0080 seconds. Added 1990 classes and 349 folders.
[2016.06.08-08.59.30:636][  0]LogStats: UGameplayTagsManager::ConstructGameplayTagTree: Construct from data asset -  0.000 s
[2016.06.08-08.59.30:636][  0]LogStats: UGameplayTagsManager::ConstructGameplayTagTree: GameplayTagTreeChangedEvent.Broadcast -  0.000 s
[2016.06.08-08.59.30:637][  0]LogContentBrowser: Native class hierarchy updated for 'GameplayTags' in 0.0010 seconds. Added 12 classes and 0 folders.
[2016.06.08-08.59.30:643][  0]LogContentBrowser: Native class hierarchy updated for 'WidgetCarousel' in 0.0008 seconds. Added 0 classes and 0 folders.
[2016.06.08-08.59.30:651][  0]LogContentBrowser: Native class hierarchy updated for 'SuperSearch' in 0.0009 seconds. Added 1 classes and 2 folders.
[2016.06.08-08.59.30:682][  0]LogContentBrowser: Native class hierarchy updated for 'AddContentDialog' in 0.0008 seconds. Added 0 classes and 0 folders.
[2016.06.08-08.59.30:686][  0]LogContentBrowser: Native class hierarchy updated for 'SceneOutliner' in 0.0008 seconds. Added 1 classes and 2 folders.
[2016.06.08-08.59.30:707][  0]LogCrashTracker: Crashtracker disabled due to settings.
[2016.06.08-08.59.30:712][  0]LogUObjectGlobals:Warning: Failed to find object 'Class None.'
[2016.06.08-08.59.30:740][  0]LogContentBrowser: Native class hierarchy updated for 'HierarchicalLODOutliner' in 0.0009 seconds. Added 1 classes and 2 folders.
[2016.06.08-08.59.30:740][  0]LogLoad: Full Startup: 7.62 seconds (BP compile: 0.09 seconds)
[2016.06.08-08.59.30:740][  0]LogExternalProfiler: Found external profiler: VSPerf
[2016.06.08-08.59.30:740][  0]LogExternalProfiler: Using external profiler: VSPerf
[2016.06.08-08.59.30:758][  0]LogOcInput: OculusInput pre-init called
[2016.06.08-08.59.30:807][  0]LogContentStreaming: Texture pool size now 700 MB
[2016.06.08-08.59.30:928][  0]LogRenderer: Reallocating scene render targets to support 944x540 (Frame:2).
[2016.06.08-08.59.30:988][  1]Cmd: UpdateLandscapeEditorData -warnings
[2016.06.08-08.59.31:010][  1]LogAssetRegistry: Asset discovery search completed in 4.0663 seconds
[2016.06.08-08.59.31:010][  1]LogCollectionManager: Rebuilt the object cache for 0 collections in 0.000001 seconds (found 0 objects)
[2016.06.08-08.59.31:010][  1]LogCollectionManager: Fixed up redirectors for 0 collections in 0.000035 seconds (updated 0 objects)
[2016.06.08-09.00.01:293][486]LogTemp:Warning: Helios > setter node title
[2016.06.08-09.00.01:293][486]LogTemp:Warning: Helios > setter node title
[2016.06.08-09.00.01:293][486]LogTemp:Warning: Helios > setter node title
[2016.06.08-09.00.01:293][486]LogTemp:Warning: Helios > setter node title
[2016.06.08-09.00.01:294][486]LogTemp:Warning: Helios > getter node title
[2016.06.08-09.00.01:805][486]LogContentBrowser: Native class hierarchy updated for 'BlueprintGraph' in 0.0011 seconds. Added 108 classes and 0 folders.
[2016.06.08-09.00.02:228][486]LogTemp:Warning: Helios > getter node title
[2016.06.08-09.00.02:228][486]LogTemp:Warning: Helios > getter node title
[2016.06.08-09.00.02:229][486]LogTemp:Warning: Helios > setter node title
[2016.06.08-09.00.02:229][486]LogTemp:Warning: Helios > setter node title
[2016.06.08-09.00.02:229][486]LogTemp:Warning: Helios > getter node title
[2016.06.08-09.00.02:229][486]LogTemp:Warning: Helios > getter node title
[2016.06.08-09.00.02:229][486]LogTemp:Warning: Helios > setter node title
[2016.06.08-09.00.02:229][486]LogTemp:Warning: Helios > setter node title
[2016.06.08-09.00.02:229][486]LogTemp:Warning: Helios > getter node title
[2016.06.08-09.00.02:229][486]LogTemp:Warning: Helios > getter node title
[2016.06.08-09.00.02:229][486]LogTemp:Warning: Helios > setter node title
[2016.06.08-09.00.02:229][486]LogTemp:Warning: Helios > setter node title
[2016.06.08-09.00.02:229][486]LogTemp:Warning: Helios > getter node title
[2016.06.08-09.00.02:229][486]LogTemp:Warning: Helios > getter node title
[2016.06.08-09.00.02:229][486]LogTemp:Warning: Helios > setter node title
[2016.06.08-09.00.02:229][486]LogTemp:Warning: Helios > setter node title
[2016.06.08-09.00.03:032][486]LogTemp:Warning: Helios > setter node title
[2016.06.08-09.00.03:034][486]LogTemp:Warning: Helios > setter node title
[2016.06.08-09.00.03:034][486]LogTemp:Warning: Helios > setter node title
[2016.06.08-09.00.03:036][486]LogTemp:Warning: Helios > setter node title
[2016.06.08-09.00.03:037][486]LogTemp:Warning: Helios > setter node title
[2016.06.08-09.00.03:039][486]LogTemp:Warning: Helios > setter node title
[2016.06.08-09.00.03:040][486]LogTemp:Warning: Helios > setter node title
[2016.06.08-09.00.03:041][486]LogTemp:Warning: Helios > setter node title
[2016.06.08-09.00.03:047][486]LogTemp:Warning: Helios > getter node title
[2016.06.08-09.00.03:049][486]LogTemp:Warning: Helios > getter node title
[2016.06.08-09.00.06:642][650]LogTemp:Warning: Helios > setter node title
[2016.06.08-09.00.06:642][650]LogTemp:Warning: Helios > setter node title
[2016.06.08-09.00.06:642][650]LogTemp:Warning: Helios > setter node title
[2016.06.08-09.00.06:651][650]LogTemp:Warning: Helios > setter node title
[2016.06.08-09.00.06:651][650]LogTemp:Warning: Helios > setter node title
[2016.06.08-09.00.06:651][650]LogTemp:Warning: Helios > setter node title
[2016.06.08-09.00.06:667][650]LogTemp:Warning: Helios > setter node title
[2016.06.08-09.00.06:667][650]LogTemp:Warning: Helios > setter node title
[2016.06.08-09.00.07:211][668]LogTemp:Warning: Helios > setter node title
[2016.06.08-09.00.07:211][668]LogTemp:Warning: Helios > setter node title
[2016.06.08-09.00.07:211][668]LogTemp:Warning: Helios > setter node title
[2016.06.08-09.00.07:219][668]LogTemp:Warning: Helios > setter node title
[2016.06.08-09.00.07:219][668]LogTemp:Warning: Helios > setter node title
[2016.06.08-09.00.07:219][668]LogTemp:Warning: Helios > setter node title
[2016.06.08-09.00.07:232][668]LogTemp:Warning: Helios > setter node title
[2016.06.08-09.00.07:232][668]LogTemp:Warning: Helios > setter node title
[2016.06.08-09.00.07:237][669]LogTemp:Warning: Helios > setter node title
[2016.06.08-09.00.07:237][669]LogTemp:Warning: Helios > setter node title
[2016.06.08-09.00.07:237][669]LogTemp:Warning: Helios > setter node title
[2016.06.08-09.00.09:578][773]LogTemp:Warning: Helios > getter node title
[2016.06.08-09.00.09:578][773]LogTemp:Warning: Helios > getter node title
[2016.06.08-09.00.09:579][773]LogTemp:Warning: Helios > getter node title
[2016.06.08-09.00.09:589][773]LogTemp:Warning: Helios > getter node title
[2016.06.08-09.00.09:589][773]LogTemp:Warning: Helios > getter node title
[2016.06.08-09.00.09:589][773]LogTemp:Warning: Helios > getter node title
[2016.06.08-09.00.09:599][773]LogTemp:Warning: Helios > getter node title
[2016.06.08-09.00.09:599][773]LogTemp:Warning: Helios > getter node title
[2016.06.08-09.00.09:610][774]LogTemp:Warning: Helios > getter node title
[2016.06.08-09.00.09:610][774]LogTemp:Warning: Helios > getter node title
[2016.06.08-09.00.09:610][774]LogTemp:Warning: Helios > getter node title
[2016.06.08-09.00.09:623][774]LogTemp:Warning: Helios > getter node title
[2016.06.08-09.00.09:624][774]LogTemp:Warning: Helios > getter node title
[2016.06.08-09.00.09:633][775]LogTemp:Warning: Helios > getter node title
[2016.06.08-09.00.09:633][775]LogTemp:Warning: Helios > getter node title
[2016.06.08-09.00.09:633][775]LogTemp:Warning: Helios > getter node title
[2016.06.08-09.00.09:647][775]LogTemp:Warning: Helios > getter node title
[2016.06.08-09.00.09:647][775]LogTemp:Warning: Helios > getter node title
[2016.06.08-09.00.09:657][776]LogTemp:Warning: Helios > getter node title
[2016.06.08-09.00.09:657][776]LogTemp:Warning: Helios > getter node title
[2016.06.08-09.00.09:657][776]LogTemp:Warning: Helios > getter node title
[2016.06.08-09.00.09:675][776]LogTemp:Warning: Helios > getter node title
[2016.06.08-09.00.09:675][776]LogTemp:Warning: Helios > getter node title
[2016.06.08-09.00.09:718][779]LogTemp:Warning: Helios > getter node title
[2016.06.08-09.00.09:718][779]LogTemp:Warning: Helios > getter node title
[2016.06.08-09.00.09:718][779]LogTemp:Warning: Helios > getter node title
[2016.06.08-09.00.09:727][779]LogTemp:Warning: Helios > getter node title
[2016.06.08-09.00.09:727][779]LogTemp:Warning: Helios > getter node title
[2016.06.08-09.00.09:735][780]LogTemp:Warning: Helios > getter node title
[2016.06.08-09.00.09:735][780]LogTemp:Warning: Helios > getter node title
[2016.06.08-09.00.09:735][780]LogTemp:Warning: Helios > getter node title
[2016.06.08-09.00.09:745][780]LogTemp:Warning: Helios > getter node title
[2016.06.08-09.00.09:745][780]LogTemp:Warning: Helios > getter node title
[2016.06.08-09.00.09:755][781]LogTemp:Warning: Helios > getter node title
[2016.06.08-09.00.09:755][781]LogTemp:Warning: Helios > getter node title
[2016.06.08-09.00.09:755][781]LogTemp:Warning: Helios > getter node title
[2016.06.08-09.00.09:767][781]LogTemp:Warning: Helios > getter node title
[2016.06.08-09.00.09:767][781]LogTemp:Warning: Helios > getter node title
[2016.06.08-09.00.09:781][782]LogTemp:Warning: Helios > getter node title
[2016.06.08-09.00.09:781][782]LogTemp:Warning: Helios > getter node title
[2016.06.08-09.00.09:781][782]LogTemp:Warning: Helios > getter node title
[2016.06.08-09.00.09:794][782]LogTemp:Warning: Helios > getter node title
[2016.06.08-09.00.09:795][782]LogTemp:Warning: Helios > getter node title
[2016.06.08-09.00.09:806][783]LogTemp:Warning: Helios > getter node title
[2016.06.08-09.00.09:806][783]LogTemp:Warning: Helios > getter node title
[2016.06.08-09.00.09:806][783]LogTemp:Warning: Helios > getter node title
[2016.06.08-09.00.09:821][783]LogTemp:Warning: Helios > getter node title
[2016.06.08-09.00.09:821][783]LogTemp:Warning: Helios > getter node title
[2016.06.08-09.00.09:831][784]LogTemp:Warning: Helios > getter node title
[2016.06.08-09.00.09:831][784]LogTemp:Warning: Helios > getter node title
[2016.06.08-09.00.09:831][784]LogTemp:Warning: Helios > getter node title
[2016.06.08-09.00.09:845][784]LogTemp:Warning: Helios > getter node title
[2016.06.08-09.00.09:845][784]LogTemp:Warning: Helios > getter node title
[2016.06.08-09.00.09:856][785]LogTemp:Warning: Helios > getter node title
[2016.06.08-09.00.09:857][785]LogTemp:Warning: Helios > getter node title
[2016.06.08-09.00.09:857][785]LogTemp:Warning: Helios > getter node title
[2016.06.08-09.00.09:874][785]LogTemp:Warning: Helios > getter node title
[2016.06.08-09.00.09:874][785]LogTemp:Warning: Helios > getter node title
[2016.06.08-09.00.09:886][786]LogTemp:Warning: Helios > getter node title
[2016.06.08-09.00.09:886][786]LogTemp:Warning: Helios > getter node title
[2016.06.08-09.00.09:886][786]LogTemp:Warning: Helios > getter node title
[2016.06.08-09.00.09:897][786]LogTemp:Warning: Helios > getter node title
[2016.06.08-09.00.09:897][786]LogTemp:Warning: Helios > getter node title
[2016.06.08-09.00.09:905][787]LogTemp:Warning: Helios > getter node title
[2016.06.08-09.00.09:905][787]LogTemp:Warning: Helios > getter node title
[2016.06.08-09.00.09:905][787]LogTemp:Warning: Helios > getter node title
[2016.06.08-09.00.09:923][787]LogTemp:Warning: Helios > getter node title
[2016.06.08-09.00.09:923][787]LogTemp:Warning: Helios > getter node title
[2016.06.08-09.00.09:934][788]LogTemp:Warning: Helios > getter node title
[2016.06.08-09.00.09:934][788]LogTemp:Warning: Helios > getter node title
[2016.06.08-09.00.09:934][788]LogTemp:Warning: Helios > getter node title
[2016.06.08-09.00.09:951][788]LogTemp:Warning: Helios > getter node title
[2016.06.08-09.00.09:951][788]LogTemp:Warning: Helios > getter node title
[2016.06.08-09.00.09:966][789]LogTemp:Warning: Helios > getter node title
[2016.06.08-09.00.09:966][789]LogTemp:Warning: Helios > getter node title
[2016.06.08-09.00.09:966][789]LogTemp:Warning: Helios > getter node title
[2016.06.08-09.00.09:979][789]LogTemp:Warning: Helios > getter node title
[2016.06.08-09.00.09:979][789]LogTemp:Warning: Helios > getter node title
[2016.06.08-09.00.09:992][790]LogTemp:Warning: Helios > getter node title
[2016.06.08-09.00.09:992][790]LogTemp:Warning: Helios > getter node title
[2016.06.08-09.00.09:992][790]LogTemp:Warning: Helios > getter node title
[2016.06.08-09.00.10:005][790]LogTemp:Warning: Helios > getter node title
[2016.06.08-09.00.10:005][790]LogTemp:Warning: Helios > getter node title
[2016.06.08-09.00.10:024][791]LogTemp:Warning: Helios > getter node title
[2016.06.08-09.00.10:024][791]LogTemp:Warning: Helios > getter node title
[2016.06.08-09.00.10:024][791]LogTemp:Warning: Helios > getter node title
[2016.06.08-09.00.10:141][791]LogTemp:Warning: Helios > getter node title
[2016.06.08-09.00.10:141][791]LogTemp:Warning: Helios > getter node title
[2016.06.08-09.00.12:677][900]BlueprintLog: New page: Pre-Play auto-recompile
[2016.06.08-09.00.12:688][900]LogActorComponent: UnregisterComponent: (/Engine/Transient.SteamVRChaperone_GEN_VARIABLE) Not registered. Aborting.
[2016.06.08-09.00.12:688][900]LogActorComponent: UnregisterComponent: (/Engine/Transient.FloatingPawnMovement_GEN_VARIABLE) Not registered. Aborting.
[2016.06.08-09.00.12:733][900]LogPlayLevel: [PlayLevel] Compiling Vive_Pawn before play...
[2016.06.08-09.00.13:151][900]LogPlayLevel: PlayLevel: Blueprint regeneration took 473 ms (1 blueprints)
[2016.06.08-09.00.13:225][900]PIE: New page: PIE session: Plains (Jun 7, 2016, 6:00:13 PM)
[2016.06.08-09.00.13:225][900]LogPlayLevel: Creating play world package: /Game/UEDPIE_0_Plains
[2016.06.08-09.00.13:242][900]LogPlayLevel: PIE: StaticDuplicateObject took: (0.017066s)
[2016.06.08-09.00.13:242][900]LogAIModule: Creating AISystem for world Plains
[2016.06.08-09.00.13:242][900]LogPlayLevel: PIE: World Init took: (0.000757s)
[2016.06.08-09.00.13:243][900]LogPlayLevel: PIE: Created PIE world by copying editor world from /Game/Plains.Plains to /Game/UEDPIE_0_Plains.Plains (0.018040s)
[2016.06.08-09.00.13:267][900]LogInit: XAudio2 using 'Speakers (4- USB Audio Device)' : 2 channels at 44.1 kHz using 16 bits per sample (channel mask 0x3)
[2016.06.08-09.00.13:273][900]LogInit: FAudioDevice initialized.
[2016.06.08-09.00.13:348][900]LogWorld: Game class is 'SteamVR_GM_C'
[2016.06.08-09.00.13:356][900]LogWorld: Bringing World /Game/UEDPIE_0_Plains.Plains up for play (max tick rate 60) at 2016.06.08-02.00.13
[2016.06.08-09.00.13:357][900]LogWorld: Bringing up level for play took: 0.005494
[2016.06.08-09.00.13:363][900]LogContentBrowser: Native class hierarchy updated for 'MovieSceneCapture' in 0.0012 seconds. Added 9 classes and 0 folders.
[2016.06.08-09.00.13:366][900]PIE: Info Play in editor start time for /Game/UEDPIE_0_Plains 0.444
[2016.06.08-09.00.13:980][901]LogRenderer: Reallocating scene render targets to support 1324x756 (Frame:108).
[2016.06.08-09.00.16:935][ 15]LogActorComponent: UnregisterComponent: (/Engine/Transient.SteamVRChaperone_GEN_VARIABLE) Not registered. Aborting.
[2016.06.08-09.00.16:936][ 15]LogActorComponent: UnregisterComponent: (/Engine/Transient.FloatingPawnMovement_GEN_VARIABLE) Not registered. Aborting.
[2016.06.08-09.00.17:775][ 48]Cmd: TRANSACTION UNDO
[2016.06.08-09.00.17:775][ 48]LogEditorTransaction: Undo Delete current selection
[2016.06.08-09.00.18:484][ 48]LogTemp:Warning: Helios > getter node title
[2016.06.08-09.00.18:487][ 48]LogTemp:Warning: Helios > getter node title
[2016.06.08-09.00.20:238][113]BlueprintLog: New page: Pre-Play auto-recompile
[2016.06.08-09.00.20:250][113]LogActorComponent: UnregisterComponent: (/Engine/Transient.SteamVRChaperone_GEN_VARIABLE) Not registered. Aborting.
[2016.06.08-09.00.20:250][113]LogActorComponent: UnregisterComponent: (/Engine/Transient.FloatingPawnMovement_GEN_VARIABLE) Not registered. Aborting.
[2016.06.08-09.00.20:299][113]LogPlayLevel: [PlayLevel] Compiling Vive_Pawn before play...
[2016.06.08-09.00.20:376][113]LogTemp:Warning: Helios > getter node title
[2016.06.08-09.00.20:688][113]LogPlayLevel: PlayLevel: Blueprint regeneration took 449 ms (1 blueprints)
[2016.06.08-09.00.20:716][113]PIE: New page: PIE session: Plains (Jun 7, 2016, 6:00:20 PM)
[2016.06.08-09.00.20:717][113]LogPlayLevel: Creating play world package: /Game/UEDPIE_0_Plains
[2016.06.08-09.00.20:736][113]LogPlayLevel: PIE: StaticDuplicateObject took: (0.019579s)
[2016.06.08-09.00.20:737][113]LogAIModule: Creating AISystem for world Plains
[2016.06.08-09.00.20:737][113]LogPlayLevel: PIE: World Init took: (0.000701s)
[2016.06.08-09.00.20:737][113]LogPlayLevel: PIE: Created PIE world by copying editor world from /Game/Plains.Plains to /Game/UEDPIE_0_Plains.Plains (0.020516s)
[2016.06.08-09.00.20:758][113]LogInit: XAudio2 using 'Speakers (4- USB Audio Device)' : 2 channels at 44.1 kHz using 16 bits per sample (channel mask 0x3)
[2016.06.08-09.00.20:765][113]LogInit: FAudioDevice initialized.
[2016.06.08-09.00.20:796][113]LogWorld: Game class is 'SteamVR_GM_C'
[2016.06.08-09.00.20:805][113]LogWorld: Bringing World /Game/UEDPIE_0_Plains.Plains up for play (max tick rate 60) at 2016.06.08-02.00.20
[2016.06.08-09.00.20:806][113]LogWorld: Bringing up level for play took: 0.005045
[2016.06.08-09.00.20:808][113]PIE: Info Play in editor start time for /Game/UEDPIE_0_Plains -0.114
[2016.06.08-09.00.21:413][113]LogTemp:Warning: Helios > getter node title
[2016.06.08-09.00.21:415][113]LogTemp:Warning: Helios > getter node title
[2016.06.08-09.00.21:739][118]LogCrashTracker: 


[2016.06.08-09.00.22:365][118]LogWindowsTextInputMethodSystem:Display: IME system now deactivated.
[2016.06.08-09.00.22:410][118]LogActorComponent: UnregisterComponent: (/Engine/Transient.SteamVRChaperone_GEN_VARIABLE) Not registered. Aborting.
[2016.06.08-09.00.22:410][118]LogActorComponent: UnregisterComponent: (/Engine/Transient.FloatingPawnMovement_GEN_VARIABLE) Not registered. Aborting.
[2016.06.08-09.00.22:601][118]LogExit: Preparing to exit.
[2016.06.08-09.00.23:028][118]LogExit: Editor shut down
[2016.06.08-09.00.23:028][118]LogExit: Transaction tracking system shut down
[2016.06.08-09.00.23:169][118]LogObj: Freed 0b from 0 cluster array pools.
[2016.06.08-09.00.23:169][118]LogExit: Object subsystem successfully closed.
[2016.06.08-09.00.23:180][118]LogD3D11RHI: Shutdown
[2016.06.08-09.00.23:180][118]LogD3D11RHI: CleanupD3DDevice
[2016.06.08-09.00.23:264][118]LogD3D11RHI: ~FD3D11DynamicRHI
[2016.06.08-09.00.23:677][118]LogDerivedDataCache: Shutdown
[2016.06.08-09.00.23:678][118]LogModuleManager: Shutting down and abandoning module MovieSceneCapture (209)
[2016.06.08-09.00.23:678][118]LogModuleManager: Shutting down and abandoning module BlueprintGraph (208)
[2016.06.08-09.00.23:678][118]LogModuleManager: Shutting down and abandoning module HierarchicalLODOutliner (207)
[2016.06.08-09.00.23:678][118]LogModuleManager: Shutting down and abandoning module CrashTracker (206)
[2016.06.08-09.00.23:678][118]LogModuleManager: Shutting down and abandoning module SceneOutliner (205)
[2016.06.08-09.00.23:678][118]LogModuleManager: Shutting down and abandoning module SuperSearch (204)
[2016.06.08-09.00.23:678][118]LogModuleManager: Shutting down and abandoning module WidgetCarousel (203)
[2016.06.08-09.00.23:678][118]LogModuleManager: Shutting down and abandoning module AddContentDialog (202)
[2016.06.08-09.00.23:679][118]LogModuleManager: Shutting down and abandoning module GameplayTags (201)
[2016.06.08-09.00.23:679][118]LogModuleManager: Shutting down and abandoning module EditorWidgets (200)
[2016.06.08-09.00.23:679][118]LogModuleManager: Shutting down and abandoning module CollectionManager (199)
[2016.06.08-09.00.23:679][118]LogModuleManager: Shutting down and abandoning module StatsViewer (198)
[2016.06.08-09.00.23:679][118]LogModuleManager: Shutting down and abandoning module FoliageEdit (197)
[2016.06.08-09.00.23:679][118]LogModuleManager: Shutting down and abandoning module LandscapeEditor (196)
[2016.06.08-09.00.23:679][118]LogModuleManager: Shutting down and abandoning module ActorPickerMode (195)
[2016.06.08-09.00.23:679][118]LogModuleManager: Shutting down and abandoning module GeometryMode (194)
[2016.06.08-09.00.23:679][118]LogModuleManager: Shutting down and abandoning module TextureAlignMode (193)
[2016.06.08-09.00.23:679][118]LogModuleManager: Shutting down and abandoning module BspMode (192)
[2016.06.08-09.00.23:679][118]LogModuleManager: Shutting down and abandoning module PlacementMode (191)
[2016.06.08-09.00.23:679][118]LogModuleManager: Shutting down and abandoning module AutomationWorker (190)
[2016.06.08-09.00.23:679][118]LogModuleManager: Shutting down and abandoning module CharacterAI (189)
[2016.06.08-09.00.23:679][118]LogModuleManager: Shutting down and abandoning module SmartSnapping (188)
[2016.06.08-09.00.23:679][118]LogModuleManager: Shutting down and abandoning module ViewportSnapping (187)
[2016.06.08-09.00.23:679][118]LogModuleManager: Shutting down and abandoning module LogVisualizer (186)
[2016.06.08-09.00.23:679][118]LogModuleManager: Shutting down and abandoning module GameProjectGeneration (185)
[2016.06.08-09.00.23:679][118]LogModuleManager: Shutting down and abandoning module IntroTutorials (184)
[2016.06.08-09.00.23:679][118]LogModuleManager: Shutting down and abandoning module EditorLiveStreaming (183)
[2016.06.08-09.00.23:679][118]LogModuleManager: Shutting down and abandoning module IOSPlatformEditor (182)
[2016.06.08-09.00.23:679][118]LogModuleManager: Shutting down and abandoning module HTML5PlatformEditor (181)
[2016.06.08-09.00.23:680][118]LogModuleManager: Shutting down and abandoning module AndroidDeviceDetection (180)
[2016.06.08-09.00.23:715][118]LogModuleManager: Shutting down and abandoning module AndroidPlatformEditor (179)
[2016.06.08-09.00.23:715][118]LogModuleManager: Shutting down and abandoning module IOSRuntimeSettings (178)
[2016.06.08-09.00.23:715][118]LogModuleManager: Shutting down and abandoning module AndroidRuntimeSettings (177)
[2016.06.08-09.00.23:715][118]LogModuleManager: Shutting down and abandoning module MergeActors (176)
[2016.06.08-09.00.23:715][118]LogModuleManager: Shutting down and abandoning module SizeMap (175)
[2016.06.08-09.00.23:715][118]LogModuleManager: Shutting down and abandoning module TreeMap (174)
[2016.06.08-09.00.23:715][118]LogModuleManager: Shutting down and abandoning module ReferenceViewer (173)
[2016.06.08-09.00.23:715][118]LogModuleManager: Shutting down and abandoning module LocalizationService (172)
[2016.06.08-09.00.23:715][118]LogModuleManager: Shutting down and abandoning module LocalizationDashboard (171)
[2016.06.08-09.00.23:715][118]LogModuleManager: Shutting down and abandoning module HardwareTargeting (170)
[2016.06.08-09.00.23:715][118]LogModuleManager: Shutting down and abandoning module DeviceProfileEditor (169)
[2016.06.08-09.00.23:715][118]LogModuleManager: Shutting down and abandoning module UndoHistory (168)
[2016.06.08-09.00.23:715][118]LogModuleManager: Shutting down and abandoning module UserFeedback (167)
[2016.06.08-09.00.23:715][118]LogModuleManager: Shutting down and abandoning module XmlParser (166)
[2016.06.08-09.00.23:715][118]LogModuleManager: Shutting down and abandoning module Blutility (165)
[2016.06.08-09.00.23:715][118]LogModuleManager: Shutting down and abandoning module ProjectTargetPlatformEditor (164)
[2016.06.08-09.00.23:715][118]LogModuleManager: Shutting down and abandoning module ProjectSettingsViewer (163)
[2016.06.08-09.00.23:715][118]LogModuleManager: Shutting down and abandoning module InputBindingEditor (162)
[2016.06.08-09.00.23:715][118]LogModuleManager: Shutting down and abandoning module EditorSettingsViewer (161)
[2016.06.08-09.00.23:715][118]LogModuleManager: Shutting down and abandoning module SettingsEditor (160)
[2016.06.08-09.00.23:715][118]LogModuleManager: Shutting down and abandoning module ProjectLauncher (159)
[2016.06.08-09.00.23:716][118]LogModuleManager: Shutting down and abandoning module SessionFrontend (158)
[2016.06.08-09.00.23:716][118]LogModuleManager: Shutting down and abandoning module ProfilerClient (157)
[2016.06.08-09.00.23:716][118]LogModuleManager: Shutting down and abandoning module TargetDeviceServices (156)
[2016.06.08-09.00.23:716][118]LogModuleManager: Shutting down and abandoning module DeviceManager (155)
[2016.06.08-09.00.23:748][118]LogModuleManager: Shutting down and abandoning module AutomationController (154)
[2016.06.08-09.00.23:748][118]LogModuleManager: Shutting down and abandoning module AutomationWindow (153)
[2016.06.08-09.00.23:748][118]LogModuleManager: Shutting down and abandoning module Layers (152)
[2016.06.08-09.00.23:748][118]LogModuleManager: Shutting down and abandoning module ComponentVisualizers (151)
[2016.06.08-09.00.23:748][118]LogModuleManager: Shutting down and abandoning module DetailCustomizations (150)
[2016.06.08-09.00.23:748][118]LogModuleManager: Shutting down and abandoning module PackagesDialog (149)
[2016.06.08-09.00.23:748][118]LogModuleManager: Shutting down and abandoning module Persona (148)
[2016.06.08-09.00.23:748][118]LogModuleManager: Shutting down and abandoning module Kismet (147)
[2016.06.08-09.00.23:748][118]LogModuleManager: Shutting down and abandoning module GraphEditor (146)
[2016.06.08-09.00.23:748][118]LogModuleManager: Shutting down and abandoning module ClassViewer (145)
[2016.06.08-09.00.23:748][118]LogModuleManager: Shutting down and abandoning module Toolbox (144)
[2016.06.08-09.00.23:748][118]LogModuleManager: Shutting down and abandoning module ModuleUI (143)
[2016.06.08-09.00.23:748][118]LogModuleManager: Shutting down and abandoning module MovieSceneTools (142)
[2016.06.08-09.00.23:748][118]LogModuleManager: Shutting down and abandoning module OutputLog (141)
[2016.06.08-09.00.23:748][118]LogModuleManager: Shutting down and abandoning module GammaUI (140)
[2016.06.08-09.00.23:748][118]LogModuleManager: Shutting down and abandoning module Documentation (139)
[2016.06.08-09.00.23:748][118]LogModuleManager: Shutting down and abandoning module StreamingPauseRendering (138)
[2016.06.08-09.00.23:748][118]LogModuleManager: Shutting down and abandoning module AnalyticsET (137)
[2016.06.08-09.00.23:748][118]LogModuleManager: Shutting down and abandoning module Analytics (136)
[2016.06.08-09.00.23:748][118]LogModuleManager: Shutting down and abandoning module PortalServices (135)
[2016.06.08-09.00.23:748][118]LogModuleManager: Shutting down and abandoning module PortalRpc (134)
[2016.06.08-09.00.23:748][118]LogModuleManager: Shutting down and abandoning module MessagingRpc (133)
[2016.06.08-09.00.23:748][118]LogModuleManager: Shutting down and abandoning module AITestSuite (132)
[2016.06.08-09.00.23:748][118]LogModuleManager: Shutting down and abandoning module GameplayDebugger (131)
[2016.06.08-09.00.23:748][118]LogModuleManager: Shutting down and abandoning module AIModule (130)
[2016.06.08-09.00.23:748][118]LogModuleManager: Shutting down and abandoning module ProfilerService (129)
[2016.06.08-09.00.23:927][118]LogModuleManager: Shutting down and abandoning module TaskGraph (128)
[2016.06.08-09.00.23:927][118]LogModuleManager: Shutting down and abandoning module VRGripMotionControllerPlugin (127)
[2016.06.08-09.00.23:927][118]LogModuleManager: Shutting down and abandoning module SimpleDataIntegration (126)
[2016.06.08-09.00.23:927][118]LogModuleManager: Shutting down and abandoning module SlateRemote (125)
[2016.06.08-09.00.23:927][118]LogModuleManager: Shutting down and abandoning module SteamVRController (124)
[2016.06.08-09.00.23:927][118]LogModuleManager: Shutting down and abandoning module SteamVR (123)
[2016.06.08-09.00.23:927][118]LogModuleManager: Shutting down and abandoning module ProceduralMeshComponent (122)
[2016.06.08-09.00.23:927][118]LogModuleManager: Shutting down and abandoning module OculusLibrary (121)
[2016.06.08-09.00.23:927][118]LogModuleManager: Shutting down and abandoning module OculusInput (120)
[2016.06.08-09.00.23:927][118]LogModuleManager: Shutting down and abandoning module CustomMeshComponent (119)
[2016.06.08-09.00.23:927][118]LogModuleManager: Shutting down and abandoning module CableComponent (118)
[2016.06.08-09.00.23:927][118]LogModuleManager: Shutting down and abandoning module ArchVisCharacter (117)
[2016.06.08-09.00.23:927][118]LogModuleManager: Shutting down and abandoning module MediaPlayerEditor (116)
[2016.06.08-09.00.23:927][118]LogModuleManager: Shutting down and abandoning module HTML5Networking (115)
[2016.06.08-09.00.23:927][118]LogModuleManager: Shutting down and abandoning module SpeedTreeImporter (114)
[2016.06.08-09.00.23:927][118]LogModuleManager: Shutting down and abandoning module PluginBrowser (113)
[2016.06.08-09.00.23:927][118]LogModuleManager: Shutting down and abandoning module EpicSurvey (112)
[2016.06.08-09.00.23:927][118]LogModuleManager: Shutting down and abandoning module DesktopPlatform (111)
[2016.06.08-09.00.23:927][118]LogModuleManager: Shutting down and abandoning module VisualStudioSourceCodeAccess (110)
[2016.06.08-09.00.23:927][118]LogModuleManager: Shutting down and abandoning module UObjectPlugin (109)
[2016.06.08-09.00.23:927][118]LogModuleManager: Shutting down and abandoning module SubversionSourceControl (108)
[2016.06.08-09.00.23:927][118]LogModuleManager: Shutting down and abandoning module PerforceSourceControl (107)
[2016.06.08-09.00.23:927][118]LogModuleManager: Shutting down and abandoning module SourceControl (106)
[2016.06.08-09.00.23:927][118]LogModuleManager: Shutting down and abandoning module GitSourceControl (105)
[2016.06.08-09.00.23:927][118]LogModuleManager: Shutting down and abandoning module LightPropagationVolumeEditor (104)
[2016.06.08-09.00.23:927][118]LogModuleManager: Shutting down and abandoning module PaperTiledImporter (103)
[2016.06.08-09.00.23:927][118]LogModuleManager: Shutting down and abandoning module PaperSpriteSheetImporter (102)
[2016.06.08-09.00.23:927][118]LogModuleManager: Shutting down and abandoning module MeshPaint (101)
[2016.06.08-09.00.23:927][118]LogModuleManager: Shutting down and abandoning module HotReload (100)
[2016.06.08-09.00.23:928][118]LogModuleManager: Shutting down and abandoning module MainFrame (99)
[2016.06.08-09.00.23:928][118]LogModuleManager: Shutting down and abandoning module LevelEditor (98)
[2016.06.08-09.00.23:928][118]LogModuleManager: Shutting down and abandoning module DirectoryWatcher (97)
[2016.06.08-09.00.23:929][118]LogModuleManager: Shutting down and abandoning module AssetRegistry (96)
[2016.06.08-09.00.24:130][118]LogModuleManager: Shutting down and abandoning module ContentBrowser (95)
[2016.06.08-09.00.24:131][118]LogModuleManager: Shutting down and abandoning module Paper2DEditor (94)
[2016.06.08-09.00.24:131][118]LogModuleManager: Shutting down and abandoning module HeliosFinal (93)
[2016.06.08-09.00.24:131][118]LogModuleManager: Shutting down and abandoning module UdpMessaging (92)
[2016.06.08-09.00.24:233][118]LogModuleManager: Shutting down and abandoning module LightPropagationVolumeRuntime (91)
[2016.06.08-09.00.24:233][118]LogModuleManager: Shutting down and abandoning module Paper2D (90)
[2016.06.08-09.00.24:233][118]LogModuleManager: Shutting down and abandoning module WindowsMoviePlayer (89)
[2016.06.08-09.00.24:233][118]LogModuleManager: Shutting down and abandoning module Media (88)
[2016.06.08-09.00.24:233][118]LogModuleManager: Shutting down and abandoning module WmfMedia (87)
[2016.06.08-09.00.24:233][118]LogModuleManager: Shutting down and abandoning module MediaAssets (86)
[2016.06.08-09.00.24:233][118]LogModuleManager: Shutting down and abandoning module GameLiveStreaming (85)
[2016.06.08-09.00.24:233][118]LogModuleManager: Shutting down and abandoning module GameplayTagsEditor (84)
[2016.06.08-09.00.24:233][118]LogModuleManager: Shutting down and abandoning module OnlineBlueprintSupport (83)
[2016.06.08-09.00.24:233][118]LogModuleManager: Shutting down and abandoning module GameplayTasksEditor (82)
[2016.06.08-09.00.24:233][118]LogModuleManager: Shutting down and abandoning module PropertyEditor (81)
[2016.06.08-09.00.24:233][118]LogModuleManager: Shutting down and abandoning module BehaviorTreeEditor (80)
[2016.06.08-09.00.24:233][118]LogModuleManager: Shutting down and abandoning module FunctionalTesting (79)
[2016.06.08-09.00.24:233][118]LogModuleManager: Shutting down and abandoning module CollisionAnalyzer (78)
[2016.06.08-09.00.24:233][118]LogModuleManager: Shutting down and abandoning module WorkspaceMenuStructure (77)
[2016.06.08-09.00.24:233][118]LogModuleManager: Shutting down and abandoning module MessageLog (76)
[2016.06.08-09.00.24:233][118]LogModuleManager: Shutting down and abandoning module Sequencer (75)
[2016.06.08-09.00.24:233][118]LogModuleManager: Shutting down and abandoning module AssetTools (74)
[2016.06.08-09.00.24:233][118]LogModuleManager: Shutting down and abandoning module UMGEditor (73)
[2016.06.08-09.00.24:233][118]LogModuleManager: Shutting down and abandoning module UMG (72)
[2016.06.08-09.00.24:233][118]LogModuleManager: Shutting down and abandoning module SlateReflector (71)
[2016.06.08-09.00.24:233][118]LogModuleManager: Shutting down and abandoning module Slate (70)
[2016.06.08-09.00.24:233][118]LogModuleManager: Shutting down and abandoning module EditorStyle (69)
[2016.06.08-09.00.24:235][118]LogModuleManager: Shutting down and abandoning module SessionServices (68)
[2016.06.08-09.00.24:235][118]LogModuleManager: Shutting down and abandoning module SourceCodeAccess (67)
[2016.06.08-09.00.24:235][118]LogModuleManager: Shutting down and abandoning module HeadMountedDisplay (66)
[2016.06.08-09.00.24:235][118]LogModuleManager: Shutting down and abandoning module XAudio2 (65)
[2016.06.08-09.00.24:235][118]LogModuleManager: Shutting down and abandoning module Networking (63)
[2016.06.08-09.00.24:235][118]LogModuleManager: Shutting down and abandoning module Core (62)
[2016.06.08-09.00.24:235][118]LogModuleManager: Shutting down and abandoning module KismetCompiler (61)
[2016.06.08-09.00.24:235][118]LogModuleManager: Shutting down and abandoning module PhysXFormats (60)
[2016.06.08-09.00.24:235][118]LogModuleManager: Shutting down and abandoning module MeshUtilities (59)
[2016.06.08-09.00.24:235][118]LogModuleManager: Shutting down and abandoning module CookingStats (58)
[2016.06.08-09.00.24:235][118]LogModuleManager: Shutting down and abandoning module DerivedDataCache (57)
[2016.06.08-09.00.24:235][118]LogDerivedDataCache: Shutdown
[2016.06.08-09.00.24:235][118]LogModuleManager: Shutting down and abandoning module ShaderFormatOpenGL (56)
[2016.06.08-09.00.24:235][118]LogModuleManager: Shutting down and abandoning module ShaderFormatD3D (55)
[2016.06.08-09.00.24:235][118]LogModuleManager: Shutting down and abandoning module MetalShaderFormat (54)
[2016.06.08-09.00.24:235][118]LogModuleManager: Shutting down and abandoning module TextureFormatUncompressed (53)
[2016.06.08-09.00.24:235][118]LogModuleManager: Shutting down and abandoning module TextureFormatPVR (52)
[2016.06.08-09.00.24:235][118]LogModuleManager: Shutting down and abandoning module TextureFormatIntelISPCTexComp (51)
[2016.06.08-09.00.24:236][118]LogModuleManager: Shutting down and abandoning module TextureFormatDXT (50)
[2016.06.08-09.00.24:236][118]LogModuleManager: Shutting down and abandoning module ImageWrapper (49)
[2016.06.08-09.00.24:236][118]LogModuleManager: Shutting down and abandoning module TextureFormatASTC (48)
[2016.06.08-09.00.24:236][118]LogModuleManager: Shutting down and abandoning module TextureFormatAndroid (47)
[2016.06.08-09.00.24:236][118]LogModuleManager: Shutting down and abandoning module AudioFormatOpus (46)
[2016.06.08-09.00.24:236][118]LogModuleManager: Shutting down and abandoning module AudioFormatOgg (45)
[2016.06.08-09.00.24:236][118]LogModuleManager: Shutting down and abandoning module AudioFormatADPCM (44)
[2016.06.08-09.00.24:236][118]LogModuleManager: Shutting down and abandoning module LinuxTargetPlatform (43)
[2016.06.08-09.00.24:236][118]LogModuleManager: Shutting down and abandoning module LinuxServerTargetPlatform (42)
[2016.06.08-09.00.24:236][118]LogModuleManager: Shutting down and abandoning module LinuxNoEditorTargetPlatform (41)
[2016.06.08-09.00.24:236][118]LogModuleManager: Shutting down and abandoning module TVOSTargetPlatform (40)
[2016.06.08-09.00.24:236][118]LogModuleManager: Shutting down and abandoning module Messaging (39)
[2016.06.08-09.00.24:236][118]LogModuleManager: Shutting down and abandoning module IOSTargetPlatform (38)
[2016.06.08-09.00.24:236][118]LogModuleManager: Shutting down and abandoning module HTML5TargetPlatform (37)
[2016.06.08-09.00.24:236][118]LogModuleManager: Shutting down and abandoning module Android_PVRTCTargetPlatform (36)
[2016.06.08-09.00.24:236][118]LogModuleManager: Shutting down and abandoning module Android_MultiTargetPlatform (35)
[2016.06.08-09.00.24:236][118]LogModuleManager: Shutting down and abandoning module Android_ETC2TargetPlatform (34)
[2016.06.08-09.00.24:236][118]LogModuleManager: Shutting down and abandoning module Android_ETC1TargetPlatform (33)
[2016.06.08-09.00.24:236][118]LogModuleManager: Shutting down and abandoning module Android_DXTTargetPlatform (32)
[2016.06.08-09.00.24:236][118]LogModuleManager: Shutting down and abandoning module Android_ATCTargetPlatform (31)
[2016.06.08-09.00.24:236][118]LogModuleManager: Shutting down and abandoning module Android_ASTCTargetPlatform (30)
[2016.06.08-09.00.24:236][118]LogModuleManager: Shutting down and abandoning module AndroidTargetPlatform (29)
[2016.06.08-09.00.24:236][118]LogModuleManager: Shutting down and abandoning module WindowsTargetPlatform (28)
[2016.06.08-09.00.24:236][118]LogModuleManager: Shutting down and abandoning module WindowsServerTargetPlatform (27)
[2016.06.08-09.00.24:236][118]LogModuleManager: Shutting down and abandoning module WindowsNoEditorTargetPlatform (26)
[2016.06.08-09.00.24:236][118]LogModuleManager: Shutting down and abandoning module WindowsClientTargetPlatform (25)
[2016.06.08-09.00.24:236][118]LogModuleManager: Shutting down and abandoning module AllDesktopTargetPlatform (24)
[2016.06.08-09.00.24:236][118]LogModuleManager: Shutting down and abandoning module TargetPlatform (23)
[2016.06.08-09.00.24:236][118]LogModuleManager: Shutting down and abandoning module InputCore (22)
[2016.06.08-09.00.24:236][118]LogModuleManager: Shutting down and abandoning module Settings (21)
[2016.06.08-09.00.24:236][118]LogModuleManager: Shutting down and abandoning module OnlineSubsystem (19)
[2016.06.08-09.00.24:236][118]LogModuleManager: Shutting down and abandoning module HTTP (18)
[2016.06.08-09.00.26:239][118]LogModuleManager: Shutting down and abandoning module XMPP (17)
[2016.06.08-09.00.26:239][118]LogModuleManager: Shutting down and abandoning module OculusRift (16)
[2016.06.08-09.00.26:239][118]LogModuleManager: Shutting down and abandoning module ExampleDeviceProfileSelector (15)
[2016.06.08-09.00.26:239][118]LogModuleManager: Shutting down and abandoning module TextureCompressor (14)
[2016.06.08-09.00.26:239][118]LogModuleManager: Shutting down and abandoning module ShaderCore (13)
[2016.06.08-09.00.26:239][118]LogModuleManager: Shutting down and abandoning module Landscape (12)
[2016.06.08-09.00.26:239][118]LogModuleManager: Shutting down and abandoning module SlateRHIRenderer (11)
[2016.06.08-09.00.26:240][118]LogModuleManager: Shutting down and abandoning module OpenGLDrv (10)
[2016.06.08-09.00.26:240][118]LogModuleManager: Shutting down and abandoning module D3D11RHI (9)
[2016.06.08-09.00.26:240][118]LogModuleManager: Shutting down and abandoning module AnimGraphRuntime (8)
[2016.06.08-09.00.26:240][118]LogModuleManager: Shutting down and abandoning module Renderer (7)
[2016.06.08-09.00.26:240][118]LogModuleManager: Shutting down and abandoning module Engine (6)
[2016.06.08-09.00.26:240][118]LogModuleManager: Shutting down and abandoning module CoreUObject (5)
[2016.06.08-09.00.26:240][118]LogModuleManager: Shutting down and abandoning module NetworkFile (4)
[2016.06.08-09.00.26:240][118]LogModuleManager: Shutting down and abandoning module StreamingFile (3)
[2016.06.08-09.00.26:240][118]LogModuleManager: Shutting down and abandoning module SandboxFile (2)
[2016.06.08-09.00.26:240][118]LogModuleManager: Shutting down and abandoning module PakFile (1)
[2016.06.08-09.00.26:242][118]LogWindows:Error: === Critical error: ===
Fatal error!



