Log file open, 06/08/16 02:02:06
LogInit:Display: Running engine for game: HeliosFinal
LogPlatformFile: Not using cached read wrapper
LogInit:Display: RandInit(-1610710756) SRandInit(-1610710755).
LogTaskGraph: Started task graph with 4 named threads and 7 total threads.
LogStats: Stats thread started at 0.077753
LogInit: Version: 4.11.2-2946394+++UE4+Release-4.11
LogInit: API Version: 2927265
LogInit: Compiled (64-bit): Apr 18 2016 02:18:46
LogInit: Compiled with Visual C++: 19.00.23026.00
LogInit: Build Configuration: Development
LogInit: Branch Name: ++UE4+Release-4.11
LogInit: Command line:  
LogInit: Base directory: C:/Program Files/Epic Games/4.11/Engine/Binaries/Win64/
LogInit: Installed Engine Build: 1
LogInit: Using libcurl 7.41.0
LogInit:  - built for x86_64-pc-win32
LogInit:  - supports SSL with WinSSL
LogInit:  - other features:
LogInit:      CURL_VERSION_SSL
LogInit:      CURL_VERSION_IPV6
LogInit:      CURL_VERSION_ASYNCHDNS
LogInit:      CURL_VERSION_LARGEFILE
LogInit:      CURL_VERSION_IDN
LogInit:  CurlRequestOptions (configurable via config and command line):
LogInit:  - bVerifyPeer = true  - Libcurl will verify peer certificate
LogInit:  - bUseHttpProxy = false  - Libcurl will NOT use HTTP proxy
LogInit:  - bDontReuseConnections = false  - Libcurl will reuse connections
LogInit:  - CertBundlePath = nullptr  - Libcurl will use whatever was configured at build time.
LogInit: Presizing for max 16777216 objects, including 0 objects not considered by GC, pre-allocating 0 bytes for permanent pool.
LogInit: Object subsystem initialized
[2016.06.08-09.02.06:461][  0]LogConsoleManager:Display: Setting the console variable 'r.ScreenPercentage' with 'SetByScalability' was ignored as it is lower priority than the previous 'SetBySystemSettingsIni'
[2016.06.08-09.02.06:461][  0]LogConsoleManager:Display: Setting the console variable 'r.PostProcessAAQuality' with 'SetByScalability' was ignored as it is lower priority than the previous 'SetBySystemSettingsIni'
[2016.06.08-09.02.06:461][  0]LogConsoleManager:Display: Setting the console variable 'sg.PostProcessQuality' with 'SetByScalability' was ignored as it is lower priority than the previous 'SetBySystemSettingsIni'
[2016.06.08-09.02.06:461][  0]LogConsoleManager:Display: Setting the console variable 'r.MaxAnisotropy' with 'SetByScalability' was ignored as it is lower priority than the previous 'SetBySystemSettingsIni'
[2016.06.08-09.02.06:461][  0]LogConsoleManager:Display: Setting the console variable 'sg.EffectsQuality' with 'SetByScalability' was ignored as it is lower priority than the previous 'SetBySystemSettingsIni'
[2016.06.08-09.02.06:461][  0]LogInit: Selected Device Profile: [Windows]
[2016.06.08-09.02.06:461][  0]LogInit: Applying CVar settings loaded from the selected device profile: [Windows]
[2016.06.08-09.02.06:470][  0]LogInit: Computer: 210-EUROPA
[2016.06.08-09.02.06:470][  0]LogInit: User: Helios
[2016.06.08-09.02.06:470][  0]LogInit: CPU Page size=65536, Cores=4
[2016.06.08-09.02.06:470][  0]LogInit: High frequency timer resolution =2.531255 MHz
[2016.06.08-09.02.06:470][  0]LogMemory: Memory total: Physical=15.9GB (16GB approx)
[2016.06.08-09.02.06:470][  0]LogMemory: Platform Memory Stats for Windows
[2016.06.08-09.02.06:470][  0]LogMemory: Process Physical Memory: 314.76 MB used, 314.76 MB peak
[2016.06.08-09.02.06:470][  0]LogMemory: Process Virtual Memory: 315.01 MB used, 315.01 MB peak
[2016.06.08-09.02.06:470][  0]LogMemory: Physical Memory: 4110.41 MB used, 16283.44 MB total
[2016.06.08-09.02.06:470][  0]LogMemory: Virtual Memory: 653.71 MB used, 134217728.00 MB total
[2016.06.08-09.02.06:502][  0]LogTextLocalizationManager: No specific translations for ('en-US') exist, so ('en') translations will be used.
[2016.06.08-09.02.06:944][  0]LogD3D11RHI: D3D11 adapters:
[2016.06.08-09.02.06:982][  0]LogD3D11RHI:    0. 'NVIDIA GeForce GTX 980 Ti' (Feature Level 11_0)
[2016.06.08-09.02.06:982][  0]LogD3D11RHI:       6047MB of dedicated video memory, 0MB of dedicated system memory, and 8141MB of shared system memory, 1 output[s]
[2016.06.08-09.02.06:989][  0]LogD3D11RHI:    1. 'Intel(R) HD Graphics 530' (Feature Level 11_0)
[2016.06.08-09.02.06:989][  0]LogD3D11RHI:       128MB of dedicated video memory, 0MB of dedicated system memory, and 8141MB of shared system memory, 0 output[s]
[2016.06.08-09.02.06:990][  0]LogD3D11RHI:    2. 'Microsoft Basic Render Driver' (Feature Level 11_0)
[2016.06.08-09.02.06:990][  0]LogD3D11RHI:       0MB of dedicated video memory, 0MB of dedicated system memory, and 8141MB of shared system memory, 0 output[s]
[2016.06.08-09.02.06:990][  0]LogD3D11RHI: Chosen D3D11 Adapter: 0
[2016.06.08-09.02.06:995][  0]LogD3D11RHI: Creating new Direct3DDevice
[2016.06.08-09.02.06:995][  0]LogD3D11RHI:     Adapter Name: NVIDIA GeForce GTX 980 Ti
[2016.06.08-09.02.06:995][  0]LogD3D11RHI:   Driver Version: Unknown (internal Unknown)
[2016.06.08-09.02.06:995][  0]LogD3D11RHI:      Driver Date: Unknown
[2016.06.08-09.02.06:995][  0]LogRHI: Texture pool is 1361 MB (70% of 1945 MB)
[2016.06.08-09.02.07:013][  0]LogD3D11RHI: Async texture creation enabled
[2016.06.08-09.02.07:030][  0]LogShaderCompilers: Guid format shader working directory is 33 characters bigger than the processId version (D:/HeliosFinal/Intermediate/Shaders/WorkingDirectory/9924/).
[2016.06.08-09.02.07:030][  0]LogShaderCompilers: Cleaned the shader compiler working directory 'C:/Users/Helios/AppData/Local/Temp/UnrealShaderWorkingDir/1870E2B440C040991DB3388D68C21D9A/'.
[2016.06.08-09.02.07:030][  0]LogShaderCompilers:Display: Using Local Shader Compiler.
[2016.06.08-09.02.07:986][  0]LogTemp:Display: Loaded TP AllDesktopTargetPlatform
[2016.06.08-09.02.07:991][  0]LogTemp:Display: Loaded TP WindowsClientTargetPlatform
[2016.06.08-09.02.07:996][  0]LogTemp:Display: Loaded TP WindowsNoEditorTargetPlatform
[2016.06.08-09.02.08:001][  0]LogTemp:Display: Loaded TP WindowsServerTargetPlatform
[2016.06.08-09.02.08:006][  0]LogTemp:Display: Loaded TP WindowsTargetPlatform
[2016.06.08-09.02.08:010][  0]LogTemp:Display: Loaded TP AndroidTargetPlatform
[2016.06.08-09.02.08:012][  0]LogTemp:Display: Loaded TP Android_ASTCTargetPlatform
[2016.06.08-09.02.08:015][  0]LogTemp:Display: Loaded TP Android_ATCTargetPlatform
[2016.06.08-09.02.08:018][  0]LogTemp:Display: Loaded TP Android_DXTTargetPlatform
[2016.06.08-09.02.08:022][  0]LogTemp:Display: Loaded TP Android_ETC1TargetPlatform
[2016.06.08-09.02.08:026][  0]LogTemp:Display: Loaded TP Android_ETC2TargetPlatform
[2016.06.08-09.02.08:033][  0]LogTemp:Display: Loaded TP Android_MultiTargetPlatform
[2016.06.08-09.02.08:033][  0]LogTemp:Display: Loaded TP Android_PVRTCTargetPlatform
[2016.06.08-09.02.08:034][  0]LogTemp:Display: Loaded TP HTML5TargetPlatform
[2016.06.08-09.02.08:051][  0]LogTemp:Display: Loaded TP IOSTargetPlatform
[2016.06.08-09.02.08:054][  0]LogTemp:Display: Loaded TP TVOSTargetPlatform
[2016.06.08-09.02.08:057][  0]LogTemp:Display: Loaded TP LinuxNoEditorTargetPlatform
[2016.06.08-09.02.08:060][  0]LogTemp:Display: Loaded TP LinuxServerTargetPlatform
[2016.06.08-09.02.08:063][  0]LogTemp:Display: Loaded TP LinuxTargetPlatform
[2016.06.08-09.02.08:063][  0]LogTargetPlatformManager:Display: Building Assets For Windows
[2016.06.08-09.02.08:152][  0]LogDerivedDataCache:Display: Max Cache Size: 512 MB
[2016.06.08-09.02.08:208][  0]LogDerivedDataCache: Loaded boot cache 0.06s 73MB C:/Users/Helios/AppData/Local/UnrealEngine/4.11/DerivedDataCache/Boot.ddc.
[2016.06.08-09.02.08:209][  0]LogDerivedDataCache:Display: Loaded Boot cache: C:/Users/Helios/AppData/Local/UnrealEngine/4.11/DerivedDataCache/Boot.ddc
[2016.06.08-09.02.08:209][  0]LogDerivedDataCache: FDerivedDataBackendGraph:  Pak pak cache file D:/HeliosFinal/DerivedDataCache/DDC.ddp not found, will not use a pak cache.
[2016.06.08-09.02.08:209][  0]LogDerivedDataCache: Unable to find inner node Pak for hierarchical cache Hierarchy.
[2016.06.08-09.02.08:209][  0]LogDerivedDataCache: FDerivedDataBackendGraph:  CompressedPak pak cache file D:/HeliosFinal/DerivedDataCache/Compressed.ddp not found, will not use a pak cache.
[2016.06.08-09.02.08:209][  0]LogDerivedDataCache: Unable to find inner node CompressedPak for hierarchical cache Hierarchy.
[2016.06.08-09.02.08:223][  0]LogDerivedDataCache:Display: Pak cache opened for reading ../../../Engine/DerivedDataCache/Compressed.ddp.
[2016.06.08-09.02.08:235][  0]LogDerivedDataCache: Using Local data cache path C:/Users/Helios/AppData/Local/UnrealEngine/Common/DerivedDataCache: Writable
[2016.06.08-09.02.08:388][  0]LogInit: Selected Device Profile: [Windows]
[2016.06.08-09.02.08:389][  0]LogContentStreaming: Texture pool size is 0.00 MB
[2016.06.08-09.02.08:419][  0]LogMaterial: Uniform references updated for custom material expression Custom.
[2016.06.08-09.02.08:557][  0]LogMeshUtilities: No automatic mesh reduction module available
[2016.06.08-09.02.08:557][  0]LogMeshUtilities: No automatic mesh merging module available
[2016.06.08-09.02.08:557][  0]LogMeshUtilities: No distributed automatic mesh merging module available
[2016.06.08-09.02.08:772][  0]LogUObjectArray: 27679 objects as part of root set at end of initial load.
[2016.06.08-09.02.08:772][  0]LogUObjectAllocator: 5591592 out of 0 bytes used by permanent object pool.
[2016.06.08-09.02.08:772][  0]LogUObjectArray: CloseDisregardForGC: 0/0 objects in disregard for GC pool
[2016.06.08-09.02.08:780][  0]LogInit: WinSock: version 1.1 (2.2), MaxSocks=32767, MaxUdp=65467
[2016.06.08-09.02.08:885][  0]LogSlate: SlateFontCache - WITH_FREETYPE: 1, WITH_HARFBUZZ: 1
[2016.06.08-09.02.08:885][  0]LogSlate: SlateFontCache - WITH_FREETYPE: 1, WITH_HARFBUZZ: 1
[2016.06.08-09.02.08:974][  0]LogStreaming:Warning: Failed to read file '../../../Engine/Content/Editor/Slate/Common/Selection_16x.png' error.
[2016.06.08-09.02.08:974][  0]LogSlate: Could not find file for Slate resource: ../../../Engine/Content/Editor/Slate/Common/Selection_16x.png
[2016.06.08-09.02.08:974][  0]LogStreaming:Warning: Failed to read file '../../../Engine/Content/Editor/Slate/Common/Selection_16x.png' error.
[2016.06.08-09.02.08:974][  0]LogSlate: Could not find file for Slate resource: ../../../Engine/Content/Editor/Slate/Common/Selection_16x.png
[2016.06.08-09.02.08:974][  0]LogStreaming:Warning: Failed to read file '../../../Engine/Content/Editor/Slate/Common/Selection_16x.png' error.
[2016.06.08-09.02.08:974][  0]LogSlate: Could not find file for Slate resource: ../../../Engine/Content/Editor/Slate/Common/Selection_16x.png
[2016.06.08-09.02.09:513][  0]LogUdpMessaging: Initializing bridge on interface 0.0.0.0:0 to multicast group 230.0.0.1:6666.
[2016.06.08-09.02.09:627][  0]LogAssetRegistry: FAssetRegistry took 0.0220 seconds to start up
[2016.06.08-09.02.09:789][  0]SourceControl: Info Source control is disabled
[2016.06.08-09.02.09:823][  0]SourceControl: Info Source control is disabled
[2016.06.08-09.02.09:831][  0]SourceControl: Info Source control is disabled
[2016.06.08-09.02.09:839][  0]SourceControl: Info Source control is disabled
[2016.06.08-09.02.10:017][  0]LogConsoleManager:Warning: Console object named 'vr.EnableMotionControllerLateUpdate' already exists but is being registered again, but we weren't expected it to be! (FConsoleManager::AddConsoleObject)
[2016.06.08-09.02.10:072][  0]LogEngine: Initializing Engine...
[2016.06.08-09.02.10:075][  0]LogHMD: SteamVR initialized.  Driver: lighthouse  Display: LHR-2D0E5179
[2016.06.08-09.02.10:226][  0]LogAIModule: Creating AISystem for world NewWorld
[2016.06.08-09.02.10:236][  0]LogInit: XAudio2 using 'Speakers (4- USB Audio Device)' : 2 channels at 44.1 kHz using 16 bits per sample (channel mask 0x3)
[2016.06.08-09.02.10:261][  0]LogInit: FAudioDevice initialized.
[2016.06.08-09.02.10:294][  0]LogDerivedDataCache: Saved boot cache 0.03s 48MB C:/Users/Helios/AppData/Local/UnrealEngine/4.11/DerivedDataCache/Boot.ddc.
[2016.06.08-09.02.10:303][  0]LogInit: Texture streaming: Enabled
[2016.06.08-09.02.10:811][  0]LogInit: Transaction tracking system initialized
[2016.06.08-09.02.10:859][  0]BlueprintLog: New page: Editor Load
[2016.06.08-09.02.10:958][  0]LocalizationService: Info Localization service is disabled
[2016.06.08-09.02.11:039][  0]LogConsoleResponse:Display: 
[2016.06.08-09.02.11:140][  0]LogCook:Display: Max memory allowance for cook 8192mb
[2016.06.08-09.02.11:140][  0]LogCook:Display: Mobile HDR setting 1
[2016.06.08-09.02.11:140][  0]LogCook:Display: Done creating registry. It took  0.00s.
[2016.06.08-09.02.11:194][  0]LogFileCache: Scanning file cache for directory 'D:/HeliosFinal/Content/' took 0.01s
[2016.06.08-09.02.11:194][  0]SourceControl: Info Source control is disabled
[2016.06.08-09.02.11:195][  0]Cmd: MAP LOAD FILE="D:/HeliosFinal/Content/Plains.umap" TEMPLATE=0 SHOWPROGRESS=1 FEATURELEVEL=3
[2016.06.08-09.02.11:195][  0]LightingResults: New page: Lighting Build
[2016.06.08-09.02.11:198][  0]MapCheck: New page: Map Check
[2016.06.08-09.02.11:198][  0]LightingResults: New page: Lighting Build
[2016.06.08-09.02.11:717][  0]LogAIModule: Creating AISystem for world Plains
[2016.06.08-09.02.11:735][  0]LogEditorServer: Finished looking for orphan Actors (0.000 secs)
[2016.06.08-09.02.11:737][  0]Cmd: MAP CHECKDEP NOCLEARLOG
[2016.06.08-09.02.11:775][  0]MapCheck: Info Map check complete: 0 Error(s), 0 Warning(s), took 38.447ms to complete.
[2016.06.08-09.02.11:775][  0]LogFileHelpers: Loading map 'Plains' took 0.581
[2016.06.08-09.02.11:899][  0]LogCollectionManager: Loaded 0 collections in 0.003520 seconds
[2016.06.08-09.02.11:941][  0]LogFileCache: Scanning file cache for directory 'D:/HeliosFinal/Saved/Collections/' took 0.01s
[2016.06.08-09.02.11:941][  0]LogFileCache: Scanning file cache for directory 'D:/HeliosFinal/Content/Developers/Helios/Collections/' took 0.01s
[2016.06.08-09.02.11:941][  0]LogFileCache: Scanning file cache for directory 'D:/HeliosFinal/Content/Collections/' took 0.01s
[2016.06.08-09.02.11:941][  0]LogCollectionManager: Rebuilt the GUID cache for 0 collections in 0.000002 seconds
[2016.06.08-09.02.11:949][  0]LogContentBrowser: Native class hierarchy populated in 0.0086 seconds. Added 1990 classes and 349 folders.
[2016.06.08-09.02.11:958][  0]LogStats: UGameplayTagsManager::ConstructGameplayTagTree: Construct from data asset -  0.000 s
[2016.06.08-09.02.11:958][  0]LogStats: UGameplayTagsManager::ConstructGameplayTagTree: GameplayTagTreeChangedEvent.Broadcast -  0.000 s
[2016.06.08-09.02.11:959][  0]LogContentBrowser: Native class hierarchy updated for 'GameplayTags' in 0.0015 seconds. Added 12 classes and 0 folders.
[2016.06.08-09.02.11:973][  0]LogContentBrowser: Native class hierarchy updated for 'WidgetCarousel' in 0.0035 seconds. Added 0 classes and 0 folders.
[2016.06.08-09.02.11:990][  0]LogContentBrowser: Native class hierarchy updated for 'SuperSearch' in 0.0012 seconds. Added 1 classes and 2 folders.
[2016.06.08-09.02.12:044][  0]LogContentBrowser: Native class hierarchy updated for 'AddContentDialog' in 0.0010 seconds. Added 0 classes and 0 folders.
[2016.06.08-09.02.12:051][  0]LogContentBrowser: Native class hierarchy updated for 'SceneOutliner' in 0.0022 seconds. Added 1 classes and 2 folders.
[2016.06.08-09.02.12:081][  0]LogCrashTracker: Crashtracker disabled due to settings.
[2016.06.08-09.02.12:087][  0]LogUObjectGlobals:Warning: Failed to find object 'Class None.'
[2016.06.08-09.02.12:116][  0]LogContentBrowser: Native class hierarchy updated for 'HierarchicalLODOutliner' in 0.0011 seconds. Added 1 classes and 2 folders.
[2016.06.08-09.02.12:116][  0]LogLoad: Full Startup: 6.46 seconds (BP compile: 0.10 seconds)
[2016.06.08-09.02.12:116][  0]LogExternalProfiler: Found external profiler: VSPerf
[2016.06.08-09.02.12:116][  0]LogExternalProfiler: Using external profiler: VSPerf
[2016.06.08-09.02.12:133][  0]LogOcInput: OculusInput pre-init called
[2016.06.08-09.02.12:190][  0]LogContentStreaming: Texture pool size now 700 MB
[2016.06.08-09.02.12:311][  0]LogRenderer: Reallocating scene render targets to support 952x548 (Frame:2).
[2016.06.08-09.02.12:371][  1]Cmd: UpdateLandscapeEditorData -warnings
[2016.06.08-09.02.12:392][  1]LogAssetRegistry: Asset discovery search completed in 2.7879 seconds
[2016.06.08-09.02.12:392][  1]LogCollectionManager: Rebuilt the object cache for 0 collections in 0.000000 seconds (found 0 objects)
[2016.06.08-09.02.12:392][  1]LogCollectionManager: Fixed up redirectors for 0 collections in 0.000016 seconds (updated 0 objects)
[2016.06.08-09.02.22:632][287]LogTemp:Warning: Helios > setter node title
[2016.06.08-09.02.22:632][287]LogTemp:Warning: Helios > setter node title
[2016.06.08-09.02.22:632][287]LogTemp:Warning: Helios > setter node title
[2016.06.08-09.02.22:632][287]LogTemp:Warning: Helios > setter node title
[2016.06.08-09.02.22:633][287]LogTemp:Warning: Helios > getter node title
[2016.06.08-09.02.23:087][287]LogContentBrowser: Native class hierarchy updated for 'BlueprintGraph' in 0.0012 seconds. Added 108 classes and 0 folders.
[2016.06.08-09.02.23:498][287]LogTemp:Warning: Helios > getter node title
[2016.06.08-09.02.23:498][287]LogTemp:Warning: Helios > getter node title
[2016.06.08-09.02.23:498][287]LogTemp:Warning: Helios > setter node title
[2016.06.08-09.02.23:498][287]LogTemp:Warning: Helios > setter node title
[2016.06.08-09.02.23:498][287]LogTemp:Warning: Helios > getter node title
[2016.06.08-09.02.23:498][287]LogTemp:Warning: Helios > getter node title
[2016.06.08-09.02.23:498][287]LogTemp:Warning: Helios > setter node title
[2016.06.08-09.02.23:498][287]LogTemp:Warning: Helios > setter node title
[2016.06.08-09.02.23:498][287]LogTemp:Warning: Helios > getter node title
[2016.06.08-09.02.23:499][287]LogTemp:Warning: Helios > getter node title
[2016.06.08-09.02.23:499][287]LogTemp:Warning: Helios > setter node title
[2016.06.08-09.02.23:499][287]LogTemp:Warning: Helios > setter node title
[2016.06.08-09.02.23:499][287]LogTemp:Warning: Helios > getter node title
[2016.06.08-09.02.23:499][287]LogTemp:Warning: Helios > getter node title
[2016.06.08-09.02.23:499][287]LogTemp:Warning: Helios > setter node title
[2016.06.08-09.02.23:499][287]LogTemp:Warning: Helios > setter node title
[2016.06.08-09.02.24:302][287]LogTemp:Warning: Helios > setter node title
[2016.06.08-09.02.24:304][287]LogTemp:Warning: Helios > setter node title
[2016.06.08-09.02.24:305][287]LogTemp:Warning: Helios > setter node title
[2016.06.08-09.02.24:307][287]LogTemp:Warning: Helios > setter node title
[2016.06.08-09.02.24:308][287]LogTemp:Warning: Helios > setter node title
[2016.06.08-09.02.24:310][287]LogTemp:Warning: Helios > setter node title
[2016.06.08-09.02.24:311][287]LogTemp:Warning: Helios > setter node title
[2016.06.08-09.02.24:313][287]LogTemp:Warning: Helios > setter node title
[2016.06.08-09.02.24:319][287]LogTemp:Warning: Helios > getter node title
[2016.06.08-09.02.24:320][287]LogTemp:Warning: Helios > getter node title
[2016.06.08-09.02.30:504][542]LogPlayLevel: PlayLevel: No blueprints needed recompiling
[2016.06.08-09.02.30:505][542]PIE: New page: PIE session: Plains (Jun 7, 2016, 6:02:30 PM)
[2016.06.08-09.02.30:505][542]LogPlayLevel: Creating play world package: /Game/UEDPIE_0_Plains
[2016.06.08-09.02.30:522][542]LogPlayLevel: PIE: StaticDuplicateObject took: (0.016739s)
[2016.06.08-09.02.30:523][542]LogAIModule: Creating AISystem for world Plains
[2016.06.08-09.02.30:523][542]LogPlayLevel: PIE: World Init took: (0.000696s)
[2016.06.08-09.02.30:523][542]LogPlayLevel: PIE: Created PIE world by copying editor world from /Game/Plains.Plains to /Game/UEDPIE_0_Plains.Plains (0.017780s)
[2016.06.08-09.02.30:523][542]LogActorComponent: UnregisterComponent: (/Engine/Transient.SteamVRChaperone_GEN_VARIABLE) Not registered. Aborting.
[2016.06.08-09.02.30:523][542]LogActorComponent: UnregisterComponent: (/Engine/Transient.FloatingPawnMovement_GEN_VARIABLE) Not registered. Aborting.
[2016.06.08-09.02.30:586][542]LogInit: XAudio2 using 'Speakers (4- USB Audio Device)' : 2 channels at 44.1 kHz using 16 bits per sample (channel mask 0x3)
[2016.06.08-09.02.30:591][542]LogInit: FAudioDevice initialized.
[2016.06.08-09.02.30:651][542]LogWorld: Game class is 'SteamVR_GM_C'
[2016.06.08-09.02.30:661][542]LogWorld: Bringing World /Game/UEDPIE_0_Plains.Plains up for play (max tick rate 60) at 2016.06.08-02.02.30
[2016.06.08-09.02.30:661][542]LogWorld: Bringing up level for play took: 0.005562
[2016.06.08-09.02.30:666][542]LogContentBrowser: Native class hierarchy updated for 'MovieSceneCapture' in 0.0009 seconds. Added 9 classes and 0 folders.
[2016.06.08-09.02.30:668][542]PIE: Info Play in editor start time for /Game/UEDPIE_0_Plains -0.255
[2016.06.08-09.02.30:681][542]LogRenderer: Reallocating scene render targets to support 1332x768 (Frame:13).
[2016.06.08-09.02.31:080][547]LogCrashTracker: 


[2016.06.08-09.02.31:792][547]LogWindowsTextInputMethodSystem:Display: IME system now deactivated.
[2016.06.08-09.02.32:021][547]LogExit: Preparing to exit.
[2016.06.08-09.02.32:681][547]LogExit: Editor shut down
[2016.06.08-09.02.32:681][547]LogExit: Transaction tracking system shut down
[2016.06.08-09.02.32:816][547]LogObj: Freed 0b from 0 cluster array pools.
[2016.06.08-09.02.32:816][547]LogExit: Object subsystem successfully closed.
[2016.06.08-09.02.32:828][547]LogD3D11RHI: Shutdown
[2016.06.08-09.02.32:828][547]LogD3D11RHI: CleanupD3DDevice
[2016.06.08-09.02.32:892][547]LogD3D11RHI: ~FD3D11DynamicRHI
[2016.06.08-09.02.33:247][547]LogDerivedDataCache: Shutdown
[2016.06.08-09.02.33:247][547]LogModuleManager: Shutting down and abandoning module MovieSceneCapture (209)
[2016.06.08-09.02.33:247][547]LogModuleManager: Shutting down and abandoning module BlueprintGraph (208)
[2016.06.08-09.02.33:247][547]LogModuleManager: Shutting down and abandoning module HierarchicalLODOutliner (207)
[2016.06.08-09.02.33:247][547]LogModuleManager: Shutting down and abandoning module CrashTracker (206)
[2016.06.08-09.02.33:247][547]LogModuleManager: Shutting down and abandoning module SceneOutliner (205)
[2016.06.08-09.02.33:247][547]LogModuleManager: Shutting down and abandoning module SuperSearch (204)
[2016.06.08-09.02.33:247][547]LogModuleManager: Shutting down and abandoning module WidgetCarousel (203)
[2016.06.08-09.02.33:247][547]LogModuleManager: Shutting down and abandoning module AddContentDialog (202)
[2016.06.08-09.02.33:248][547]LogModuleManager: Shutting down and abandoning module GameplayTags (201)
[2016.06.08-09.02.33:248][547]LogModuleManager: Shutting down and abandoning module EditorWidgets (200)
[2016.06.08-09.02.33:248][547]LogModuleManager: Shutting down and abandoning module CollectionManager (199)
[2016.06.08-09.02.33:248][547]LogModuleManager: Shutting down and abandoning module StatsViewer (198)
[2016.06.08-09.02.33:248][547]LogModuleManager: Shutting down and abandoning module FoliageEdit (197)
[2016.06.08-09.02.33:248][547]LogModuleManager: Shutting down and abandoning module LandscapeEditor (196)
[2016.06.08-09.02.33:248][547]LogModuleManager: Shutting down and abandoning module ActorPickerMode (195)
[2016.06.08-09.02.33:248][547]LogModuleManager: Shutting down and abandoning module GeometryMode (194)
[2016.06.08-09.02.33:248][547]LogModuleManager: Shutting down and abandoning module TextureAlignMode (193)
[2016.06.08-09.02.33:248][547]LogModuleManager: Shutting down and abandoning module BspMode (192)
[2016.06.08-09.02.33:248][547]LogModuleManager: Shutting down and abandoning module PlacementMode (191)
[2016.06.08-09.02.33:248][547]LogModuleManager: Shutting down and abandoning module AutomationWorker (190)
[2016.06.08-09.02.33:248][547]LogModuleManager: Shutting down and abandoning module CharacterAI (189)
[2016.06.08-09.02.33:248][547]LogModuleManager: Shutting down and abandoning module SmartSnapping (188)
[2016.06.08-09.02.33:248][547]LogModuleManager: Shutting down and abandoning module ViewportSnapping (187)
[2016.06.08-09.02.33:248][547]LogModuleManager: Shutting down and abandoning module LogVisualizer (186)
[2016.06.08-09.02.33:249][547]LogModuleManager: Shutting down and abandoning module GameProjectGeneration (185)
[2016.06.08-09.02.33:249][547]LogModuleManager: Shutting down and abandoning module IntroTutorials (184)
[2016.06.08-09.02.33:249][547]LogModuleManager: Shutting down and abandoning module EditorLiveStreaming (183)
[2016.06.08-09.02.33:249][547]LogModuleManager: Shutting down and abandoning module IOSPlatformEditor (182)
[2016.06.08-09.02.33:249][547]LogModuleManager: Shutting down and abandoning module HTML5PlatformEditor (181)
[2016.06.08-09.02.33:249][547]LogModuleManager: Shutting down and abandoning module AndroidDeviceDetection (180)
[2016.06.08-09.02.34:017][547]LogModuleManager: Shutting down and abandoning module AndroidPlatformEditor (179)
[2016.06.08-09.02.34:017][547]LogModuleManager: Shutting down and abandoning module IOSRuntimeSettings (178)
[2016.06.08-09.02.34:017][547]LogModuleManager: Shutting down and abandoning module AndroidRuntimeSettings (177)
[2016.06.08-09.02.34:017][547]LogModuleManager: Shutting down and abandoning module MergeActors (176)
[2016.06.08-09.02.34:017][547]LogModuleManager: Shutting down and abandoning module SizeMap (175)
[2016.06.08-09.02.34:017][547]LogModuleManager: Shutting down and abandoning module TreeMap (174)
[2016.06.08-09.02.34:017][547]LogModuleManager: Shutting down and abandoning module ReferenceViewer (173)
[2016.06.08-09.02.34:017][547]LogModuleManager: Shutting down and abandoning module LocalizationService (172)
[2016.06.08-09.02.34:017][547]LogModuleManager: Shutting down and abandoning module LocalizationDashboard (171)
[2016.06.08-09.02.34:018][547]LogModuleManager: Shutting down and abandoning module HardwareTargeting (170)
[2016.06.08-09.02.34:018][547]LogModuleManager: Shutting down and abandoning module DeviceProfileEditor (169)
[2016.06.08-09.02.34:018][547]LogModuleManager: Shutting down and abandoning module UndoHistory (168)
[2016.06.08-09.02.34:018][547]LogModuleManager: Shutting down and abandoning module UserFeedback (167)
[2016.06.08-09.02.34:018][547]LogModuleManager: Shutting down and abandoning module XmlParser (166)
[2016.06.08-09.02.34:018][547]LogModuleManager: Shutting down and abandoning module Blutility (165)
[2016.06.08-09.02.34:018][547]LogModuleManager: Shutting down and abandoning module ProjectTargetPlatformEditor (164)
[2016.06.08-09.02.34:018][547]LogModuleManager: Shutting down and abandoning module ProjectSettingsViewer (163)
[2016.06.08-09.02.34:018][547]LogModuleManager: Shutting down and abandoning module InputBindingEditor (162)
[2016.06.08-09.02.34:018][547]LogModuleManager: Shutting down and abandoning module EditorSettingsViewer (161)
[2016.06.08-09.02.34:018][547]LogModuleManager: Shutting down and abandoning module SettingsEditor (160)
[2016.06.08-09.02.34:018][547]LogModuleManager: Shutting down and abandoning module ProjectLauncher (159)
[2016.06.08-09.02.34:018][547]LogModuleManager: Shutting down and abandoning module SessionFrontend (158)
[2016.06.08-09.02.34:018][547]LogModuleManager: Shutting down and abandoning module ProfilerClient (157)
[2016.06.08-09.02.34:018][547]LogModuleManager: Shutting down and abandoning module TargetDeviceServices (156)
[2016.06.08-09.02.34:018][547]LogModuleManager: Shutting down and abandoning module DeviceManager (155)
[2016.06.08-09.02.34:051][547]LogModuleManager: Shutting down and abandoning module AutomationController (154)
[2016.06.08-09.02.34:051][547]LogModuleManager: Shutting down and abandoning module AutomationWindow (153)
[2016.06.08-09.02.34:051][547]LogModuleManager: Shutting down and abandoning module Layers (152)
[2016.06.08-09.02.34:051][547]LogModuleManager: Shutting down and abandoning module ComponentVisualizers (151)
[2016.06.08-09.02.34:051][547]LogModuleManager: Shutting down and abandoning module DetailCustomizations (150)
[2016.06.08-09.02.34:051][547]LogModuleManager: Shutting down and abandoning module PackagesDialog (149)
[2016.06.08-09.02.34:051][547]LogModuleManager: Shutting down and abandoning module Persona (148)
[2016.06.08-09.02.34:051][547]LogModuleManager: Shutting down and abandoning module Kismet (147)
[2016.06.08-09.02.34:051][547]LogModuleManager: Shutting down and abandoning module GraphEditor (146)
[2016.06.08-09.02.34:051][547]LogModuleManager: Shutting down and abandoning module ClassViewer (145)
[2016.06.08-09.02.34:051][547]LogModuleManager: Shutting down and abandoning module Toolbox (144)
[2016.06.08-09.02.34:051][547]LogModuleManager: Shutting down and abandoning module ModuleUI (143)
[2016.06.08-09.02.34:051][547]LogModuleManager: Shutting down and abandoning module MovieSceneTools (142)
[2016.06.08-09.02.34:051][547]LogModuleManager: Shutting down and abandoning module OutputLog (141)
[2016.06.08-09.02.34:051][547]LogModuleManager: Shutting down and abandoning module GammaUI (140)
[2016.06.08-09.02.34:051][547]LogModuleManager: Shutting down and abandoning module Documentation (139)
[2016.06.08-09.02.34:051][547]LogModuleManager: Shutting down and abandoning module StreamingPauseRendering (138)
[2016.06.08-09.02.34:051][547]LogModuleManager: Shutting down and abandoning module AnalyticsET (137)
[2016.06.08-09.02.34:051][547]LogModuleManager: Shutting down and abandoning module Analytics (136)
[2016.06.08-09.02.34:051][547]LogModuleManager: Shutting down and abandoning module PortalServices (135)
[2016.06.08-09.02.34:051][547]LogModuleManager: Shutting down and abandoning module PortalRpc (134)
[2016.06.08-09.02.34:051][547]LogModuleManager: Shutting down and abandoning module MessagingRpc (133)
[2016.06.08-09.02.34:051][547]LogModuleManager: Shutting down and abandoning module AITestSuite (132)
[2016.06.08-09.02.34:051][547]LogModuleManager: Shutting down and abandoning module GameplayDebugger (131)
[2016.06.08-09.02.34:051][547]LogModuleManager: Shutting down and abandoning module AIModule (130)
[2016.06.08-09.02.34:051][547]LogModuleManager: Shutting down and abandoning module ProfilerService (129)
[2016.06.08-09.02.34:055][547]LogModuleManager: Shutting down and abandoning module TaskGraph (128)
[2016.06.08-09.02.34:055][547]LogModuleManager: Shutting down and abandoning module VRGripMotionControllerPlugin (127)
[2016.06.08-09.02.34:055][547]LogModuleManager: Shutting down and abandoning module SimpleDataIntegration (126)
[2016.06.08-09.02.34:055][547]LogModuleManager: Shutting down and abandoning module SlateRemote (125)
[2016.06.08-09.02.34:055][547]LogModuleManager: Shutting down and abandoning module SteamVRController (124)
[2016.06.08-09.02.34:055][547]LogModuleManager: Shutting down and abandoning module SteamVR (123)
[2016.06.08-09.02.34:055][547]LogModuleManager: Shutting down and abandoning module ProceduralMeshComponent (122)
[2016.06.08-09.02.34:056][547]LogModuleManager: Shutting down and abandoning module OculusLibrary (121)
[2016.06.08-09.02.34:056][547]LogModuleManager: Shutting down and abandoning module OculusInput (120)
[2016.06.08-09.02.34:056][547]LogModuleManager: Shutting down and abandoning module CustomMeshComponent (119)
[2016.06.08-09.02.34:056][547]LogModuleManager: Shutting down and abandoning module CableComponent (118)
[2016.06.08-09.02.34:056][547]LogModuleManager: Shutting down and abandoning module ArchVisCharacter (117)
[2016.06.08-09.02.34:056][547]LogModuleManager: Shutting down and abandoning module MediaPlayerEditor (116)
[2016.06.08-09.02.34:056][547]LogModuleManager: Shutting down and abandoning module HTML5Networking (115)
[2016.06.08-09.02.34:056][547]LogModuleManager: Shutting down and abandoning module SpeedTreeImporter (114)
[2016.06.08-09.02.34:056][547]LogModuleManager: Shutting down and abandoning module PluginBrowser (113)
[2016.06.08-09.02.34:056][547]LogModuleManager: Shutting down and abandoning module EpicSurvey (112)
[2016.06.08-09.02.34:056][547]LogModuleManager: Shutting down and abandoning module DesktopPlatform (111)
[2016.06.08-09.02.34:056][547]LogModuleManager: Shutting down and abandoning module VisualStudioSourceCodeAccess (110)
[2016.06.08-09.02.34:056][547]LogModuleManager: Shutting down and abandoning module UObjectPlugin (109)
[2016.06.08-09.02.34:056][547]LogModuleManager: Shutting down and abandoning module SubversionSourceControl (108)
[2016.06.08-09.02.34:056][547]LogModuleManager: Shutting down and abandoning module PerforceSourceControl (107)
[2016.06.08-09.02.34:056][547]LogModuleManager: Shutting down and abandoning module SourceControl (106)
[2016.06.08-09.02.34:056][547]LogModuleManager: Shutting down and abandoning module GitSourceControl (105)
[2016.06.08-09.02.34:056][547]LogModuleManager: Shutting down and abandoning module LightPropagationVolumeEditor (104)
[2016.06.08-09.02.34:056][547]LogModuleManager: Shutting down and abandoning module PaperTiledImporter (103)
[2016.06.08-09.02.34:056][547]LogModuleManager: Shutting down and abandoning module PaperSpriteSheetImporter (102)
[2016.06.08-09.02.34:056][547]LogModuleManager: Shutting down and abandoning module MeshPaint (101)
[2016.06.08-09.02.34:056][547]LogModuleManager: Shutting down and abandoning module HotReload (100)
[2016.06.08-09.02.34:056][547]LogModuleManager: Shutting down and abandoning module MainFrame (99)
[2016.06.08-09.02.34:057][547]LogModuleManager: Shutting down and abandoning module LevelEditor (98)
[2016.06.08-09.02.34:057][547]LogModuleManager: Shutting down and abandoning module DirectoryWatcher (97)
[2016.06.08-09.02.34:057][547]LogModuleManager: Shutting down and abandoning module AssetRegistry (96)
[2016.06.08-09.02.34:286][547]LogModuleManager: Shutting down and abandoning module ContentBrowser (95)
[2016.06.08-09.02.34:286][547]LogModuleManager: Shutting down and abandoning module Paper2DEditor (94)
[2016.06.08-09.02.34:286][547]LogModuleManager: Shutting down and abandoning module HeliosFinal (93)
[2016.06.08-09.02.34:286][547]LogModuleManager: Shutting down and abandoning module UdpMessaging (92)
[2016.06.08-09.02.34:387][547]LogModuleManager: Shutting down and abandoning module LightPropagationVolumeRuntime (91)
[2016.06.08-09.02.34:387][547]LogModuleManager: Shutting down and abandoning module Paper2D (90)
[2016.06.08-09.02.34:387][547]LogModuleManager: Shutting down and abandoning module WindowsMoviePlayer (89)
[2016.06.08-09.02.34:387][547]LogModuleManager: Shutting down and abandoning module Media (88)
[2016.06.08-09.02.34:387][547]LogModuleManager: Shutting down and abandoning module WmfMedia (87)
[2016.06.08-09.02.34:387][547]LogModuleManager: Shutting down and abandoning module MediaAssets (86)
[2016.06.08-09.02.34:387][547]LogModuleManager: Shutting down and abandoning module GameLiveStreaming (85)
[2016.06.08-09.02.34:387][547]LogModuleManager: Shutting down and abandoning module GameplayTagsEditor (84)
[2016.06.08-09.02.34:387][547]LogModuleManager: Shutting down and abandoning module OnlineBlueprintSupport (83)
[2016.06.08-09.02.34:387][547]LogModuleManager: Shutting down and abandoning module GameplayTasksEditor (82)
[2016.06.08-09.02.34:387][547]LogModuleManager: Shutting down and abandoning module PropertyEditor (81)
[2016.06.08-09.02.34:387][547]LogModuleManager: Shutting down and abandoning module BehaviorTreeEditor (80)
[2016.06.08-09.02.34:387][547]LogModuleManager: Shutting down and abandoning module FunctionalTesting (79)
[2016.06.08-09.02.34:387][547]LogModuleManager: Shutting down and abandoning module CollisionAnalyzer (78)
[2016.06.08-09.02.34:387][547]LogModuleManager: Shutting down and abandoning module WorkspaceMenuStructure (77)
[2016.06.08-09.02.34:387][547]LogModuleManager: Shutting down and abandoning module MessageLog (76)
[2016.06.08-09.02.34:387][547]LogModuleManager: Shutting down and abandoning module Sequencer (75)
[2016.06.08-09.02.34:387][547]LogModuleManager: Shutting down and abandoning module AssetTools (74)
[2016.06.08-09.02.34:387][547]LogModuleManager: Shutting down and abandoning module UMGEditor (73)
[2016.06.08-09.02.34:387][547]LogModuleManager: Shutting down and abandoning module UMG (72)
[2016.06.08-09.02.34:387][547]LogModuleManager: Shutting down and abandoning module SlateReflector (71)
[2016.06.08-09.02.34:387][547]LogModuleManager: Shutting down and abandoning module Slate (70)
[2016.06.08-09.02.34:387][547]LogModuleManager: Shutting down and abandoning module EditorStyle (69)
[2016.06.08-09.02.34:389][547]LogModuleManager: Shutting down and abandoning module SessionServices (68)
[2016.06.08-09.02.34:389][547]LogModuleManager: Shutting down and abandoning module SourceCodeAccess (67)
[2016.06.08-09.02.34:389][547]LogModuleManager: Shutting down and abandoning module HeadMountedDisplay (66)
[2016.06.08-09.02.34:389][547]LogModuleManager: Shutting down and abandoning module XAudio2 (65)
[2016.06.08-09.02.34:389][547]LogModuleManager: Shutting down and abandoning module Networking (63)
[2016.06.08-09.02.34:389][547]LogModuleManager: Shutting down and abandoning module Core (62)
[2016.06.08-09.02.34:389][547]LogModuleManager: Shutting down and abandoning module KismetCompiler (61)
[2016.06.08-09.02.34:389][547]LogModuleManager: Shutting down and abandoning module PhysXFormats (60)
[2016.06.08-09.02.34:389][547]LogModuleManager: Shutting down and abandoning module MeshUtilities (59)
[2016.06.08-09.02.34:389][547]LogModuleManager: Shutting down and abandoning module CookingStats (58)
[2016.06.08-09.02.34:389][547]LogModuleManager: Shutting down and abandoning module DerivedDataCache (57)
[2016.06.08-09.02.34:389][547]LogDerivedDataCache: Shutdown
[2016.06.08-09.02.34:389][547]LogModuleManager: Shutting down and abandoning module ShaderFormatOpenGL (56)
[2016.06.08-09.02.34:389][547]LogModuleManager: Shutting down and abandoning module ShaderFormatD3D (55)
[2016.06.08-09.02.34:389][547]LogModuleManager: Shutting down and abandoning module MetalShaderFormat (54)
[2016.06.08-09.02.34:389][547]LogModuleManager: Shutting down and abandoning module TextureFormatUncompressed (53)
[2016.06.08-09.02.34:389][547]LogModuleManager: Shutting down and abandoning module TextureFormatPVR (52)
[2016.06.08-09.02.34:389][547]LogModuleManager: Shutting down and abandoning module TextureFormatIntelISPCTexComp (51)
[2016.06.08-09.02.34:390][547]LogModuleManager: Shutting down and abandoning module TextureFormatDXT (50)
[2016.06.08-09.02.34:390][547]LogModuleManager: Shutting down and abandoning module ImageWrapper (49)
[2016.06.08-09.02.34:390][547]LogModuleManager: Shutting down and abandoning module TextureFormatASTC (48)
[2016.06.08-09.02.34:390][547]LogModuleManager: Shutting down and abandoning module TextureFormatAndroid (47)
[2016.06.08-09.02.34:390][547]LogModuleManager: Shutting down and abandoning module AudioFormatOpus (46)
[2016.06.08-09.02.34:390][547]LogModuleManager: Shutting down and abandoning module AudioFormatOgg (45)
[2016.06.08-09.02.34:390][547]LogModuleManager: Shutting down and abandoning module AudioFormatADPCM (44)
[2016.06.08-09.02.34:390][547]LogModuleManager: Shutting down and abandoning module LinuxTargetPlatform (43)
[2016.06.08-09.02.34:390][547]LogModuleManager: Shutting down and abandoning module LinuxServerTargetPlatform (42)
[2016.06.08-09.02.34:390][547]LogModuleManager: Shutting down and abandoning module LinuxNoEditorTargetPlatform (41)
[2016.06.08-09.02.34:390][547]LogModuleManager: Shutting down and abandoning module TVOSTargetPlatform (40)
[2016.06.08-09.02.34:390][547]LogModuleManager: Shutting down and abandoning module Messaging (39)
[2016.06.08-09.02.34:390][547]LogModuleManager: Shutting down and abandoning module IOSTargetPlatform (38)
[2016.06.08-09.02.34:390][547]LogModuleManager: Shutting down and abandoning module HTML5TargetPlatform (37)
[2016.06.08-09.02.34:390][547]LogModuleManager: Shutting down and abandoning module Android_PVRTCTargetPlatform (36)
[2016.06.08-09.02.34:390][547]LogModuleManager: Shutting down and abandoning module Android_MultiTargetPlatform (35)
[2016.06.08-09.02.34:390][547]LogModuleManager: Shutting down and abandoning module Android_ETC2TargetPlatform (34)
[2016.06.08-09.02.34:390][547]LogModuleManager: Shutting down and abandoning module Android_ETC1TargetPlatform (33)
[2016.06.08-09.02.34:390][547]LogModuleManager: Shutting down and abandoning module Android_DXTTargetPlatform (32)
[2016.06.08-09.02.34:390][547]LogModuleManager: Shutting down and abandoning module Android_ATCTargetPlatform (31)
[2016.06.08-09.02.34:390][547]LogModuleManager: Shutting down and abandoning module Android_ASTCTargetPlatform (30)
[2016.06.08-09.02.34:390][547]LogModuleManager: Shutting down and abandoning module AndroidTargetPlatform (29)
[2016.06.08-09.02.34:390][547]LogModuleManager: Shutting down and abandoning module WindowsTargetPlatform (28)
[2016.06.08-09.02.34:390][547]LogModuleManager: Shutting down and abandoning module WindowsServerTargetPlatform (27)
[2016.06.08-09.02.34:390][547]LogModuleManager: Shutting down and abandoning module WindowsNoEditorTargetPlatform (26)
[2016.06.08-09.02.34:390][547]LogModuleManager: Shutting down and abandoning module WindowsClientTargetPlatform (25)
[2016.06.08-09.02.34:390][547]LogModuleManager: Shutting down and abandoning module AllDesktopTargetPlatform (24)
[2016.06.08-09.02.34:390][547]LogModuleManager: Shutting down and abandoning module TargetPlatform (23)
[2016.06.08-09.02.34:390][547]LogModuleManager: Shutting down and abandoning module InputCore (22)
[2016.06.08-09.02.34:390][547]LogModuleManager: Shutting down and abandoning module Settings (21)
[2016.06.08-09.02.34:390][547]LogModuleManager: Shutting down and abandoning module OnlineSubsystem (19)
[2016.06.08-09.02.34:390][547]LogModuleManager: Shutting down and abandoning module HTTP (18)
[2016.06.08-09.02.36:395][547]LogModuleManager: Shutting down and abandoning module XMPP (17)
[2016.06.08-09.02.36:395][547]LogModuleManager: Shutting down and abandoning module OculusRift (16)
[2016.06.08-09.02.36:395][547]LogModuleManager: Shutting down and abandoning module ExampleDeviceProfileSelector (15)
[2016.06.08-09.02.36:395][547]LogModuleManager: Shutting down and abandoning module TextureCompressor (14)
[2016.06.08-09.02.36:395][547]LogModuleManager: Shutting down and abandoning module ShaderCore (13)
[2016.06.08-09.02.36:395][547]LogModuleManager: Shutting down and abandoning module Landscape (12)
[2016.06.08-09.02.36:395][547]LogModuleManager: Shutting down and abandoning module SlateRHIRenderer (11)
[2016.06.08-09.02.36:396][547]LogModuleManager: Shutting down and abandoning module OpenGLDrv (10)
[2016.06.08-09.02.36:396][547]LogModuleManager: Shutting down and abandoning module D3D11RHI (9)
[2016.06.08-09.02.36:396][547]LogModuleManager: Shutting down and abandoning module AnimGraphRuntime (8)
[2016.06.08-09.02.36:396][547]LogModuleManager: Shutting down and abandoning module Renderer (7)
[2016.06.08-09.02.36:396][547]LogModuleManager: Shutting down and abandoning module Engine (6)
[2016.06.08-09.02.36:396][547]LogModuleManager: Shutting down and abandoning module CoreUObject (5)
[2016.06.08-09.02.36:396][547]LogModuleManager: Shutting down and abandoning module NetworkFile (4)
[2016.06.08-09.02.36:396][547]LogModuleManager: Shutting down and abandoning module StreamingFile (3)
[2016.06.08-09.02.36:396][547]LogModuleManager: Shutting down and abandoning module SandboxFile (2)
[2016.06.08-09.02.36:396][547]LogModuleManager: Shutting down and abandoning module PakFile (1)
[2016.06.08-09.02.36:398][547]LogWindows:Error: === Critical error: ===
Fatal error!



