Log file open, 06/07/16 22:56:21
LogInit:Display: Running engine for game: HeliosFinal
LogPlatformFile: Not using cached read wrapper
LogInit:Display: RandInit(928645457) SRandInit(928645458).
LogTaskGraph: Started task graph with 4 named threads and 7 total threads.
LogStats: Stats thread started at 0.093144
LogInit: Version: 4.11.2-2946394+++UE4+Release-4.11
LogInit: API Version: 2927265
LogInit: Compiled (64-bit): Apr 18 2016 02:18:46
LogInit: Compiled with Visual C++: 19.00.23026.00
LogInit: Build Configuration: Development
LogInit: Branch Name: ++UE4+Release-4.11
LogInit: Command line:  
LogInit: Base directory: C:/Program Files/Epic Games/4.11/Engine/Binaries/Win64/
LogInit: Installed Engine Build: 1
LogInit: Using libcurl 7.41.0
LogInit:  - built for x86_64-pc-win32
LogInit:  - supports SSL with WinSSL
LogInit:  - other features:
LogInit:      CURL_VERSION_SSL
LogInit:      CURL_VERSION_IPV6
LogInit:      CURL_VERSION_ASYNCHDNS
LogInit:      CURL_VERSION_LARGEFILE
LogInit:      CURL_VERSION_IDN
LogInit:  CurlRequestOptions (configurable via config and command line):
LogInit:  - bVerifyPeer = true  - Libcurl will verify peer certificate
LogInit:  - bUseHttpProxy = false  - Libcurl will NOT use HTTP proxy
LogInit:  - bDontReuseConnections = false  - Libcurl will reuse connections
LogInit:  - CertBundlePath = nullptr  - Libcurl will use whatever was configured at build time.
LogInit: Presizing for max 16777216 objects, including 0 objects not considered by GC, pre-allocating 0 bytes for permanent pool.
LogInit: Object subsystem initialized
[2016.06.08-05.56.21:473][  0]LogConsoleManager:Display: Setting the console variable 'r.ScreenPercentage' with 'SetByScalability' was ignored as it is lower priority than the previous 'SetBySystemSettingsIni'
[2016.06.08-05.56.21:473][  0]LogConsoleManager:Display: Setting the console variable 'r.PostProcessAAQuality' with 'SetByScalability' was ignored as it is lower priority than the previous 'SetBySystemSettingsIni'
[2016.06.08-05.56.21:473][  0]LogConsoleManager:Display: Setting the console variable 'sg.PostProcessQuality' with 'SetByScalability' was ignored as it is lower priority than the previous 'SetBySystemSettingsIni'
[2016.06.08-05.56.21:473][  0]LogConsoleManager:Display: Setting the console variable 'r.MaxAnisotropy' with 'SetByScalability' was ignored as it is lower priority than the previous 'SetBySystemSettingsIni'
[2016.06.08-05.56.21:473][  0]LogConsoleManager:Display: Setting the console variable 'sg.EffectsQuality' with 'SetByScalability' was ignored as it is lower priority than the previous 'SetBySystemSettingsIni'
[2016.06.08-05.56.21:473][  0]LogInit: Selected Device Profile: [Windows]
[2016.06.08-05.56.21:473][  0]LogInit: Applying CVar settings loaded from the selected device profile: [Windows]
[2016.06.08-05.56.21:493][  0]LogInit: Computer: 210-EUROPA
[2016.06.08-05.56.21:493][  0]LogInit: User: Helios
[2016.06.08-05.56.21:493][  0]LogInit: CPU Page size=65536, Cores=4
[2016.06.08-05.56.21:493][  0]LogInit: High frequency timer resolution =2.531253 MHz
[2016.06.08-05.56.21:493][  0]LogMemory: Memory total: Physical=15.9GB (16GB approx)
[2016.06.08-05.56.21:493][  0]LogMemory: Platform Memory Stats for Windows
[2016.06.08-05.56.21:493][  0]LogMemory: Process Physical Memory: 315.04 MB used, 315.04 MB peak
[2016.06.08-05.56.21:493][  0]LogMemory: Process Virtual Memory: 315.04 MB used, 315.04 MB peak
[2016.06.08-05.56.21:493][  0]LogMemory: Physical Memory: 5367.43 MB used, 16283.44 MB total
[2016.06.08-05.56.21:493][  0]LogMemory: Virtual Memory: 653.71 MB used, 134217728.00 MB total
[2016.06.08-05.56.21:524][  0]LogTextLocalizationManager: No specific translations for ('en-US') exist, so ('en') translations will be used.
[2016.06.08-05.56.21:936][  0]LogD3D11RHI: D3D11 adapters:
[2016.06.08-05.56.21:965][  0]LogD3D11RHI:    0. 'NVIDIA GeForce GTX 980M' (Feature Level 11_0)
[2016.06.08-05.56.21:965][  0]LogD3D11RHI:       4009MB of dedicated video memory, 0MB of dedicated system memory, and 8141MB of shared system memory, 1 output[s]
[2016.06.08-05.56.21:972][  0]LogD3D11RHI:    1. 'Intel(R) HD Graphics 530' (Feature Level 11_0)
[2016.06.08-05.56.21:972][  0]LogD3D11RHI:       128MB of dedicated video memory, 0MB of dedicated system memory, and 8141MB of shared system memory, 0 output[s]
[2016.06.08-05.56.21:973][  0]LogD3D11RHI:    2. 'Microsoft Basic Render Driver' (Feature Level 11_0)
[2016.06.08-05.56.21:973][  0]LogD3D11RHI:       0MB of dedicated video memory, 0MB of dedicated system memory, and 8141MB of shared system memory, 0 output[s]
[2016.06.08-05.56.21:973][  0]LogD3D11RHI: Chosen D3D11 Adapter: 0
[2016.06.08-05.56.21:978][  0]LogD3D11RHI: Creating new Direct3DDevice
[2016.06.08-05.56.21:978][  0]LogD3D11RHI:     Adapter Name: NVIDIA GeForce GTX 980M
[2016.06.08-05.56.21:978][  0]LogD3D11RHI:   Driver Version: 10.18.13.6822 (internal 10.18.13.6822)
[2016.06.08-05.56.21:978][  0]LogD3D11RHI:      Driver Date: 5-19-2016
[2016.06.08-05.56.21:978][  0]LogRHI: Texture pool is 1361 MB (70% of 1945 MB)
[2016.06.08-05.56.21:996][  0]LogD3D11RHI: Async texture creation enabled
[2016.06.08-05.56.22:007][  0]LogShaderCompilers: Guid format shader working directory is 33 characters bigger than the processId version (D:/HeliosFinal/Intermediate/Shaders/WorkingDirectory/1928/).
[2016.06.08-05.56.22:007][  0]LogShaderCompilers: Cleaned the shader compiler working directory 'C:/Users/Helios/AppData/Local/Temp/UnrealShaderWorkingDir/646B47CC4537626EF0DD12B95A64FFF8/'.
[2016.06.08-05.56.22:007][  0]LogShaderCompilers:Display: Using Local Shader Compiler.
[2016.06.08-05.56.22:970][  0]LogTemp:Display: Loaded TP AllDesktopTargetPlatform
[2016.06.08-05.56.22:975][  0]LogTemp:Display: Loaded TP WindowsClientTargetPlatform
[2016.06.08-05.56.22:980][  0]LogTemp:Display: Loaded TP WindowsNoEditorTargetPlatform
[2016.06.08-05.56.22:986][  0]LogTemp:Display: Loaded TP WindowsServerTargetPlatform
[2016.06.08-05.56.22:991][  0]LogTemp:Display: Loaded TP WindowsTargetPlatform
[2016.06.08-05.56.22:994][  0]LogTemp:Display: Loaded TP AndroidTargetPlatform
[2016.06.08-05.56.22:997][  0]LogTemp:Display: Loaded TP Android_ASTCTargetPlatform
[2016.06.08-05.56.23:000][  0]LogTemp:Display: Loaded TP Android_ATCTargetPlatform
[2016.06.08-05.56.23:004][  0]LogTemp:Display: Loaded TP Android_DXTTargetPlatform
[2016.06.08-05.56.23:007][  0]LogTemp:Display: Loaded TP Android_ETC1TargetPlatform
[2016.06.08-05.56.23:010][  0]LogTemp:Display: Loaded TP Android_ETC2TargetPlatform
[2016.06.08-05.56.23:018][  0]LogTemp:Display: Loaded TP Android_MultiTargetPlatform
[2016.06.08-05.56.23:018][  0]LogTemp:Display: Loaded TP Android_PVRTCTargetPlatform
[2016.06.08-05.56.23:018][  0]LogTemp:Display: Loaded TP HTML5TargetPlatform
[2016.06.08-05.56.23:037][  0]LogTemp:Display: Loaded TP IOSTargetPlatform
[2016.06.08-05.56.23:039][  0]LogTemp:Display: Loaded TP TVOSTargetPlatform
[2016.06.08-05.56.23:042][  0]LogTemp:Display: Loaded TP LinuxNoEditorTargetPlatform
[2016.06.08-05.56.23:045][  0]LogTemp:Display: Loaded TP LinuxServerTargetPlatform
[2016.06.08-05.56.23:048][  0]LogTemp:Display: Loaded TP LinuxTargetPlatform
[2016.06.08-05.56.23:048][  0]LogTargetPlatformManager:Display: Building Assets For Windows
[2016.06.08-05.56.23:139][  0]LogDerivedDataCache:Display: Max Cache Size: 512 MB
[2016.06.08-05.56.23:203][  0]LogDerivedDataCache: Loaded boot cache 0.06s 73MB C:/Users/Helios/AppData/Local/UnrealEngine/4.11/DerivedDataCache/Boot.ddc.
[2016.06.08-05.56.23:203][  0]LogDerivedDataCache:Display: Loaded Boot cache: C:/Users/Helios/AppData/Local/UnrealEngine/4.11/DerivedDataCache/Boot.ddc
[2016.06.08-05.56.23:203][  0]LogDerivedDataCache: FDerivedDataBackendGraph:  Pak pak cache file D:/HeliosFinal/DerivedDataCache/DDC.ddp not found, will not use a pak cache.
[2016.06.08-05.56.23:203][  0]LogDerivedDataCache: Unable to find inner node Pak for hierarchical cache Hierarchy.
[2016.06.08-05.56.23:203][  0]LogDerivedDataCache: FDerivedDataBackendGraph:  CompressedPak pak cache file D:/HeliosFinal/DerivedDataCache/Compressed.ddp not found, will not use a pak cache.
[2016.06.08-05.56.23:203][  0]LogDerivedDataCache: Unable to find inner node CompressedPak for hierarchical cache Hierarchy.
[2016.06.08-05.56.23:219][  0]LogDerivedDataCache:Display: Pak cache opened for reading ../../../Engine/DerivedDataCache/Compressed.ddp.
[2016.06.08-05.56.23:232][  0]LogDerivedDataCache: Using Local data cache path C:/Users/Helios/AppData/Local/UnrealEngine/Common/DerivedDataCache: Writable
[2016.06.08-05.56.23:400][  0]LogInit: Selected Device Profile: [Windows]
[2016.06.08-05.56.23:401][  0]LogContentStreaming: Texture pool size is 0.00 MB
[2016.06.08-05.56.23:432][  0]LogMaterial: Uniform references updated for custom material expression Custom.
[2016.06.08-05.56.23:568][  0]LogMeshUtilities: No automatic mesh reduction module available
[2016.06.08-05.56.23:568][  0]LogMeshUtilities: No automatic mesh merging module available
[2016.06.08-05.56.23:568][  0]LogMeshUtilities: No distributed automatic mesh merging module available
[2016.06.08-05.56.23:796][  0]LogUObjectArray: 27679 objects as part of root set at end of initial load.
[2016.06.08-05.56.23:796][  0]LogUObjectAllocator: 5591592 out of 0 bytes used by permanent object pool.
[2016.06.08-05.56.23:796][  0]LogUObjectArray: CloseDisregardForGC: 0/0 objects in disregard for GC pool
[2016.06.08-05.56.23:804][  0]LogInit: WinSock: version 1.1 (2.2), MaxSocks=32767, MaxUdp=65467
[2016.06.08-05.56.23:910][  0]LogSlate: SlateFontCache - WITH_FREETYPE: 1, WITH_HARFBUZZ: 1
[2016.06.08-05.56.23:910][  0]LogSlate: SlateFontCache - WITH_FREETYPE: 1, WITH_HARFBUZZ: 1
[2016.06.08-05.56.24:010][  0]LogStreaming:Warning: Failed to read file '../../../Engine/Content/Editor/Slate/Common/Selection_16x.png' error.
[2016.06.08-05.56.24:010][  0]LogSlate: Could not find file for Slate resource: ../../../Engine/Content/Editor/Slate/Common/Selection_16x.png
[2016.06.08-05.56.24:010][  0]LogStreaming:Warning: Failed to read file '../../../Engine/Content/Editor/Slate/Common/Selection_16x.png' error.
[2016.06.08-05.56.24:010][  0]LogSlate: Could not find file for Slate resource: ../../../Engine/Content/Editor/Slate/Common/Selection_16x.png
[2016.06.08-05.56.24:010][  0]LogStreaming:Warning: Failed to read file '../../../Engine/Content/Editor/Slate/Common/Selection_16x.png' error.
[2016.06.08-05.56.24:010][  0]LogSlate: Could not find file for Slate resource: ../../../Engine/Content/Editor/Slate/Common/Selection_16x.png
[2016.06.08-05.56.24:587][  0]LogUdpMessaging: Initializing bridge on interface 0.0.0.0:0 to multicast group 230.0.0.1:6666.
[2016.06.08-05.56.24:695][  0]LogAssetRegistry: FAssetRegistry took 0.0217 seconds to start up
[2016.06.08-05.56.24:852][  0]SourceControl: Info Source control is disabled
[2016.06.08-05.56.24:886][  0]SourceControl: Info Source control is disabled
[2016.06.08-05.56.24:895][  0]SourceControl: Info Source control is disabled
[2016.06.08-05.56.24:904][  0]SourceControl: Info Source control is disabled
[2016.06.08-05.56.25:038][  0]LogHMD: Failed to initialize OpenVR with code 108
[2016.06.08-05.56.25:064][  0]LogConsoleManager:Warning: Console object named 'vr.EnableMotionControllerLateUpdate' already exists but is being registered again, but we weren't expected it to be! (FConsoleManager::AddConsoleObject)
[2016.06.08-05.56.25:187][  0]LogEngine: Initializing Engine...
[2016.06.08-05.56.25:498][  0]LogAIModule: Creating AISystem for world NewWorld
[2016.06.08-05.56.25:514][  0]LogInit: XAudio2 using 'Speakers (Sound Blaster Recon3Di)' : 2 channels at 48 kHz using 32 bits per sample (channel mask 0x3)
[2016.06.08-05.56.25:536][  0]LogInit: FAudioDevice initialized.
[2016.06.08-05.56.25:569][  0]LogDerivedDataCache: Saved boot cache 0.03s 73MB C:/Users/Helios/AppData/Local/UnrealEngine/4.11/DerivedDataCache/Boot.ddc.
[2016.06.08-05.56.25:576][  0]LogInit: Texture streaming: Enabled
[2016.06.08-05.56.27:221][  0]LogInit: Transaction tracking system initialized
[2016.06.08-05.56.27:293][  0]BlueprintLog: New page: Editor Load
[2016.06.08-05.56.27:513][  0]LocalizationService: Info Localization service is disabled
[2016.06.08-05.56.27:705][  0]LogConsoleResponse:Display: 
[2016.06.08-05.56.28:216][  0]LogCook:Display: Max memory allowance for cook 8192mb
[2016.06.08-05.56.28:216][  0]LogCook:Display: Mobile HDR setting 1
[2016.06.08-05.56.28:216][  0]LogCook:Display: Done creating registry. It took  0.00s.
[2016.06.08-05.56.28:307][  0]LogFileCache: Scanning file cache for directory 'D:/HeliosFinal/Content/' took 0.02s
[2016.06.08-05.56.28:338][  0]SourceControl: Info Source control is disabled
[2016.06.08-05.56.28:340][  0]Cmd: MAP LOAD FILE="D:/HeliosFinal/Content/Plains.umap" TEMPLATE=0 SHOWPROGRESS=1 FEATURELEVEL=3
[2016.06.08-05.56.28:414][  0]LightingResults: New page: Lighting Build
[2016.06.08-05.56.28:426][  0]MapCheck: New page: Map Check
[2016.06.08-05.56.28:426][  0]LightingResults: New page: Lighting Build
[2016.06.08-05.56.30:862][  0]LogAIModule: Creating AISystem for world Plains
[2016.06.08-05.56.31:094][  0]LogEditorServer: Finished looking for orphan Actors (0.000 secs)
[2016.06.08-05.56.31:096][  0]Cmd: MAP CHECKDEP NOCLEARLOG
[2016.06.08-05.56.31:135][  0]MapCheck: Info Map check complete: 0 Error(s), 0 Warning(s), took 38.999ms to complete.
[2016.06.08-05.56.31:135][  0]LogFileHelpers: Loading map 'Plains' took 2.796
[2016.06.08-05.56.31:372][  0]LogCollectionManager: Loaded 0 collections in 0.003019 seconds
[2016.06.08-05.56.31:443][  0]LogFileCache: Scanning file cache for directory 'D:/HeliosFinal/Saved/Collections/' took 0.01s
[2016.06.08-05.56.31:443][  0]LogFileCache: Scanning file cache for directory 'D:/HeliosFinal/Content/Developers/Helios/Collections/' took 0.01s
[2016.06.08-05.56.31:443][  0]LogFileCache: Scanning file cache for directory 'D:/HeliosFinal/Content/Collections/' took 0.01s
[2016.06.08-05.56.31:443][  0]LogCollectionManager: Rebuilt the GUID cache for 0 collections in 0.000011 seconds
[2016.06.08-05.56.31:452][  0]LogContentBrowser: Native class hierarchy populated in 0.0086 seconds. Added 1980 classes and 346 folders.
[2016.06.08-05.56.31:465][  0]LogStats: UGameplayTagsManager::ConstructGameplayTagTree: Construct from data asset -  0.000 s
[2016.06.08-05.56.31:465][  0]LogStats: UGameplayTagsManager::ConstructGameplayTagTree: GameplayTagTreeChangedEvent.Broadcast -  0.000 s
[2016.06.08-05.56.31:466][  0]LogContentBrowser: Native class hierarchy updated for 'GameplayTags' in 0.0005 seconds. Added 12 classes and 0 folders.
[2016.06.08-05.56.31:475][  0]LogContentBrowser: Native class hierarchy updated for 'WidgetCarousel' in 0.0003 seconds. Added 0 classes and 0 folders.
[2016.06.08-05.56.31:504][  0]LogContentBrowser: Native class hierarchy updated for 'SuperSearch' in 0.0004 seconds. Added 1 classes and 2 folders.
[2016.06.08-05.56.31:778][  0]LogContentBrowser: Native class hierarchy updated for 'AddContentDialog' in 0.0003 seconds. Added 0 classes and 0 folders.
[2016.06.08-05.56.31:790][  0]LogContentBrowser: Native class hierarchy updated for 'SceneOutliner' in 0.0004 seconds. Added 1 classes and 2 folders.
[2016.06.08-05.56.32:032][  0]LogCrashTracker: Crashtracker disabled due to settings.
[2016.06.08-05.56.32:051][  0]LogUObjectGlobals:Warning: Failed to find object 'Class None.'
[2016.06.08-05.56.32:083][  0]LogContentBrowser: Native class hierarchy updated for 'HierarchicalLODOutliner' in 0.0004 seconds. Added 1 classes and 2 folders.
[2016.06.08-05.56.32:083][  0]LogLoad: Full Startup: 11.91 seconds (BP compile: 0.11 seconds)
[2016.06.08-05.56.32:083][  0]LogExternalProfiler: Found external profiler: VSPerf
[2016.06.08-05.56.32:083][  0]LogExternalProfiler: Using external profiler: VSPerf
[2016.06.08-05.56.32:102][  0]LogOcInput: OculusInput pre-init called
[2016.06.08-05.56.32:251][  0]LogContentStreaming: Texture pool size now 700 MB
[2016.06.08-05.56.32:442][  0]LogRenderer: Reallocating scene render targets to support 2056x1256 (Frame:2).
[2016.06.08-05.56.32:553][  1]Cmd: UpdateLandscapeEditorData -warnings
[2016.06.08-05.56.32:576][  1]LogAssetRegistry: Asset discovery search completed in 7.9026 seconds
[2016.06.08-05.56.32:576][  1]LogCollectionManager: Rebuilt the object cache for 0 collections in 0.000000 seconds (found 0 objects)
[2016.06.08-05.56.32:576][  1]LogCollectionManager: Fixed up redirectors for 0 collections in 0.000367 seconds (updated 0 objects)
[2016.06.08-05.56.48:512][515]LogEditorActor: Deleted Actor: Gun_BP2_C
[2016.06.08-05.56.48:533][515]LogEditorActor: Deleted 1 Actors (0.025 secs)
[2016.06.08-05.57.13:009][242]Running C:/Program Files/Epic Games/4.11/Engine/Binaries/DotNET/UnrealBuildTool.exe  -projectfiles -project="D:/HeliosFinal/HeliosFinal.uproject" -game -progress -2015
[2016.06.08-05.57.13:313][242]Discovering modules, targets and source code for game...
[2016.06.08-05.57.18:305][242]LogHotReload: Recompiling module HeliosFinal...
[2016.06.08-05.57.18:307][242]LogVSAccessor:Warning: Couldn't access Visual Studio
[2016.06.08-05.57.18:349][242]Recompiling HeliosFinal...
[2016.06.08-05.57.18:349][242]Launching UnrealBuildTool... [C:/Program Files/Epic Games/4.11/Engine/Binaries/DotNET/UnrealBuildTool.exe HeliosFinal -Module HeliosFinal Win64 Development -editorrecompile -canskiplink "D:/HeliosFinal/HeliosFinal.uproject"  -2015]
[2016.06.08-05.57.56:889][242]Performing full C++ include scan (hot reloading a new target)
Creating makefile for hot reloading HeliosFinal (no existing makefile)
Compiling game modules for hot reload
Performing 6 actions (4 in parallel)
[2/6] Resource PCLaunch.rc
[3/6] Resource ModuleVersionResource.rc.inl
PCH.HeliosFinal.h.cpp
HeliosFinal.cpp
MyClass.cpp
[6/6] Link UE4Editor-HeliosFinal.dll
   Creating library D:\HeliosFinal\Intermediate\Build\Win64\UE4Editor\Development\UE4Editor-HeliosFinal.lib and object D:\HeliosFinal\Intermediate\Build\Win64\UE4Editor\Development\UE4Editor-HeliosFinal.exp
-------- End Detailed Actions Stats -----------------------------------------------------------
Total build time: 38.39 seconds

[2016.06.08-05.57.56:898][242]CompilerResultsLog: New page: Compilation - Jun 7, 2016, 2:57:56 PM
[2016.06.08-05.57.56:898][242]CompilerResultsLog: Info Performing full C++ include scan (hot reloading a new target)
[2016.06.08-05.57.56:898][242]CompilerResultsLog: Info Creating makefile for hot reloading HeliosFinal (no existing makefile)
[2016.06.08-05.57.56:898][242]CompilerResultsLog: Info Compiling game modules for hot reload
[2016.06.08-05.57.56:898][242]CompilerResultsLog: Info Performing 6 actions (4 in parallel)
[2016.06.08-05.57.56:898][242]CompilerResultsLog: Info [2/6] Resource PCLaunch.rc
[2016.06.08-05.57.56:898][242]CompilerResultsLog: Info [3/6] Resource ModuleVersionResource.rc.inl
[2016.06.08-05.57.56:898][242]CompilerResultsLog: Info PCH.HeliosFinal.h.cpp
[2016.06.08-05.57.56:898][242]CompilerResultsLog: Info HeliosFinal.cpp
[2016.06.08-05.57.56:898][242]CompilerResultsLog: Info MyClass.cpp
[2016.06.08-05.57.56:898][242]CompilerResultsLog: Info [6/6] Link UE4Editor-HeliosFinal.dll
[2016.06.08-05.57.56:898][242]CompilerResultsLog: Info    Creating library D:\HeliosFinal\Intermediate\Build\Win64\UE4Editor\Development\UE4Editor-HeliosFinal.lib and object D:\HeliosFinal\Intermediate\Build\Win64\UE4Editor\Development\UE4Editor-HeliosFinal.exp
[2016.06.08-05.57.56:898][242]CompilerResultsLog: Info -------- End Detailed Actions Stats -----------------------------------------------------------
[2016.06.08-05.57.56:898][242]CompilerResultsLog: Info Total build time: 38.39 seconds
[2016.06.08-05.57.56:898][242]LogMainFrame: MainFrame: Module compiling took 38.592 seconds
[2016.06.08-05.57.56:898][242]Reloading module after successful compile.
[2016.06.08-05.57.56:920][242]LogContentBrowser: Native class hierarchy populated in 0.0091 seconds. Added 1983 classes and 352 folders.
[2016.06.08-05.58.04:395][252]LogVSAccessor:Warning: Couldn't goto line number '0' in 'D:/HeliosFinal/Source/HeliosFinal/MyClass.h'
[2016.06.08-05.58.04:618][252]LogVSAccessor:Warning: Couldn't goto line number '0' in 'D:/HeliosFinal/Source/HeliosFinal/MyClass.cpp'
[2016.06.08-06.34.18:314][1