Log file open, 06/04/16 13:34:53
LogInit:Display: Running engine for game: HeliosFinal
LogPlatformFile: Not using cached read wrapper
LogInit:Display: RandInit(-1165452840) SRandInit(-1165452839).
LogTaskGraph: Started task graph with 4 named threads and 7 total threads.
LogStats: Stats thread started at 0.086870
LogInit: Version: 4.11.2-2946394+++UE4+Release-4.11
LogInit: API Version: 2927265
LogInit: Compiled (64-bit): Apr 18 2016 02:18:46
LogInit: Compiled with Visual C++: 19.00.23026.00
LogInit: Build Configuration: Development
LogInit: Branch Name: ++UE4+Release-4.11
LogInit: Command line: 
LogInit: Base directory: C:/Program Files/Epic Games/4.11/Engine/Binaries/Win64/
LogInit: Installed Engine Build: 1
LogInit: Using libcurl 7.41.0
LogInit:  - built for x86_64-pc-win32
LogInit:  - supports SSL with WinSSL
LogInit:  - other features:
LogInit:      CURL_VERSION_SSL
LogInit:      CURL_VERSION_IPV6
LogInit:      CURL_VERSION_ASYNCHDNS
LogInit:      CURL_VERSION_LARGEFILE
LogInit:      CURL_VERSION_IDN
LogInit:  CurlRequestOptions (configurable via config and command line):
LogInit:  - bVerifyPeer = true  - Libcurl will verify peer certificate
LogInit:  - bUseHttpProxy = false  - Libcurl will NOT use HTTP proxy
LogInit:  - bDontReuseConnections = false  - Libcurl will reuse connections
LogInit:  - CertBundlePath = nullptr  - Libcurl will use whatever was configured at build time.
LogInit: Presizing for max 16777216 objects, including 0 objects not considered by GC, pre-allocating 0 bytes for permanent pool.
LogInit: Object subsystem initialized
[2016.06.04-20.34.53:595][  0]LogConsoleManager:Display: Setting the console variable 'r.ScreenPercentage' with 'SetByScalability' was ignored as it is lower priority than the previous 'SetBySystemSettingsIni'
[2016.06.04-20.34.53:595][  0]LogConsoleManager:Display: Setting the console variable 'r.PostProcessAAQuality' with 'SetByScalability' was ignored as it is lower priority than the previous 'SetBySystemSettingsIni'
[2016.06.04-20.34.53:595][  0]LogConsoleManager:Display: Setting the console variable 'sg.PostProcessQuality' with 'SetByScalability' was ignored as it is lower priority than the previous 'SetBySystemSettingsIni'
[2016.06.04-20.34.53:595][  0]LogConsoleManager:Display: Setting the console variable 'r.MaxAnisotropy' with 'SetByScalability' was ignored as it is lower priority than the previous 'SetBySystemSettingsIni'
[2016.06.04-20.34.53:595][  0]LogConsoleManager:Display: Setting the console variable 'sg.EffectsQuality' with 'SetByScalability' was ignored as it is lower priority than the previous 'SetBySystemSettingsIni'
[2016.06.04-20.34.53:595][  0]LogInit: Selected Device Profile: [Windows]
[2016.06.04-20.34.53:595][  0]LogInit: Applying CVar settings loaded from the selected device profile: [Windows]
[2016.06.04-20.34.53:602][  0]LogInit: Computer: 210-EUROPA
[2016.06.04-20.34.53:602][  0]LogInit: User: Helios
[2016.06.04-20.34.53:602][  0]LogInit: CPU Page size=65536, Cores=4
[2016.06.04-20.34.53:602][  0]LogInit: High frequency timer resolution =2.531249 MHz
[2016.06.04-20.34.53:602][  0]LogMemory: Memory total: Physical=15.9GB (16GB approx)
[2016.06.04-20.34.53:602][  0]LogMemory: Platform Memory Stats for Windows
[2016.06.04-20.34.53:602][  0]LogMemory: Process Physical Memory: 314.94 MB used, 314.94 MB peak
[2016.06.04-20.34.53:602][  0]LogMemory: Process Virtual Memory: 314.91 MB used, 314.91 MB peak
[2016.06.04-20.34.53:602][  0]LogMemory: Physical Memory: 5439.66 MB used, 16283.44 MB total
[2016.06.04-20.34.53:602][  0]LogMemory: Virtual Memory: 653.71 MB used, 134217728.00 MB total
[2016.06.04-20.34.53:629][  0]LogTextLocalizationManager: No specific translations for ('en-US') exist, so ('en') translations will be used.
[2016.06.04-20.34.54:034][  0]LogD3D11RHI: D3D11 adapters:
[2016.06.04-20.34.54:064][  0]LogD3D11RHI:    0. 'NVIDIA GeForce GTX 980 Ti' (Feature Level 11_0)
[2016.06.04-20.34.54:064][  0]LogD3D11RHI:       6047MB of dedicated video memory, 0MB of dedicated system memory, and 8141MB of shared system memory, 1 output[s]
[2016.06.04-20.34.54:070][  0]LogD3D11RHI:    1. 'Intel(R) HD Graphics 530' (Feature Level 11_0)
[2016.06.04-20.34.54:070][  0]LogD3D11RHI:       128MB of dedicated video memory, 0MB of dedicated system memory, and 8141MB of shared system memory, 0 output[s]
[2016.06.04-20.34.54:071][  0]LogD3D11RHI:    2. 'Microsoft Basic Render Driver' (Feature Level 11_0)
[2016.06.04-20.34.54:071][  0]LogD3D11RHI:       0MB of dedicated video memory, 0MB of dedicated system memory, and 8141MB of shared system memory, 0 output[s]
[2016.06.04-20.34.54:071][  0]LogD3D11RHI: Chosen D3D11 Adapter: 0
[2016.06.04-20.34.54:076][  0]LogD3D11RHI: Creating new Direct3DDevice
[2016.06.04-20.34.54:076][  0]LogD3D11RHI:     Adapter Name: NVIDIA GeForce GTX 980 Ti
[2016.06.04-20.34.54:076][  0]LogD3D11RHI:   Driver Version: Unknown (internal Unknown)
[2016.06.04-20.34.54:076][  0]LogD3D11RHI:      Driver Date: Unknown
[2016.06.04-20.34.54:076][  0]LogRHI: Texture pool is 1361 MB (70% of 1945 MB)
[2016.06.04-20.34.54:094][  0]LogD3D11RHI: Async texture creation enabled
[2016.06.04-20.34.54:110][  0]LogShaderCompilers: Guid format shader working directory is 33 characters bigger than the processId version (D:/HeliosFinal/Intermediate/Shaders/WorkingDirectory/7040/).
[2016.06.04-20.34.54:110][  0]LogShaderCompilers: Cleaned the shader compiler working directory 'C:/Users/Helios/AppData/Local/Temp/UnrealShaderWorkingDir/70F47FA44113079032DE6DBE6C8B9261/'.
[2016.06.04-20.34.54:110][  0]LogShaderCompilers:Display: Using Local Shader Compiler.
[2016.06.04-20.34.54:972][  0]LogTemp:Display: Loaded TP AllDesktopTargetPlatform
[2016.06.04-20.34.54:977][  0]LogTemp:Display: Loaded TP WindowsClientTargetPlatform
[2016.06.04-20.34.54:982][  0]LogTemp:Display: Loaded TP WindowsNoEditorTargetPlatform
[2016.06.04-20.34.54:988][  0]LogTemp:Display: Loaded TP WindowsServerTargetPlatform
[2016.06.04-20.34.54:996][  0]LogTemp:Display: Loaded TP WindowsTargetPlatform
[2016.06.04-20.34.55:001][  0]LogTemp:Display: Loaded TP AndroidTargetPlatform
[2016.06.04-20.34.55:005][  0]LogTemp:Display: Loaded TP Android_ASTCTargetPlatform
[2016.06.04-20.34.55:008][  0]LogTemp:Display: Loaded TP Android_ATCTargetPlatform
[2016.06.04-20.34.55:012][  0]LogTemp:Display: Loaded TP Android_DXTTargetPlatform
[2016.06.04-20.34.55:016][  0]LogTemp:Display: Loaded TP Android_ETC1TargetPlatform
[2016.06.04-20.34.55:020][  0]LogTemp:Display: Loaded TP Android_ETC2TargetPlatform
[2016.06.04-20.34.55:026][  0]LogTemp:Display: Loaded TP Android_MultiTargetPlatform
[2016.06.04-20.34.55:026][  0]LogTemp:Display: Loaded TP Android_PVRTCTargetPlatform
[2016.06.04-20.34.55:027][  0]LogTemp:Display: Loaded TP HTML5TargetPlatform
[2016.06.04-20.34.55:045][  0]LogTemp:Display: Loaded TP IOSTargetPlatform
[2016.06.04-20.34.55:049][  0]LogTemp:Display: Loaded TP TVOSTargetPlatform
[2016.06.04-20.34.55:053][  0]LogTemp:Display: Loaded TP LinuxNoEditorTargetPlatform
[2016.06.04-20.34.55:056][  0]LogTemp:Display: Loaded TP LinuxServerTargetPlatform
[2016.06.04-20.34.55:060][  0]LogTemp:Display: Loaded TP LinuxTargetPlatform
[2016.06.04-20.34.55:060][  0]LogTargetPlatformManager:Display: Building Assets For Windows
[2016.06.04-20.34.55:155][  0]LogDerivedDataCache:Display: Max Cache Size: 512 MB
[2016.06.04-20.34.55:220][  0]LogDerivedDataCache: Loaded boot cache 0.07s 73MB C:/Users/Helios/AppData/Local/UnrealEngine/4.11/DerivedDataCache/Boot.ddc.
[2016.06.04-20.34.55:220][  0]LogDerivedDataCache:Display: Loaded Boot cache: C:/Users/Helios/AppData/Local/UnrealEngine/4.11/DerivedDataCache/Boot.ddc
[2016.06.04-20.34.55:220][  0]LogDerivedDataCache: FDerivedDataBackendGraph:  Pak pak cache file D:/HeliosFinal/DerivedDataCache/DDC.ddp not found, will not use a pak cache.
[2016.06.04-20.34.55:220][  0]LogDerivedDataCache: Unable to find inner node Pak for hierarchical cache Hierarchy.
[2016.06.04-20.34.55:220][  0]LogDerivedDataCache: FDerivedDataBackendGraph:  CompressedPak pak cache file D:/HeliosFinal/DerivedDataCache/Compressed.ddp not found, will not use a pak cache.
[2016.06.04-20.34.55:220][  0]LogDerivedDataCache: Unable to find inner node CompressedPak for hierarchical cache Hierarchy.
[2016.06.04-20.34.55:234][  0]LogDerivedDataCache:Display: Pak cache opened for reading ../../../Engine/DerivedDataCache/Compressed.ddp.
[2016.06.04-20.34.55:246][  0]LogDerivedDataCache: Using Local data cache path C:/Users/Helios/AppData/Local/UnrealEngine/Common/DerivedDataCache: Writable
[2016.06.04-20.34.55:385][  0]LogInit: Selected Device Profile: [Windows]
[2016.06.04-20.34.55:385][  0]LogContentStreaming: Texture pool size is 0.00 MB
[2016.06.04-20.34.55:416][  0]LogMaterial: Uniform references updated for custom material expression Custom.
[2016.06.04-20.34.55:545][  0]LogMeshUtilities: No automatic mesh reduction module available
[2016.06.04-20.34.55:545][  0]LogMeshUtilities: No automatic mesh merging module available
[2016.06.04-20.34.55:545][  0]LogMeshUtilities: No distributed automatic mesh merging module available
[2016.06.04-20.34.55:780][  0]LogUObjectArray: 27679 objects as part of root set at end of initial load.
[2016.06.04-20.34.55:780][  0]LogUObjectAllocator: 5591592 out of 0 bytes used by permanent object pool.
[2016.06.04-20.34.55:780][  0]LogUObjectArray: CloseDisregardForGC: 0/0 objects in disregard for GC pool
[2016.06.04-20.34.55:789][  0]LogInit: WinSock: version 1.1 (2.2), MaxSocks=32767, MaxUdp=65467
[2016.06.04-20.34.55:885][  0]LogSlate: SlateFontCache - WITH_FREETYPE: 1, WITH_HARFBUZZ: 1
[2016.06.04-20.34.55:885][  0]LogSlate: SlateFontCache - WITH_FREETYPE: 1, WITH_HARFBUZZ: 1
[2016.06.04-20.34.55:970][  0]LogStreaming:Warning: Failed to read file '../../../Engine/Content/Editor/Slate/Common/Selection_16x.png' error.
[2016.06.04-20.34.55:970][  0]LogSlate: Could not find file for Slate resource: ../../../Engine/Content/Editor/Slate/Common/Selection_16x.png
[2016.06.04-20.34.55:970][  0]LogStreaming:Warning: Failed to read file '../../../Engine/Content/Editor/Slate/Common/Selection_16x.png' error.
[2016.06.04-20.34.55:970][  0]LogSlate: Could not find file for Slate resource: ../../../Engine/Content/Editor/Slate/Common/Selection_16x.png
[2016.06.04-20.34.55:970][  0]LogStreaming:Warning: Failed to read file '../../../Engine/Content/Editor/Slate/Common/Selection_16x.png' error.
[2016.06.04-20.34.55:970][  0]LogSlate: Could not find file for Slate resource: ../../../Engine/Content/Editor/Slate/Common/Selection_16x.png
[2016.06.04-20.34.56:464][  0]LogUdpMessaging: Initializing bridge on interface 0.0.0.0:0 to multicast group 230.0.0.1:6666.
[2016.06.04-20.34.56:567][  0]LogAssetRegistry: FAssetRegistry took 0.0218 seconds to start up
[2016.06.04-20.34.56:707][  0]SourceControl: Info Source control is disabled
[2016.06.04-20.34.56:754][  0]SourceControl: Info Source control is disabled
[2016.06.04-20.34.56:770][  0]SourceControl: Info Source control is disabled
[2016.06.04-20.34.56:780][  0]SourceControl: Info Source control is disabled
[2016.06.04-20.34.57:256][  0]LogConsoleManager:Warning: Console object named 'vr.EnableMotionControllerLateUpdate' already exists but is being registered again, but we weren't expected it to be! (FConsoleManager::AddConsoleObject)
[2016.06.04-20.34.57:313][  0]LogEngine: Initializing Engine...
[2016.06.04-20.34.59:006][  0]LogHMD: SteamVR initialized.  Driver: lighthouse  Display: LHR-2D0E5179
[2016.06.04-20.34.59:217][  0]LogAIModule: Creating AISystem for world NewWorld
[2016.06.04-20.34.59:229][  0]LogInit: XAudio2 using 'Speakers (4- USB Audio Device)' : 2 channels at 44.1 kHz using 16 bits per sample (channel mask 0x3)
[2016.06.04-20.34.59:251][  0]LogInit: FAudioDevice initialized.
[2016.06.04-20.34.59:306][  0]LogDerivedDataCache: Saved boot cache 0.05s 73MB C:/Users/Helios/AppData/Local/UnrealEngine/4.11/DerivedDataCache/Boot.ddc.
[2016.06.04-20.34.59:320][  0]LogInit: Texture streaming: Enabled
[2016.06.04-20.35.00:840][  0]LogInit: Transaction tracking system initialized
[2016.06.04-20.35.00:885][  0]BlueprintLog: New page: Editor Load
[2016.06.04-20.35.00:991][  0]LocalizationService: Info Localization service is disabled
[2016.06.04-20.35.01:081][  0]LogConsoleResponse:Display: 
[2016.06.04-20.35.01:192][  0]LogCook:Display: Max memory allowance for cook 8192mb
[2016.06.04-20.35.01:192][  0]LogCook:Display: Mobile HDR setting 1
[2016.06.04-20.35.01:192][  0]LogCook:Display: Done creating registry. It took  0.00s.
[2016.06.04-20.35.01:257][  0]LogFileCache: Scanning file cache for directory 'D:/HeliosFinal/Content/' took 0.01s
[2016.06.04-20.35.01:257][  0]SourceControl: Info Source control is disabled
[2016.06.04-20.35.01:257][  0]Cmd: MAP LOAD FILE="D:/HeliosFinal/Content/Plains.umap" TEMPLATE=0 SHOWPROGRESS=1 FEATURELEVEL=3
[2016.06.04-20.35.01:257][  0]LightingResults: New page: Lighting Build
[2016.06.04-20.35.01:261][  0]MapCheck: New page: Map Check
[2016.06.04-20.35.01:261][  0]LightingResults: New page: Lighting Build
[2016.06.04-20.35.01:845][  0]LogAIModule: Creating AISystem for world Plains
[2016.06.04-20.35.01:865][  0]LogEditorServer: Finished looking for orphan Actors (0.000 secs)
[2016.06.04-20.35.01:866][  0]Cmd: MAP CHECKDEP NOCLEARLOG
[2016.06.04-20.35.01:908][  0]MapCheck: Info Map check complete: 0 Error(s), 0 Warning(s), took 42.095ms to complete.
[2016.06.04-20.35.01:908][  0]LogFileHelpers: Loading map 'Plains' took 0.651
[2016.06.04-20.35.02:023][  0]LogCollectionManager: Loaded 0 collections in 0.003008 seconds
[2016.06.04-20.35.02:066][  0]LogFileCache: Scanning file cache for directory 'D:/HeliosFinal/Saved/Collections/' took 0.01s
[2016.06.04-20.35.02:066][  0]LogFileCache: Scanning file cache for directory 'D:/HeliosFinal/Content/Developers/Helios/Collections/' took 0.01s
[2016.06.04-20.35.02:066][  0]LogFileCache: Scanning file cache for directory 'D:/HeliosFinal/Content/Collections/' took 0.01s
[2016.06.04-20.35.02:066][  0]LogCollectionManager: Rebuilt the GUID cache for 0 collections in 0.000002 seconds
[2016.06.04-20.35.02:074][  0]LogContentBrowser: Native class hierarchy populated in 0.0076 seconds. Added 1980 classes and 346 folders.
[2016.06.04-20.35.02:081][  0]LogStats: UGameplayTagsManager::ConstructGameplayTagTree: Construct from data asset -  0.000 s
[2016.06.04-20.35.02:081][  0]LogStats: UGameplayTagsManager::ConstructGameplayTagTree: GameplayTagTreeChangedEvent.Broadcast -  0.000 s
[2016.06.04-20.35.02:081][  0]LogContentBrowser: Native class hierarchy updated for 'GameplayTags' in 0.0003 seconds. Added 12 classes and 0 folders.
[2016.06.04-20.35.02:087][  0]LogContentBrowser: Native class hierarchy updated for 'WidgetCarousel' in 0.0003 seconds. Added 0 classes and 0 folders.
[2016.06.04-20.35.02:094][  0]LogContentBrowser: Native class hierarchy updated for 'SuperSearch' in 0.0003 seconds. Added 1 classes and 2 folders.
[2016.06.04-20.35.02:127][  0]LogContentBrowser: Native class hierarchy updated for 'AddContentDialog' in 0.0005 seconds. Added 0 classes and 0 folders.
[2016.06.04-20.35.02:131][  0]LogContentBrowser: Native class hierarchy updated for 'SceneOutliner' in 0.0003 seconds. Added 1 classes and 2 folders.
[2016.06.04-20.35.02:191][  0]LogCrashTracker: Crashtracker disabled due to settings.
[2016.06.04-20.35.02:195][  0]LogUObjectGlobals:Warning: Failed to find object 'Class None.'
[2016.06.04-20.35.02:223][  0]LogContentBrowser: Native class hierarchy updated for 'HierarchicalLODOutliner' in 0.0006 seconds. Added 1 classes and 2 folders.
[2016.06.04-20.35.02:224][  0]LogLoad: Full Startup: 9.33 seconds (BP compile: 0.11 seconds)
[2016.06.04-20.35.02:224][  0]LogExternalProfiler: Found external profiler: VSPerf
[2016.06.04-20.35.02:224][  0]LogExternalProfiler: Using external profiler: VSPerf
[2016.06.04-20.35.02:241][  0]LogOcInput: OculusInput pre-init called
[2016.06.04-20.35.02:306][  0]LogContentStreaming: Texture pool size now 700 MB
[2016.06.04-20.35.02:456][  0]LogRenderer: Reallocating scene render targets to support 2056x1256 (Frame:2).
[2016.06.04-20.35.02:571][  1]Cmd: UpdateLandscapeEditorData -warnings
[2016.06.04-20.35.02:594][  1]LogAssetRegistry: Asset discovery search completed in 6.0489 seconds
[2016.06.04-20.35.02:594][  1]LogCollectionManager: Rebuilt the object cache for 0 collections in 0.000001 seconds (found 0 objects)
[2016.06.04-20.35.02:594][  1]LogCollectionManager: Fixed up redirectors for 0 collections in 0.000041 seconds (updated 0 objects)
[2016.06.04-20.35.05:722][171]LogPlayLevel: PlayLevel: No blueprints needed recompiling
[2016.06.04-20.35.05:723][171]PIE: New page: PIE session: Plains (Jun 4, 2016, 5:35:05 AM)
[2016.06.04-20.35.05:723][171]LogPlayLevel: Creating play world package: /Game/UEDPIE_0_Plains
[2016.06.04-20.35.05:745][171]LogPlayLevel: PIE: StaticDuplicateObject took: (0.022386s)
[2016.06.04-20.35.05:746][171]LogAIModule: Creating AISystem for world Plains
[2016.06.04-20.35.05:746][171]LogPlayLevel: PIE: World Init took: (0.000913s)
[2016.06.04-20.35.05:747][171]LogPlayLevel: PIE: Created PIE world by copying editor world from /Game/Plains.Plains to /Game/UEDPIE_0_Plains.Plains (0.023616s)
[2016.06.04-20.35.05:779][171]LogInit: XAudio2 using 'Speakers (4- USB Audio Device)' : 2 channels at 44.1 kHz using 16 bits per sample (channel mask 0x3)
[2016.06.04-20.35.05:784][171]LogInit: FAudioDevice initialized.
[2016.06.04-20.35.06:058][171]LogLinker:Warning: Can't find file '/Game/Vive/Material/MTeleportTarget'
[2016.06.04-20.35.06:058][171]LogLinker:Warning: Can't find file for asset '/Game/Vive/Material/MTeleportTarget' while loading D:/HeliosFinal/Content/Vive/Vive_Pawn.uasset.
[2016.06.04-20.35.06:058][171]LoadErrors:Error: Error /Game/Vive/Vive_Pawn : Can't find file for asset. /Game/Vive/Material/MTeleportTarget
[2016.06.04-20.35.06:066][171]LogLinker:Warning: Can't find file '/Game/Vive/Material/MTeleportTarget'
[2016.06.04-20.35.06:066][171]LogLinker:Warning: Can't find file for asset '/Game/Vive/Material/MTeleportTarget' while loading D:/HeliosFinal/Content/Vive/Vive_Pawn.uasset.
[2016.06.04-20.35.06:078][171]LogLinker:Warning: Can't find file '/Game/Vive/Material/MTeleportTarget'
[2016.06.04-20.35.06:078][171]LogLinker:Warning: Can't find file for asset '/Game/Vive/Material/MTeleportTarget' while loading D:/HeliosFinal/Content/Vive/SteamVR_GM.uasset.
[2016.06.04-20.35.06:078][171]LoadErrors:Error: Error /Game/Vive/SteamVR_GM : Can't find file for asset. /Game/Vive/Material/MTeleportTarget
[2016.06.04-20.35.06:078][171]LogLinker:Warning: Can't find file '/Game/Vive/Material/MTeleportTarget'
[2016.06.04-20.35.06:078][171]LogLinker:Warning: Can't find file for asset '/Game/Vive/Material/MTeleportTarget' while loading D:/HeliosFinal/Content/Vive/SteamVR_GM.uasset.
[2016.06.04-20.35.06:184][171]LogLinker:Warning: Can't find file '/Game/Vive/Material/MTeleportTarget'
[2016.06.04-20.35.06:184][171]LoadErrors: Info Failed to load /Game/Vive/Material/MTeleportTarget.MTeleportTarget Referenced by LTarget_GEN_VARIABLE
[2016.06.04-20.35.06:184][171]LogLinker:Warning: Can't find file for asset '/Game/Vive/Material/MTeleportTarget' while loading D:/HeliosFinal/Content/Vive/SteamVR_GM.uasset.
[2016.06.04-20.35.06:184][171]LogLinker:Warning: Can't find file '/Game/Vive/Material/MTeleportTarget'
[2016.06.04-20.35.06:184][171]LoadErrors: Info Failed to load /Game/Vive/Material/MTeleportTarget.MTeleportTarget Referenced by RTarget_GEN_VARIABLE
[2016.06.04-20.35.06:184][171]LogLinker:Warning: Can't find file for asset '/Game/Vive/Material/MTeleportTarget' while loading D:/HeliosFinal/Content/Vive/SteamVR_GM.uasset.
[2016.06.04-20.35.06:702][171]LogWorld: Game class is 'SteamVR_GM_C'
[2016.06.04-20.35.06:712][171]LogWorld: Bringing World /Game/UEDPIE_0_Plains.Plains up for play (max tick rate 0) at 2016.06.04-13.35.06
[2016.06.04-20.35.06:713][171]LogWorld: Bringing up level for play took: 0.007013
[2016.06.04-20.35.06:718][171]LogContentBrowser: Native class hierarchy updated for 'MovieSceneCapture' in 0.0004 seconds. Added 9 classes and 0 folders.
[2016.06.04-20.35.06:725][171]PIE: Info Play in editor start time for /Game/UEDPIE_0_Plains 0.807
[2016.06.04-20.35.06:743][173]LogRenderer: Reallocating scene render targets to support 3024x1680 (Frame:8).
[2016.06.04-20.35.06:799][174]LogRenderTargetPool:Warning: r.RenderTargetPoolMin exceeded 437/400 MB (ok in editor, bad on fixed memory platform)
[2016.06.04-20.35.10:339][487]LogSpawn:Warning: SpawnActor failed because of collision at the spawn location [X=275.306 Y=452.190 Z=300.000] for [Target_C]
[2016.06.04-20.35.12:349][667]LogSpawn:Warning: SpawnActor failed because of collision at the spawn location [X=451.664 Y=275.832 Z=0.000] for [Target_C]
[2016.06.04-20.35.18:381][207]LogSpawn:Warning: SpawnActor failed because of collision at the spawn location [X=-382.872 Y=275.832 Z=200.000] for [Target_C]
[2016.06.04-20.35.28:435][107]LogSpawn:Warning: SpawnActor failed because of collision at the spawn location [X=516.216 Y=34.923 Z=200.000] for [Target_C]
[2016.06.04-20.35.30:445][287]LogSpawn:Warning: SpawnActor failed because of collision at the spawn location [X=516.216 Y=34.923 Z=200.000] for [Target_C]
[2016.06.04-20.35.36:477][827]LogSpawn:Warning: SpawnActor failed because of collision at the spawn location [X=451.664 Y=275.832 Z=300.000] for [Target_C]
[2016.06.04-20.35.44:519][547]LogSpawn:Warning: SpawnActor failed because of collision at the spawn location [X=-206.514 Y=452.190 Z=100.000] for [Target_C]
[2016.06.04-20.35.46:529][727]LogSpawn:Warning: SpawnActor failed because of collision at the spawn location [X=451.664 Y=275.832 Z=0.000] for [Target_C]
[2016.06.04-20.35.50:550][ 87]LogSpawn:Warning: SpawnActor failed because of collision at the spawn location [X=516.216 Y=34.922 Z=100.000] for [Target_C]
[2016.06.04-20.35.58:593][807]LogSpawn:Warning: SpawnActor failed because of collision at the spawn location [X=-447.423 Y=34.922 Z=100.000] for [Target_C]
[2016.06.04-20.36.09:253][357]LogTemp:Warning: VRGripMotionController drop function was passed an invalid actor
[2016.06.04-20.36.19:168][662]LogSpawn:Warning: SpawnActor failed because of collision at the spawn location [X=-447.423 Y=34.922 Z=300.000] for [Target_C]
[2016.06.04-20.36.23:190][ 22]LogSpawn:Warning: SpawnActor failed because of collision at the spawn location [X=-382.872 Y=275.832 Z=200.000] for [Target_C]
[2016.06.04-20.36.24:764][163]LogTemp:Warning: VRGripMotionController drop function was passed an invalid actor
[2016.06.04-20.36.25:200][202]LogSpawn:Warning: SpawnActor failed because of collision at the spawn location [X=34.396 Y=516.742 Z=100.000] for [Target_C]
[2016.06.04-20.36.32:300][668]LogPlayLevel: PlayLevel: No blueprints needed recompiling
[2016.06.04-20.36.32:301][668]PIE: New page: PIE session: Plains (Jun 4, 2016, 5:36:32 AM)
[2016.06.04-20.36.32:301][668]LogPlayLevel: Creating play world package: /Game/UEDPIE_0_Plains
[2016.06.04-20.36.32:318][668]LogPlayLevel: PIE: StaticDuplicateObject took: (0.016595s)
[2016.06.04-20.36.32:318][668]LogAIModule: Creating AISystem for world Plains
[2016.06.04-20.36.32:318][668]LogPlayLevel: PIE: World Init took: (0.000737s)
[2016.06.04-20.36.32:319][668]LogPlayLevel: PIE: Created PIE world by copying editor world from /Game/Plains.Plains to /Game/UEDPIE_0_Plains.Plains (0.017575s)
[2016.06.04-20.36.32:319][668]LogActorComponent: UnregisterComponent: (/Engine/Transient.SteamVRChaperone_GEN_VARIABLE) Not registered. Aborting.
[2016.06.04-20.36.32:319][668]LogActorComponent: UnregisterComponent: (/Engine/Transient.FloatingPawnMovement_GEN_VARIABLE) Not registered. Aborting.
[2016.06.04-20.36.32:331][668]LogInit: XAudio2 using 'Speakers (4- USB Audio Device)' : 2 channels at 44.1 kHz using 16 bits per sample (channel mask 0x3)
[2016.06.04-20.36.32:336][668]LogInit: FAudioDevice initialized.
[2016.06.04-20.36.32:449][668]LogWorld: Game class is 'SteamVR_GM_C'
[2016.06.04-20.36.32:461][668]LogWorld: Bringing World /Game/UEDPIE_0_Plains.Plains up for play (max tick rate 0) at 2016.06.04-13.36.32
[2016.06.04-20.36.32:463][668]LogWorld: Bringing up level for play took: 0.009875
[2016.06.04-20.36.32:488][668]PIE: Info Play in editor start time for /Game/UEDPIE_0_Plains 0.569
[2016.06.04-20.36.32:522][670]LogRenderTargetPool:Warning: r.RenderTargetPoolMin exceeded 418/400 MB (ok in editor, bad on fixed memory platform)
[2016.06.04-20.36.36:292][  0]LogSpawn:Warning: SpawnActor failed because of collision at the spawn location [X=34.396 Y=516.742 Z=300.000] for [Target_C]
[2016.06.04-20.36.46:334][899]LogSpawn:Warning: SpawnActor failed because of collision at the spawn location [X=516.216 Y=34.923 Z=0.000] for [Target_C]
[2016.06.04-20.36.56:387][799]LogSpawn:Warning: SpawnActor failed because of collision at the spawn location [X=-382.872 Y=275.832 Z=0.000] for [Target_C]
[2016.06.04-20.36.58:398][979]LogSpawn:Warning: SpawnActor failed because of collision at the spawn location [X=-206.514 Y=452.190 Z=0.000] for [Target_C]
[2016.06.04-20.37.04:430][519]LogSpawn:Warning: SpawnActor failed because of collision at the spawn location [X=275.306 Y=452.190 Z=0.000] for [Target_C]
[2016.06.04-20.37.08:451][879]LogSpawn:Warning: SpawnActor failed because of collision at the spawn location [X=-206.514 Y=452.190 Z=0.000] for [Target_C]
[2016.06.04-20.37.10:461][ 59]LogSpawn:Warning: SpawnActor failed because of collision at the spawn location [X=451.664 Y=275.832 Z=0.000] for [Target_C]
[2016.06.04-20.37.14:483][419]LogSpawn:Warning: SpawnActor failed because of collision at the spawn location [X=451.664 Y=-205.987 Z=100.000] for [Target_C]
[2016.06.04-20.37.26:396][808]LogWindowsTextInputMethodSystem:Display: IME system now deactivated.
[2016.06.04-20.37.26:662][809]Cmd: QUIT_EDITOR
[2016.06.04-20.37.26:788][809]LogExit: Preparing to exit.
[2016.06.04-20.37.27:629][809]LogExit: Editor shut down
[2016.06.04-20.37.27:630][809]LogExit: Transaction tracking system shut down
[2016.06.04-20.37.27:721][809]LogObj: Freed 0b from 0 cluster array pools.
[2016.06.04-20.37.27:721][809]LogExit: Object subsystem successfully closed.
[2016.06.04-20.37.27:736][809]LogD3D11RHI: Shutdown
[2016.06.04-20.37.27:736][809]LogD3D11RHI: CleanupD3DDevice
[2016.06.04-20.37.27:738][809]LogD3D11RHI: ~FD3D11DynamicRHI
[2016.06.04-20.37.27:815][809]LogDerivedDataCache: Shutdown
[2016.06.04-20.37.27:816][809]LogModuleManager: Shutting down and abandoning module MovieSceneCapture (206)
[2016.06.04-20.37.27:816][809]LogModuleManager: Shutting down and abandoning module HierarchicalLODOutliner (205)
[2016.06.04-20.37.27:816][809]LogModuleManager: Shutting down and abandoning module CrashTracker (204)
[2016.06.04-20.37.27:816][809]LogModuleManager: Shutting down and abandoning module SceneOutliner (203)
[2016.06.04-20.37.27:816][809]LogModuleManager: Shutting down and abandoning module SuperSearch (202)
[2016.06.04-20.37.27:816][809]LogModuleManager: Shutting down and abandoning module WidgetCarousel (201)
[2016.06.04-20.37.27:816][809]LogModuleManager: Shutting down and abandoning module AddContentDialog (200)
[2016.06.04-20.37.27:816][809]LogModuleManager: Shutting down and abandoning module GameplayTags (199)
[2016.06.04-20.37.27:816][809]LogModuleManager: Shutting down and abandoning module EditorWidgets (198)
[2016.06.04-20.37.27:816][809]LogModuleManager: Shutting down and abandoning module CollectionManager (197)
[2016.06.04-20.37.27:817][809]LogModuleManager: Shutting down and abandoning module StatsViewer (196)
[2016.06.04-20.37.27:817][809]LogModuleManager: Shutting down and abandoning module FoliageEdit (195)
[2016.06.04-20.37.27:817][809]LogModuleManager: Shutting down and abandoning module LandscapeEditor (194)
[2016.06.04-20.37.27:817][809]LogModuleManager: Shutting down and abandoning module ActorPickerMode (193)
[2016.06.04-20.37.27:817][809]LogModuleManager: Shutting down and abandoning module GeometryMode (192)
[2016.06.04-20.37.27:817][809]LogModuleManager: Shutting down and abandoning module TextureAlignMode (191)
[2016.06.04-20.37.27:817][809]LogModuleManager: Shutting down and abandoning module BspMode (190)
[2016.06.04-20.37.27:817][809]LogModuleManager: Shutting down and abandoning module PlacementMode (189)
[2016.06.04-20.37.27:817][809]LogModuleManager: Shutting down and abandoning module AutomationWorker (188)
[2016.06.04-20.37.27:817][809]LogModuleManager: Shutting down and abandoning module CharacterAI (187)
[2016.06.04-20.37.27:817][809]LogModuleManager: Shutting down and abandoning module SmartSnapping (186)
[2016.06.04-20.37.27:817][809]LogModuleManager: Shutting down and abandoning module ViewportSnapping (185)
[2016.06.04-20.37.27:817][809]LogModuleManager: Shutting down and abandoning module LogVisualizer (184)
[2016.06.04-20.37.27:817][809]LogModuleManager: Shutting down and abandoning module GameProjectGeneration (183)
[2016.06.04-20.37.27:817][809]LogModuleManager: Shutting down and abandoning module IntroTutorials (182)
[2016.06.04-20.37.27:817][809]LogModuleManager: Shutting down and abandoning module EditorLiveStreaming (181)
[2016.06.04-20.37.27:817][809]LogModuleManager: Shutting down and abandoning module IOSPlatformEditor (180)
[2016.06.04-20.37.27:817][809]LogModuleManager: Shutting down and abandoning module HTML5PlatformEditor (179)
[2016.06.04-20.37.27:817][809]LogModuleManager: Shutting down and abandoning module AndroidDeviceDetection (178)
[2016.06.04-20.37.28:083][809]LogModuleManager: Shutting down and abandoning module AndroidPlatformEditor (177)
[2016.06.04-20.37.28:083][809]LogModuleManager: Shutting down and abandoning module IOSRuntimeSettings (176)
[2016.06.04-20.37.28:083][809]LogModuleManager: Shutting down and abandoning module AndroidRuntimeSettings (175)
[2016.06.04-20.37.28:083][809]LogModuleManager: Shutting down and abandoning module MergeActors (174)
[2016.06.04-20.37.28:083][809]LogModuleManager: Shutting down and abandoning module SizeMap (173)
[2016.06.04-20.37.28:083][809]LogModuleManager: Shutting down and abandoning module TreeMap (172)
[2016.06.04-20.37.28:083][809]LogModuleManager: Shutting down and abandoning module ReferenceViewer (171)
[2016.06.04-20.37.28:083][809]LogModuleManager: Shutting down and abandoning module LocalizationService (170)
[2016.06.04-20.37.28:083][809]LogModuleManager: Shutting down and abandoning module LocalizationDashboard (169)
[2016.06.04-20.37.28:083][809]LogModuleManager: Shutting down and abandoning module HardwareTargeting (168)
[2016.06.04-20.37.28:083][809]LogModuleManager: Shutting down and abandoning module DeviceProfileEditor (167)
[2016.06.04-20.37.28:083][809]LogModuleManager: Shutting down and abandoning module UndoHistory (166)
[2016.06.04-20.37.28:083][809]LogModuleManager: Shutting down and abandoning module UserFeedback (165)
[2016.06.04-20.37.28:083][809]LogModuleManager: Shutting down and abandoning module XmlParser (164)
[2016.06.04-20.37.28:083][809]LogModuleManager: Shutting down and abandoning module Blutility (163)
[2016.06.04-20.37.28:083][809]LogModuleManager: Shutting down and abandoning module ProjectTargetPlatformEditor (162)
[2016.06.04-20.37.28:083][809]LogModuleManager: Shutting down and abandoning module ProjectSettingsViewer (161)
[2016.06.04-20.37.28:083][809]LogModuleManager: Shutting down and abandoning module InputBindingEditor (160)
[2016.06.04-20.37.28:083][809]LogModuleManager: Shutting down and abandoning module EditorSettingsViewer (159)
[2016.06.04-20.37.28:083][809]LogModuleManager: Shutting down and abandoning module SettingsEditor (158)
[2016.06.04-20.37.28:083][809]LogModuleManager: Shutting down and abandoning module ProjectLauncher (157)
[2016.06.04-20.37.28:083][809]LogModuleManager: Shutting down and abandoning module SessionFrontend (156)
[2016.06.04-20.37.28:083][809]LogModuleManager: Shutting down and abandoning module ProfilerClient (155)
[2016.06.04-20.37.28:083][809]LogModuleManager: Shutting down and abandoning module TargetDeviceServices (154)
[2016.06.04-20.37.28:083][809]LogModuleManager: Shutting down and abandoning module DeviceManager (153)
[2016.06.04-20.37.28:116][809]LogModuleManager: Shutting down and abandoning module AutomationController (152)
[2016.06.04-20.37.28:116][809]LogModuleManager: Shutting down and abandoning module AutomationWindow (151)
[2016.06.04-20.37.28:116][809]LogModuleManager: Shutting down and abandoning module Layers (150)
[2016.06.04-20.37.28:116][809]LogModuleManager: Shutting down and abandoning module ComponentVisualizers (149)
[2016.06.04-20.37.28:116][809]LogModuleManager: Shutting down and abandoning module DetailCustomizations (148)
[2016.06.04-20.37.28:116][809]LogModuleManager: Shutting down and abandoning module PackagesDialog (147)
[2016.06.04-20.37.28:116][809]LogModuleManager: Shutting down and abandoning module Persona (146)
[2016.06.04-20.37.28:116][809]LogModuleManager: Shutting down and abandoning module Kismet (145)
[2016.06.04-20.37.28:116][809]LogModuleManager: Shutting down and abandoning module GraphEditor (144)
[2016.06.04-20.37.28:116][809]LogModuleManager: Shutting down and abandoning module ClassViewer (143)
[2016.06.04-20.37.28:116][809]LogModuleManager: Shutting down and abandoning module Toolbox (142)
[2016.06.04-20.37.28:116][809]LogModuleManager: Shutting down and abandoning module ModuleUI (141)
[2016.06.04-20.37.28:116][809]LogModuleManager: Shutting down and abandoning module MovieSceneTools (140)
[2016.06.04-20.37.28:116][809]LogModuleManager: Shutting down and abandoning module OutputLog (139)
[2016.06.04-20.37.28:116][809]LogModuleManager: Shutting down and abandoning module GammaUI (138)
[2016.06.04-20.37.28:116][809]LogModuleManager: Shutting down and abandoning module Documentation (137)
[2016.06.04-20.37.28:116][809]LogModuleManager: Shutting down and abandoning module StreamingPauseRendering (136)
[2016.06.04-20.37.28:116][809]LogModuleManager: Shutting down and abandoning module AnalyticsET (135)
[2016.06.04-20.37.28:116][809]LogModuleManager: Shutting down and abandoning module Analytics (134)
[2016.06.04-20.37.28:116][809]LogModuleManager: Shutting down and abandoning module PortalServices (133)
[2016.06.04-20.37.28:116][809]LogModuleManager: Shutting down and abandoning module PortalRpc (132)
[2016.06.04-20.37.28:116][809]LogModuleManager: Shutting down and abandoning module MessagingRpc (131)
[2016.06.04-20.37.28:116][809]LogModuleManager: Shutting down and abandoning module AITestSuite (130)
[2016.06.04-20.37.28:116][809]LogModuleManager: Shutting down and abandoning module GameplayDebugger (129)
[2016.06.04-20.37.28:116][809]LogModuleManager: Shutting down and abandoning module AIModule (128)
[2016.06.04-20.37.28:116][809]LogModuleManager: Shutting down and abandoning module ProfilerService (127)
[2016.06.04-20.37.28:179][809]LogModuleManager: Shutting down and abandoning module TaskGraph (126)
[2016.06.04-20.37.28:179][809]LogModuleManager: Shutting down and abandoning module VRGripMotionControllerPlugin (125)
[2016.06.04-20.37.28:179][809]LogModuleManager: Shutting down and abandoning module SlateRemote (124)
[2016.06.04-20.37.28:179][809]LogModuleManager: Shutting down and abandoning module SteamVRController (123)
[2016.06.04-20.37.28:179][809]LogModuleManager: Shutting down and abandoning module SteamVR (122)
[2016.06.04-20.37.28:179][809]LogModuleManager: Shutting down and abandoning module ProceduralMeshComponent (121)
[2016.06.04-20.37.28:179][809]LogModuleManager: Shutting down and abandoning module OculusLibrary (120)
[2016.06.04-20.37.28:179][809]LogModuleManager: Shutting down and abandoning module OculusInput (119)
[2016.06.04-20.37.28:179][809]LogModuleManager: Shutting down and abandoning module CustomMeshComponent (118)
[2016.06.04-20.37.28:179][809]LogModuleManager: Shutting down and abandoning module CableComponent (117)
[2016.06.04-20.37.28:179][809]LogModuleManager: Shutting down and abandoning module ArchVisCharacter (116)
[2016.06.04-20.37.28:179][809]LogModuleManager: Shutting down and abandoning module MediaPlayerEditor (115)
[2016.06.04-20.37.28:179][809]LogModuleManager: Shutting down and abandoning module HTML5Networking (114)
[2016.06.04-20.37.28:179][809]LogModuleManager: Shutting down and abandoning module SpeedTreeImporter (113)
[2016.06.04-20.37.28:179][809]LogModuleManager: Shutting down and abandoning module PluginBrowser (112)
[2016.06.04-20.37.28:180][809]LogModuleManager: Shutting down and abandoning module EpicSurvey (111)
[2016.06.04-20.37.28:180][809]LogModuleManager: Shutting down and abandoning module DesktopPlatform (110)
[2016.06.04-20.37.28:180][809]LogModuleManager: Shutting down and abandoning module VisualStudioSourceCodeAccess (109)
[2016.06.04-20.37.28:180][809]LogModuleManager: Shutting down and abandoning module UObjectPlugin (108)
[2016.06.04-20.37.28:180][809]LogModuleManager: Shutting down and abandoning module SubversionSourceControl (107)
[2016.06.04-20.37.28:180][809]LogModuleManager: Shutting down and abandoning module PerforceSourceControl (106)
[2016.06.04-20.37.28:180][809]LogModuleManager: Shutting down and abandoning module SourceControl (105)
[2016.06.04-20.37.28:180][809]LogModuleManager: Shutting down and abandoning module GitSourceControl (104)
[2016.06.04-20.37.28:180][809]LogModuleManager: Shutting down and abandoning module LightPropagationVolumeEditor (103)
[2016.06.04-20.37.28:180][809]LogModuleManager: Shutting down and abandoning module PaperTiledImporter (102)
[2016.06.04-20.37.28:180][809]LogModuleManager: Shutting down and abandoning module PaperSpriteSheetImporter (101)
[2016.06.04-20.37.28:180][809]LogModuleManager: Shutting down and abandoning module MeshPaint (100)
[2016.06.04-20.37.28:180][809]LogModuleManager: Shutting down and abandoning module HotReload (99)
[2016.06.04-20.37.28:180][809]LogModuleManager: Shutting down and abandoning module MainFrame (98)
[2016.06.04-20.37.28:180][809]LogModuleManager: Shutting down and abandoning module LevelEditor (97)
[2016.06.04-20.37.28:181][809]LogModuleManager: Shutting down and abandoning module DirectoryWatcher (96)
[2016.06.04-20.37.28:181][809]LogModuleManager: Shutting down and abandoning module AssetRegistry (95)
[2016.06.04-20.37.28:297][809]LogModuleManager: Shutting down and abandoning module ContentBrowser (94)
[2016.06.04-20.37.28:297][809]LogModuleManager: Shutting down and abandoning module Paper2DEditor (93)
[2016.06.04-20.37.28:297][809]LogModuleManager: Shutting down and abandoning module UdpMessaging (92)
[2016.06.04-20.37.28:399][809]LogModuleManager: Shutting down and abandoning module LightPropagationVolumeRuntime (91)
[2016.06.04-20.37.28:399][809]LogModuleManager: Shutting down and abandoning module Paper2D (90)
[2016.06.04-20.37.28:399][809]LogModuleManager: Shutting down and abandoning module WindowsMoviePlayer (89)
[2016.06.04-20.37.28:399][809]LogModuleManager: Shutting down and abandoning module Media (88)
[2016.06.04-20.37.28:399][809]LogModuleManager: Shutting down and abandoning module WmfMedia (87)
[2016.06.04-20.37.28:399][809]LogModuleManager: Shutting down and abandoning module MediaAssets (86)
[2016.06.04-20.37.28:399][809]LogModuleManager: Shutting down and abandoning module GameLiveStreaming (85)
[2016.06.04-20.37.28:399][809]LogModuleManager: Shutting down and abandoning module GameplayTagsEditor (84)
[2016.06.04-20.37.28:399][809]LogModuleManager: Shutting down and abandoning module OnlineBlueprintSupport (83)
[2016.06.04-20.37.28:399][809]LogModuleManager: Shutting down and abandoning module GameplayTasksEditor (82)
[2016.06.04-20.37.28:399][809]LogModuleManager: Shutting down and abandoning module PropertyEditor (81)
[2016.06.04-20.37.28:399][809]LogModuleManager: Shutting down and abandoning module BehaviorTreeEditor (80)
[2016.06.04-20.37.28:399][809]LogModuleManager: Shutting down and abandoning module FunctionalTesting (79)
[2016.06.04-20.37.28:399][809]LogModuleManager: Shutting down and abandoning module CollisionAnalyzer (78)
[2016.06.04-20.37.28:399][809]LogModuleManager: Shutting down and abandoning module WorkspaceMenuStructure (77)
[2016.06.04-20.37.28:399][809]LogModuleManager: Shutting down and abandoning module MessageLog (76)
[2016.06.04-20.37.28:399][809]LogModuleManager: Shutting down and abandoning module Sequencer (75)
[2016.06.04-20.37.28:399][809]LogModuleManager: Shutting down and abandoning module AssetTools (74)
[2016.06.04-20.37.28:399][809]LogModuleManager: Shutting down and abandoning module UMGEditor (73)
[2016.06.04-20.37.28:399][809]LogModuleManager: Shutting down and abandoning module UMG (72)
[2016.06.04-20.37.28:399][809]LogModuleManager: Shutting down and abandoning module SlateReflector (71)
[2016.06.04-20.37.28:399][809]LogModuleManager: Shutting down and abandoning module Slate (70)
[2016.06.04-20.37.28:399][809]LogModuleManager: Shutting down and abandoning module EditorStyle (69)
[2016.06.04-20.37.28:401][809]LogModuleManager: Shutting down and abandoning module SessionServices (68)
[2016.06.04-20.37.28:401][809]LogModuleManager: Shutting down and abandoning module SourceCodeAccess (67)
[2016.06.04-20.37.28:401][809]LogModuleManager: Shutting down and abandoning module HeadMountedDisplay (66)
[2016.06.04-20.37.28:401][809]LogModuleManager: Shutting down and abandoning module XAudio2 (65)
[2016.06.04-20.37.28:401][809]LogModuleManager: Shutting down and abandoning module Networking (63)
[2016.06.04-20.37.28:401][809]LogModuleManager: Shutting down and abandoning module Core (62)
[2016.06.04-20.37.28:401][809]LogModuleManager: Shutting down and abandoning module KismetCompiler (61)
[2016.06.04-20.37.28:401][809]LogModuleManager: Shutting down and abandoning module PhysXFormats (60)
[2016.06.04-20.37.28:401][809]LogModuleManager: Shutting down and abandoning module MeshUtilities (59)
[2016.06.04-20.37.28:401][809]LogModuleManager: Shutting down and abandoning module CookingStats (58)
[2016.06.04-20.37.28:401][809]LogModuleManager: Shutting down and abandoning module DerivedDataCache (57)
[2016.06.04-20.37.28:401][809]LogDerivedDataCache: Shutdown
[2016.06.04-20.37.28:401][809]LogModuleManager: Shutting down and abandoning module ShaderFormatOpenGL (56)
[2016.06.04-20.37.28:401][809]LogModuleManager: Shutting down and abandoning module ShaderFormatD3D (55)
[2016.06.04-20.37.28:401][809]LogModuleManager: Shutting down and abandoning module MetalShaderFormat (54)
[2016.06.04-20.37.28:401][809]LogModuleManager: Shutting down and abandoning module TextureFormatUncompressed (53)
[2016.06.04-20.37.28:401][809]LogModuleManager: Shutting down and abandoning module TextureFormatPVR (52)
[2016.06.04-20.37.28:401][809]LogModuleManager: Shutting down and abandoning module TextureFormatIntelISPCTexComp (51)
[2016.06.04-20.37.28:401][809]LogModuleManager: Shutting down and abandoning module TextureFormatDXT (50)
[2016.06.04-20.37.28:401][809]LogModuleManager: Shutting down and abandoning module ImageWrapper (49)
[2016.06.04-20.37.28:401][809]LogModuleManager: Shutting down and abandoning module TextureFormatASTC (48)
[2016.06.04-20.37.28:401][809]LogModuleManager: Shutting down and abandoning module TextureFormatAndroid (47)
[2016.06.04-20.37.28:401][809]LogModuleManager: Shutting down and abandoning module AudioFormatOpus (46)
[2016.06.04-20.37.28:401][809]LogModuleManager: Shutting down and abandoning module AudioFormatOgg (45)
[2016.06.04-20.37.28:401][809]LogModuleManager: Shutting down and abandoning module AudioFormatADPCM (44)
[2016.06.04-20.37.28:401][809]LogModuleManager: Shutting down and abandoning module LinuxTargetPlatform (43)
[2016.06.04-20.37.28:401][809]LogModuleManager: Shutting down and abandoning module LinuxServerTargetPlatform (42)
[2016.06.04-20.37.28:401][809]LogModuleManager: Shutting down and abandoning module LinuxNoEditorTargetPlatform (41)
[2016.06.04-20.37.28:401][809]LogModuleManager: Shutting down and abandoning module TVOSTargetPlatform (40)
[2016.06.04-20.37.28:401][809]LogModuleManager: Shutting down and abandoning module Messaging (39)
[2016.06.04-20.37.28:401][809]LogModuleManager: Shutting down and abandoning module IOSTargetPlatform (38)
[2016.06.04-20.37.28:401][809]LogModuleManager: Shutting down and abandoning module HTML5TargetPlatform (37)
[2016.06.04-20.37.28:401][809]LogModuleManager: Shutting down and abandoning module Android_PVRTCTargetPlatform (36)
[2016.06.04-20.37.28:401][809]LogModuleManager: Shutting down and abandoning module Android_MultiTargetPlatform (35)
[2016.06.04-20.37.28:401][809]LogModuleManager: Shutting down and abandoning module Android_ETC2TargetPlatform (34)
[2016.06.04-20.37.28:401][809]LogModuleManager: Shutting down and abandoning module Android_ETC1TargetPlatform (33)
[2016.06.04-20.37.28:401][809]LogModuleManager: Shutting down and abandoning module Android_DXTTargetPlatform (32)
[2016.06.04-20.37.28:401][809]LogModuleManager: Shutting down and abandoning module Android_ATCTargetPlatform (31)
[2016.06.04-20.37.28:401][809]LogModuleManager: Shutting down and abandoning module Android_ASTCTargetPlatform (30)
[2016.06.04-20.37.28:401][809]LogModuleManager: Shutting down and abandoning module AndroidTargetPlatform (29)
[2016.06.04-20.37.28:401][809]LogModuleManager: Shutting down and abandoning module WindowsTargetPlatform (28)
[2016.06.04-20.37.28:401][809]LogModuleManager: Shutting down and abandoning module WindowsServerTargetPlatform (27)
[2016.06.04-20.37.28:401][809]LogModuleManager: Shutting down and abandoning module WindowsNoEditorTargetPlatform (26)
[2016.06.04-20.37.28:401][809]LogModuleManager: Shutting down and abandoning module WindowsClientTargetPlatform (25)
[2016.06.04-20.37.28:401][809]LogModuleManager: Shutting down and abandoning module AllDesktopTargetPlatform (24)
[2016.06.04-20.37.28:401][809]LogModuleManager: Shutting down and abandoning module TargetPlatform (23)
[2016.06.04-20.37.28:401][809]LogModuleManager: Shutting down and abandoning module InputCore (22)
[2016.06.04-20.37.28:401][809]LogModuleManager: Shutting down and abandoning module Settings (21)
[2016.06.04-20.37.28:401][809]LogModuleManager: Shutting down and abandoning module OnlineSubsystem (19)
[2016.06.04-20.37.28:401][809]LogModuleManager: Shutting down and abandoning module HTTP (18)
[2016.06.04-20.37.30:405][809]LogModuleManager: Shutting down and abandoning module XMPP (17)
[2016.06.04-20.37.30:405][809]LogModuleManager: Shutting down and abandoning module OculusRift (16)
[2016.06.04-20.37.30:405][809]LogModuleManager: Shutting down and abandoning module ExampleDeviceProfileSelector (15)
[2016.06.04-20.37.30:405][809]LogModuleManager: Shutting down and abandoning module TextureCompressor (14)
[2016.06.04-20.37.30:406][809]LogModuleManager: Shutting down and abandoning module ShaderCore (13)
[2016.06.04-20.37.30:406][809]LogModuleManager: Shutting down and abandoning module Landscape (12)
[2016.06.04-20.37.30:406][809]LogModuleManager: Shutting down and abandoning module SlateRHIRenderer (11)
[2016.06.04-20.37.30:406][809]LogModuleManager: Shutting down and abandoning module OpenGLDrv (10)
[2016.06.04-20.37.30:406][809]LogModuleManager: Shutting down and abandoning module D3D11RHI (9)
[2016.06.04-20.37.30:406][809]LogModuleManager: Shutting down and abandoning module AnimGraphRuntime (8)
[2016.06.04-20.37.30:407][809]LogModuleManager: Shutting down and abandoning module Renderer (7)
[2016.06.04-20.37.30:407][809]LogModuleManager: Shutting down and abandoning module Engine (6)
[2016.06.04-20.37.30:407][809]LogModuleManager: Shutting down and abandoning module CoreUObject (5)
[2016.06.04-20.37.30:407][809]LogModuleManager: Shutting down and abandoning module NetworkFile (4)
[2016.06.04-20.37.30:407][809]LogModuleManager: Shutting down and abandoning module StreamingFile (3)
[2016.06.04-20.37.30:407][809]LogModuleManager: Shutting down and abandoning module SandboxFile (2)
[2016.06.04-20.37.30:407][809]LogModuleManager: Shutting down and abandoning module PakFile (1)
[2016.06.04-20.37.30:409][809]LogExit: Exiting.
[2016.06.04-20.37.30:411][809]Log file closed, 06/04/16 13:37:30
