Log file open, 06/08/16 01:14:00
LogInit:Display: Running engine for game: HeliosFinal
LogPlatformFile: Not using cached read wrapper
LogInit:Display: RandInit(-324576623) SRandInit(-324576621).
LogTaskGraph: Started task graph with 4 named threads and 7 total threads.
LogStats: Stats thread started at 0.080699
LogInit: Version: 4.11.2-2946394+++UE4+Release-4.11
LogInit: API Version: 2927265
LogInit: Compiled (64-bit): Apr 18 2016 02:18:46
LogInit: Compiled with Visual C++: 19.00.23026.00
LogInit: Build Configuration: Development
LogInit: Branch Name: ++UE4+Release-4.11
LogInit: Command line:  
LogInit: Base directory: C:/Program Files/Epic Games/4.11/Engine/Binaries/Win64/
LogInit: Installed Engine Build: 1
LogInit: Using libcurl 7.41.0
LogInit:  - built for x86_64-pc-win32
LogInit:  - supports SSL with WinSSL
LogInit:  - other features:
LogInit:      CURL_VERSION_SSL
LogInit:      CURL_VERSION_IPV6
LogInit:      CURL_VERSION_ASYNCHDNS
LogInit:      CURL_VERSION_LARGEFILE
LogInit:      CURL_VERSION_IDN
LogInit:  CurlRequestOptions (configurable via config and command line):
LogInit:  - bVerifyPeer = true  - Libcurl will verify peer certificate
LogInit:  - bUseHttpProxy = false  - Libcurl will NOT use HTTP proxy
LogInit:  - bDontReuseConnections = false  - Libcurl will reuse connections
LogInit:  - CertBundlePath = nullptr  - Libcurl will use whatever was configured at build time.
LogInit: Presizing for max 16777216 objects, including 0 objects not considered by GC, pre-allocating 0 bytes for permanent pool.
LogInit: Object subsystem initialized
[2016.06.08-08.14.01:034][  0]LogConsoleManager:Display: Setting the console variable 'r.ScreenPercentage' with 'SetByScalability' was ignored as it is lower priority than the previous 'SetBySystemSettingsIni'
[2016.06.08-08.14.01:034][  0]LogConsoleManager:Display: Setting the console variable 'r.PostProcessAAQuality' with 'SetByScalability' was ignored as it is lower priority than the previous 'SetBySystemSettingsIni'
[2016.06.08-08.14.01:034][  0]LogConsoleManager:Display: Setting the console variable 'sg.PostProcessQuality' with 'SetByScalability' was ignored as it is lower priority than the previous 'SetBySystemSettingsIni'
[2016.06.08-08.14.01:034][  0]LogConsoleManager:Display: Setting the console variable 'r.MaxAnisotropy' with 'SetByScalability' was ignored as it is lower priority than the previous 'SetBySystemSettingsIni'
[2016.06.08-08.14.01:034][  0]LogConsoleManager:Display: Setting the console variable 'sg.EffectsQuality' with 'SetByScalability' was ignored as it is lower priority than the previous 'SetBySystemSettingsIni'
[2016.06.08-08.14.01:034][  0]LogInit: Selected Device Profile: [Windows]
[2016.06.08-08.14.01:034][  0]LogInit: Applying CVar settings loaded from the selected device profile: [Windows]
[2016.06.08-08.14.01:041][  0]LogInit: Computer: 210-EUROPA
[2016.06.08-08.14.01:041][  0]LogInit: User: Helios
[2016.06.08-08.14.01:041][  0]LogInit: CPU Page size=65536, Cores=4
[2016.06.08-08.14.01:041][  0]LogInit: High frequency timer resolution =2.531255 MHz
[2016.06.08-08.14.01:041][  0]LogMemory: Memory total: Physical=15.9GB (16GB approx)
[2016.06.08-08.14.01:041][  0]LogMemory: Platform Memory Stats for Windows
[2016.06.08-08.14.01:041][  0]LogMemory: Process Physical Memory: 314.85 MB used, 314.85 MB peak
[2016.06.08-08.14.01:041][  0]LogMemory: Process Virtual Memory: 314.99 MB used, 314.99 MB peak
[2016.06.08-08.14.01:041][  0]LogMemory: Physical Memory: 3992.27 MB used, 16283.44 MB total
[2016.06.08-08.14.01:041][  0]LogMemory: Virtual Memory: 653.71 MB used, 134217728.00 MB total
[2016.06.08-08.14.01:074][  0]LogTextLocalizationManager: No specific translations for ('en-US') exist, so ('en') translations will be used.
[2016.06.08-08.14.01:471][  0]LogD3D11RHI: D3D11 adapters:
[2016.06.08-08.14.01:499][  0]LogD3D11RHI:    0. 'NVIDIA GeForce GTX 980 Ti' (Feature Level 11_0)
[2016.06.08-08.14.01:499][  0]LogD3D11RHI:       6047MB of dedicated video memory, 0MB of dedicated system memory, and 8141MB of shared system memory, 1 output[s]
[2016.06.08-08.14.01:505][  0]LogD3D11RHI:    1. 'Intel(R) HD Graphics 530' (Feature Level 11_0)
[2016.06.08-08.14.01:505][  0]LogD3D11RHI:       128MB of dedicated video memory, 0MB of dedicated system memory, and 8141MB of shared system memory, 0 output[s]
[2016.06.08-08.14.01:506][  0]LogD3D11RHI:    2. 'Microsoft Basic Render Driver' (Feature Level 11_0)
[2016.06.08-08.14.01:506][  0]LogD3D11RHI:       0MB of dedicated video memory, 0MB of dedicated system memory, and 8141MB of shared system memory, 0 output[s]
[2016.06.08-08.14.01:506][  0]LogD3D11RHI: Chosen D3D11 Adapter: 0
[2016.06.08-08.14.01:511][  0]LogD3D11RHI: Creating new Direct3DDevice
[2016.06.08-08.14.01:511][  0]LogD3D11RHI:     Adapter Name: NVIDIA GeForce GTX 980 Ti
[2016.06.08-08.14.01:511][  0]LogD3D11RHI:   Driver Version: Unknown (internal Unknown)
[2016.06.08-08.14.01:511][  0]LogD3D11RHI:      Driver Date: Unknown
[2016.06.08-08.14.01:511][  0]LogRHI: Texture pool is 1361 MB (70% of 1945 MB)
[2016.06.08-08.14.01:529][  0]LogD3D11RHI: Async texture creation enabled
[2016.06.08-08.14.01:545][  0]LogShaderCompilers: Guid format shader working directory is 33 characters bigger than the processId version (D:/HeliosFinal/Intermediate/Shaders/WorkingDirectory/3036/).
[2016.06.08-08.14.01:545][  0]LogShaderCompilers: Cleaned the shader compiler working directory 'C:/Users/Helios/AppData/Local/Temp/UnrealShaderWorkingDir/001CECE14AF23E56A5FC2CBB10A328B8/'.
[2016.06.08-08.14.01:545][  0]LogShaderCompilers:Display: Using Local Shader Compiler.
[2016.06.08-08.14.02:444][  0]LogTemp:Display: Loaded TP AllDesktopTargetPlatform
[2016.06.08-08.14.02:450][  0]LogTemp:Display: Loaded TP WindowsClientTargetPlatform
[2016.06.08-08.14.02:455][  0]LogTemp:Display: Loaded TP WindowsNoEditorTargetPlatform
[2016.06.08-08.14.02:460][  0]LogTemp:Display: Loaded TP WindowsServerTargetPlatform
[2016.06.08-08.14.02:465][  0]LogTemp:Display: Loaded TP WindowsTargetPlatform
[2016.06.08-08.14.02:468][  0]LogTemp:Display: Loaded TP AndroidTargetPlatform
[2016.06.08-08.14.02:471][  0]LogTemp:Display: Loaded TP Android_ASTCTargetPlatform
[2016.06.08-08.14.02:475][  0]LogTemp:Display: Loaded TP Android_ATCTargetPlatform
[2016.06.08-08.14.02:478][  0]LogTemp:Display: Loaded TP Android_DXTTargetPlatform
[2016.06.08-08.14.02:481][  0]LogTemp:Display: Loaded TP Android_ETC1TargetPlatform
[2016.06.08-08.14.02:485][  0]LogTemp:Display: Loaded TP Android_ETC2TargetPlatform
[2016.06.08-08.14.02:490][  0]LogTemp:Display: Loaded TP Android_MultiTargetPlatform
[2016.06.08-08.14.02:490][  0]LogTemp:Display: Loaded TP Android_PVRTCTargetPlatform
[2016.06.08-08.14.02:491][  0]LogTemp:Display: Loaded TP HTML5TargetPlatform
[2016.06.08-08.14.02:509][  0]LogTemp:Display: Loaded TP IOSTargetPlatform
[2016.06.08-08.14.02:511][  0]LogTemp:Display: Loaded TP TVOSTargetPlatform
[2016.06.08-08.14.02:513][  0]LogTemp:Display: Loaded TP LinuxNoEditorTargetPlatform
[2016.06.08-08.14.02:516][  0]LogTemp:Display: Loaded TP LinuxServerTargetPlatform
[2016.06.08-08.14.02:520][  0]LogTemp:Display: Loaded TP LinuxTargetPlatform
[2016.06.08-08.14.02:520][  0]LogTargetPlatformManager:Display: Building Assets For Windows
[2016.06.08-08.14.02:610][  0]LogDerivedDataCache:Display: Max Cache Size: 512 MB
[2016.06.08-08.14.02:651][  0]LogDerivedDataCache: Loaded boot cache 0.04s 48MB C:/Users/Helios/AppData/Local/UnrealEngine/4.11/DerivedDataCache/Boot.ddc.
[2016.06.08-08.14.02:651][  0]LogDerivedDataCache:Display: Loaded Boot cache: C:/Users/Helios/AppData/Local/UnrealEngine/4.11/DerivedDataCache/Boot.ddc
[2016.06.08-08.14.02:651][  0]LogDerivedDataCache: FDerivedDataBackendGraph:  Pak pak cache file D:/HeliosFinal/DerivedDataCache/DDC.ddp not found, will not use a pak cache.
[2016.06.08-08.14.02:651][  0]LogDerivedDataCache: Unable to find inner node Pak for hierarchical cache Hierarchy.
[2016.06.08-08.14.02:651][  0]LogDerivedDataCache: FDerivedDataBackendGraph:  CompressedPak pak cache file D:/HeliosFinal/DerivedDataCache/Compressed.ddp not found, will not use a pak cache.
[2016.06.08-08.14.02:651][  0]LogDerivedDataCache: Unable to find inner node CompressedPak for hierarchical cache Hierarchy.
[2016.06.08-08.14.02:665][  0]LogDerivedDataCache:Display: Pak cache opened for reading ../../../Engine/DerivedDataCache/Compressed.ddp.
[2016.06.08-08.14.02:677][  0]LogDerivedDataCache: Using Local data cache path C:/Users/Helios/AppData/Local/UnrealEngine/Common/DerivedDataCache: Writable
[2016.06.08-08.14.02:823][  0]LogInit: Selected Device Profile: [Windows]
[2016.06.08-08.14.02:823][  0]LogContentStreaming: Texture pool size is 0.00 MB
[2016.06.08-08.14.02:852][  0]LogMaterial: Uniform references updated for custom material expression Custom.
[2016.06.08-08.14.02:975][  0]LogMeshUtilities: No automatic mesh reduction module available
[2016.06.08-08.14.02:975][  0]LogMeshUtilities: No automatic mesh merging module available
[2016.06.08-08.14.02:975][  0]LogMeshUtilities: No distributed automatic mesh merging module available
[2016.06.08-08.14.03:192][  0]LogUObjectArray: 27679 objects as part of root set at end of initial load.
[2016.06.08-08.14.03:192][  0]LogUObjectAllocator: 5591592 out of 0 bytes used by permanent object pool.
[2016.06.08-08.14.03:192][  0]LogUObjectArray: CloseDisregardForGC: 0/0 objects in disregard for GC pool
[2016.06.08-08.14.03:201][  0]LogInit: WinSock: version 1.1 (2.2), MaxSocks=32767, MaxUdp=65467
[2016.06.08-08.14.03:299][  0]LogSlate: SlateFontCache - WITH_FREETYPE: 1, WITH_HARFBUZZ: 1
[2016.06.08-08.14.03:299][  0]LogSlate: SlateFontCache - WITH_FREETYPE: 1, WITH_HARFBUZZ: 1
[2016.06.08-08.14.03:384][  0]LogStreaming:Warning: Failed to read file '../../../Engine/Content/Editor/Slate/Common/Selection_16x.png' error.
[2016.06.08-08.14.03:384][  0]LogSlate: Could not find file for Slate resource: ../../../Engine/Content/Editor/Slate/Common/Selection_16x.png
[2016.06.08-08.14.03:384][  0]LogStreaming:Warning: Failed to read file '../../../Engine/Content/Editor/Slate/Common/Selection_16x.png' error.
[2016.06.08-08.14.03:384][  0]LogSlate: Could not find file for Slate resource: ../../../Engine/Content/Editor/Slate/Common/Selection_16x.png
[2016.06.08-08.14.03:384][  0]LogStreaming:Warning: Failed to read file '../../../Engine/Content/Editor/Slate/Common/Selection_16x.png' error.
[2016.06.08-08.14.03:384][  0]LogSlate: Could not find file for Slate resource: ../../../Engine/Content/Editor/Slate/Common/Selection_16x.png
[2016.06.08-08.14.03:890][  0]LogUdpMessaging: Initializing bridge on interface 0.0.0.0:0 to multicast group 230.0.0.1:6666.
[2016.06.08-08.14.04:003][  0]LogAssetRegistry: FAssetRegistry took 0.0219 seconds to start up
[2016.06.08-08.14.04:149][  0]SourceControl: Info Source control is disabled
[2016.06.08-08.14.04:183][  0]SourceControl: Info Source control is disabled
[2016.06.08-08.14.04:192][  0]SourceControl: Info Source control is disabled
[2016.06.08-08.14.04:200][  0]SourceControl: Info Source control is disabled
[2016.06.08-08.14.04:368][  0]LogConsoleManager:Warning: Console object named 'vr.EnableMotionControllerLateUpdate' already exists but is being registered again, but we weren't expected it to be! (FConsoleManager::AddConsoleObject)
[2016.06.08-08.14.04:423][  0]LogEngine: Initializing Engine...
[2016.06.08-08.14.04:427][  0]LogHMD: SteamVR initialized.  Driver: lighthouse  Display: LHR-2D0E5179
[2016.06.08-08.14.04:572][  0]LogAIModule: Creating AISystem for world NewWorld
[2016.06.08-08.14.04:578][  0]LogInit: XAudio2 using 'Speakers (4- USB Audio Device)' : 2 channels at 44.1 kHz using 16 bits per sample (channel mask 0x3)
[2016.06.08-08.14.04:595][  0]LogInit: FAudioDevice initialized.
[2016.06.08-08.14.04:615][  0]LogDerivedDataCache: Saved boot cache 0.02s 48MB C:/Users/Helios/AppData/Local/UnrealEngine/4.11/DerivedDataCache/Boot.ddc.
[2016.06.08-08.14.04:620][  0]LogInit: Texture streaming: Enabled
[2016.06.08-08.14.06:721][  0]LogInit: Transaction tracking system initialized
[2016.06.08-08.14.06:759][  0]BlueprintLog: New page: Editor Load
[2016.06.08-08.14.06:846][  0]LocalizationService: Info Localization service is disabled
[2016.06.08-08.14.06:926][  0]LogConsoleResponse:Display: 
[2016.06.08-08.14.07:025][  0]LogCook:Display: Max memory allowance for cook 8192mb
[2016.06.08-08.14.07:025][  0]LogCook:Display: Mobile HDR setting 1
[2016.06.08-08.14.07:025][  0]LogCook:Display: Done creating registry. It took  0.00s.
[2016.06.08-08.14.07:081][  0]LogFileCache: Scanning file cache for directory 'D:/HeliosFinal/Content/' took 0.01s
[2016.06.08-08.14.07:081][  0]SourceControl: Info Source control is disabled
[2016.06.08-08.14.07:081][  0]Cmd: MAP LOAD FILE="D:/HeliosFinal/Content/Plains.umap" TEMPLATE=0 SHOWPROGRESS=1 FEATURELEVEL=3
[2016.06.08-08.14.07:081][  0]LightingResults: New page: Lighting Build
[2016.06.08-08.14.07:085][  0]MapCheck: New page: Map Check
[2016.06.08-08.14.07:085][  0]LightingResults: New page: Lighting Build
[2016.06.08-08.14.07:579][  0]LogAIModule: Creating AISystem for world Plains
[2016.06.08-08.14.07:597][  0]LogEditorServer: Finished looking for orphan Actors (0.000 secs)
[2016.06.08-08.14.07:598][  0]Cmd: MAP CHECKDEP NOCLEARLOG
[2016.06.08-08.14.07:634][  0]MapCheck: Info Map check complete: 0 Error(s), 0 Warning(s), took 35.849ms to complete.
[2016.06.08-08.14.07:634][  0]LogFileHelpers: Loading map 'Plains' took 0.553
[2016.06.08-08.14.07:747][  0]LogCollectionManager: Loaded 0 collections in 0.002325 seconds
[2016.06.08-08.14.07:789][  0]LogFileCache: Scanning file cache for directory 'D:/HeliosFinal/Saved/Collections/' took 0.01s
[2016.06.08-08.14.07:789][  0]LogFileCache: Scanning file cache for directory 'D:/HeliosFinal/Content/Developers/Helios/Collections/' took 0.01s
[2016.06.08-08.14.07:789][  0]LogFileCache: Scanning file cache for directory 'D:/HeliosFinal/Content/Collections/' took 0.01s
[2016.06.08-08.14.07:789][  0]LogCollectionManager: Rebuilt the GUID cache for 0 collections in 0.000002 seconds
[2016.06.08-08.14.07:798][  0]LogContentBrowser: Native class hierarchy populated in 0.0084 seconds. Added 1990 classes and 349 folders.
[2016.06.08-08.14.07:804][  0]LogStats: UGameplayTagsManager::ConstructGameplayTagTree: Construct from data asset -  0.000 s
[2016.06.08-08.14.07:804][  0]LogStats: UGameplayTagsManager::ConstructGameplayTagTree: GameplayTagTreeChangedEvent.Broadcast -  0.000 s
[2016.06.08-08.14.07:805][  0]LogContentBrowser: Native class hierarchy updated for 'GameplayTags' in 0.0009 seconds. Added 12 classes and 0 folders.
[2016.06.08-08.14.07:811][  0]LogContentBrowser: Native class hierarchy updated for 'WidgetCarousel' in 0.0009 seconds. Added 0 classes and 0 folders.
[2016.06.08-08.14.07:818][  0]LogContentBrowser: Native class hierarchy updated for 'SuperSearch' in 0.0008 seconds. Added 1 classes and 2 folders.
[2016.06.08-08.14.07:851][  0]LogContentBrowser: Native class hierarchy updated for 'AddContentDialog' in 0.0008 seconds. Added 0 classes and 0 folders.
[2016.06.08-08.14.07:855][  0]LogContentBrowser: Native class hierarchy updated for 'SceneOutliner' in 0.0009 seconds. Added 1 classes and 2 folders.
[2016.06.08-08.14.07:909][  0]LogCrashTracker: Crashtracker disabled due to settings.
[2016.06.08-08.14.07:917][  0]LogUObjectGlobals:Warning: Failed to find object 'Class None.'
[2016.06.08-08.14.07:945][  0]LogContentBrowser: Native class hierarchy updated for 'HierarchicalLODOutliner' in 0.0010 seconds. Added 1 classes and 2 folders.
[2016.06.08-08.14.07:945][  0]LogLoad: Full Startup: 7.74 seconds (BP compile: 0.09 seconds)
[2016.06.08-08.14.07:945][  0]LogExternalProfiler: Found external profiler: VSPerf
[2016.06.08-08.14.07:945][  0]LogExternalProfiler: Using external profiler: VSPerf
[2016.06.08-08.14.07:954][  0]LogOcInput: OculusInput pre-init called
[2016.06.08-08.14.08:017][  0]LogContentStreaming: Texture pool size now 700 MB
[2016.06.08-08.14.08:178][  0]LogRenderer: Reallocating scene render targets to support 2056x1256 (Frame:2).
[2016.06.08-08.14.08:273][  1]Cmd: UpdateLandscapeEditorData -warnings
[2016.06.08-08.14.08:291][  1]LogAssetRegistry: Asset discovery search completed in 4.3107 seconds
[2016.06.08-08.14.08:291][  1]LogCollectionManager: Rebuilt the object cache for 0 collections in 0.000000 seconds (found 0 objects)
[2016.06.08-08.14.08:291][  1]LogCollectionManager: Fixed up redirectors for 0 collections in 0.000019 seconds (updated 0 objects)
[2016.06.08-08.14.12:907][463]LogPlayLevel: PlayLevel: No blueprints needed recompiling
[2016.06.08-08.14.12:907][463]PIE: New page: PIE session: Plains (Jun 7, 2016, 5:14:12 PM)
[2016.06.08-08.14.12:907][463]LogPlayLevel: Creating play world package: /Game/UEDPIE_0_Plains
[2016.06.08-08.14.12:929][463]LogPlayLevel: PIE: StaticDuplicateObject took: (0.021687s)
[2016.06.08-08.14.12:930][463]LogAIModule: Creating AISystem for world Plains
[2016.06.08-08.14.12:930][463]LogPlayLevel: PIE: World Init took: (0.000858s)
[2016.06.08-08.14.12:930][463]LogPlayLevel: PIE: Created PIE world by copying editor world from /Game/Plains.Plains to /Game/UEDPIE_0_Plains.Plains (0.023001s)
[2016.06.08-08.14.12:958][463]LogInit: XAudio2 using 'Speakers (4- USB Audio Device)' : 2 channels at 44.1 kHz using 16 bits per sample (channel mask 0x3)
[2016.06.08-08.14.12:964][463]LogInit: FAudioDevice initialized.
[2016.06.08-08.14.13:785][463]LogTemp:Warning: Helios > getter node title
[2016.06.08-08.14.13:785][463]LogTemp:Warning: Helios > setter node title
[2016.06.08-08.14.13:787][463]LogTemp:Warning: Helios > setter node title
[2016.06.08-08.14.13:787][463]LogTemp:Warning: Helios > setter node title
[2016.06.08-08.14.13:787][463]LogTemp:Warning: Helios > setter node title
[2016.06.08-08.14.13:854][463]LogWorld: Game class is 'SteamVR_GM_C'
[2016.06.08-08.14.13:864][463]LogWorld: Bringing World /Game/UEDPIE_0_Plains.Plains up for play (max tick rate 0) at 2016.06.08-01.14.13
[2016.06.08-08.14.13:865][463]LogWorld: Bringing up level for play took: 0.006289
[2016.06.08-08.14.13:870][463]LogContentBrowser: Native class hierarchy updated for 'MovieSceneCapture' in 0.0009 seconds. Added 9 classes and 0 folders.
[2016.06.08-08.14.13:882][463]PIE: Info Play in editor start time for /Game/UEDPIE_0_Plains 0.959
[2016.06.08-08.14.13:898][465]LogRenderer: Reallocating scene render targets to support 3024x1680 (Frame:8).
[2016.06.08-08.14.13:963][466]LogRenderTargetPool:Warning: r.RenderTargetPoolMin exceeded 457/400 MB (ok in editor, bad on fixed memory platform)
[2016.06.08-08.14.13:964][466]LogTemp:Error: Helios > request failed: http://ec2-54-100-240-19.us-west-1.compute.amazonaws.com/helios/decalcolor
[2016.06.08-08.14.14:115][476]LogTemp:Error: Helios > request failed: http://ec2-54-100-240-19.us-west-1.compute.amazonaws.com/helios/decalcolor
[2016.06.08-08.14.14:313][494]LogTemp:Error: Helios > request failed: http://ec2-54-100-240-19.us-west-1.compute.amazonaws.com/helios/decalcolor
[2016.06.08-08.14.14:513][512]LogTemp:Error: Helios > request failed: http://ec2-54-100-240-19.us-west-1.compute.amazonaws.com/helios/decalcolor
[2016.06.08-08.14.14:714][530]LogTemp:Error: Helios > request failed: http://ec2-54-100-240-19.us-west-1.compute.amazonaws.com/helios/decalcolor
[2016.06.08-08.14.14:915][548]LogTemp:Error: Helios > request failed: http://ec2-54-100-240-19.us-west-1.compute.amazonaws.com/helios/decalcolor
[2016.06.08-08.14.15:117][566]LogTemp:Error: Helios > request failed: http://ec2-54-100-240-19.us-west-1.compute.amazonaws.com/helios/decalcolor
[2016.06.08-08.14.15:318][584]LogTemp:Error: Helios > request failed: http://ec2-54-100-240-19.us-west-1.compute.amazonaws.com/helios/decalcolor
[2016.06.08-08.14.15:519][602]LogTemp:Error: Helios > request failed: http://ec2-54-100-240-19.us-west-1.compute.amazonaws.com/helios/decalcolor
[2016.06.08-08.14.15:719][620]LogTemp:Error: Helios > request failed: http://ec2-54-100-240-19.us-west-1.compute.amazonaws.com/helios/decalcolor
[2016.06.08-08.14.15:921][638]LogTemp:Error: Helios > request failed: http://ec2-54-100-240-19.us-west-1.compute.amazonaws.com/helios/decalcolor
[2016.06.08-08.14.16:122][656]LogTemp:Error: Helios > request failed: http://ec2-54-100-240-19.us-west-1.compute.amazonaws.com/helios/decalcolor
[2016.06.08-08.14.16:323][674]LogTemp:Error: Helios > request failed: http://ec2-54-100-240-19.us-west-1.compute.amazonaws.com/helios/decalcolor
[2016.06.08-08.14.16:524][692]LogTemp:Error: Helios > request failed: http://ec2-54-100-240-19.us-west-1.compute.amazonaws.com/helios/decalcolor
[2016.06.08-08.14.16:725][710]LogTemp:Error: Helios > request failed: http://ec2-54-100-240-19.us-west-1.compute.amazonaws.com/helios/decalcolor
[2016.06.08-08.14.16:927][728]LogTemp:Error: Helios > request failed: http://ec2-54-100-240-19.us-west-1.compute.amazonaws.com/helios/decalcolor
[2016.06.08-08.14.17:127][746]LogTemp:Error: Helios > request failed: http://ec2-54-100-240-19.us-west-1.compute.amazonaws.com/helios/decalcolor
[2016.06.08-08.14.17:217][754]LogTemp:Error: Helios > request failed: http://ec2-54-100-240-19.us-west-1.compute.amazonaws.com/helios/decalcolor
[2016.06.08-08.14.17:328][764]LogTemp:Error: Helios > request failed: http://ec2-54-100-240-19.us-west-1.compute.amazonaws.com/helios/decalcolor
[2016.06.08-08.14.17:529][782]LogTemp:Error: Helios > request failed: http://ec2-54-100-240-19.us-west-1.compute.amazonaws.com/helios/decalcolor
[2016.06.08-08.14.17:731][800]LogTemp:Error: Helios > request failed: http://ec2-54-100-240-19.us-west-1.compute.amazonaws.com/helios/decalcolor
[2016.06.08-08.14.17:932][818]LogTemp:Error: Helios > request failed: http://ec2-54-100-240-19.us-west-1.compute.amazonaws.com/helios/decalcolor
[2016.06.08-08.14.18:133][836]LogTemp:Error: Helios > request failed: http://ec2-54-100-240-19.us-west-1.compute.amazonaws.com/helios/decalcolor
[2016.06.08-08.14.18:334][854]LogTemp:Error: Helios > request failed: http://ec2-54-100-240-19.us-west-1.compute.amazonaws.com/helios/decalcolor
[2016.06.08-08.14.18:535][872]LogTemp:Error: Helios > request failed: http://ec2-54-100-240-19.us-west-1.compute.amazonaws.com/helios/decalcolor
[2016.06.08-08.14.18:736][890]LogTemp:Error: Helios > request failed: http://ec2-54-100-240-19.us-west-1.compute.amazonaws.com/helios/decalcolor
[2016.06.08-08.14.18:937][908]LogTemp:Error: Helios > request failed: http://ec2-54-100-240-19.us-west-1.compute.amazonaws.com/helios/decalcolor
[2016.06.08-08.14.19:138][926]LogTemp:Error: Helios > request failed: http://ec2-54-100-240-19.us-west-1.compute.amazonaws.com/helios/decalcolor
[2016.06.08-08.14.19:339][944]LogTemp:Error: Helios > request failed: http://ec2-54-100-240-19.us-west-1.compute.amazonaws.com/helios/decalcolor
[2016.06.08-08.14.19:539][962]LogTemp:Error: Helios > request failed: http://ec2-54-100-240-19.us-west-1.compute.amazonaws.com/helios/decalcolor
[2016.06.08-08.14.19:742][980]LogTemp:Error: Helios > request failed: http://ec2-54-100-240-19.us-west-1.compute.amazonaws.com/helios/decalcolor
[2016.06.08-08.14.19:942][998]LogTemp:Error: Helios > request failed: http://ec2-54-100-240-19.us-west-1.compute.amazonaws.com/helios/decalcolor
[2016.06.08-08.14.20:143][ 16]LogTemp:Error: Helios > request failed: http://ec2-54-100-240-19.us-west-1.compute.amazonaws.com/helios/decalcolor
[2016.06.08-08.14.20:344][ 34]LogTemp:Error: Helios > request failed: http://ec2-54-100-240-19.us-west-1.compute.amazonaws.com/helios/decalcolor
[2016.06.08-08.14.20:545][ 52]LogTemp:Error: Helios > request failed: http://ec2-54-100-240-19.us-west-1.compute.amazonaws.com/helios/decalcolor
[2016.06.08-08.14.20:746][ 70]LogTemp:Error: Helios > request failed: http://ec2-54-100-240-19.us-west-1.compute.amazonaws.com/helios/decalcolor
[2016.06.08-08.14.20:926][ 86]LogTemp:Error: Helios > request failed: http://ec2-54-100-240-19.us-west-1.compute.amazonaws.com/helios/decalcolor
[2016.06.08-08.14.20:947][ 88]LogTemp:Error: Helios > request failed: http://ec2-54-100-240-19.us-west-1.compute.amazonaws.com/helios/decalcolor
[2016.06.08-08.14.21:149][106]LogTemp:Error: Helios > request failed: http://ec2-54-100-240-19.us-west-1.compute.amazonaws.com/helios/decalcolor
[2016.06.08-08.14.21:350][124]LogTemp:Error: Helios > request failed: http://ec2-54-100-240-19.us-west-1.compute.amazonaws.com/helios/decalcolor
[2016.06.08-08.14.21:518][139]LogSpawn:Warning: SpawnActor failed because of collision at the spawn location [X=-447.423 Y=34.922 Z=300.000] for [Target_C]
[2016.06.08-08.14.21:551][142]LogTemp:Error: Helios > request failed: http://ec2-54-100-240-19.us-west-1.compute.amazonaws.com/helios/decalcolor
[2016.06.08-08.14.21:752][160]LogTemp:Error: Helios > request failed: http://ec2-54-100-240-19.us-west-1.compute.amazonaws.com/helios/decalcolor
[2016.06.08-08.14.21:953][178]LogTemp:Error: Helios > request failed: http://ec2-54-100-240-19.us-west-1.compute.amazonaws.com/helios/decalcolor
[2016.06.08-08.14.22:295][195]LogActorComponent: UnregisterComponent: (/Engine/Transient.SteamVRChaperone_GEN_VARIABLE) Not registered. Aborting.
[2016.06.08-08.14.22:295][195]LogActorComponent: UnregisterComponent: (/Engine/Transient.FloatingPawnMovement_GEN_VARIABLE) Not registered. Aborting.
[2016.06.08-08.14.24:977][458]LogPlayLevel: PlayLevel: No blueprints needed recompiling
[2016.06.08-08.14.24:977][458]PIE: New page: PIE session: Plains (Jun 7, 2016, 5:14:24 PM)
[2016.06.08-08.14.24:977][458]LogPlayLevel: Creating play world package: /Game/UEDPIE_0_Plains
[2016.06.08-08.14.24:999][458]LogPlayLevel: PIE: StaticDuplicateObject took: (0.022046s)
[2016.06.08-08.14.25:000][458]LogAIModule: Creating AISystem for world Plains
[2016.06.08-08.14.25:000][458]LogPlayLevel: PIE: World Init took: (0.001183s)
[2016.06.08-08.14.25:001][458]LogPlayLevel: PIE: Created PIE world by copying editor world from /Game/Plains.Plains to /Game/UEDPIE_0_Plains.Plains (0.023542s)
[2016.06.08-08.14.25:016][458]LogInit: XAudio2 using 'Speakers (4- USB Audio Device)' : 2 channels at 44.1 kHz using 16 bits per sample (channel mask 0x3)
[2016.06.08-08.14.25:022][458]LogInit: FAudioDevice initialized.
[2016.06.08-08.14.25:058][458]LogWorld: Game class is 'SteamVR_GM_C'
[2016.06.08-08.14.25:069][458]LogWorld: Bringing World /Game/UEDPIE_0_Plains.Plains up for play (max tick rate 0) at 2016.06.08-01.14.25
[2016.06.08-08.14.25:070][458]LogWorld: Bringing up level for play took: 0.006420
[2016.06.08-08.14.25:072][458]PIE: Info Play in editor start time for /Game/UEDPIE_0_Plains 0.15
[2016.06.08-08.14.25:087][458]LogRenderer: Reallocating scene render targets to support 3024x1756 (Frame:747).
[2016.06.08-08.14.25:132][460]LogRenderTargetPool:Warning: r.RenderTargetPoolMin exceeded 614/400 MB (ok in editor, bad on fixed memory platform)
[2016.06.08-08.14.25:180][463]LogTemp:Error: Helios > request failed: http://ec2-54-100-240-19.us-west-1.compute.amazonaws.com/helios/decalcolor
[2016.06.08-08.14.25:385][480]LogTemp:Error: Helios > request failed: http://ec2-54-100-240-19.us-west-1.compute.amazonaws.com/helios/decalcolor
[2016.06.08-08.14.25:591][500]LogTemp:Error: Helios > request failed: http://ec2-54-100-240-19.us-west-1.compute.amazonaws.com/helios/decalcolor
[2016.06.08-08.14.25:793][519]LogTemp:Error: Helios > request failed: http://ec2-54-100-240-19.us-west-1.compute.amazonaws.com/helios/decalcolor
[2016.06.08-08.14.26:001][539]LogTemp:Error: Helios > request failed: http://ec2-54-100-240-19.us-west-1.compute.amazonaws.com/helios/decalcolor
[2016.06.08-08.14.26:201][558]LogTemp:Error: Helios > request failed: http://ec2-54-100-240-19.us-west-1.compute.amazonaws.com/helios/decalcolor
[2016.06.08-08.14.26:406][578]LogTemp:Error: Helios > request failed: http://ec2-54-100-240-19.us-west-1.compute.amazonaws.com/helios/decalcolor
[2016.06.08-08.14.26:417][579]LogTemp:Error: Helios > request failed: http://ec2-54-100-240-19.us-west-1.compute.amazonaws.com/helios/decalcolor
[2016.06.08-08.14.26:616][599]LogTemp:Error: Helios > request failed: http://ec2-54-100-240-19.us-west-1.compute.amazonaws.com/helios/decalcolor
[2016.06.08-08.14.26:816][619]LogTemp:Error: Helios > request failed: http://ec2-54-100-240-19.us-west-1.compute.amazonaws.com/helios/decalcolor
[2016.06.08-08.14.27:018][639]LogTemp:Error: Helios > request failed: http://ec2-54-100-240-19.us-west-1.compute.amazonaws.com/helios/decalcolor
[2016.06.08-08.14.27:218][659]LogTemp:Error: Helios > request failed: http://ec2-54-100-240-19.us-west-1.compute.amazonaws.com/helios/decalcolor
[2016.06.08-08.14.27:332][670]LogTemp:Error: Helios > request failed: http://ec2-54-100-240-19.us-west-1.compute.amazonaws.com/helios/decalcolor
[2016.06.08-08.14.27:421][679]LogTemp:Error: Helios > request failed: http://ec2-54-100-240-19.us-west-1.compute.amazonaws.com/helios/decalcolor
[2016.06.08-08.14.27:621][699]LogTemp:Error: Helios > request failed: http://ec2-54-100-240-19.us-west-1.compute.amazonaws.com/helios/decalcolor
[2016.06.08-08.14.27:845][721]LogTemp:Error: Helios > request failed: http://ec2-54-100-240-19.us-west-1.compute.amazonaws.com/helios/decalcolor
[2016.06.08-08.14.27:855][722]LogTemp:Error: Helios > request failed: http://ec2-54-100-240-19.us-west-1.compute.amazonaws.com/helios/decalcolor
[2016.06.08-08.14.28:053][741]LogTemp:Error: Helios > request failed: http://ec2-54-100-240-19.us-west-1.compute.amazonaws.com/helios/decalcolor
[2016.06.08-08.14.28:062][742]LogTemp:Error: Helios > request failed: http://ec2-54-100-240-19.us-west-1.compute.amazonaws.com/helios/decalcolor
[2016.06.08-08.14.28:243][760]LogTemp:Error: Helios > request failed: http://ec2-54-100-240-19.us-west-1.compute.amazonaws.com/helios/decalcolor
[2016.06.08-08.14.28:452][780]LogTemp:Error: Helios > request failed: http://ec2-54-100-240-19.us-west-1.compute.amazonaws.com/helios/decalcolor
[2016.06.08-08.14.28:662][801]LogTemp:Error: Helios > request failed: http://ec2-54-100-240-19.us-west-1.compute.amazonaws.com/helios/decalcolor
[2016.06.08-08.14.28:864][821]LogTemp:Error: Helios > request failed: http://ec2-54-100-240-19.us-west-1.compute.amazonaws.com/helios/decalcolor
[2016.06.08-08.14.28:936][828]LogTemp:Error: Helios > request failed: http://ec2-54-100-240-19.us-west-1.compute.amazonaws.com/helios/decalcolor
[2016.06.08-08.14.29:067][841]LogTemp:Error: Helios > request failed: http://ec2-54-100-240-19.us-west-1.compute.amazonaws.com/helios/decalcolor
[2016.06.08-08.14.29:272][861]LogTemp:Error: Helios > request failed: http://ec2-54-100-240-19.us-west-1.compute.amazonaws.com/helios/decalcolor
[2016.06.08-08.14.29:476][881]LogTemp:Error: Helios > request failed: http://ec2-54-100-240-19.us-west-1.compute.amazonaws.com/helios/decalcolor
[2016.06.08-08.14.29:684][901]LogTemp:Error: Helios > request failed: http://ec2-54-100-240-19.us-west-1.compute.amazonaws.com/helios/decalcolor
[2016.06.08-08.14.29:890][921]LogTemp:Error: Helios > request failed: http://ec2-54-100-240-19.us-west-1.compute.amazonaws.com/helios/decalcolor
[2016.06.08-08.14.30:098][941]LogTemp:Error: Helios > request failed: http://ec2-54-100-240-19.us-west-1.compute.amazonaws.com/helios/decalcolor
[2016.06.08-08.14.30:310][962]LogTemp:Error: Helios > request failed: http://ec2-54-100-240-19.us-west-1.compute.amazonaws.com/helios/decalcolor
[2016.06.08-08.14.30:518][982]LogTemp:Error: Helios > request failed: http://ec2-54-100-240-19.us-west-1.compute.amazonaws.com/helios/decalcolor
[2016.06.08-08.14.30:729][  2]LogTemp:Error: Helios > request failed: http://ec2-54-100-240-19.us-west-1.compute.amazonaws.com/helios/decalcolor
[2016.06.08-08.14.30:933][ 22]LogTemp:Error: Helios > request failed: http://ec2-54-100-240-19.us-west-1.compute.amazonaws.com/helios/decalcolor
[2016.06.08-08.14.30:965][ 25]LogSpawn:Warning: SpawnActor failed because of collision at the spawn location [X=516.216 Y=34.922 Z=100.000] for [Target_C]
[2016.06.08-08.14.31:136][ 42]LogTemp:Error: Helios > request failed: http://ec2-54-100-240-19.us-west-1.compute.amazonaws.com/helios/decalcolor
[2016.06.08-08.14.31:339][ 62]LogTemp:Error: Helios > request failed: http://ec2-54-100-240-19.us-west-1.compute.amazonaws.com/helios/decalcolor
[2016.06.08-08.14.31:549][ 83]LogTemp:Error: Helios > request failed: http://ec2-54-100-240-19.us-west-1.compute.amazonaws.com/helios/decalcolor
[2016.06.08-08.14.31:751][103]LogTemp:Error: Helios > request failed: http://ec2-54-100-240-19.us-west-1.compute.amazonaws.com/helios/decalcolor
[2016.06.08-08.14.31:961][124]LogTemp:Error: Helios > request failed: http://ec2-54-100-240-19.us-west-1.compute.amazonaws.com/helios/decalcolor
[2016.06.08-08.14.32:163][144]LogTemp:Error: Helios > request failed: http://ec2-54-100-240-19.us-west-1.compute.amazonaws.com/helios/decalcolor
[2016.06.08-08.14.32:364][163]LogTemp:Error: Helios > request failed: http://ec2-54-100-240-19.us-west-1.compute.amazonaws.com/helios/decalcolor
[2016.06.08-08.14.32:576][183]LogTemp:Error: Helios > request failed: http://ec2-54-100-240-19.us-west-1.compute.amazonaws.com/helios/decalcolor
[2016.06.08-08.14.32:777][202]LogTemp:Error: Helios > request failed: http://ec2-54-100-240-19.us-west-1.compute.amazonaws.com/helios/decalcolor
[2016.06.08-08.14.32:860][210]LogBlueprintUserMessages: [Vive_Pawn_C_1] Sent
[2016.06.08-08.14.32:882][212]LogTemp:Error: Helios > request failed: http://ec2-54-100-240-19.us-west-1.compute.amazonaws.com/helios/decalcolor
[2016.06.08-08.14.32:986][222]LogTemp:Error: Helios > request failed: http://ec2-54-100-240-19.us-west-1.compute.amazonaws.com/helios/decalcolor
[2016.06.08-08.14.33:186][241]LogTemp:Error: Helios > request failed: http://ec2-54-100-240-19.us-west-1.compute.amazonaws.com/helios/decalcolor
[2016.06.08-08.14.33:393][261]LogTemp:Error: Helios > request failed: http://ec2-54-100-240-19.us-west-1.compute.amazonaws.com/helios/decalcolor
[2016.06.08-08.14.33:600][281]LogTemp:Error: Helios > request failed: http://ec2-54-100-240-19.us-west-1.compute.amazonaws.com/helios/decalcolor
[2016.06.08-08.14.33:809][301]LogTemp:Error: Helios > request failed: http://ec2-54-100-240-19.us-west-1.compute.amazonaws.com/helios/decalcolor
[2016.06.08-08.14.34:014][321]LogTemp:Error: Helios > request failed: http://ec2-54-100-240-19.us-west-1.compute.amazonaws.com/helios/decalcolor
[2016.06.08-08.14.34:225][341]LogTemp:Error: Helios > request failed: http://ec2-54-100-240-19.us-west-1.compute.amazonaws.com/helios/decalcolor
[2016.06.08-08.14.34:430][361]LogTemp:Error: Helios > request failed: http://ec2-54-100-240-19.us-west-1.compute.amazonaws.com/helios/decalcolor
[2016.06.08-08.14.34:643][381]LogTemp:Error: Helios > request failed: http://ec2-54-100-240-19.us-west-1.compute.amazonaws.com/helios/decalcolor
[2016.06.08-08.14.34:854][401]LogTemp:Error: Helios > request failed: http://ec2-54-100-240-19.us-west-1.compute.amazonaws.com/helios/decalcolor
[2016.06.08-08.14.34:974][413]LogSpawn:Warning: SpawnActor failed because of collision at the spawn location [X=-206.514 Y=452.190 Z=200.000] for [Target_C]
[2016.06.08-08.14.35:061][421]LogTemp:Error: Helios > request failed: http://ec2-54-100-240-19.us-west-1.compute.amazonaws.com/helios/decalcolor
[2016.06.08-08.14.35:262][441]LogTemp:Error: Helios > request failed: http://ec2-54-100-240-19.us-west-1.compute.amazonaws.com/helios/decalcolor
[2016.06.08-08.14.35:468][461]LogTemp:Error: Helios > request failed: http://ec2-54-100-240-19.us-west-1.compute.amazonaws.com/helios/decalcolor
[2016.06.08-08.14.35:670][481]LogTemp:Error: Helios > request failed: http://ec2-54-100-240-19.us-west-1.compute.amazonaws.com/helios/decalcolor
[2016.06.08-08.14.35:885][501]LogTemp:Error: Helios > request failed: http://ec2-54-100-240-19.us-west-1.compute.amazonaws.com/helios/decalcolor
[2016.06.08-08.14.36:091][521]LogTemp:Error: Helios > request failed: http://ec2-54-100-240-19.us-west-1.compute.amazonaws.com/helios/decalcolor
[2016.06.08-08.14.36:296][541]LogTemp:Error: Helios > request failed: http://ec2-54-100-240-19.us-west-1.compute.amazonaws.com/helios/decalcolor
[2016.06.08-08.14.36:505][561]LogTemp:Error: Helios > request failed: http://ec2-54-100-240-19.us-west-1.compute.amazonaws.com/helios/decalcolor
[2016.06.08-08.14.36:711][581]LogTemp:Error: Helios > request failed: http://ec2-54-100-240-19.us-west-1.compute.amazonaws.com/helios/decalcolor
[2016.06.08-08.14.36:917][601]LogTemp:Error: Helios > request failed: http://ec2-54-100-240-19.us-west-1.compute.amazonaws.com/helios/decalcolor
[2016.06.08-08.14.36:979][607]LogSpawn:Warning: SpawnActor failed because of collision at the spawn location [X=516.216 Y=34.923 Z=0.000] for [Target_C]
[2016.06.08-08.14.37:125][621]LogTemp:Error: Helios > request failed: http://ec2-54-100-240-19.us-west-1.compute.amazonaws.com/helios/decalcolor
[2016.06.08-08.14.37:328][641]LogTemp:Error: Helios > request failed: http://ec2-54-100-240-19.us-west-1.compute.amazonaws.com/helios/decalcolor
[2016.06.08-08.14.37:529][661]LogTemp:Error: Helios > request failed: http://ec2-54-100-240-19.us-west-1.compute.amazonaws.com/helios/decalcolor
[2016.06.08-08.14.37:741][681]LogTemp:Error: Helios > request failed: http://ec2-54-100-240-19.us-west-1.compute.amazonaws.com/helios/decalcolor
[2016.06.08-08.14.37:950][701]LogTemp:Error: Helios > request failed: http://ec2-54-100-240-19.us-west-1.compute.amazonaws.com/helios/decalcolor
[2016.06.08-08.14.38:160][721]LogTemp:Error: Helios > request failed: http://ec2-54-100-240-19.us-west-1.compute.amazonaws.com/helios/decalcolor
[2016.06.08-08.14.38:361][741]LogTemp:Error: Helios > request failed: http://ec2-54-100-240-19.us-west-1.compute.amazonaws.com/helios/decalcolor
[2016.06.08-08.14.38:563][761]LogTemp:Error: Helios > request failed: http://ec2-54-100-240-19.us-west-1.compute.amazonaws.com/helios/decalcolor
[2016.06.08-08.14.38:770][781]LogTemp:Error: Helios > request failed: http://ec2-54-100-240-19.us-west-1.compute.amazonaws.com/helios/decalcolor
[2016.06.08-08.14.38:981][801]LogTemp:Error: Helios > request failed: http://ec2-54-100-240-19.us-west-1.compute.amazonaws.com/helios/decalcolor
[2016.06.08-08.14.38:982][801]LogSpawn:Warning: SpawnActor failed because of collision at the spawn location [X=275.306 Y=452.190 Z=0.000] for [Target_C]
[2016.06.08-08.14.39:185][820]LogTemp:Error: Helios > request failed: http://ec2-54-100-240-19.us-west-1.compute.amazonaws.com/helios/decalcolor
[2016.06.08-08.14.39:393][840]LogTemp:Error: Helios > request failed: http://ec2-54-100-240-19.us-west-1.compute.amazonaws.com/helios/decalcolor
[2016.06.08-08.14.39:601][860]LogTemp:Error: Helios > request failed: http://ec2-54-100-240-19.us-west-1.compute.amazonaws.com/helios/decalcolor
[2016.06.08-08.14.39:804][880]LogTemp:Error: Helios > request failed: http://ec2-54-100-240-19.us-west-1.compute.amazonaws.com/helios/decalcolor
[2016.06.08-08.14.40:015][900]LogTemp:Error: Helios > request failed: http://ec2-54-100-240-19.us-west-1.compute.amazonaws.com/helios/decalcolor
[2016.06.08-08.14.40:222][920]LogTemp:Error: Helios > request failed: http://ec2-54-100-240-19.us-west-1.compute.amazonaws.com/helios/decalcolor
[2016.06.08-08.14.40:428][940]LogTemp:Error: Helios > request failed: http://ec2-54-100-240-19.us-west-1.compute.amazonaws.com/helios/decalcolor
[2016.06.08-08.14.40:632][960]LogTemp:Error: Helios > request failed: http://ec2-54-100-240-19.us-west-1.compute.amazonaws.com/helios/decalcolor
[2016.06.08-08.14.40:837][980]LogTemp:Error: Helios > request failed: http://ec2-54-100-240-19.us-west-1.compute.amazonaws.com/helios/decalcolor
[2016.06.08-08.14.41:040][999]LogTemp:Error: Helios > request failed: http://ec2-54-100-240-19.us-west-1.compute.amazonaws.com/helios/decalcolor
[2016.06.08-08.14.41:251][ 19]LogTemp:Error: Helios > request failed: http://ec2-54-100-240-19.us-west-1.compute.amazonaws.com/helios/decalcolor
[2016.06.08-08.14.41:452][ 38]LogTemp:Error: Helios > request failed: http://ec2-54-100-240-19.us-west-1.compute.amazonaws.com/helios/decalcolor
[2016.06.08-08.14.41:664][ 58]LogTemp:Error: Helios > request failed: http://ec2-54-100-240-19.us-west-1.compute.amazonaws.com/helios/decalcolor
[2016.06.08-08.14.41:864][ 77]LogTemp:Error: Helios > request failed: http://ec2-54-100-240-19.us-west-1.compute.amazonaws.com/helios/decalcolor
[2016.06.08-08.14.42:067][ 96]LogTemp:Error: Helios > request failed: http://ec2-54-100-240-19.us-west-1.compute.amazonaws.com/helios/decalcolor
[2016.06.08-08.14.42:273][116]LogTemp:Error: Helios > request failed: http://ec2-54-100-240-19.us-west-1.compute.amazonaws.com/helios/decalcolor
[2016.06.08-08.14.42:481][136]LogTemp:Error: Helios > request failed: http://ec2-54-100-240-19.us-west-1.compute.amazonaws.com/helios/decalcolor
[2016.06.08-08.14.42:686][156]LogTemp:Error: Helios > request failed: http://ec2-54-100-240-19.us-west-1.compute.amazonaws.com/helios/decalcolor
[2016.06.08-08.14.42:896][176]LogTemp:Error: Helios > request failed: http://ec2-54-100-240-19.us-west-1.compute.amazonaws.com/helios/decalcolor
[2016.06.08-08.14.43:098][195]LogTemp:Error: Helios > request failed: http://ec2-54-100-240-19.us-west-1.compute.amazonaws.com/helios/decalcolor
[2016.06.08-08.14.43:306][215]LogTemp:Error: Helios > request failed: http://ec2-54-100-240-19.us-west-1.compute.amazonaws.com/helios/decalcolor
[2016.06.08-08.14.43:512][234]LogTemp:Error: Helios > request failed: http://ec2-54-100-240-19.us-west-1.compute.amazonaws.com/helios/decalcolor
[2016.06.08-08.14.43:719][253]LogTemp:Error: Helios > request failed: http://ec2-54-100-240-19.us-west-1.compute.amazonaws.com/helios/decalcolor
[2016.06.08-08.14.43:920][272]LogTemp:Error: Helios > request failed: http://ec2-54-100-240-19.us-west-1.compute.amazonaws.com/helios/decalcolor
[2016.06.08-08.14.44:120][291]LogTemp:Error: Helios > request failed: http://ec2-54-100-240-19.us-west-1.compute.amazonaws.com/helios/decalcolor
[2016.06.08-08.14.44:322][310]LogTemp:Error: Helios > request failed: http://ec2-54-100-240-19.us-west-1.compute.amazonaws.com/helios/decalcolor
[2016.06.08-08.14.44:529][330]LogTemp:Error: Helios > request failed: http://ec2-54-100-240-19.us-west-1.compute.amazonaws.com/helios/decalcolor
[2016.06.08-08.14.44:735][350]LogTemp:Error: Helios > request failed: http://ec2-54-100-240-19.us-west-1.compute.amazonaws.com/helios/decalcolor
[2016.06.08-08.14.44:947][370]LogTemp:Error: Helios > request failed: http://ec2-54-100-240-19.us-west-1.compute.amazonaws.com/helios/decalcolor
[2016.06.08-08.14.45:158][390]LogTemp:Error: Helios > request failed: http://ec2-54-100-240-19.us-west-1.compute.amazonaws.com/helios/decalcolor
[2016.06.08-08.14.45:364][410]LogTemp:Error: Helios > request failed: http://ec2-54-100-240-19.us-west-1.compute.amazonaws.com/helios/decalcolor
[2016.06.08-08.14.45:578][430]LogTemp:Error: Helios > request failed: http://ec2-54-100-240-19.us-west-1.compute.amazonaws.com/helios/decalcolor
[2016.06.08-08.14.45:778][449]LogTemp:Error: Helios > request failed: http://ec2-54-100-240-19.us-west-1.compute.amazonaws.com/helios/decalcolor
[2016.06.08-08.14.45:986][469]LogTemp:Error: Helios > request failed: http://ec2-54-100-240-19.us-west-1.compute.amazonaws.com/helios/decalcolor
[2016.06.08-08.14.46:190][489]LogTemp:Error: Helios > request failed: http://ec2-54-100-240-19.us-west-1.compute.amazonaws.com/helios/decalcolor
[2016.06.08-08.14.46:398][509]LogTemp:Error: Helios > request failed: http://ec2-54-100-240-19.us-west-1.compute.amazonaws.com/helios/decalcolor
[2016.06.08-08.14.46:605][529]LogTemp:Error: Helios > request failed: http://ec2-54-100-240-19.us-west-1.compute.amazonaws.com/helios/decalcolor
[2016.06.08-08.14.46:811][549]LogTemp:Error: Helios > request failed: http://ec2-54-100-240-19.us-west-1.compute.amazonaws.com/helios/decalcolor
[2016.06.08-08.14.47:017][569]LogTemp:Error: Helios > request failed: http://ec2-54-100-240-19.us-west-1.compute.amazonaws.com/helios/decalcolor
[2016.06.08-08.14.47:225][589]LogTemp:Error: Helios > request failed: http://ec2-54-100-240-19.us-west-1.compute.amazonaws.com/helios/decalcolor
[2016.06.08-08.14.47:431][609]LogTemp:Error: Helios > request failed: http://ec2-54-100-240-19.us-west-1.compute.amazonaws.com/helios/decalcolor
[2016.06.08-08.14.47:635][629]LogTemp:Error: Helios > request failed: http://ec2-54-100-240-19.us-west-1.compute.amazonaws.com/helios/decalcolor
[2016.06.08-08.14.47:838][648]LogTemp:Error: Helios > request failed: http://ec2-54-100-240-19.us-west-1.compute.amazonaws.com/helios/decalcolor
[2016.06.08-08.14.48:040][667]LogTemp:Error: Helios > request failed: http://ec2-54-100-240-19.us-west-1.compute.amazonaws.com/helios/decalcolor
[2016.06.08-08.14.48:240][686]LogTemp:Error: Helios > request failed: http://ec2-54-100-240-19.us-west-1.compute.amazonaws.com/helios/decalcolor
[2016.06.08-08.14.48:443][706]LogTemp:Error: Helios > request failed: http://ec2-54-100-240-19.us-west-1.compute.amazonaws.com/helios/decalcolor
[2016.06.08-08.14.48:656][726]LogTemp:Error: Helios > request failed: http://ec2-54-100-240-19.us-west-1.compute.amazonaws.com/helios/decalcolor
[2016.06.08-08.14.48:858][745]LogTemp:Error: Helios > request failed: http://ec2-54-100-240-19.us-west-1.compute.amazonaws.com/helios/decalcolor
[2016.06.08-08.14.49:059][764]LogTemp:Error: Helios > request failed: http://ec2-54-100-240-19.us-west-1.compute.amazonaws.com/helios/decalcolor
[2016.06.08-08.14.49:269][784]LogTemp:Error: Helios > request failed: http://ec2-54-100-240-19.us-west-1.compute.amazonaws.com/helios/decalcolor
[2016.06.08-08.14.49:477][804]LogTemp:Error: Helios > request failed: http://ec2-54-100-240-19.us-west-1.compute.amazonaws.com/helios/decalcolor
[2016.06.08-08.14.49:680][824]LogTemp:Error: Helios > request failed: http://ec2-54-100-240-19.us-west-1.compute.amazonaws.com/helios/decalcolor
[2016.06.08-08.14.49:887][844]LogTemp:Error: Helios > request failed: http://ec2-54-100-240-19.us-west-1.compute.amazonaws.com/helios/decalcolor
[2016.06.08-08.14.50:091][864]LogTemp:Error: Helios > request failed: http://ec2-54-100-240-19.us-west-1.compute.amazonaws.com/helios/decalcolor
[2016.06.08-08.14.50:299][884]LogTemp:Error: Helios > request failed: http://ec2-54-100-240-19.us-west-1.compute.amazonaws.com/helios/decalcolor
[2016.06.08-08.14.50:504][904]LogTemp:Error: Helios > request failed: http://ec2-54-100-240-19.us-west-1.compute.amazonaws.com/helios/decalcolor
[2016.06.08-08.14.50:709][924]LogTemp:Error: Helios > request failed: http://ec2-54-100-240-19.us-west-1.compute.amazonaws.com/helios/decalcolor
[2016.06.08-08.14.50:914][944]LogTemp:Error: Helios > request failed: http://ec2-54-100-240-19.us-west-1.compute.amazonaws.com/helios/decalcolor
[2016.06.08-08.14.51:126][964]LogTemp:Error: Helios > request failed: http://ec2-54-100-240-19.us-west-1.compute.amazonaws.com/helios/decalcolor
[2016.06.08-08.14.51:337][984]LogTemp:Error: Helios > request failed: http://ec2-54-100-240-19.us-west-1.compute.amazonaws.com/helios/decalcolor
[2016.06.08-08.14.51:540][  4]LogTemp:Error: Helios > request failed: http://ec2-54-100-240-19.us-west-1.compute.amazonaws.com/helios/decalcolor
[2016.06.08-08.14.51:746][ 24]LogTemp:Error: Helios > request failed: http://ec2-54-100-240-19.us-west-1.compute.amazonaws.com/helios/decalcolor
[2016.06.08-08.14.51:945][ 43]LogTemp:Error: Helios > request failed: http://ec2-54-100-240-19.us-west-1.compute.amazonaws.com/helios/decalcolor
[2016.06.08-08.14.52:152][ 63]LogTemp:Error: Helios > request failed: http://ec2-54-100-240-19.us-west-1.compute.amazonaws.com/helios/decalcolor
[2016.06.08-08.14.52:360][ 83]LogTemp:Error: Helios > request failed: http://ec2-54-100-240-19.us-west-1.compute.amazonaws.com/helios/decalcolor
[2016.06.08-08.14.52:570][103]LogTemp:Error: Helios > request failed: http://ec2-54-100-240-19.us-west-1.compute.amazonaws.com/helios/decalcolor
[2016.06.08-08.14.52:775][123]LogTemp:Error: Helios > request failed: http://ec2-54-100-240-19.us-west-1.compute.amazonaws.com/helios/decalcolor
[2016.06.08-08.14.52:982][143]LogTemp:Error: Helios > request failed: http://ec2-54-100-240-19.us-west-1.compute.amazonaws.com/helios/decalcolor
[2016.06.08-08.14.53:181][162]LogTemp:Error: Helios > request failed: http://ec2-54-100-240-19.us-west-1.compute.amazonaws.com/helios/decalcolor
[2016.06.08-08.14.53:386][181]LogTemp:Error: Helios > request failed: http://ec2-54-100-240-19.us-west-1.compute.amazonaws.com/helios/decalcolor
[2016.06.08-08.14.53:591][201]LogTemp:Error: Helios > request failed: http://ec2-54-100-240-19.us-west-1.compute.amazonaws.com/helios/decalcolor
[2016.06.08-08.14.53:798][221]LogTemp:Error: Helios > request failed: http://ec2-54-100-240-19.us-west-1.compute.amazonaws.com/helios/decalcolor
[2016.06.08-08.14.54:000][240]LogTemp:Error: Helios > request failed: http://ec2-54-100-240-19.us-west-1.compute.amazonaws.com/helios/decalcolor
[2016.06.08-08.14.54:207][260]LogTemp:Error: Helios > request failed: http://ec2-54-100-240-19.us-west-1.compute.amazonaws.com/helios/decalcolor
[2016.06.08-08.14.54:414][280]LogTemp:Error: Helios > request failed: http://ec2-54-100-240-19.us-west-1.compute.amazonaws.com/helios/decalcolor
[2016.06.08-08.14.54:624][300]LogTemp:Error: Helios > request failed: http://ec2-54-100-240-19.us-west-1.compute.amazonaws.com/helios/decalcolor
[2016.06.08-08.14.54:827][320]LogTemp:Error: Helios > request failed: http://ec2-54-100-240-19.us-west-1.compute.amazonaws.com/helios/decalcolor
[2016.06.08-08.14.55:035][340]LogTemp:Error: Helios > request failed: http://ec2-54-100-240-19.us-west-1.compute.amazonaws.com/helios/decalcolor
[2016.06.08-08.14.55:235][359]LogTemp:Error: Helios > request failed: http://ec2-54-100-240-19.us-west-1.compute.amazonaws.com/helios/decalcolor
[2016.06.08-08.14.55:437][378]LogTemp:Error: Helios > request failed: http://ec2-54-100-240-19.us-west-1.compute.amazonaws.com/helios/decalcolor
[2016.06.08-08.14.55:644][398]LogTemp:Error: Helios > request failed: http://ec2-54-100-240-19.us-west-1.compute.amazonaws.com/helios/decalcolor
[2016.06.08-08.14.55:849][418]LogTemp:Error: Helios > request failed: http://ec2-54-100-240-19.us-west-1.compute.amazonaws.com/helios/decalcolor
[2016.06.08-08.14.56:054][437]LogTemp:Error: Helios > request failed: http://ec2-54-100-240-19.us-west-1.compute.amazonaws.com/helios/decalcolor
[2016.06.08-08.14.56:257][456]LogTemp:Error: Helios > request failed: http://ec2-54-100-240-19.us-west-1.compute.amazonaws.com/helios/decalcolor
[2016.06.08-08.14.56:464][476]LogTemp:Error: Helios > request failed: http://ec2-54-100-240-19.us-west-1.compute.amazonaws.com/helios/decalcolor
[2016.06.08-08.14.56:673][496]LogTemp:Error: Helios > request failed: http://ec2-54-100-240-19.us-west-1.compute.amazonaws.com/helios/decalcolor
[2016.06.08-08.14.56:888][516]LogTemp:Error: Helios > request failed: http://ec2-54-100-240-19.us-west-1.compute.amazonaws.com/helios/decalcolor
[2016.06.08-08.14.57:088][535]LogTemp:Error: Helios > request failed: http://ec2-54-100-240-19.us-west-1.compute.amazonaws.com/helios/decalcolor
[2016.06.08-08.14.57:295][555]LogTemp:Error: Helios > request failed: http://ec2-54-100-240-19.us-west-1.compute.amazonaws.com/helios/decalcolor
[2016.06.08-08.14.57:497][575]LogTemp:Error: Helios > request failed: http://ec2-54-100-240-19.us-west-1.compute.amazonaws.com/helios/decalcolor
[2016.06.08-08.14.57:703][595]LogTemp:Error: Helios > request failed: http://ec2-54-100-240-19.us-west-1.compute.amazonaws.com/helios/decalcolor
[2016.06.08-08.14.57:904][614]LogTemp:Error: Helios > request failed: http://ec2-54-100-240-19.us-west-1.compute.amazonaws.com/helios/decalcolor
[2016.06.08-08.14.58:104][633]LogTemp:Error: Helios > request failed: http://ec2-54-100-240-19.us-west-1.compute.amazonaws.com/helios/decalcolor
[2016.06.08-08.14.58:309][653]LogTemp:Error: Helios > request failed: http://ec2-54-100-240-19.us-west-1.compute.amazonaws.com/helios/decalcolor
[2016.06.08-08.14.58:522][673]LogTemp:Error: Helios > request failed: http://ec2-54-100-240-19.us-west-1.compute.amazonaws.com/helios/decalcolor
[2016.06.08-08.14.58:728][692]LogTemp:Error: Helios > request failed: http://ec2-54-100-240-19.us-west-1.compute.amazonaws.com/helios/decalcolor
[2016.06.08-08.14.58:931][711]LogTemp:Error: Helios > request failed: http://ec2-54-100-240-19.us-west-1.compute.amazonaws.com/helios/decalcolor
[2016.06.08-08.14.59:134][730]LogTemp:Error: Helios > request failed: http://ec2-54-100-240-19.us-west-1.compute.amazonaws.com/helios/decalcolor
[2016.06.08-08.14.59:344][750]LogTemp:Error: Helios > request failed: http://ec2-54-100-240-19.us-west-1.compute.amazonaws.com/helios/decalcolor
[2016.06.08-08.14.59:553][770]LogTemp:Error: Helios > request failed: http://ec2-54-100-240-19.us-west-1.compute.amazonaws.com/helios/decalcolor
[2016.06.08-08.14.59:753][789]LogTemp:Error: Helios > request failed: http://ec2-54-100-240-19.us-west-1.compute.amazonaws.com/helios/decalcolor
[2016.06.08-08.14.59:958][808]LogTemp:Error: Helios > request failed: http://ec2-54-100-240-19.us-west-1.compute.amazonaws.com/helios/decalcolor
[2016.06.08-08.15.00:166][828]LogTemp:Error: Helios > request failed: http://ec2-54-100-240-19.us-west-1.compute.amazonaws.com/helios/decalcolor
[2016.06.08-08.15.00:366][847]LogTemp:Error: Helios > request failed: http://ec2-54-100-240-19.us-west-1.compute.amazonaws.com/helios/decalcolor
[2016.06.08-08.15.00:570][867]LogTemp:Error: Helios > request failed: http://ec2-54-100-240-19.us-west-1.compute.amazonaws.com/helios/decalcolor
[2016.06.08-08.15.00:774][887]LogTemp:Error: Helios > request failed: http://ec2-54-100-240-19.us-west-1.compute.amazonaws.com/helios/decalcolor
[2016.06.08-08.15.00:985][907]LogTemp:Error: Helios > request failed: http://ec2-54-100-240-19.us-west-1.compute.amazonaws.com/helios/decalcolor
[2016.06.08-08.15.01:192][927]LogTemp:Error: Helios > request failed: http://ec2-54-100-240-19.us-west-1.compute.amazonaws.com/helios/decalcolor
[2016.06.08-08.15.01:399][946]LogTemp:Error: Helios > request failed: http://ec2-54-100-240-19.us-west-1.compute.amazonaws.com/helios/decalcolor
[2016.06.08-08.15.01:600][965]LogTemp:Error: Helios > request failed: http://ec2-54-100-240-19.us-west-1.compute.amazonaws.com/helios/decalcolor
[2016.06.08-08.15.01:805][985]LogTemp:Error: Helios > request failed: http://ec2-54-100-240-19.us-west-1.compute.amazonaws.com/helios/decalcolor
[2016.06.08-08.15.02:017][  5]LogTemp:Error: Helios > request failed: http://ec2-54-100-240-19.us-west-1.compute.amazonaws.com/helios/decalcolor
[2016.06.08-08.15.02:218][ 24]LogTemp:Error: Helios > request failed: http://ec2-54-100-240-19.us-west-1.compute.amazonaws.com/helios/decalcolor
[2016.06.08-08.15.02:429][ 44]LogTemp:Error: Helios > request failed: http://ec2-54-100-240-19.us-west-1.compute.amazonaws.com/helios/decalcolor
[2016.06.08-08.15.02:633][ 63]LogTemp:Error: Helios > request failed: http://ec2-54-100-240-19.us-west-1.compute.amazonaws.com/helios/decalcolor
[2016.06.08-08.15.02:841][ 83]LogTemp:Error: Helios > request failed: http://ec2-54-100-240-19.us-west-1.compute.amazonaws.com/helios/decalcolor
[2016.06.08-08.15.03:043][102]LogSpawn:Warning: SpawnActor failed because of collision at the spawn location [X=-206.514 Y=-382.346 Z=0.000] for [Target_C]
[2016.06.08-08.15.03:050][103]LogTemp:Error: Helios > request failed: http://ec2-54-100-240-19.us-west-1.compute.amazonaws.com/helios/decalcolor
[2016.06.08-08.15.03:259][123]LogTemp:Error: Helios > request failed: http://ec2-54-100-240-19.us-west-1.compute.amazonaws.com/helios/decalcolor
[2016.06.08-08.15.03:465][142]LogTemp:Error: Helios > request failed: http://ec2-54-100-240-19.us-west-1.compute.amazonaws.com/helios/decalcolor
[2016.06.08-08.15.03:673][162]LogTemp:Error: Helios > request failed: http://ec2-54-100-240-19.us-west-1.compute.amazonaws.com/helios/decalcolor
[2016.06.08-08.15.03:881][182]LogTemp:Error: Helios > request failed: http://ec2-54-100-240-19.us-west-1.compute.amazonaws.com/helios/decalcolor
[2016.06.08-08.15.04:082][201]LogTemp:Error: Helios > request failed: http://ec2-54-100-240-19.us-west-1.compute.amazonaws.com/helios/decalcolor
[2016.06.08-08.15.04:284][220]LogTemp:Error: Helios > request failed: http://ec2-54-100-240-19.us-west-1.compute.amazonaws.com/helios/decalcolor
[2016.06.08-08.15.04:483][239]LogTemp:Error: Helios > request failed: http://ec2-54-100-240-19.us-west-1.compute.amazonaws.com/helios/decalcolor
[2016.06.08-08.15.04:695][259]LogTemp:Error: Helios > request failed: http://ec2-54-100-240-19.us-west-1.compute.amazonaws.com/helios/decalcolor
[2016.06.08-08.15.04:902][279]LogTemp:Error: Helios > request failed: http://ec2-54-100-240-19.us-west-1.compute.amazonaws.com/helios/decalcolor
[2016.06.08-08.15.05:103][298]LogTemp:Error: Helios > request failed: http://ec2-54-100-240-19.us-west-1.compute.amazonaws.com/helios/decalcolor
[2016.06.08-08.15.05:314][318]LogTemp:Error: Helios > request failed: http://ec2-54-100-240-19.us-west-1.compute.amazonaws.com/helios/decalcolor
[2016.06.08-08.15.05:515][337]LogTemp:Error: Helios > request failed: http://ec2-54-100-240-19.us-west-1.compute.amazonaws.com/helios/decalcolor
[2016.06.08-08.15.05:723][357]LogTemp:Error: Helios > request failed: http://ec2-54-100-240-19.us-west-1.compute.amazonaws.com/helios/decalcolor
[2016.06.08-08.15.05:933][377]LogTemp:Error: Helios > request failed: http://ec2-54-100-240-19.us-west-1.compute.amazonaws.com/helios/decalcolor
[2016.06.08-08.15.06:130][396]LogTemp:Error: Helios > request failed: http://ec2-54-100-240-19.us-west-1.compute.amazonaws.com/helios/decalcolor
[2016.06.08-08.15.06:339][416]LogTemp:Error: Helios > request failed: http://ec2-54-100-240-19.us-west-1.compute.amazonaws.com/helios/decalcolor
[2016.06.08-08.15.06:547][436]LogTemp:Error: Helios > request failed: http://ec2-54-100-240-19.us-west-1.compute.amazonaws.com/helios/decalcolor
[2016.06.08-08.15.06:757][456]LogTemp:Error: Helios > request failed: http://ec2-54-100-240-19.us-west-1.compute.amazonaws.com/helios/decalcolor
[2016.06.08-08.15.06:961][475]LogTemp:Error: Helios > request failed: http://ec2-54-100-240-19.us-west-1.compute.amazonaws.com/helios/decalcolor
[2016.06.08-08.15.07:164][494]LogTemp:Error: Helios > request failed: http://ec2-54-100-240-19.us-west-1.compute.amazonaws.com/helios/decalcolor
[2016.06.08-08.15.07:376][514]LogTemp:Error: Helios > request failed: http://ec2-54-100-240-19.us-west-1.compute.amazonaws.com/helios/decalcolor
[2016.06.08-08.15.07:579][533]LogTemp:Error: Helios > request failed: http://ec2-54-100-240-19.us-west-1.compute.amazonaws.com/helios/decalcolor
[2016.06.08-08.15.07:788][553]LogTemp:Error: Helios > request failed: http://ec2-54-100-240-19.us-west-1.compute.amazonaws.com/helios/decalcolor
[2016.06.08-08.15.07:994][572]LogTemp:Error: Helios > request failed: http://ec2-54-100-240-19.us-west-1.compute.amazonaws.com/helios/decalcolor
[2016.06.08-08.15.08:217][593]LogTemp:Error: Helios > request failed: http://ec2-54-100-240-19.us-west-1.compute.amazonaws.com/helios/decalcolor
[2016.06.08-08.15.08:402][611]LogTemp:Error: Helios > request failed: http://ec2-54-100-240-19.us-west-1.compute.amazonaws.com/helios/decalcolor
[2016.06.08-08.15.08:602][630]LogTemp:Error: Helios > request failed: http://ec2-54-100-240-19.us-west-1.compute.amazonaws.com/helios/decalcolor
[2016.06.08-08.15.08:816][650]LogTemp:Error: Helios > request failed: http://ec2-54-100-240-19.us-west-1.compute.amazonaws.com/helios/decalcolor
[2016.06.08-08.15.09:018][669]LogTemp:Error: Helios > request failed: http://ec2-54-100-240-19.us-west-1.compute.amazonaws.com/helios/decalcolor
[2016.06.08-08.15.09:227][689]LogTemp:Error: Helios > request failed: http://ec2-54-100-240-19.us-west-1.compute.amazonaws.com/helios/decalcolor
[2016.06.08-08.15.09:438][709]LogTemp:Error: Helios > request failed: http://ec2-54-100-240-19.us-west-1.compute.amazonaws.com/helios/decalcolor
[2016.06.08-08.15.09:642][728]LogTemp:Error: Helios > request failed: http://ec2-54-100-240-19.us-west-1.compute.amazonaws.com/helios/decalcolor
[2016.06.08-08.15.09:847][748]LogTemp:Error: Helios > request failed: http://ec2-54-100-240-19.us-west-1.compute.amazonaws.com/helios/decalcolor
[2016.06.08-08.15.10:052][767]LogTemp:Error: Helios > request failed: http://ec2-54-100-240-19.us-west-1.compute.amazonaws.com/helios/decalcolor
[2016.06.08-08.15.10:268][786]LogTemp:Error: Helios > request failed: http://ec2-54-100-240-19.us-west-1.compute.amazonaws.com/helios/decalcolor
[2016.06.08-08.15.10:472][806]LogTemp:Error: Helios > request failed: http://ec2-54-100-240-19.us-west-1.compute.amazonaws.com/helios/decalcolor
[2016.06.08-08.15.10:679][826]LogTemp:Error: Helios > request failed: http://ec2-54-100-240-19.us-west-1.compute.amazonaws.com/helios/decalcolor
[2016.06.08-08.15.10:885][846]LogTemp:Error: Helios > request failed: http://ec2-54-100-240-19.us-west-1.compute.amazonaws.com/helios/decalcolor
[2016.06.08-08.15.11:086][865]LogTemp:Error: Helios > request failed: http://ec2-54-100-240-19.us-west-1.compute.amazonaws.com/helios/decalcolor
[2016.06.08-08.15.11:287][884]LogTemp:Error: Helios > request failed: http://ec2-54-100-240-19.us-west-1.compute.amazonaws.com/helios/decalcolor
[2016.06.08-08.15.11:490][903]LogTemp:Error: Helios > request failed: http://ec2-54-100-240-19.us-west-1.compute.amazonaws.com/helios/decalcolor
[2016.06.08-08.15.11:689][922]LogTemp:Error: Helios > request failed: http://ec2-54-100-240-19.us-west-1.compute.amazonaws.com/helios/decalcolor
[2016.06.08-08.15.11:894][942]LogTemp:Error: Helios > request failed: http://ec2-54-100-240-19.us-west-1.compute.amazonaws.com/helios/decalcolor
[2016.06.08-08.15.12:101][962]LogTemp:Error: Helios > request failed: http://ec2-54-100-240-19.us-west-1.compute.amazonaws.com/helios/decalcolor
[2016.06.08-08.15.12:311][982]LogTemp:Error: Helios > request failed: http://ec2-54-100-240-19.us-west-1.compute.amazonaws.com/helios/decalcolor
[2016.06.08-08.15.12:517][  2]LogTemp:Error: Helios > request failed: http://ec2-54-100-240-19.us-west-1.compute.amazonaws.com/helios/decalcolor
[2016.06.08-08.15.12:726][ 22]LogTemp:Error: Helios > request failed: http://ec2-54-100-240-19.us-west-1.compute.amazonaws.com/helios/decalcolor
[2016.06.08-08.15.12:933][ 42]LogTemp:Error: Helios > request failed: http://ec2-54-100-240-19.us-west-1.compute.amazonaws.com/helios/decalcolor
[2016.06.08-08.15.13:135][ 61]LogTemp:Error: Helios > request failed: http://ec2-54-100-240-19.us-west-1.compute.amazonaws.com/helios/decalcolor
[2016.06.08-08.15.13:345][ 81]LogTemp:Error: Helios > request failed: http://ec2-54-100-240-19.us-west-1.compute.amazonaws.com/helios/decalcolor
[2016.06.08-08.15.13:553][101]LogTemp:Error: Helios > request failed: http://ec2-54-100-240-19.us-west-1.compute.amazonaws.com/helios/decalcolor
[2016.06.08-08.15.13:759][121]LogTemp:Error: Helios > request failed: http://ec2-54-100-240-19.us-west-1.compute.amazonaws.com/helios/decalcolor
[2016.06.08-08.15.13:963][140]LogTemp:Error: Helios > request failed: http://ec2-54-100-240-19.us-west-1.compute.amazonaws.com/helios/decalcolor
[2016.06.08-08.15.14:167][160]LogTemp:Error: Helios > request failed: http://ec2-54-100-240-19.us-west-1.compute.amazonaws.com/helios/decalcolor
[2016.06.08-08.15.14:377][180]LogTemp:Error: Helios > request failed: http://ec2-54-100-240-19.us-west-1.compute.amazonaws.com/helios/decalcolor
[2016.06.08-08.15.14:583][200]LogTemp:Error: Helios > request failed: http://ec2-54-100-240-19.us-west-1.compute.amazonaws.com/helios/decalcolor
[2016.06.08-08.15.14:792][220]LogTemp:Error: Helios > request failed: http://ec2-54-100-240-19.us-west-1.compute.amazonaws.com/helios/decalcolor
[2016.06.08-08.15.15:000][240]LogTemp:Error: Helios > request failed: http://ec2-54-100-240-19.us-west-1.compute.amazonaws.com/helios/decalcolor
[2016.06.08-08.15.15:066][246]LogSpawn:Warning: SpawnActor failed because of collision at the spawn location [X=516.216 Y=34.922 Z=0.000] for [Target_C]
[2016.06.08-08.15.15:205][259]LogTemp:Error: Helios > request failed: http://ec2-54-100-240-19.us-west-1.compute.amazonaws.com/helios/decalcolor
[2016.06.08-08.15.15:403][278]LogTemp:Error: Helios > request failed: http://ec2-54-100-240-19.us-west-1.compute.amazonaws.com/helios/decalcolor
[2016.06.08-08.15.15:615][298]LogTemp:Error: Helios > request failed: http://ec2-54-100-240-19.us-west-1.compute.amazonaws.com/helios/decalcolor
[2016.06.08-08.15.15:823][318]LogTemp:Error: Helios > request failed: http://ec2-54-100-240-19.us-west-1.compute.amazonaws.com/helios/decalcolor
[2016.06.08-08.15.16:034][338]LogTemp:Error: Helios > request failed: http://ec2-54-100-240-19.us-west-1.compute.amazonaws.com/helios/decalcolor
[2016.06.08-08.15.16:244][358]LogTemp:Error: Helios > request failed: http://ec2-54-100-240-19.us-west-1.compute.amazonaws.com/helios/decalcolor
[2016.06.08-08.15.16:448][377]LogTemp:Error: Helios > request failed: http://ec2-54-100-240-19.us-west-1.compute.amazonaws.com/helios/decalcolor
[2016.06.08-08.15.16:650][396]LogTemp:Error: Helios > request failed: http://ec2-54-100-240-19.us-west-1.compute.amazonaws.com/helios/decalcolor
[2016.06.08-08.15.16:849][415]LogTemp:Error: Helios > request failed: http://ec2-54-100-240-19.us-west-1.compute.amazonaws.com/helios/decalcolor
[2016.06.08-08.15.17:053][434]LogTemp:Error: Helios > request failed: http://ec2-54-100-240-19.us-west-1.compute.amazonaws.com/helios/decalcolor
[2016.06.08-08.15.17:260][452]LogTemp:Error: Helios > request failed: http://ec2-54-100-240-19.us-west-1.compute.amazonaws.com/helios/decalcolor
[2016.06.08-08.15.17:462][471]LogTemp:Error: Helios > request failed: http://ec2-54-100-240-19.us-west-1.compute.amazonaws.com/helios/decalcolor
[2016.06.08-08.15.17:664][490]LogTemp:Error: Helios > request failed: http://ec2-54-100-240-19.us-west-1.compute.amazonaws.com/helios/decalcolor
[2016.06.08-08.15.17:873][509]LogTemp:Error: Helios > request failed: http://ec2-54-100-240-19.us-west-1.compute.amazonaws.com/helios/decalcolor
[2016.06.08-08.15.18:077][529]LogTemp:Error: Helios > request failed: http://ec2-54-100-240-19.us-west-1.compute.amazonaws.com/helios/decalcolor
[2016.06.08-08.15.18:284][548]LogTemp:Error: Helios > request failed: http://ec2-54-100-240-19.us-west-1.compute.amazonaws.com/helios/decalcolor
[2016.06.08-08.15.18:491][567]LogTemp:Error: Helios > request failed: http://ec2-54-100-240-19.us-west-1.compute.amazonaws.com/helios/decalcolor
[2016.06.08-08.15.18:689][586]LogTemp:Error: Helios > request failed: http://ec2-54-100-240-19.us-west-1.compute.amazonaws.com/helios/decalcolor
[2016.06.08-08.15.18:892][605]LogTemp:Error: Helios > request failed: http://ec2-54-100-240-19.us-west-1.compute.amazonaws.com/helios/decalcolor
[2016.06.08-08.15.19:075][622]LogSpawn:Warning: SpawnActor failed because of collision at the spawn location [X=516.216 Y=34.923 Z=100.000] for [Target_C]
[2016.06.08-08.15.19:096][624]LogTemp:Error: Helios > request failed: http://ec2-54-100-240-19.us-west-1.compute.amazonaws.com/helios/decalcolor
[2016.06.08-08.15.19:304][643]LogTemp:Error: Helios > request failed: http://ec2-54-100-240-19.us-west-1.compute.amazonaws.com/helios/decalcolor
[2016.06.08-08.15.19:504][662]LogTemp:Error: Helios > request failed: http://ec2-54-100-240-19.us-west-1.compute.amazonaws.com/helios/decalcolor
[2016.06.08-08.15.19:707][681]LogTemp:Error: Helios > request failed: http://ec2-54-100-240-19.us-west-1.compute.amazonaws.com/helios/decalcolor
[2016.06.08-08.15.19:911][700]LogTemp:Error: Helios > request failed: http://ec2-54-100-240-19.us-west-1.compute.amazonaws.com/helios/decalcolor
[2016.06.08-08.15.20:118][719]LogTemp:Error: Helios > request failed: http://ec2-54-100-240-19.us-west-1.compute.amazonaws.com/helios/decalcolor
[2016.06.08-08.15.20:323][738]LogTemp:Error: Helios > request failed: http://ec2-54-100-240-19.us-west-1.compute.amazonaws.com/helios/decalcolor
[2016.06.08-08.15.20:523][757]LogTemp:Error: Helios > request failed: http://ec2-54-100-240-19.us-west-1.compute.amazonaws.com/helios/decalcolor
[2016.06.08-08.15.20:732][777]LogTemp:Error: Helios > request failed: http://ec2-54-100-240-19.us-west-1.compute.amazonaws.com/helios/decalcolor
[2016.06.08-08.15.20:941][797]LogTemp:Error: Helios > request failed: http://ec2-54-100-240-19.us-west-1.compute.amazonaws.com/helios/decalcolor
[2016.06.08-08.15.21:147][816]LogTemp:Error: Helios > request failed: http://ec2-54-100-240-19.us-west-1.compute.amazonaws.com/helios/decalcolor
[2016.06.08-08.15.21:348][835]LogTemp:Error: Helios > request failed: http://ec2-54-100-240-19.us-west-1.compute.amazonaws.com/helios/decalcolor
[2016.06.08-08.15.21:559][855]LogTemp:Error: Helios > request failed: http://ec2-54-100-240-19.us-west-1.compute.amazonaws.com/helios/decalcolor
[2016.06.08-08.15.21:769][875]LogTemp:Error: Helios > request failed: http://ec2-54-100-240-19.us-west-1.compute.amazonaws.com/helios/decalcolor
[2016.06.08-08.15.21:967][894]LogTemp:Error: Helios > request failed: http://ec2-54-100-240-19.us-west-1.compute.amazonaws.com/helios/decalcolor
[2016.06.08-08.15.22:169][913]LogTemp:Error: Helios > request failed: http://ec2-54-100-240-19.us-west-1.compute.amazonaws.com/helios/decalcolor
[2016.06.08-08.15.22:374][932]LogTemp:Error: Helios > request failed: http://ec2-54-100-240-19.us-west-1.compute.amazonaws.com/helios/decalcolor
[2016.06.08-08.15.22:584][952]LogTemp:Error: Helios > request failed: http://ec2-54-100-240-19.us-west-1.compute.amazonaws.com/helios/decalcolor
[2016.06.08-08.15.22:791][971]LogTemp:Error: Helios > request failed: http://ec2-54-100-240-19.us-west-1.compute.amazonaws.com/helios/decalcolor
[2016.06.08-08.15.22:992][990]LogTemp:Error: Helios > request failed: http://ec2-54-100-240-19.us-west-1.compute.amazonaws.com/helios/decalcolor
[2016.06.08-08.15.23:084][998]LogSpawn:Warning: SpawnActor failed because of collision at the spawn location [X=516.216 Y=34.922 Z=100.000] for [Target_C]
[2016.06.08-08.15.23:201][  9]LogTemp:Error: Helios > request failed: http://ec2-54-100-240-19.us-west-1.compute.amazonaws.com/helios/decalcolor
[2016.06.08-08.15.23:398][ 28]LogTemp:Error: Helios > request failed: http://ec2-54-100-240-19.us-west-1.compute.amazonaws.com/helios/decalcolor
[2016.06.08-08.15.23:609][ 48]LogTemp:Error: Helios > request failed: http://ec2-54-100-240-19.us-west-1.compute.amazonaws.com/helios/decalcolor
[2016.06.08-08.15.23:812][ 67]LogTemp:Error: Helios > request failed: http://ec2-54-100-240-19.us-west-1.compute.amazonaws.com/helios/decalcolor
[2016.06.08-08.15.24:019][ 86]LogTemp:Error: Helios > request failed: http://ec2-54-100-240-19.us-west-1.compute.amazonaws.com/helios/decalcolor
[2016.06.08-08.15.24:222][105]LogTemp:Error: Helios > request failed: http://ec2-54-100-240-19.us-west-1.compute.amazonaws.com/helios/decalcolor
[2016.06.08-08.15.24:424][123]LogTemp:Error: Helios > request failed: http://ec2-54-100-240-19.us-west-1.compute.amazonaws.com/helios/decalcolor
[2016.06.08-08.15.24:625][141]LogTemp:Error: Helios > request failed: http://ec2-54-100-240-19.us-west-1.compute.amazonaws.com/helios/decalcolor
[2016.06.08-08.15.24:833][160]LogTemp:Error: Helios > request failed: http://ec2-54-100-240-19.us-west-1.compute.amazonaws.com/helios/decalcolor
[2016.06.08-08.15.25:040][177]LogTemp:Error: Helios > request failed: http://ec2-54-100-240-19.us-west-1.compute.amazonaws.com/helios/decalcolor
[2016.06.08-08.15.25:242][195]LogTemp:Error: Helios > request failed: http://ec2-54-100-240-19.us-west-1.compute.amazonaws.com/helios/decalcolor
[2016.06.08-08.15.25:445][213]LogTemp:Error: Helios > request failed: http://ec2-54-100-240-19.us-west-1.compute.amazonaws.com/helios/decalcolor
[2016.06.08-08.15.25:648][232]LogTemp:Error: Helios > request failed: http://ec2-54-100-240-19.us-west-1.compute.amazonaws.com/helios/decalcolor
[2016.06.08-08.15.25:851][251]LogTemp:Error: Helios > request failed: http://ec2-54-100-240-19.us-west-1.compute.amazonaws.com/helios/decalcolor
[2016.06.08-08.15.26:061][270]LogTemp:Error: Helios > request failed: http://ec2-54-100-240-19.us-west-1.compute.amazonaws.com/helios/decalcolor
[2016.06.08-08.15.26:266][289]LogTemp:Error: Helios > request failed: http://ec2-54-100-240-19.us-west-1.compute.amazonaws.com/helios/decalcolor
[2016.06.08-08.15.26:466][308]LogTemp:Error: Helios > request failed: http://ec2-54-100-240-19.us-west-1.compute.amazonaws.com/helios/decalcolor
[2016.06.08-08.15.26:678][328]LogTemp:Error: Helios > request failed: http://ec2-54-100-240-19.us-west-1.compute.amazonaws.com/helios/decalcolor
[2016.06.08-08.16.25:445][743]LogActorComponent: UnregisterComponent: (/Engine/Transient.SteamVRChaperone_GEN_VARIABLE) Not registered. Aborting.
[2016.06.08-08.16.25:445][743]LogActorComponent: UnregisterComponent: (/Engine/Transient.FloatingPawnMovement_GEN_VARIABLE) Not registered. Aborting.
[2016.06.08-08.16.25:534][743]LogWindowsTextInputMethodSystem:Display: IME system now deactivated.
[2016.06.08-08.16.25:806][744]Cmd: QUIT_EDITOR
[2016.06.08-08.16.26:109][744]LogExit: Preparing to exit.
[2016.06.08-08.16.27:117][744]LogExit: Editor shut down
[2016.06.08-08.16.27:117][744]LogExit: Transaction tracking system shut down
[2016.06.08-08.16.27:256][744]LogObj: Freed 0b from 0 cluster array pools.
[2016.06.08-08.16.27:256][744]LogExit: Object subsystem successfully closed.
[2016.06.08-08.16.27:280][744]LogD3D11RHI: Shutdown
[2016.06.08-08.16.27:280][744]LogD3D11RHI: CleanupD3DDevice
[2016.06.08-08.16.27:282][744]LogD3D11RHI: ~FD3D11DynamicRHI
[2016.06.08-08.16.27:395][744]LogDerivedDataCache: Shutdown
[2016.06.08-08.16.27:395][744]LogModuleManager: Shutting down and abandoning module MovieSceneCapture (208)
[2016.06.08-08.16.27:395][744]LogModuleManager: Shutting down and abandoning module HierarchicalLODOutliner (207)
[2016.06.08-08.16.27:395][744]LogModuleManager: Shutting down and abandoning module CrashTracker (206)
[2016.06.08-08.16.27:395][744]LogModuleManager: Shutting down and abandoning module SceneOutliner (205)
[2016.06.08-08.16.27:395][744]LogModuleManager: Shutting down and abandoning module SuperSearch (204)
[2016.06.08-08.16.27:395][744]LogModuleManager: Shutting down and abandoning module WidgetCarousel (203)
[2016.06.08-08.16.27:395][744]LogModuleManager: Shutting down and abandoning module AddContentDialog (202)
[2016.06.08-08.16.27:396][744]LogModuleManager: Shutting down and abandoning module GameplayTags (201)
[2016.06.08-08.16.27:396][744]LogModuleManager: Shutting down and abandoning module EditorWidgets (200)
[2016.06.08-08.16.27:396][744]LogModuleManager: Shutting down and abandoning module CollectionManager (199)
[2016.06.08-08.16.27:396][744]LogModuleManager: Shutting down and abandoning module StatsViewer (198)
[2016.06.08-08.16.27:396][744]LogModuleManager: Shutting down and abandoning module FoliageEdit (197)
[2016.06.08-08.16.27:396][744]LogModuleManager: Shutting down and abandoning module LandscapeEditor (196)
[2016.06.08-08.16.27:396][744]LogModuleManager: Shutting down and abandoning module ActorPickerMode (195)
[2016.06.08-08.16.27:396][744]LogModuleManager: Shutting down and abandoning module GeometryMode (194)
[2016.06.08-08.16.27:396][744]LogModuleManager: Shutting down and abandoning module TextureAlignMode (193)
[2016.06.08-08.16.27:396][744]LogModuleManager: Shutting down and abandoning module BspMode (192)
[2016.06.08-08.16.27:396][744]LogModuleManager: Shutting down and abandoning module PlacementMode (191)
[2016.06.08-08.16.27:396][744]LogModuleManager: Shutting down and abandoning module AutomationWorker (190)
[2016.06.08-08.16.27:396][744]LogModuleManager: Shutting down and abandoning module CharacterAI (189)
[2016.06.08-08.16.27:396][744]LogModuleManager: Shutting down and abandoning module SmartSnapping (188)
[2016.06.08-08.16.27:396][744]LogModuleManager: Shutting down and abandoning module ViewportSnapping (187)
[2016.06.08-08.16.27:396][744]LogModuleManager: Shutting down and abandoning module LogVisualizer (186)
[2016.06.08-08.16.27:397][744]LogModuleManager: Shutting down and abandoning module GameProjectGeneration (185)
[2016.06.08-08.16.27:397][744]LogModuleManager: Shutting down and abandoning module IntroTutorials (184)
[2016.06.08-08.16.27:397][744]LogModuleManager: Shutting down and abandoning module EditorLiveStreaming (183)
[2016.06.08-08.16.27:397][744]LogModuleManager: Shutting down and abandoning module IOSPlatformEditor (182)
[2016.06.08-08.16.27:397][744]LogModuleManager: Shutting down and abandoning module HTML5PlatformEditor (181)
[2016.06.08-08.16.27:397][744]LogModuleManager: Shutting down and abandoning module AndroidDeviceDetection (180)
[2016.06.08-08.16.27:924][744]LogModuleManager: Shutting down and abandoning module AndroidPlatformEditor (179)
[2016.06.08-08.16.27:924][744]LogModuleManager: Shutting down and abandoning module IOSRuntimeSettings (178)
[2016.06.08-08.16.27:924][744]LogModuleManager: Shutting down and abandoning module AndroidRuntimeSettings (177)
[2016.06.08-08.16.27:924][744]LogModuleManager: Shutting down and abandoning module MergeActors (176)
[2016.06.08-08.16.27:924][744]LogModuleManager: Shutting down and abandoning module SizeMap (175)
[2016.06.08-08.16.27:924][744]LogModuleManager: Shutting down and abandoning module TreeMap (174)
[2016.06.08-08.16.27:924][744]LogModuleManager: Shutting down and abandoning module ReferenceViewer (173)
[2016.06.08-08.16.27:924][744]LogModuleManager: Shutting down and abandoning module LocalizationService (172)
[2016.06.08-08.16.27:924][744]LogModuleManager: Shutting down and abandoning module LocalizationDashboard (171)
[2016.06.08-08.16.27:924][744]LogModuleManager: Shutting down and abandoning module HardwareTargeting (170)
[2016.06.08-08.16.27:924][744]LogModuleManager: Shutting down and abandoning module DeviceProfileEditor (169)
[2016.06.08-08.16.27:924][744]LogModuleManager: Shutting down and abandoning module UndoHistory (168)
[2016.06.08-08.16.27:924][744]LogModuleManager: Shutting down and abandoning module UserFeedback (167)
[2016.06.08-08.16.27:924][744]LogModuleManager: Shutting down and abandoning module XmlParser (166)
[2016.06.08-08.16.27:924][744]LogModuleManager: Shutting down and abandoning module Blutility (165)
[2016.06.08-08.16.27:924][744]LogModuleManager: Shutting down and abandoning module ProjectTargetPlatformEditor (164)
[2016.06.08-08.16.27:924][744]LogModuleManager: Shutting down and abandoning module ProjectSettingsViewer (163)
[2016.06.08-08.16.27:924][744]LogModuleManager: Shutting down and abandoning module InputBindingEditor (162)
[2016.06.08-08.16.27:925][744]LogModuleManager: Shutting down and abandoning module EditorSettingsViewer (161)
[2016.06.08-08.16.27:925][744]LogModuleManager: Shutting down and abandoning module SettingsEditor (160)
[2016.06.08-08.16.27:925][744]LogModuleManager: Shutting down and abandoning module ProjectLauncher (159)
[2016.06.08-08.16.27:925][744]LogModuleManager: Shutting down and abandoning module SessionFrontend (158)
[2016.06.08-08.16.27:925][744]LogModuleManager: Shutting down and abandoning module ProfilerClient (157)
[2016.06.08-08.16.27:925][744]LogModuleManager: Shutting down and abandoning module TargetDeviceServices (156)
[2016.06.08-08.16.27:925][744]LogModuleManager: Shutting down and abandoning module DeviceManager (155)
[2016.06.08-08.16.27:957][744]LogModuleManager: Shutting down and abandoning module AutomationController (154)
[2016.06.08-08.16.27:957][744]LogModuleManager: Shutting down and abandoning module AutomationWindow (153)
[2016.06.08-08.16.27:957][744]LogModuleManager: Shutting down and abandoning module Layers (152)
[2016.06.08-08.16.27:957][744]LogModuleManager: Shutting down and abandoning module ComponentVisualizers (151)
[2016.06.08-08.16.27:957][744]LogModuleManager: Shutting down and abandoning module DetailCustomizations (150)
[2016.06.08-08.16.27:957][744]LogModuleManager: Shutting down and abandoning module PackagesDialog (149)
[2016.06.08-08.16.27:957][744]LogModuleManager: Shutting down and abandoning module Persona (148)
[2016.06.08-08.16.27:957][744]LogModuleManager: Shutting down and abandoning module Kismet (147)
[2016.06.08-08.16.27:957][744]LogModuleManager: Shutting down and abandoning module GraphEditor (146)
[2016.06.08-08.16.27:957][744]LogModuleManager: Shutting down and abandoning module ClassViewer (145)
[2016.06.08-08.16.27:957][744]LogModuleManager: Shutting down and abandoning module Toolbox (144)
[2016.06.08-08.16.27:957][744]LogModuleManager: Shutting down and abandoning module ModuleUI (143)
[2016.06.08-08.16.27:957][744]LogModuleManager: Shutting down and abandoning module MovieSceneTools (142)
[2016.06.08-08.16.27:957][744]LogModuleManager: Shutting down and abandoning module OutputLog (141)
[2016.06.08-08.16.27:957][744]LogModuleManager: Shutting down and abandoning module GammaUI (140)
[2016.06.08-08.16.27:957][744]LogModuleManager: Shutting down and abandoning module Documentation (139)
[2016.06.08-08.16.27:957][744]LogModuleManager: Shutting down and abandoning module StreamingPauseRendering (138)
[2016.06.08-08.16.27:957][744]LogModuleManager: Shutting down and abandoning module AnalyticsET (137)
[2016.06.08-08.16.27:957][744]LogModuleManager: Shutting down and abandoning module Analytics (136)
[2016.06.08-08.16.27:957][744]LogModuleManager: Shutting down and abandoning module PortalServices (135)
[2016.06.08-08.16.27:957][744]LogModuleManager: Shutting down and abandoning module PortalRpc (134)
[2016.06.08-08.16.27:957][744]LogModuleManager: Shutting down and abandoning module MessagingRpc (133)
[2016.06.08-08.16.27:957][744]LogModuleManager: Shutting down and abandoning module AITestSuite (132)
[2016.06.08-08.16.27:957][744]LogModuleManager: Shutting down and abandoning module GameplayDebugger (131)
[2016.06.08-08.16.27:957][744]LogModuleManager: Shutting down and abandoning module AIModule (130)
[2016.06.08-08.16.27:957][744]LogModuleManager: Shutting down and abandoning module ProfilerService (129)
[2016.06.08-08.16.28:011][744]LogModuleManager: Shutting down and abandoning module TaskGraph (128)
[2016.06.08-08.16.28:011][744]LogModuleManager: Shutting down and abandoning module VRGripMotionControllerPlugin (127)
[2016.06.08-08.16.28:011][744]LogModuleManager: Shutting down and abandoning module SimpleDataIntegration (126)
[2016.06.08-08.16.28:011][744]LogModuleManager: Shutting down and abandoning module SlateRemote (125)
[2016.06.08-08.16.28:011][744]LogModuleManager: Shutting down and abandoning module SteamVRController (124)
[2016.06.08-08.16.28:011][744]LogModuleManager: Shutting down and abandoning module SteamVR (123)
[2016.06.08-08.16.28:011][744]LogModuleManager: Shutting down and abandoning module ProceduralMeshComponent (122)
[2016.06.08-08.16.28:011][744]LogModuleManager: Shutting down and abandoning module OculusLibrary (121)
[2016.06.08-08.16.28:011][744]LogModuleManager: Shutting down and abandoning module OculusInput (120)
[2016.06.08-08.16.28:011][744]LogModuleManager: Shutting down and abandoning module CustomMeshComponent (119)
[2016.06.08-08.16.28:011][744]LogModuleManager: Shutting down and abandoning module CableComponent (118)
[2016.06.08-08.16.28:011][744]LogModuleManager: Shutting down and abandoning module ArchVisCharacter (117)
[2016.06.08-08.16.28:011][744]LogModuleManager: Shutting down and abandoning module MediaPlayerEditor (116)
[2016.06.08-08.16.28:011][744]LogModuleManager: Shutting down and abandoning module HTML5Networking (115)
[2016.06.08-08.16.28:011][744]LogModuleManager: Shutting down and abandoning module SpeedTreeImporter (114)
[2016.06.08-08.16.28:011][744]LogModuleManager: Shutting down and abandoning module PluginBrowser (113)
[2016.06.08-08.16.28:011][744]LogModuleManager: Shutting down and abandoning module EpicSurvey (112)
[2016.06.08-08.16.28:012][744]LogModuleManager: Shutting down and abandoning module DesktopPlatform (111)
[2016.06.08-08.16.28:012][744]LogModuleManager: Shutting down and abandoning module VisualStudioSourceCodeAccess (110)
[2016.06.08-08.16.28:012][744]LogModuleManager: Shutting down and abandoning module UObjectPlugin (109)
[2016.06.08-08.16.28:012][744]LogModuleManager: Shutting down and abandoning module SubversionSourceControl (108)
[2016.06.08-08.16.28:012][744]LogModuleManager: Shutting down and abandoning module PerforceSourceControl (107)
[2016.06.08-08.16.28:012][744]LogModuleManager: Shutting down and abandoning module SourceControl (106)
[2016.06.08-08.16.28:012][744]LogModuleManager: Shutting down and abandoning module GitSourceControl (105)
[2016.06.08-08.16.28:012][744]LogModuleManager: Shutting down and abandoning module LightPropagationVolumeEditor (104)
[2016.06.08-08.16.28:012][744]LogModuleManager: Shutting down and abandoning module PaperTiledImporter (103)
[2016.06.08-08.16.28:012][744]LogModuleManager: Shutting down and abandoning module PaperSpriteSheetImporter (102)
[2016.06.08-08.16.28:012][744]LogModuleManager: Shutting down and abandoning module MeshPaint (101)
[2016.06.08-08.16.28:012][744]LogModuleManager: Shutting down and abandoning module HotReload (100)
[2016.06.08-08.16.28:012][744]LogModuleManager: Shutting down and abandoning module MainFrame (99)
[2016.06.08-08.16.28:012][744]LogModuleManager: Shutting down and abandoning module LevelEditor (98)
[2016.06.08-08.16.28:013][744]LogModuleManager: Shutting down and abandoning module DirectoryWatcher (97)
[2016.06.08-08.16.28:013][744]LogModuleManager: Shutting down and abandoning module AssetRegistry (96)
[2016.06.08-08.16.28:168][744]LogModuleManager: Shutting down and abandoning module ContentBrowser (95)
[2016.06.08-08.16.28:169][744]LogModuleManager: Shutting down and abandoning module Paper2DEditor (94)
[2016.06.08-08.16.28:169][744]LogModuleManager: Shutting down and abandoning module HeliosFinal (93)
[2016.06.08-08.16.28:169][744]LogModuleManager: Shutting down and abandoning module UdpMessaging (92)
[2016.06.08-08.16.28:270][744]LogModuleManager: Shutting down and abandoning module LightPropagationVolumeRuntime (91)
[2016.06.08-08.16.28:270][744]LogModuleManager: Shutting down and abandoning module Paper2D (90)
[2016.06.08-08.16.28:270][744]LogModuleManager: Shutting down and abandoning module WindowsMoviePlayer (89)
[2016.06.08-08.16.28:270][744]LogModuleManager: Shutting down and abandoning module Media (88)
[2016.06.08-08.16.28:270][744]LogModuleManager: Shutting down and abandoning module WmfMedia (87)
[2016.06.08-08.16.28:270][744]LogModuleManager: Shutting down and abandoning module MediaAssets (86)
[2016.06.08-08.16.28:270][744]LogModuleManager: Shutting down and abandoning module GameLiveStreaming (85)
[2016.06.08-08.16.28:270][744]LogModuleManager: Shutting down and abandoning module GameplayTagsEditor (84)
[2016.06.08-08.16.28:270][744]LogModuleManager: Shutting down and abandoning module OnlineBlueprintSupport (83)
[2016.06.08-08.16.28:270][744]LogModuleManager: Shutting down and abandoning module GameplayTasksEditor (82)
[2016.06.08-08.16.28:270][744]LogModuleManager: Shutting down and abandoning module PropertyEditor (81)
[2016.06.08-08.16.28:270][744]LogModuleManager: Shutting down and abandoning module BehaviorTreeEditor (80)
[2016.06.08-08.16.28:270][744]LogModuleManager: Shutting down and abandoning module FunctionalTesting (79)
[2016.06.08-08.16.28:270][744]LogModuleManager: Shutting down and abandoning module CollisionAnalyzer (78)
[2016.06.08-08.16.28:270][744]LogModuleManager: Shutting down and abandoning module WorkspaceMenuStructure (77)
[2016.06.08-08.16.28:270][744]LogModuleManager: Shutting down and abandoning module MessageLog (76)
[2016.06.08-08.16.28:270][744]LogModuleManager: Shutting down and abandoning module Sequencer (75)
[2016.06.08-08.16.28:270][744]LogModuleManager: Shutting down and abandoning module AssetTools (74)
[2016.06.08-08.16.28:270][744]LogModuleManager: Shutting down and abandoning module UMGEditor (73)
[2016.06.08-08.16.28:270][744]LogModuleManager: Shutting down and abandoning module UMG (72)
[2016.06.08-08.16.28:270][744]LogModuleManager: Shutting down and abandoning module SlateReflector (71)
[2016.06.08-08.16.28:271][744]LogModuleManager: Shutting down and abandoning module Slate (70)
[2016.06.08-08.16.28:271][744]LogModuleManager: Shutting down and abandoning module EditorStyle (69)
[2016.06.08-08.16.28:273][744]LogModuleManager: Shutting down and abandoning module SessionServices (68)
[2016.06.08-08.16.28:273][744]LogModuleManager: Shutting down and abandoning module SourceCodeAccess (67)
[2016.06.08-08.16.28:273][744]LogModuleManager: Shutting down and abandoning module HeadMountedDisplay (66)
[2016.06.08-08.16.28:273][744]LogModuleManager: Shutting down and abandoning module XAudio2 (65)
[2016.06.08-08.16.28:273][744]LogModuleManager: Shutting down and abandoning module Networking (63)
[2016.06.08-08.16.28:273][744]LogModuleManager: Shutting down and abandoning module Core (62)
[2016.06.08-08.16.28:274][744]LogModuleManager: Shutting down and abandoning module KismetCompiler (61)
[2016.06.08-08.16.28:274][744]LogModuleManager: Shutting down and abandoning module PhysXFormats (60)
[2016.06.08-08.16.28:274][744]LogModuleManager: Shutting down and abandoning module MeshUtilities (59)
[2016.06.08-08.16.28:274][744]LogModuleManager: Shutting down and abandoning module CookingStats (58)
[2016.06.08-08.16.28:274][744]LogModuleManager: Shutting down and abandoning module DerivedDataCache (57)
[2016.06.08-08.16.28:274][744]LogDerivedDataCache: Shutdown
[2016.06.08-08.16.28:274][744]LogModuleManager: Shutting down and abandoning module ShaderFormatOpenGL (56)
[2016.06.08-08.16.28:274][744]LogModuleManager: Shutting down and abandoning module ShaderFormatD3D (55)
[2016.06.08-08.16.28:274][744]LogModuleManager: Shutting down and abandoning module MetalShaderFormat (54)
[2016.06.08-08.16.28:274][744]LogModuleManager: Shutting down and abandoning module TextureFormatUncompressed (53)
[2016.06.08-08.16.28:274][744]LogModuleManager: Shutting down and abandoning module TextureFormatPVR (52)
[2016.06.08-08.16.28:274][744]LogModuleManager: Shutting down and abandoning module TextureFormatIntelISPCTexComp (51)
[2016.06.08-08.16.28:274][744]LogModuleManager: Shutting down and abandoning module TextureFormatDXT (50)
[2016.06.08-08.16.28:274][744]LogModuleManager: Shutting down and abandoning module ImageWrapper (49)
[2016.06.08-08.16.28:274][744]LogModuleManager: Shutting down and abandoning module TextureFormatASTC (48)
[2016.06.08-08.16.28:274][744]LogModuleManager: Shutting down and abandoning module TextureFormatAndroid (47)
[2016.06.08-08.16.28:274][744]LogModuleManager: Shutting down and abandoning module AudioFormatOpus (46)
[2016.06.08-08.16.28:274][744]LogModuleManager: Shutting down and abandoning module AudioFormatOgg (45)
[2016.06.08-08.16.28:274][744]LogModuleManager: Shutting down and abandoning module AudioFormatADPCM (44)
[2016.06.08-08.16.28:274][744]LogModuleManager: Shutting down and abandoning module LinuxTargetPlatform (43)
[2016.06.08-08.16.28:274][744]LogModuleManager: Shutting down and abandoning module LinuxServerTargetPlatform (42)
[2016.06.08-08.16.28:274][744]LogModuleManager: Shutting down and abandoning module LinuxNoEditorTargetPlatform (41)
[2016.06.08-08.16.28:274][744]LogModuleManager: Shutting down and abandoning module TVOSTargetPlatform (40)
[2016.06.08-08.16.28:274][744]LogModuleManager: Shutting down and abandoning module Messaging (39)
[2016.06.08-08.16.28:274][744]LogModuleManager: Shutting down and abandoning module IOSTargetPlatform (38)
[2016.06.08-08.16.28:274][744]LogModuleManager: Shutting down and abandoning module HTML5TargetPlatform (37)
[2016.06.08-08.16.28:274][744]LogModuleManager: Shutting down and abandoning module Android_PVRTCTargetPlatform (36)
[2016.06.08-08.16.28:274][744]LogModuleManager: Shutting down and abandoning module Android_MultiTargetPlatform (35)
[2016.06.08-08.16.28:274][744]LogModuleManager: Shutting down and abandoning module Android_ETC2TargetPlatform (34)
[2016.06.08-08.16.28:274][744]LogModuleManager: Shutting down and abandoning module Android_ETC1TargetPlatform (33)
[2016.06.08-08.16.28:274][744]LogModuleManager: Shutting down and abandoning module Android_DXTTargetPlatform (32)
[2016.06.08-08.16.28:274][744]LogModuleManager: Shutting down and abandoning module Android_ATCTargetPlatform (31)
[2016.06.08-08.16.28:274][744]LogModuleManager: Shutting down and abandoning module Android_ASTCTargetPlatform (30)
[2016.06.08-08.16.28:274][744]LogModuleManager: Shutting down and abandoning module AndroidTargetPlatform (29)
[2016.06.08-08.16.28:274][744]LogModuleManager: Shutting down and abandoning module WindowsTargetPlatform (28)
[2016.06.08-08.16.28:274][744]LogModuleManager: Shutting down and abandoning module WindowsServerTargetPlatform (27)
[2016.06.08-08.16.28:274][744]LogModuleManager: Shutting down and abandoning module WindowsNoEditorTargetPlatform (26)
[2016.06.08-08.16.28:274][744]LogModuleManager: Shutting down and abandoning module WindowsClientTargetPlatform (25)
[2016.06.08-08.16.28:274][744]LogModuleManager: Shutting down and abandoning module AllDesktopTargetPlatform (24)
[2016.06.08-08.16.28:274][744]LogModuleManager: Shutting down and abandoning module TargetPlatform (23)
[2016.06.08-08.16.28:274][744]LogModuleManager: Shutting down and abandoning module InputCore (22)
[2016.06.08-08.16.28:274][744]LogModuleManager: Shutting down and abandoning module Settings (21)
[2016.06.08-08.16.28:274][744]LogModuleManager: Shutting down and abandoning module OnlineSubsystem (19)
[2016.06.08-08.16.28:274][744]LogModuleManager: Shutting down and abandoning module HTTP (18)
[2016.06.08-08.16.30:278][744]LogModuleManager: Shutting down and abandoning module XMPP (17)
[2016.06.08-08.16.30:278][744]LogModuleManager: Shutting down and abandoning module OculusRift (16)
[2016.06.08-08.16.30:278][744]LogModuleManager: Shutting down and abandoning module ExampleDeviceProfileSelector (15)
[2016.06.08-08.16.30:278][744]LogModuleManager: Shutting down and abandoning module TextureCompressor (14)
[2016.06.08-08.16.30:278][744]LogModuleManager: Shutting down and abandoning module ShaderCore (13)
[2016.06.08-08.16.30:278][744]LogModuleManager: Shutting down and abandoning module Landscape (12)
[2016.06.08-08.16.30:278][744]LogModuleManager: Shutting down and abandoning module SlateRHIRenderer (11)
[2016.06.08-08.16.30:279][744]LogModuleManager: Shutting down and abandoning module OpenGLDrv (10)
[2016.06.08-08.16.30:279][744]LogModuleManager: Shutting down and abandoning module D3D11RHI (9)
[2016.06.08-08.16.30:279][744]LogModuleManager: Shutting down and abandoning module AnimGraphRuntime (8)
[2016.06.08-08.16.30:279][744]LogModuleManager: Shutting down and abandoning module Renderer (7)
[2016.06.08-08.16.30:279][744]LogModuleManager: Shutting down and abandoning module Engine (6)
[2016.06.08-08.16.30:279][744]LogModuleManager: Shutting down and abandoning module CoreUObject (5)
[2016.06.08-08.16.30:279][744]LogModuleManager: Shutting down and abandoning module NetworkFile (4)
[2016.06.08-08.16.30:279][744]LogModuleManager: Shutting down and abandoning module StreamingFile (3)
[2016.06.08-08.16.30:279][744]LogModuleManager: Shutting down and abandoning module SandboxFile (2)
[2016.06.08-08.16.30:279][744]LogModuleManager: Shutting down and abandoning module PakFile (1)
[2016.06.08-08.16.30:281][744]LogExit: Exiting.
[2016.06.08-08.16.30:283][744]Log file closed, 06/08/16 01:16:30
