Log file open, 06/08/16 02:00:28
LogInit:Display: Running engine for game: HeliosFinal
LogPlatformFile: Not using cached read wrapper
LogInit:Display: RandInit(-1857611311) SRandInit(-1857611309).
LogTaskGraph: Started task graph with 4 named threads and 7 total threads.
LogStats: Stats thread started at 0.104114
LogInit: Version: 4.11.2-2946394+++UE4+Release-4.11
LogInit: API Version: 2927265
LogInit: Compiled (64-bit): Apr 18 2016 02:18:46
LogInit: Compiled with Visual C++: 19.00.23026.00
LogInit: Build Configuration: Development
LogInit: Branch Name: ++UE4+Release-4.11
LogInit: Command line: 
LogInit: Base directory: C:/Program Files/Epic Games/4.11/Engine/Binaries/Win64/
LogInit: Installed Engine Build: 1
LogInit: Using libcurl 7.41.0
LogInit:  - built for x86_64-pc-win32
LogInit:  - supports SSL with WinSSL
LogInit:  - other features:
LogInit:      CURL_VERSION_SSL
LogInit:      CURL_VERSION_IPV6
LogInit:      CURL_VERSION_ASYNCHDNS
LogInit:      CURL_VERSION_LARGEFILE
LogInit:      CURL_VERSION_IDN
LogInit:  CurlRequestOptions (configurable via config and command line):
LogInit:  - bVerifyPeer = true  - Libcurl will verify peer certificate
LogInit:  - bUseHttpProxy = false  - Libcurl will NOT use HTTP proxy
LogInit:  - bDontReuseConnections = false  - Libcurl will reuse connections
LogInit:  - CertBundlePath = nullptr  - Libcurl will use whatever was configured at build time.
LogInit: Presizing for max 16777216 objects, including 0 objects not considered by GC, pre-allocating 0 bytes for permanent pool.
LogInit: Object subsystem initialized
[2016.06.08-09.00.29:017][  0]LogConsoleManager:Display: Setting the console variable 'r.ScreenPercentage' with 'SetByScalability' was ignored as it is lower priority than the previous 'SetBySystemSettingsIni'
[2016.06.08-09.00.29:017][  0]LogConsoleManager:Display: Setting the console variable 'r.PostProcessAAQuality' with 'SetByScalability' was ignored as it is lower priority than the previous 'SetBySystemSettingsIni'
[2016.06.08-09.00.29:017][  0]LogConsoleManager:Display: Setting the console variable 'sg.PostProcessQuality' with 'SetByScalability' was ignored as it is lower priority than the previous 'SetBySystemSettingsIni'
[2016.06.08-09.00.29:017][  0]LogConsoleManager:Display: Setting the console variable 'r.MaxAnisotropy' with 'SetByScalability' was ignored as it is lower priority than the previous 'SetBySystemSettingsIni'
[2016.06.08-09.00.29:017][  0]LogConsoleManager:Display: Setting the console variable 'sg.EffectsQuality' with 'SetByScalability' was ignored as it is lower priority than the previous 'SetBySystemSettingsIni'
[2016.06.08-09.00.29:017][  0]LogInit: Selected Device Profile: [Windows]
[2016.06.08-09.00.29:017][  0]LogInit: Applying CVar settings loaded from the selected device profile: [Windows]
[2016.06.08-09.00.29:025][  0]LogInit: Computer: 210-EUROPA
[2016.06.08-09.00.29:025][  0]LogInit: User: Helios
[2016.06.08-09.00.29:025][  0]LogInit: CPU Page size=65536, Cores=4
[2016.06.08-09.00.29:025][  0]LogInit: High frequency timer resolution =2.531255 MHz
[2016.06.08-09.00.29:025][  0]LogMemory: Memory total: Physical=15.9GB (16GB approx)
[2016.06.08-09.00.29:025][  0]LogMemory: Platform Memory Stats for Windows
[2016.06.08-09.00.29:025][  0]LogMemory: Process Physical Memory: 314.68 MB used, 314.68 MB peak
[2016.06.08-09.00.29:025][  0]LogMemory: Process Virtual Memory: 314.97 MB used, 314.97 MB peak
[2016.06.08-09.00.29:025][  0]LogMemory: Physical Memory: 5532.36 MB used, 16283.44 MB total
[2016.06.08-09.00.29:025][  0]LogMemory: Virtual Memory: 653.71 MB used, 134217728.00 MB total
[2016.06.08-09.00.29:057][  0]LogTextLocalizationManager: No specific translations for ('en-US') exist, so ('en') translations will be used.
[2016.06.08-09.00.29:519][  0]LogD3D11RHI: D3D11 adapters:
[2016.06.08-09.00.29:549][  0]LogD3D11RHI:    0. 'NVIDIA GeForce GTX 980 Ti' (Feature Level 11_0)
[2016.06.08-09.00.29:549][  0]LogD3D11RHI:       6047MB of dedicated video memory, 0MB of dedicated system memory, and 8141MB of shared system memory, 1 output[s]
[2016.06.08-09.00.29:556][  0]LogD3D11RHI:    1. 'Intel(R) HD Graphics 530' (Feature Level 11_0)
[2016.06.08-09.00.29:556][  0]LogD3D11RHI:       128MB of dedicated video memory, 0MB of dedicated system memory, and 8141MB of shared system memory, 0 output[s]
[2016.06.08-09.00.29:558][  0]LogD3D11RHI:    2. 'Microsoft Basic Render Driver' (Feature Level 11_0)
[2016.06.08-09.00.29:558][  0]LogD3D11RHI:       0MB of dedicated video memory, 0MB of dedicated system memory, and 8141MB of shared system memory, 0 output[s]
[2016.06.08-09.00.29:558][  0]LogD3D11RHI: Chosen D3D11 Adapter: 0
[2016.06.08-09.00.29:562][  0]LogD3D11RHI: Creating new Direct3DDevice
[2016.06.08-09.00.29:562][  0]LogD3D11RHI:     Adapter Name: NVIDIA GeForce GTX 980 Ti
[2016.06.08-09.00.29:562][  0]LogD3D11RHI:   Driver Version: Unknown (internal Unknown)
[2016.06.08-09.00.29:562][  0]LogD3D11RHI:      Driver Date: Unknown
[2016.06.08-09.00.29:562][  0]LogRHI: Texture pool is 1361 MB (70% of 1945 MB)
[2016.06.08-09.00.29:580][  0]LogD3D11RHI: Async texture creation enabled
[2016.06.08-09.00.29:590][  0]LogShaderCompilers: Guid format shader working directory is 32 characters bigger than the processId version (D:/HeliosFinal/Intermediate/Shaders/WorkingDirectory/10064/).
[2016.06.08-09.00.29:591][  0]LogShaderCompilers: Cleaned the shader compiler working directory 'C:/Users/Helios/AppData/Local/Temp/UnrealShaderWorkingDir/E2F4D82849D6F4CECCA255B4AAD708ED/'.
[2016.06.08-09.00.29:591][  0]LogShaderCompilers:Display: Using Local Shader Compiler.
[2016.06.08-09.00.30:542][  0]LogTemp:Display: Loaded TP AllDesktopTargetPlatform
[2016.06.08-09.00.30:547][  0]LogTemp:Display: Loaded TP WindowsClientTargetPlatform
[2016.06.08-09.00.30:553][  0]LogTemp:Display: Loaded TP WindowsNoEditorTargetPlatform
[2016.06.08-09.00.30:558][  0]LogTemp:Display: Loaded TP WindowsServerTargetPlatform
[2016.06.08-09.00.30:562][  0]LogTemp:Display: Loaded TP WindowsTargetPlatform
[2016.06.08-09.00.30:566][  0]LogTemp:Display: Loaded TP AndroidTargetPlatform
[2016.06.08-09.00.30:570][  0]LogTemp:Display: Loaded TP Android_ASTCTargetPlatform
[2016.06.08-09.00.30:574][  0]LogTemp:Display: Loaded TP Android_ATCTargetPlatform
[2016.06.08-09.00.30:577][  0]LogTemp:Display: Loaded TP Android_DXTTargetPlatform
[2016.06.08-09.00.30:580][  0]LogTemp:Display: Loaded TP Android_ETC1TargetPlatform
[2016.06.08-09.00.30:584][  0]LogTemp:Display: Loaded TP Android_ETC2TargetPlatform
[2016.06.08-09.00.30:590][  0]LogTemp:Display: Loaded TP Android_MultiTargetPlatform
[2016.06.08-09.00.30:590][  0]LogTemp:Display: Loaded TP Android_PVRTCTargetPlatform
[2016.06.08-09.00.30:591][  0]LogTemp:Display: Loaded TP HTML5TargetPlatform
[2016.06.08-09.00.30:609][  0]LogTemp:Display: Loaded TP IOSTargetPlatform
[2016.06.08-09.00.30:612][  0]LogTemp:Display: Loaded TP TVOSTargetPlatform
[2016.06.08-09.00.30:616][  0]LogTemp:Display: Loaded TP LinuxNoEditorTargetPlatform
[2016.06.08-09.00.30:619][  0]LogTemp:Display: Loaded TP LinuxServerTargetPlatform
[2016.06.08-09.00.30:621][  0]LogTemp:Display: Loaded TP LinuxTargetPlatform
[2016.06.08-09.00.30:621][  0]LogTargetPlatformManager:Display: Building Assets For Windows
[2016.06.08-09.00.30:705][  0]LogDerivedDataCache:Display: Max Cache Size: 512 MB
[2016.06.08-09.00.30:773][  0]LogDerivedDataCache: Loaded boot cache 0.07s 73MB C:/Users/Helios/AppData/Local/UnrealEngine/4.11/DerivedDataCache/Boot.ddc.
[2016.06.08-09.00.30:773][  0]LogDerivedDataCache:Display: Loaded Boot cache: C:/Users/Helios/AppData/Local/UnrealEngine/4.11/DerivedDataCache/Boot.ddc
[2016.06.08-09.00.30:773][  0]LogDerivedDataCache: FDerivedDataBackendGraph:  Pak pak cache file D:/HeliosFinal/DerivedDataCache/DDC.ddp not found, will not use a pak cache.
[2016.06.08-09.00.30:773][  0]LogDerivedDataCache: Unable to find inner node Pak for hierarchical cache Hierarchy.
[2016.06.08-09.00.30:773][  0]LogDerivedDataCache: FDerivedDataBackendGraph:  CompressedPak pak cache file D:/HeliosFinal/DerivedDataCache/Compressed.ddp not found, will not use a pak cache.
[2016.06.08-09.00.30:773][  0]LogDerivedDataCache: Unable to find inner node CompressedPak for hierarchical cache Hierarchy.
[2016.06.08-09.00.30:787][  0]LogDerivedDataCache:Display: Pak cache opened for reading ../../../Engine/DerivedDataCache/Compressed.ddp.
[2016.06.08-09.00.30:799][  0]LogDerivedDataCache: Using Local data cache path C:/Users/Helios/AppData/Local/UnrealEngine/Common/DerivedDataCache: Writable
[2016.06.08-09.00.30:945][  0]LogInit: Selected Device Profile: [Windows]
[2016.06.08-09.00.30:946][  0]LogContentStreaming: Texture pool size is 0.00 MB
[2016.06.08-09.00.30:974][  0]LogMaterial: Uniform references updated for custom material expression Custom.
[2016.06.08-09.00.31:105][  0]LogMeshUtilities: No automatic mesh reduction module available
[2016.06.08-09.00.31:105][  0]LogMeshUtilities: No automatic mesh merging module available
[2016.06.08-09.00.31:105][  0]LogMeshUtilities: No distributed automatic mesh merging module available
[2016.06.08-09.00.31:312][  0]LogUObjectArray: 27679 objects as part of root set at end of initial load.
[2016.06.08-09.00.31:312][  0]LogUObjectAllocator: 5591592 out of 0 bytes used by permanent object pool.
[2016.06.08-09.00.31:312][  0]LogUObjectArray: CloseDisregardForGC: 0/0 objects in disregard for GC pool
[2016.06.08-09.00.31:321][  0]LogInit: WinSock: version 1.1 (2.2), MaxSocks=32767, MaxUdp=65467
[2016.06.08-09.00.31:419][  0]LogSlate: SlateFontCache - WITH_FREETYPE: 1, WITH_HARFBUZZ: 1
[2016.06.08-09.00.31:419][  0]LogSlate: SlateFontCache - WITH_FREETYPE: 1, WITH_HARFBUZZ: 1
[2016.06.08-09.00.31:505][  0]LogStreaming:Warning: Failed to read file '../../../Engine/Content/Editor/Slate/Common/Selection_16x.png' error.
[2016.06.08-09.00.31:505][  0]LogSlate: Could not find file for Slate resource: ../../../Engine/Content/Editor/Slate/Common/Selection_16x.png
[2016.06.08-09.00.31:505][  0]LogStreaming:Warning: Failed to read file '../../../Engine/Content/Editor/Slate/Common/Selection_16x.png' error.
[2016.06.08-09.00.31:505][  0]LogSlate: Could not find file for Slate resource: ../../../Engine/Content/Editor/Slate/Common/Selection_16x.png
[2016.06.08-09.00.31:505][  0]LogStreaming:Warning: Failed to read file '../../../Engine/Content/Editor/Slate/Common/Selection_16x.png' error.
[2016.06.08-09.00.31:505][  0]LogSlate: Could not find file for Slate resource: ../../../Engine/Content/Editor/Slate/Common/Selection_16x.png
[2016.06.08-09.00.31:998][  0]LogUdpMessaging: Initializing bridge on interface 0.0.0.0:0 to multicast group 230.0.0.1:6666.
[2016.06.08-09.00.32:111][  0]LogAssetRegistry: FAssetRegistry took 0.0225 seconds to start up
[2016.06.08-09.00.32:252][  0]SourceControl: Info Source control is disabled
[2016.06.08-09.00.32:288][  0]SourceControl: Info Source control is disabled
[2016.06.08-09.00.32:297][  0]SourceControl: Info Source control is disabled
[2016.06.08-09.00.32:306][  0]SourceControl: Info Source control is disabled
[2016.06.08-09.00.32:493][  0]LogConsoleManager:Warning: Console object named 'vr.EnableMotionControllerLateUpdate' already exists but is being registered again, but we weren't expected it to be! (FConsoleManager::AddConsoleObject)
[2016.06.08-09.00.32:547][  0]LogEngine: Initializing Engine...
[2016.06.08-09.00.32:551][  0]LogHMD: SteamVR initialized.  Driver: lighthouse  Display: LHR-2D0E5179
[2016.06.08-09.00.32:701][  0]LogAIModule: Creating AISystem for world NewWorld
[2016.06.08-09.00.32:710][  0]LogInit: XAudio2 using 'Speakers (4- USB Audio Device)' : 2 channels at 44.1 kHz using 16 bits per sample (channel mask 0x3)
[2016.06.08-09.00.32:726][  0]LogInit: FAudioDevice initialized.
[2016.06.08-09.00.32:759][  0]LogDerivedDataCache: Saved boot cache 0.03s 73MB C:/Users/Helios/AppData/Local/UnrealEngine/4.11/DerivedDataCache/Boot.ddc.
[2016.06.08-09.00.32:765][  0]LogInit: Texture streaming: Enabled
[2016.06.08-09.00.34:441][  0]LogInit: Transaction tracking system initialized
[2016.06.08-09.00.34:486][  0]BlueprintLog: New page: Editor Load
[2016.06.08-09.00.34:573][  0]LocalizationService: Info Localization service is disabled
[2016.06.08-09.00.34:651][  0]LogConsoleResponse:Display: 
[2016.06.08-09.00.34:752][  0]LogCook:Display: Max memory allowance for cook 8192mb
[2016.06.08-09.00.34:752][  0]LogCook:Display: Mobile HDR setting 1
[2016.06.08-09.00.34:752][  0]LogCook:Display: Done creating registry. It took  0.00s.
[2016.06.08-09.00.34:816][  0]LogFileCache: Scanning file cache for directory 'D:/HeliosFinal/Content/' took 0.01s
[2016.06.08-09.00.34:816][  0]SourceControl: Info Source control is disabled
[2016.06.08-09.00.34:816][  0]Cmd: MAP LOAD FILE="D:/HeliosFinal/Content/Plains.umap" TEMPLATE=0 SHOWPROGRESS=1 FEATURELEVEL=3
[2016.06.08-09.00.34:816][  0]LightingResults: New page: Lighting Build
[2016.06.08-09.00.34:820][  0]MapCheck: New page: Map Check
[2016.06.08-09.00.34:820][  0]LightingResults: New page: Lighting Build
[2016.06.08-09.00.35:333][  0]LogAIModule: Creating AISystem for world Plains
[2016.06.08-09.00.35:348][  0]LogEditorServer: Finished looking for orphan Actors (0.000 secs)
[2016.06.08-09.00.35:348][  0]Cmd: MAP CHECKDEP NOCLEARLOG
[2016.06.08-09.00.35:385][  0]MapCheck: Info Map check complete: 0 Error(s), 0 Warning(s), took 35.809ms to complete.
[2016.06.08-09.00.35:385][  0]LogFileHelpers: Loading map 'Plains' took 0.569
[2016.06.08-09.00.35:516][  0]LogCollectionManager: Loaded 0 collections in 0.002468 seconds
[2016.06.08-09.00.35:557][  0]LogFileCache: Scanning file cache for directory 'D:/HeliosFinal/Saved/Collections/' took 0.01s
[2016.06.08-09.00.35:557][  0]LogFileCache: Scanning file cache for directory 'D:/HeliosFinal/Content/Developers/Helios/Collections/' took 0.01s
[2016.06.08-09.00.35:557][  0]LogFileCache: Scanning file cache for directory 'D:/HeliosFinal/Content/Collections/' took 0.01s
[2016.06.08-09.00.35:557][  0]LogCollectionManager: Rebuilt the GUID cache for 0 collections in 0.000002 seconds
[2016.06.08-09.00.35:565][  0]LogContentBrowser: Native class hierarchy populated in 0.0076 seconds. Added 1990 classes and 349 folders.
[2016.06.08-09.00.35:570][  0]LogStats: UGameplayTagsManager::ConstructGameplayTagTree: Construct from data asset -  0.000 s
[2016.06.08-09.00.35:570][  0]LogStats: UGameplayTagsManager::ConstructGameplayTagTree: GameplayTagTreeChangedEvent.Broadcast -  0.000 s
[2016.06.08-09.00.35:570][  0]LogContentBrowser: Native class hierarchy updated for 'GameplayTags' in 0.0008 seconds. Added 12 classes and 0 folders.
[2016.06.08-09.00.35:577][  0]LogContentBrowser: Native class hierarchy updated for 'WidgetCarousel' in 0.0010 seconds. Added 0 classes and 0 folders.
[2016.06.08-09.00.35:583][  0]LogContentBrowser: Native class hierarchy updated for 'SuperSearch' in 0.0007 seconds. Added 1 classes and 2 folders.
[2016.06.08-09.00.35:614][  0]LogContentBrowser: Native class hierarchy updated for 'AddContentDialog' in 0.0008 seconds. Added 0 classes and 0 folders.
[2016.06.08-09.00.35:619][  0]LogContentBrowser: Native class hierarchy updated for 'SceneOutliner' in 0.0009 seconds. Added 1 classes and 2 folders.
[2016.06.08-09.00.35:638][  0]LogCrashTracker: Crashtracker disabled due to settings.
[2016.06.08-09.00.35:644][  0]LogUObjectGlobals:Warning: Failed to find object 'Class None.'
[2016.06.08-09.00.35:671][  0]LogContentBrowser: Native class hierarchy updated for 'HierarchicalLODOutliner' in 0.0017 seconds. Added 1 classes and 2 folders.
[2016.06.08-09.00.35:671][  0]LogLoad: Full Startup: 7.58 seconds (BP compile: 0.09 seconds)
[2016.06.08-09.00.35:671][  0]LogExternalProfiler: Found external profiler: VSPerf
[2016.06.08-09.00.35:671][  0]LogExternalProfiler: Using external profiler: VSPerf
[2016.06.08-09.00.35:689][  0]LogOcInput: OculusInput pre-init called
[2016.06.08-09.00.35:736][  0]LogContentStreaming: Texture pool size now 700 MB
[2016.06.08-09.00.35:856][  0]LogRenderer: Reallocating scene render targets to support 944x540 (Frame:2).
[2016.06.08-09.00.35:917][  1]Cmd: UpdateLandscapeEditorData -warnings
[2016.06.08-09.00.35:938][  1]LogAssetRegistry: Asset discovery search completed in 3.8495 seconds
[2016.06.08-09.00.35:938][  1]LogCollectionManager: Rebuilt the object cache for 0 collections in 0.000000 seconds (found 0 objects)
[2016.06.08-09.00.35:938][  1]LogCollectionManager: Fixed up redirectors for 0 collections in 0.000021 seconds (updated 0 objects)
[2016.06.08-09.00.39:339][161]LogTemp:Warning: Helios > setter node title
[2016.06.08-09.00.39:339][161]LogTemp:Warning: Helios > setter node title
[2016.06.08-09.00.39:339][161]LogTemp:Warning: Helios > setter node title
[2016.06.08-09.00.39:339][161]LogTemp:Warning: Helios > setter node title
[2016.06.08-09.00.39:340][161]LogTemp:Warning: Helios > getter node title
[2016.06.08-09.00.39:783][161]LogContentBrowser: Native class hierarchy updated for 'BlueprintGraph' in 0.0012 seconds. Added 108 classes and 0 folders.
[2016.06.08-09.00.40:203][161]LogTemp:Warning: Helios > getter node title
[2016.06.08-09.00.40:203][161]LogTemp:Warning: Helios > getter node title
[2016.06.08-09.00.40:203][161]LogTemp:Warning: Helios > setter node title
[2016.06.08-09.00.40:203][161]LogTemp:Warning: Helios > setter node title
[2016.06.08-09.00.40:203][161]LogTemp:Warning: Helios > getter node title
[2016.06.08-09.00.40:203][161]LogTemp:Warning: Helios > getter node title
[2016.06.08-09.00.40:203][161]LogTemp:Warning: Helios > setter node title
[2016.06.08-09.00.40:203][161]LogTemp:Warning: Helios > setter node title
[2016.06.08-09.00.40:203][161]LogTemp:Warning: Helios > getter node title
[2016.06.08-09.00.40:203][161]LogTemp:Warning: Helios > getter node title
[2016.06.08-09.00.40:203][161]LogTemp:Warning: Helios > setter node title
[2016.06.08-09.00.40:203][161]LogTemp:Warning: Helios > setter node title
[2016.06.08-09.00.40:203][161]LogTemp:Warning: Helios > getter node title
[2016.06.08-09.00.40:203][161]LogTemp:Warning: Helios > getter node title
[2016.06.08-09.00.40:203][161]LogTemp:Warning: Helios > setter node title
[2016.06.08-09.00.40:203][161]LogTemp:Warning: Helios > setter node title
[2016.06.08-09.00.41:000][161]LogTemp:Warning: Helios > setter node title
[2016.06.08-09.00.41:003][161]LogTemp:Warning: Helios > setter node title
[2016.06.08-09.00.41:004][161]LogTemp:Warning: Helios > setter node title
[2016.06.08-09.00.41:006][161]LogTemp:Warning: Helios > setter node title
[2016.06.08-09.00.41:007][161]LogTemp:Warning: Helios > setter node title
[2016.06.08-09.00.41:009][161]LogTemp:Warning: Helios > setter node title
[2016.06.08-09.00.41:009][161]LogTemp:Warning: Helios > setter node title
[2016.06.08-09.00.41:011][161]LogTemp:Warning: Helios > setter node title
[2016.06.08-09.00.41:017][161]LogTemp:Warning: Helios > getter node title
[2016.06.08-09.00.41:019][161]LogTemp:Warning: Helios > getter node title
[2016.06.08-09.00.43:452][254]LogTemp:Warning: Helios > getter node title
[2016.06.08-09.00.43:452][254]LogTemp:Warning: Helios > getter node title
[2016.06.08-09.00.43:452][254]LogTemp:Warning: Helios > getter node title
[2016.06.08-09.00.43:462][254]LogTemp:Warning: Helios > getter node title
[2016.06.08-09.00.43:462][254]LogTemp:Warning: Helios > getter node title
[2016.06.08-09.00.43:462][254]LogTemp:Warning: Helios > getter node title
[2016.06.08-09.00.43:473][254]LogTemp:Warning: Helios > getter node title
[2016.06.08-09.00.43:473][254]LogTemp:Warning: Helios > getter node title
[2016.06.08-09.00.43:487][255]LogTemp:Warning: Helios > getter node title
[2016.06.08-09.00.43:487][255]LogTemp:Warning: Helios > getter node title
[2016.06.08-09.00.43:487][255]LogTemp:Warning: Helios > getter node title
[2016.06.08-09.00.43:500][255]LogTemp:Warning: Helios > getter node title
[2016.06.08-09.00.43:501][255]LogTemp:Warning: Helios > getter node title
[2016.06.08-09.00.43:516][256]LogTemp:Warning: Helios > getter node title
[2016.06.08-09.00.43:516][256]LogTemp:Warning: Helios > getter node title
[2016.06.08-09.00.43:516][256]LogTemp:Warning: Helios > getter node title
[2016.06.08-09.00.43:529][256]LogTemp:Warning: Helios > getter node title
[2016.06.08-09.00.43:529][256]LogTemp:Warning: Helios > getter node title
[2016.06.08-09.00.43:543][257]LogTemp:Warning: Helios > getter node title
[2016.06.08-09.00.43:543][257]LogTemp:Warning: Helios > getter node title
[2016.06.08-09.00.43:543][257]LogTemp:Warning: Helios > getter node title
[2016.06.08-09.00.43:554][257]LogTemp:Warning: Helios > getter node title
[2016.06.08-09.00.43:554][257]LogTemp:Warning: Helios > getter node title
[2016.06.08-09.00.43:569][258]LogTemp:Warning: Helios > getter node title
[2016.06.08-09.00.43:569][258]LogTemp:Warning: Helios > getter node title
[2016.06.08-09.00.43:569][258]LogTemp:Warning: Helios > getter node title
[2016.06.08-09.00.43:649][258]LogTemp:Warning: Helios > getter node title
[2016.06.08-09.00.43:649][258]LogTemp:Warning: Helios > getter node title
[2016.06.08-09.00.43:657][259]LogTemp:Warning: Helios > getter node title
[2016.06.08-09.00.43:657][259]LogTemp:Warning: Helios > getter node title
[2016.06.08-09.00.43:657][259]LogTemp:Warning: Helios > getter node title
[2016.06.08-09.00.43:666][259]LogTemp:Warning: Helios > getter node title
[2016.06.08-09.00.43:666][259]LogTemp:Warning: Helios > getter node title
[2016.06.08-09.00.43:676][260]LogTemp:Warning: Helios > getter node title
[2016.06.08-09.00.43:676][260]LogTemp:Warning: Helios > getter node title
[2016.06.08-09.00.43:676][260]LogTemp:Warning: Helios > getter node title
[2016.06.08-09.00.43:690][260]LogTemp:Warning: Helios > getter node title
[2016.06.08-09.00.43:690][260]LogTemp:Warning: Helios > getter node title
[2016.06.08-09.00.43:700][261]LogTemp:Warning: Helios > getter node title
[2016.06.08-09.00.43:701][261]LogTemp:Warning: Helios > getter node title
[2016.06.08-09.00.43:701][261]LogTemp:Warning: Helios > getter node title
[2016.06.08-09.00.43:717][261]LogTemp:Warning: Helios > getter node title
[2016.06.08-09.00.43:717][261]LogTemp:Warning: Helios > getter node title
[2016.06.08-09.00.43:726][262]LogTemp:Warning: Helios > getter node title
[2016.06.08-09.00.43:726][262]LogTemp:Warning: Helios > getter node title
[2016.06.08-09.00.43:726][262]LogTemp:Warning: Helios > getter node title
[2016.06.08-09.00.43:743][262]LogTemp:Warning: Helios > getter node title
[2016.06.08-09.00.43:743][262]LogTemp:Warning: Helios > getter node title
[2016.06.08-09.00.43:751][263]LogTemp:Warning: Helios > getter node title
[2016.06.08-09.00.43:751][263]LogTemp:Warning: Helios > getter node title
[2016.06.08-09.00.43:751][263]LogTemp:Warning: Helios > getter node title
[2016.06.08-09.00.43:767][263]LogTemp:Warning: Helios > getter node title
[2016.06.08-09.00.43:767][263]LogTemp:Warning: Helios > getter node title
[2016.06.08-09.00.43:777][264]LogTemp:Warning: Helios > getter node title
[2016.06.08-09.00.43:777][264]LogTemp:Warning: Helios > getter node title
[2016.06.08-09.00.43:777][264]LogTemp:Warning: Helios > getter node title
[2016.06.08-09.00.43:791][264]LogTemp:Warning: Helios > getter node title
[2016.06.08-09.00.43:791][264]LogTemp:Warning: Helios > getter node title
[2016.06.08-09.00.43:801][265]LogTemp:Warning: Helios > getter node title
[2016.06.08-09.00.43:801][265]LogTemp:Warning: Helios > getter node title
[2016.06.08-09.00.43:801][265]LogTemp:Warning: Helios > getter node title
[2016.06.08-09.00.43:814][265]LogTemp:Warning: Helios > getter node title
[2016.06.08-09.00.43:814][265]LogTemp:Warning: Helios > getter node title
[2016.06.08-09.00.43:906][271]LogTemp:Warning: Helios > getter node title
[2016.06.08-09.00.43:907][271]LogTemp:Warning: Helios > getter node title
[2016.06.08-09.00.43:907][271]LogTemp:Warning: Helios > getter node title
[2016.06.08-09.00.43:915][271]LogTemp:Warning: Helios > getter node title
[2016.06.08-09.00.43:915][271]LogTemp:Warning: Helios > getter node title
[2016.06.08-09.00.43:924][272]LogTemp:Warning: Helios > getter node title
[2016.06.08-09.00.43:924][272]LogTemp:Warning: Helios > getter node title
[2016.06.08-09.00.43:924][272]LogTemp:Warning: Helios > getter node title
[2016.06.08-09.00.43:933][272]LogTemp:Warning: Helios > getter node title
[2016.06.08-09.00.43:933][272]LogTemp:Warning: Helios > getter node title
[2016.06.08-09.00.43:942][273]LogTemp:Warning: Helios > getter node title
[2016.06.08-09.00.43:942][273]LogTemp:Warning: Helios > getter node title
[2016.06.08-09.00.43:942][273]LogTemp:Warning: Helios > getter node title
[2016.06.08-09.00.43:957][273]LogTemp:Warning: Helios > getter node title
[2016.06.08-09.00.43:957][273]LogTemp:Warning: Helios > getter node title
[2016.06.08-09.00.43:970][274]LogTemp:Warning: Helios > getter node title
[2016.06.08-09.00.43:970][274]LogTemp:Warning: Helios > getter node title
[2016.06.08-09.00.43:970][274]LogTemp:Warning: Helios > getter node title
[2016.06.08-09.00.43:986][274]LogTemp:Warning: Helios > getter node title
[2016.06.08-09.00.43:986][274]LogTemp:Warning: Helios > getter node title
[2016.06.08-09.00.44:161][285]LogTemp:Warning: Helios > getter node title
[2016.06.08-09.00.44:161][285]LogTemp:Warning: Helios > getter node title
[2016.06.08-09.00.44:161][285]LogTemp:Warning: Helios > getter node title
[2016.06.08-09.00.44:170][285]LogTemp:Warning: Helios > getter node title
[2016.06.08-09.00.44:170][285]LogTemp:Warning: Helios > getter node title
[2016.06.08-09.00.44:178][286]LogTemp:Warning: Helios > getter node title
[2016.06.08-09.00.44:178][286]LogTemp:Warning: Helios > getter node title
[2016.06.08-09.00.44:178][286]LogTemp:Warning: Helios > getter node title
[2016.06.08-09.00.44:187][286]LogTemp:Warning: Helios > getter node title
[2016.06.08-09.00.44:187][286]LogTemp:Warning: Helios > getter node title
[2016.06.08-09.00.44:197][287]LogTemp:Warning: Helios > getter node title
[2016.06.08-09.00.44:197][287]LogTemp:Warning: Helios > getter node title
[2016.06.08-09.00.44:197][287]LogTemp:Warning: Helios > getter node title
[2016.06.08-09.00.44:211][287]LogTemp:Warning: Helios > getter node title
[2016.06.08-09.00.44:211][287]LogTemp:Warning: Helios > getter node title
[2016.06.08-09.00.44:557][308]LogTemp:Warning: Helios > getter node title
[2016.06.08-09.00.44:557][308]LogTemp:Warning: Helios > getter node title
[2016.06.08-09.00.44:557][308]LogTemp:Warning: Helios > getter node title
[2016.06.08-09.00.44:641][308]LogTemp:Warning: Helios > getter node title
[2016.06.08-09.00.44:641][308]LogTemp:Warning: Helios > getter node title
[2016.06.08-09.00.46:576][381]BlueprintLog: New page: Pre-Play auto-recompile
[2016.06.08-09.00.46:584][381]LogActorComponent: UnregisterComponent: (/Engine/Transient.SteamVRChaperone_GEN_VARIABLE) Not registered. Aborting.
[2016.06.08-09.00.46:584][381]LogActorComponent: UnregisterComponent: (/Engine/Transient.FloatingPawnMovement_GEN_VARIABLE) Not registered. Aborting.
[2016.06.08-09.00.46:631][381]LogPlayLevel: [PlayLevel] Compiling Vive_Pawn before play...
[2016.06.08-09.00.46:707][381]LogTemp:Warning: Helios > setter node title
[2016.06.08-09.00.46:708][381]LogTemp:Warning: Helios > setter node title
[2016.06.08-09.00.46:708][381]LogTemp:Warning: Helios > setter node title
[2016.06.08-09.00.46:708][381]LogTemp:Warning: Helios > setter node title
[2016.06.08-09.00.47:069][381]LogPlayLevel: PlayLevel: Blueprint regeneration took 493 ms (1 blueprints)
[2016.06.08-09.00.47:136][381]PIE: New page: PIE session: Plains (Jun 7, 2016, 6:00:47 PM)
[2016.06.08-09.00.47:136][381]LogPlayLevel: Creating play world package: /Game/UEDPIE_0_Plains
[2016.06.08-09.00.47:156][381]LogPlayLevel: PIE: StaticDuplicateObject took: (0.018968s)
[2016.06.08-09.00.47:157][381]LogAIModule: Creating AISystem for world Plains
[2016.06.08-09.00.47:157][381]LogPlayLevel: PIE: World Init took: (0.000747s)
[2016.06.08-09.00.47:157][381]LogPlayLevel: PIE: Created PIE world by copying editor world from /Game/Plains.Plains to /Game/UEDPIE_0_Plains.Plains (0.019958s)
[2016.06.08-09.00.47:177][381]LogInit: XAudio2 using 'Speakers (4- USB Audio Device)' : 2 channels at 44.1 kHz using 16 bits per sample (channel mask 0x3)
[2016.06.08-09.00.47:185][381]LogInit: FAudioDevice initialized.
[2016.06.08-09.00.47:271][381]LogWorld: Game class is 'SteamVR_GM_C'
[2016.06.08-09.00.47:279][381]LogWorld: Bringing World /Game/UEDPIE_0_Plains.Plains up for play (max tick rate 60) at 2016.06.08-02.00.47
[2016.06.08-09.00.47:280][381]LogWorld: Bringing up level for play took: 0.005262
[2016.06.08-09.00.47:284][381]LogContentBrowser: Native class hierarchy updated for 'MovieSceneCapture' in 0.0008 seconds. Added 9 classes and 0 folders.
[2016.06.08-09.00.47:287][381]PIE: Info Play in editor start time for /Game/UEDPIE_0_Plains 0.364
[2016.06.08-09.00.47:893][381]LogRenderer: Reallocating scene render targets to support 1324x756 (Frame:31).
[2016.06.08-09.00.47:893][381]LogTemp:Warning: Helios > setter node title
[2016.06.08-09.00.47:895][381]LogTemp:Warning: Helios > setter node title
[2016.06.08-09.00.47:896][381]LogTemp:Warning: Helios > setter node title
[2016.06.08-09.00.47:898][381]LogTemp:Warning: Helios > setter node title
[2016.06.08-09.00.47:899][381]LogTemp:Warning: Helios > setter node title
[2016.06.08-09.00.47:901][381]LogTemp:Warning: Helios > setter node title
[2016.06.08-09.00.47:901][381]LogTemp:Warning: Helios > setter node title
[2016.06.08-09.00.47:903][381]LogTemp:Warning: Helios > setter node title
[2016.06.08-09.00.50:946][498]LogActorComponent: UnregisterComponent: (/Engine/Transient.SteamVRChaperone_GEN_VARIABLE) Not registered. Aborting.
[2016.06.08-09.00.50:946][498]LogActorComponent: UnregisterComponent: (/Engine/Transient.FloatingPawnMovement_GEN_VARIABLE) Not registered. Aborting.
[2016.06.08-09.00.52:338][555]Cmd: TRANSACTION UNDO
[2016.06.08-09.00.52:338][555]LogEditorTransaction: Undo Delete current selection
[2016.06.08-09.00.53:074][555]LogTemp:Warning: Helios > setter node title
[2016.06.08-09.00.53:076][555]LogTemp:Warning: Helios > setter node title
[2016.06.08-09.00.53:077][555]LogTemp:Warning: Helios > setter node title
[2016.06.08-09.00.53:079][555]LogTemp:Warning: Helios > setter node title
[2016.06.08-09.00.53:080][555]LogTemp:Warning: Helios > setter node title
[2016.06.08-09.00.53:082][555]LogTemp:Warning: Helios > setter node title
[2016.06.08-09.00.53:083][555]LogTemp:Warning: Helios > setter node title
[2016.06.08-09.00.53:084][555]LogTemp:Warning: Helios > setter node title
[2016.06.08-09.00.53:090][555]LogTemp:Warning: Helios > getter node title
[2016.06.08-09.00.53:092][555]LogTemp:Warning: Helios > getter node title
[2016.06.08-09.00.53:548][571]LogTemp:Warning: Helios > getter node title
[2016.06.08-09.00.53:548][571]LogTemp:Warning: Helios > getter node title
[2016.06.08-09.00.53:548][571]LogTemp:Warning: Helios > getter node title
[2016.06.08-09.00.53:561][571]LogTemp:Warning: Helios > getter node title
[2016.06.08-09.00.53:561][571]LogTemp:Warning: Helios > getter node title
[2016.06.08-09.00.53:561][571]LogTemp:Warning: Helios > getter node title
[2016.06.08-09.00.53:573][571]LogTemp:Warning: Helios > getter node title
[2016.06.08-09.00.53:573][571]LogTemp:Warning: Helios > getter node title
[2016.06.08-09.00.53:586][572]LogTemp:Warning: Helios > getter node title
[2016.06.08-09.00.53:586][572]LogTemp:Warning: Helios > getter node title
[2016.06.08-09.00.53:586][572]LogTemp:Warning: Helios > getter node title
[2016.06.08-09.00.53:596][572]LogTemp:Warning: Helios > getter node title
[2016.06.08-09.00.53:596][572]LogTemp:Warning: Helios > getter node title
[2016.06.08-09.00.53:659][575]LogTemp:Warning: Helios > getter node title
[2016.06.08-09.00.53:660][575]LogTemp:Warning: Helios > getter node title
[2016.06.08-09.00.53:660][575]LogTemp:Warning: Helios > getter node title
[2016.06.08-09.00.53:668][575]LogTemp:Warning: Helios > getter node title
[2016.06.08-09.00.53:668][575]LogTemp:Warning: Helios > getter node title
[2016.06.08-09.00.53:668][575]LogTemp:Warning: Helios > getter node title
[2016.06.08-09.00.53:685][575]LogTemp:Warning: Helios > getter node title
[2016.06.08-09.00.53:685][575]LogTemp:Warning: Helios > getter node title
[2016.06.08-09.00.53:695][576]LogTemp:Warning: Helios > getter node title
[2016.06.08-09.00.53:695][576]LogTemp:Warning: Helios > getter node title
[2016.06.08-09.00.53:695][576]LogTemp:Warning: Helios > getter node title
[2016.06.08-09.00.53:711][576]LogTemp:Warning: Helios > getter node title
[2016.06.08-09.00.53:711][576]LogTemp:Warning: Helios > getter node title
[2016.06.08-09.00.53:721][577]LogTemp:Warning: Helios > getter node title
[2016.06.08-09.00.53:721][577]LogTemp:Warning: Helios > getter node title
[2016.06.08-09.00.53:721][577]LogTemp:Warning: Helios > getter node title
[2016.06.08-09.00.53:737][577]LogTemp:Warning: Helios > getter node title
[2016.06.08-09.00.53:737][577]LogTemp:Warning: Helios > getter node title
[2016.06.08-09.00.53:747][578]LogTemp:Warning: Helios > getter node title
[2016.06.08-09.00.53:747][578]LogTemp:Warning: Helios > getter node title
[2016.06.08-09.00.53:747][578]LogTemp:Warning: Helios > getter node title
[2016.06.08-09.00.53:764][578]LogTemp:Warning: Helios > getter node title
[2016.06.08-09.00.53:764][578]LogTemp:Warning: Helios > getter node title
[2016.06.08-09.00.53:779][579]LogTemp:Warning: Helios > getter node title
[2016.06.08-09.00.53:779][579]LogTemp:Warning: Helios > getter node title
[2016.06.08-09.00.53:779][579]LogTemp:Warning: Helios > getter node title
[2016.06.08-09.00.53:791][579]LogTemp:Warning: Helios > getter node title
[2016.06.08-09.00.53:791][579]LogTemp:Warning: Helios > getter node title
[2016.06.08-09.00.53:806][580]LogTemp:Warning: Helios > getter node title
[2016.06.08-09.00.53:806][580]LogTemp:Warning: Helios > getter node title
[2016.06.08-09.00.53:806][580]LogTemp:Warning: Helios > getter node title
[2016.06.08-09.00.53:817][580]LogTemp:Warning: Helios > getter node title
[2016.06.08-09.00.53:817][580]LogTemp:Warning: Helios > getter node title
[2016.06.08-09.00.53:833][581]LogTemp:Warning: Helios > getter node title
[2016.06.08-09.00.53:834][581]LogTemp:Warning: Helios > getter node title
[2016.06.08-09.00.53:834][581]LogTemp:Warning: Helios > getter node title
[2016.06.08-09.00.53:845][581]LogTemp:Warning: Helios > getter node title
[2016.06.08-09.00.53:845][581]LogTemp:Warning: Helios > getter node title
[2016.06.08-09.00.53:860][582]LogTemp:Warning: Helios > getter node title
[2016.06.08-09.00.53:860][582]LogTemp:Warning: Helios > getter node title
[2016.06.08-09.00.53:860][582]LogTemp:Warning: Helios > getter node title
[2016.06.08-09.00.53:871][582]LogTemp:Warning: Helios > getter node title
[2016.06.08-09.00.53:871][582]LogTemp:Warning: Helios > getter node title
[2016.06.08-09.00.53:886][583]LogTemp:Warning: Helios > getter node title
[2016.06.08-09.00.53:886][583]LogTemp:Warning: Helios > getter node title
[2016.06.08-09.00.53:886][583]LogTemp:Warning: Helios > getter node title
[2016.06.08-09.00.53:898][583]LogTemp:Warning: Helios > getter node title
[2016.06.08-09.00.53:898][583]LogTemp:Warning: Helios > getter node title
[2016.06.08-09.00.53:912][584]LogTemp:Warning: Helios > getter node title
[2016.06.08-09.00.53:912][584]LogTemp:Warning: Helios > getter node title
[2016.06.08-09.00.53:912][584]LogTemp:Warning: Helios > getter node title
[2016.06.08-09.00.53:924][584]LogTemp:Warning: Helios > getter node title
[2016.06.08-09.00.53:925][584]LogTemp:Warning: Helios > getter node title
[2016.06.08-09.00.53:938][585]LogTemp:Warning: Helios > getter node title
[2016.06.08-09.00.53:938][585]LogTemp:Warning: Helios > getter node title
[2016.06.08-09.00.53:939][585]LogTemp:Warning: Helios > getter node title
[2016.06.08-09.00.53:950][585]LogTemp:Warning: Helios > getter node title
[2016.06.08-09.00.53:950][585]LogTemp:Warning: Helios > getter node title
[2016.06.08-09.00.53:961][586]LogTemp:Warning: Helios > getter node title
[2016.06.08-09.00.53:961][586]LogTemp:Warning: Helios > getter node title
[2016.06.08-09.00.53:961][586]LogTemp:Warning: Helios > getter node title
[2016.06.08-09.00.53:975][586]LogTemp:Warning: Helios > getter node title
[2016.06.08-09.00.53:975][586]LogTemp:Warning: Helios > getter node title
[2016.06.08-09.00.53:986][587]LogTemp:Warning: Helios > getter node title
[2016.06.08-09.00.53:986][587]LogTemp:Warning: Helios > getter node title
[2016.06.08-09.00.53:986][587]LogTemp:Warning: Helios > getter node title
[2016.06.08-09.00.54:001][587]LogTemp:Warning: Helios > getter node title
[2016.06.08-09.00.54:001][587]LogTemp:Warning: Helios > getter node title
[2016.06.08-09.00.54:011][588]LogTemp:Warning: Helios > getter node title
[2016.06.08-09.00.54:011][588]LogTemp:Warning: Helios > getter node title
[2016.06.08-09.00.54:011][588]LogTemp:Warning: Helios > getter node title
[2016.06.08-09.00.54:026][588]LogTemp:Warning: Helios > getter node title
[2016.06.08-09.00.54:026][588]LogTemp:Warning: Helios > getter node title
[2016.06.08-09.00.54:037][589]LogTemp:Warning: Helios > getter node title
[2016.06.08-09.00.54:037][589]LogTemp:Warning: Helios > getter node title
[2016.06.08-09.00.54:037][589]LogTemp:Warning: Helios > getter node title
[2016.06.08-09.00.54:053][589]LogTemp:Warning: Helios > getter node title
[2016.06.08-09.00.54:053][589]LogTemp:Warning: Helios > getter node title
[2016.06.08-09.00.54:063][590]LogTemp:Warning: Helios > getter node title
[2016.06.08-09.00.54:063][590]LogTemp:Warning: Helios > getter node title
[2016.06.08-09.00.54:063][590]LogTemp:Warning: Helios > getter node title
[2016.06.08-09.00.54:079][590]LogTemp:Warning: Helios > getter node title
[2016.06.08-09.00.54:079][590]LogTemp:Warning: Helios > getter node title
[2016.06.08-09.00.54:088][591]LogTemp:Warning: Helios > getter node title
[2016.06.08-09.00.54:088][591]LogTemp:Warning: Helios > getter node title
[2016.06.08-09.00.54:088][591]LogTemp:Warning: Helios > getter node title
[2016.06.08-09.00.54:104][591]LogTemp:Warning: Helios > getter node title
[2016.06.08-09.00.54:104][591]LogTemp:Warning: Helios > getter node title
[2016.06.08-09.00.54:114][592]LogTemp:Warning: Helios > getter node title
[2016.06.08-09.00.54:114][592]LogTemp:Warning: Helios > getter node title
[2016.06.08-09.00.54:114][592]LogTemp:Warning: Helios > getter node title
[2016.06.08-09.00.54:130][592]LogTemp:Warning: Helios > getter node title
[2016.06.08-09.00.54:130][592]LogTemp:Warning: Helios > getter node title
[2016.06.08-09.00.54:140][593]LogTemp:Warning: Helios > getter node title
[2016.06.08-09.00.54:140][593]LogTemp:Warning: Helios > getter node title
[2016.06.08-09.00.54:140][593]LogTemp:Warning: Helios > getter node title
[2016.06.08-09.00.54:155][593]LogTemp:Warning: Helios > getter node title
[2016.06.08-09.00.54:155][593]LogTemp:Warning: Helios > getter node title
[2016.06.08-09.00.54:165][594]LogTemp:Warning: Helios > getter node title
[2016.06.08-09.00.54:165][594]LogTemp:Warning: Helios > getter node title
[2016.06.08-09.00.54:165][594]LogTemp:Warning: Helios > getter node title
[2016.06.08-09.00.54:181][594]LogTemp:Warning: Helios > getter node title
[2016.06.08-09.00.54:181][594]LogTemp:Warning: Helios > getter node title
[2016.06.08-09.00.54:193][595]LogTemp:Warning: Helios > getter node title
[2016.06.08-09.00.54:193][595]LogTemp:Warning: Helios > getter node title
[2016.06.08-09.00.54:193][595]LogTemp:Warning: Helios > getter node title
[2016.06.08-09.00.54:210][595]LogTemp:Warning: Helios > getter node title
[2016.06.08-09.00.54:210][595]LogTemp:Warning: Helios > getter node title
[2016.06.08-09.00.54:222][596]LogTemp:Warning: Helios > getter node title
[2016.06.08-09.00.54:223][596]LogTemp:Warning: Helios > getter node title
[2016.06.08-09.00.54:223][596]LogTemp:Warning: Helios > getter node title
[2016.06.08-09.00.54:236][596]LogTemp:Warning: Helios > getter node title
[2016.06.08-09.00.54:237][596]LogTemp:Warning: Helios > getter node title
[2016.06.08-09.00.54:247][597]LogTemp:Warning: Helios > getter node title
[2016.06.08-09.00.54:247][597]LogTemp:Warning: Helios > getter node title
[2016.06.08-09.00.54:247][597]LogTemp:Warning: Helios > getter node title
[2016.06.08-09.00.54:261][597]LogTemp:Warning: Helios > getter node title
[2016.06.08-09.00.54:261][597]LogTemp:Warning: Helios > getter node title
[2016.06.08-09.00.54:272][598]LogTemp:Warning: Helios > getter node title
[2016.06.08-09.00.54:272][598]LogTemp:Warning: Helios > getter node title
[2016.06.08-09.00.54:272][598]LogTemp:Warning: Helios > getter node title
[2016.06.08-09.00.54:287][598]LogTemp:Warning: Helios > getter node title
[2016.06.08-09.00.54:287][598]LogTemp:Warning: Helios > getter node title
[2016.06.08-09.00.54:302][599]LogTemp:Warning: Helios > getter node title
[2016.06.08-09.00.54:302][599]LogTemp:Warning: Helios > getter node title
[2016.06.08-09.00.54:302][599]LogTemp:Warning: Helios > getter node title
[2016.06.08-09.00.54:315][599]LogTemp:Warning: Helios > getter node title
[2016.06.08-09.00.54:315][599]LogTemp:Warning: Helios > getter node title
[2016.06.08-09.00.54:329][600]LogTemp:Warning: Helios > getter node title
[2016.06.08-09.00.54:329][600]LogTemp:Warning: Helios > getter node title
[2016.06.08-09.00.54:329][600]LogTemp:Warning: Helios > getter node title
[2016.06.08-09.00.54:341][600]LogTemp:Warning: Helios > getter node title
[2016.06.08-09.00.54:341][600]LogTemp:Warning: Helios > getter node title
[2016.06.08-09.00.54:352][601]LogTemp:Warning: Helios > getter node title
[2016.06.08-09.00.54:352][601]LogTemp:Warning: Helios > getter node title
[2016.06.08-09.00.54:352][601]LogTemp:Warning: Helios > getter node title
[2016.06.08-09.00.54:368][601]LogTemp:Warning: Helios > getter node title
[2016.06.08-09.00.54:368][601]LogTemp:Warning: Helios > getter node title
[2016.06.08-09.00.54:380][602]LogTemp:Warning: Helios > getter node title
[2016.06.08-09.00.54:380][602]LogTemp:Warning: Helios > getter node title
[2016.06.08-09.00.54:380][602]LogTemp:Warning: Helios > getter node title
[2016.06.08-09.00.54:392][602]LogTemp:Warning: Helios > getter node title
[2016.06.08-09.00.54:392][602]LogTemp:Warning: Helios > getter node title
[2016.06.08-09.00.54:402][603]LogTemp:Warning: Helios > getter node title
[2016.06.08-09.00.54:402][603]LogTemp:Warning: Helios > getter node title
[2016.06.08-09.00.54:402][603]LogTemp:Warning: Helios > getter node title
[2016.06.08-09.00.54:418][603]LogTemp:Warning: Helios > getter node title
[2016.06.08-09.00.54:418][603]LogTemp:Warning: Helios > getter node title
[2016.06.08-09.00.54:430][604]LogTemp:Warning: Helios > getter node title
[2016.06.08-09.00.54:430][604]LogTemp:Warning: Helios > getter node title
[2016.06.08-09.00.54:430][604]LogTemp:Warning: Helios > getter node title
[2016.06.08-09.00.54:444][604]LogTemp:Warning: Helios > getter node title
[2016.06.08-09.00.54:444][604]LogTemp:Warning: Helios > getter node title
[2016.06.08-09.00.54:457][605]LogTemp:Warning: Helios > getter node title
[2016.06.08-09.00.54:457][605]LogTemp:Warning: Helios > getter node title
[2016.06.08-09.00.54:457][605]LogTemp:Warning: Helios > getter node title
[2016.06.08-09.00.54:471][605]LogTemp:Warning: Helios > getter node title
[2016.06.08-09.00.54:471][605]LogTemp:Warning: Helios > getter node title
[2016.06.08-09.00.54:486][606]LogTemp:Warning: Helios > getter node title
[2016.06.08-09.00.54:486][606]LogTemp:Warning: Helios > getter node title
[2016.06.08-09.00.54:486][606]LogTemp:Warning: Helios > getter node title
[2016.06.08-09.00.54:501][606]LogTemp:Warning: Helios > getter node title
[2016.06.08-09.00.54:501][606]LogTemp:Warning: Helios > getter node title
[2016.06.08-09.00.54:516][607]LogTemp:Warning: Helios > getter node title
[2016.06.08-09.00.54:516][607]LogTemp:Warning: Helios > getter node title
[2016.06.08-09.00.54:516][607]LogTemp:Warning: Helios > getter node title
[2016.06.08-09.00.54:528][607]LogTemp:Warning: Helios > getter node title
[2016.06.08-09.00.54:528][607]LogTemp:Warning: Helios > getter node title
[2016.06.08-09.00.54:542][608]LogTemp:Warning: Helios > getter node title
[2016.06.08-09.00.54:542][608]LogTemp:Warning: Helios > getter node title
[2016.06.08-09.00.54:542][608]LogTemp:Warning: Helios > getter node title
[2016.06.08-09.00.54:557][608]LogTemp:Warning: Helios > getter node title
[2016.06.08-09.00.54:557][608]LogTemp:Warning: Helios > getter node title
[2016.06.08-09.00.54:593][610]LogTemp:Warning: Helios > getter node title
[2016.06.08-09.00.54:593][610]LogTemp:Warning: Helios > getter node title
[2016.06.08-09.00.54:594][610]LogTemp:Warning: Helios > getter node title
[2016.06.08-09.00.54:600][610]LogTemp:Warning: Helios > getter node title
[2016.06.08-09.00.54:600][610]LogTemp:Warning: Helios > getter node title
[2016.06.08-09.00.54:600][610]LogTemp:Warning: Helios > getter node title
[2016.06.08-09.00.54:613][610]LogTemp:Warning: Helios > getter node title
[2016.06.08-09.00.54:613][610]LogTemp:Warning: Helios > getter node title
[2016.06.08-09.00.54:627][611]LogTemp:Warning: Helios > getter node title
[2016.06.08-09.00.54:627][611]LogTemp:Warning: Helios > getter node title
[2016.06.08-09.00.54:627][611]LogTemp:Warning: Helios > getter node title
[2016.06.08-09.00.54:639][611]LogTemp:Warning: Helios > getter node title
[2016.06.08-09.00.54:639][611]LogTemp:Warning: Helios > getter node title
[2016.06.08-09.00.54:989][625]LogTemp:Warning: Helios > getter node title
[2016.06.08-09.00.54:989][625]LogTemp:Warning: Helios > getter node title
[2016.06.08-09.00.54:989][625]LogTemp:Warning: Helios > getter node title
[2016.06.08-09.00.54:997][625]LogTemp:Warning: Helios > getter node title
[2016.06.08-09.00.54:997][625]LogTemp:Warning: Helios > getter node title
[2016.06.08-09.00.54:997][625]LogTemp:Warning: Helios > getter node title
[2016.06.08-09.00.55:008][625]LogTemp:Warning: Helios > getter node title
[2016.06.08-09.00.55:008][625]LogTemp:Warning: Helios > getter node title
[2016.06.08-09.00.55:023][626]LogTemp:Warning: Helios > getter node title
[2016.06.08-09.00.55:023][626]LogTemp:Warning: Helios > getter node title
[2016.06.08-09.00.55:023][626]LogTemp:Warning: Helios > getter node title
[2016.06.08-09.00.55:035][626]LogTemp:Warning: Helios > getter node title
[2016.06.08-09.00.55:036][626]LogTemp:Warning: Helios > getter node title
[2016.06.08-09.00.55:050][627]LogTemp:Warning: Helios > getter node title
[2016.06.08-09.00.55:050][627]LogTemp:Warning: Helios > getter node title
[2016.06.08-09.00.55:050][627]LogTemp:Warning: Helios > getter node title
[2016.06.08-09.00.55:061][627]LogTemp:Warning: Helios > getter node title
[2016.06.08-09.00.55:061][627]LogTemp:Warning: Helios > getter node title
[2016.06.08-09.00.56:378][698]LogTemp:Warning: Helios > getter node title
[2016.06.08-09.00.56:378][698]LogTemp:Warning: Helios > getter node title
[2016.06.08-09.00.56:378][698]LogTemp:Warning: Helios > getter node title
[2016.06.08-09.00.56:386][698]LogTemp:Warning: Helios > getter node title
[2016.06.08-09.00.56:386][698]LogTemp:Warning: Helios > getter node title
[2016.06.08-09.00.56:386][698]LogTemp:Warning: Helios > getter node title
[2016.06.08-09.00.56:396][698]LogTemp:Warning: Helios > getter node title
[2016.06.08-09.00.56:396][698]LogTemp:Warning: Helios > getter node title
[2016.06.08-09.00.56:830][724]LogTemp:Warning: Helios > getter node title
[2016.06.08-09.00.56:830][724]LogTemp:Warning: Helios > getter node title
[2016.06.08-09.00.56:830][724]LogTemp:Warning: Helios > getter node title
[2016.06.08-09.00.56:842][724]LogTemp:Warning: Helios > getter node title
[2016.06.08-09.00.56:842][724]LogTemp:Warning: Helios > getter node title
[2016.06.08-09.00.56:842][724]LogTemp:Warning: Helios > getter node title
[2016.06.08-09.00.56:854][724]LogTemp:Warning: Helios > getter node title
[2016.06.08-09.00.56:854][724]LogTemp:Warning: Helios > getter node title
[2016.06.08-09.00.56:888][726]LogTemp:Warning: Helios > getter node title
[2016.06.08-09.00.56:888][726]LogTemp:Warning: Helios > getter node title
[2016.06.08-09.00.56:888][726]LogTemp:Warning: Helios > getter node title
[2016.06.08-09.00.59:340][853]LogTemp:Warning: Helios > getter node title
[2016.06.08-09.00.59:340][853]LogTemp:Warning: Helios > getter node title
[2016.06.08-09.00.59:340][853]LogTemp:Warning: Helios > getter node title
[2016.06.08-09.00.59:351][853]LogTemp:Warning: Helios > getter node title
[2016.06.08-09.00.59:351][853]LogTemp:Warning: Helios > getter node title
[2016.06.08-09.00.59:351][853]LogTemp:Warning: Helios > getter node title
[2016.06.08-09.00.59:365][853]LogTemp:Warning: Helios > getter node title
[2016.06.08-09.00.59:365][853]LogTemp:Warning: Helios > getter node title
[2016.06.08-09.00.59:568][862]LogTemp:Warning: Helios > getter node title
[2016.06.08-09.00.59:568][862]LogTemp:Warning: Helios > getter node title
[2016.06.08-09.00.59:568][862]LogTemp:Warning: Helios > getter node title
[2016.06.08-09.00.59:577][862]LogTemp:Warning: Helios > getter node title
[2016.06.08-09.00.59:577][862]LogTemp:Warning: Helios > getter node title
[2016.06.08-09.00.59:577][862]LogTemp:Warning: Helios > getter node title
[2016.06.08-09.00.59:593][862]LogTemp:Warning: Helios > getter node title
[2016.06.08-09.00.59:593][862]LogTemp:Warning: Helios > getter node title
[2016.06.08-09.00.59:607][863]LogTemp:Warning: Helios > getter node title
[2016.06.08-09.00.59:607][863]LogTemp:Warning: Helios > getter node title
[2016.06.08-09.00.59:607][863]LogTemp:Warning: Helios > getter node title
[2016.06.08-09.00.59:619][863]LogTemp:Warning: Helios > getter node title
[2016.06.08-09.00.59:619][863]LogTemp:Warning: Helios > getter node title
[2016.06.08-09.00.59:632][864]LogTemp:Warning: Helios > getter node title
[2016.06.08-09.00.59:632][864]LogTemp:Warning: Helios > getter node title
[2016.06.08-09.00.59:632][864]LogTemp:Warning: Helios > getter node title
[2016.06.08-09.00.59:642][864]LogTemp:Warning: Helios > getter node title
[2016.06.08-09.00.59:642][864]LogTemp:Warning: Helios > getter node title
[2016.06.08-09.00.59:716][869]LogTemp:Warning: Helios > getter node title
[2016.06.08-09.00.59:716][869]LogTemp:Warning: Helios > getter node title
[2016.06.08-09.00.59:716][869]LogTemp:Warning: Helios > getter node title
[2016.06.08-09.00.59:725][869]LogTemp:Warning: Helios > getter node title
[2016.06.08-09.00.59:725][869]LogTemp:Warning: Helios > getter node title
[2016.06.08-09.00.59:735][870]LogTemp:Warning: Helios > getter node title
[2016.06.08-09.00.59:735][870]LogTemp:Warning: Helios > getter node title
[2016.06.08-09.00.59:735][870]LogTemp:Warning: Helios > getter node title
[2016.06.08-09.00.59:744][870]LogTemp:Warning: Helios > getter node title
[2016.06.08-09.00.59:744][870]LogTemp:Warning: Helios > getter node title
[2016.06.08-09.01.01:009][937]LogTemp:Warning: Helios > setter node title
[2016.06.08-09.01.01:009][937]LogTemp:Warning: Helios > setter node title
[2016.06.08-09.01.01:009][937]LogTemp:Warning: Helios > setter node title
[2016.06.08-09.01.01:016][937]LogTemp:Warning: Helios > setter node title
[2016.06.08-09.01.01:016][937]LogTemp:Warning: Helios > setter node title
[2016.06.08-09.01.01:016][937]LogTemp:Warning: Helios > setter node title
[2016.06.08-09.01.01:028][937]LogTemp:Warning: Helios > setter node title
[2016.06.08-09.01.01:028][937]LogTemp:Warning: Helios > setter node title
[2016.06.08-09.01.01:037][938]LogTemp:Warning: Helios > setter node title
[2016.06.08-09.01.01:038][938]LogTemp:Warning: Helios > setter node title
[2016.06.08-09.01.01:038][938]LogTemp:Warning: Helios > setter node title
[2016.06.08-09.01.01:047][938]LogTemp:Warning: Helios > setter node title
[2016.06.08-09.01.01:047][938]LogTemp:Warning: Helios > setter node title
[2016.06.08-09.01.01:080][940]LogTemp:Warning: Helios > setter node title
[2016.06.08-09.01.01:080][940]LogTemp:Warning: Helios > setter node title
[2016.06.08-09.01.01:080][940]LogTemp:Warning: Helios > setter node title
[2016.06.08-09.01.01:093][940]LogTemp:Warning: Helios > setter node title
[2016.06.08-09.01.01:093][940]LogTemp:Warning: Helios > setter node title
[2016.06.08-09.01.01:093][940]LogTemp:Warning: Helios > setter node title
[2016.06.08-09.01.01:105][940]LogTemp:Warning: Helios > setter node title
[2016.06.08-09.01.01:105][940]LogTemp:Warning: Helios > setter node title
[2016.06.08-09.01.01:118][941]LogTemp:Warning: Helios > setter node title
[2016.06.08-09.01.01:118][941]LogTemp:Warning: Helios > setter node title
[2016.06.08-09.01.01:118][941]LogTemp:Warning: Helios > setter node title
[2016.06.08-09.01.01:128][941]LogTemp:Warning: Helios > setter node title
[2016.06.08-09.01.01:128][941]LogTemp:Warning: Helios > setter node title
[2016.06.08-09.01.01:137][942]LogTemp:Warning: Helios > setter node title
[2016.06.08-09.01.01:138][942]LogTemp:Warning: Helios > setter node title
[2016.06.08-09.01.01:138][942]LogTemp:Warning: Helios > setter node title
[2016.06.08-09.01.01:151][942]LogTemp:Warning: Helios > setter node title
[2016.06.08-09.01.01:151][942]LogTemp:Warning: Helios > setter node title
[2016.06.08-09.01.01:161][943]LogTemp:Warning: Helios > setter node title
[2016.06.08-09.01.01:161][943]LogTemp:Warning: Helios > setter node title
[2016.06.08-09.01.01:161][943]LogTemp:Warning: Helios > setter node title
[2016.06.08-09.01.01:176][943]LogTemp:Warning: Helios > setter node title
[2016.06.08-09.01.01:176][943]LogTemp:Warning: Helios > setter node title
[2016.06.08-09.01.01:618][970]LogTemp:Warning: Helios > setter node title
[2016.06.08-09.01.01:618][970]LogTemp:Warning: Helios > setter node title
[2016.06.08-09.01.01:618][970]LogTemp:Warning: Helios > setter node title
[2016.06.08-09.01.01:626][970]LogTemp:Warning: Helios > setter node title
[2016.06.08-09.01.01:626][970]LogTemp:Warning: Helios > setter node title
[2016.06.08-09.01.01:634][971]LogTemp:Warning: Helios > setter node title
[2016.06.08-09.01.01:634][971]LogTemp:Warning: Helios > setter node title
[2016.06.08-09.01.01:634][971]LogTemp:Warning: Helios > setter node title
[2016.06.08-09.01.01:643][971]LogTemp:Warning: Helios > setter node title
[2016.06.08-09.01.01:643][971]LogTemp:Warning: Helios > setter node title
[2016.06.08-09.01.01:652][972]LogTemp:Warning: Helios > setter node title
[2016.06.08-09.01.01:652][972]LogTemp:Warning: Helios > setter node title
[2016.06.08-09.01.01:652][972]LogTemp:Warning: Helios > setter node title
[2016.06.08-09.01.01:664][972]LogTemp:Warning: Helios > setter node title
[2016.06.08-09.01.01:664][972]LogTemp:Warning: Helios > setter node title
[2016.06.08-09.01.01:676][973]LogTemp:Warning: Helios > setter node title
[2016.06.08-09.01.01:676][973]LogTemp:Warning: Helios > setter node title
[2016.06.08-09.01.01:676][973]LogTemp:Warning: Helios > setter node title
[2016.06.08-09.01.01:689][973]LogTemp:Warning: Helios > setter node title
[2016.06.08-09.01.01:689][973]LogTemp:Warning: Helios > setter node title
[2016.06.08-09.01.01:719][975]LogTemp:Warning: Helios > setter node title
[2016.06.08-09.01.01:719][975]LogTemp:Warning: Helios > setter node title
[2016.06.08-09.01.01:719][975]LogTemp:Warning: Helios > setter node title
[2016.06.08-09.01.01:732][975]LogTemp:Warning: Helios > setter node title
[2016.06.08-09.01.01:732][975]LogTemp:Warning: Helios > setter node title
[2016.06.08-09.01.01:744][976]LogTemp:Warning: Helios > setter node title
[2016.06.08-09.01.01:744][976]LogTemp:Warning: Helios > setter node title
[2016.06.08-09.01.01:744][976]LogTemp:Warning: Helios > setter node title
[2016.06.08-09.01.01:754][976]LogTemp:Warning: Helios > setter node title
[2016.06.08-09.01.01:755][976]LogTemp:Warning: Helios > setter node title
[2016.06.08-09.01.01:766][977]LogTemp:Warning: Helios > setter node title
[2016.06.08-09.01.01:766][977]LogTemp:Warning: Helios > setter node title
[2016.06.08-09.01.01:766][977]LogTemp:Warning: Helios > setter node title
[2016.06.08-09.01.01:779][977]LogTemp:Warning: Helios > setter node title
[2016.06.08-09.01.01:779][977]LogTemp:Warning: Helios > setter node title
[2016.06.08-09.01.01:791][978]LogTemp:Warning: Helios > setter node title
[2016.06.08-09.01.01:791][978]LogTemp:Warning: Helios > setter node title
[2016.06.08-09.01.01:791][978]LogTemp:Warning: Helios > setter node title
[2016.06.08-09.01.01:804][978]LogTemp:Warning: Helios > setter node title
[2016.06.08-09.01.01:804][978]LogTemp:Warning: Helios > setter node title
[2016.06.08-09.01.01:846][981]LogTemp:Warning: Helios > setter node title
[2016.06.08-09.01.01:846][981]LogTemp:Warning: Helios > setter node title
[2016.06.08-09.01.01:846][981]LogTemp:Warning: Helios > setter node title
[2016.06.08-09.01.01:855][981]LogTemp:Warning: Helios > setter node title
[2016.06.08-09.01.01:855][981]LogTemp:Warning: Helios > setter node title
[2016.06.08-09.01.01:863][982]LogTemp:Warning: Helios > setter node title
[2016.06.08-09.01.01:863][982]LogTemp:Warning: Helios > setter node title
[2016.06.08-09.01.01:863][982]LogTemp:Warning: Helios > setter node title
[2016.06.08-09.01.01:874][982]LogTemp:Warning: Helios > setter node title
[2016.06.08-09.01.01:874][982]LogTemp:Warning: Helios > setter node title
[2016.06.08-09.01.01:886][983]LogTemp:Warning: Helios > setter node title
[2016.06.08-09.01.01:886][983]LogTemp:Warning: Helios > setter node title
[2016.06.08-09.01.01:886][983]LogTemp:Warning: Helios > setter node title
[2016.06.08-09.01.01:899][983]LogTemp:Warning: Helios > setter node title
[2016.06.08-09.01.01:899][983]LogTemp:Warning: Helios > setter node title
[2016.06.08-09.01.02:246][  0]LogTemp:Warning: Helios > getter node title
[2016.06.08-09.01.02:247][  0]LogTemp:Warning: Helios > getter node title
[2016.06.08-09.01.02:247][  0]LogTemp:Warning: Helios > getter node title
[2016.06.08-09.01.02:276][  1]LogTemp:Warning: Helios > getter node title
[2016.06.08-09.01.02:276][  1]LogTemp:Warning: Helios > getter node title
[2016.06.08-09.01.02:276][  1]LogTemp:Warning: Helios > getter node title
[2016.06.08-09.01.02:284][  1]LogTemp:Warning: Helios > getter node title
[2016.06.08-09.01.02:284][  1]LogTemp:Warning: Helios > getter node title
[2016.06.08-09.01.02:284][  1]LogTemp:Warning: Helios > getter node title
[2016.06.08-09.01.02:299][  1]LogTemp:Warning: Helios > getter node title
[2016.06.08-09.01.02:299][  1]LogTemp:Warning: Helios > getter node title
[2016.06.08-09.01.02:326][  3]LogTemp:Warning: Helios > getter node title
[2016.06.08-09.01.02:326][  3]LogTemp:Warning: Helios > getter node title
[2016.06.08-09.01.02:326][  3]LogTemp:Warning: Helios > getter node title
[2016.06.08-09.01.02:337][  3]LogTemp:Warning: Helios > getter node title
[2016.06.08-09.01.02:337][  3]LogTemp:Warning: Helios > getter node title
[2016.06.08-09.01.02:337][  3]LogTemp:Warning: Helios > getter node title
[2016.06.08-09.01.02:348][  3]LogTemp:Warning: Helios > getter node title
[2016.06.08-09.01.02:348][  3]LogTemp:Warning: Helios > getter node title
[2016.06.08-09.01.02:450][  8]LogTemp:Warning: Helios > getter node title
[2016.06.08-09.01.02:450][  8]LogTemp:Warning: Helios > getter node title
[2016.06.08-09.01.02:450][  8]LogTemp:Warning: Helios > getter node title
[2016.06.08-09.01.02:459][  8]LogTemp:Warning: Helios > getter node title
[2016.06.08-09.01.02:459][  8]LogTemp:Warning: Helios > getter node title
[2016.06.08-09.01.02:459][  8]LogTemp:Warning: Helios > getter node title
[2016.06.08-09.01.02:472][  8]LogTemp:Warning: Helios > getter node title
[2016.06.08-09.01.02:472][  8]LogTemp:Warning: Helios > getter node title
[2016.06.08-09.01.02:487][  9]LogTemp:Warning: Helios > getter node title
[2016.06.08-09.01.02:487][  9]LogTemp:Warning: Helios > getter node title
[2016.06.08-09.01.02:487][  9]LogTemp:Warning: Helios > getter node title
[2016.06.08-09.01.02:499][  9]LogTemp:Warning: Helios > getter node title
[2016.06.08-09.01.02:499][  9]LogTemp:Warning: Helios > getter node title
[2016.06.08-09.01.03:198][ 49]LogTemp:Warning: Helios > getter node title
[2016.06.08-09.01.03:198][ 49]LogTemp:Warning: Helios > getter node title
[2016.06.08-09.01.03:198][ 49]LogTemp:Warning: Helios > getter node title
[2016.06.08-09.01.03:207][ 49]LogTemp:Warning: Helios > getter node title
[2016.06.08-09.01.03:207][ 49]LogTemp:Warning: Helios > getter node title
[2016.06.08-09.01.03:207][ 49]LogTemp:Warning: Helios > getter node title
[2016.06.08-09.01.03:221][ 49]LogTemp:Warning: Helios > getter node title
[2016.06.08-09.01.03:222][ 49]LogTemp:Warning: Helios > getter node title
[2016.06.08-09.01.03:232][ 50]LogTemp:Warning: Helios > getter node title
[2016.06.08-09.01.03:232][ 50]LogTemp:Warning: Helios > getter node title
[2016.06.08-09.01.03:232][ 50]LogTemp:Warning: Helios > getter node title
[2016.06.08-09.01.03:246][ 50]LogTemp:Warning: Helios > getter node title
[2016.06.08-09.01.03:246][ 50]LogTemp:Warning: Helios > getter node title
[2016.06.08-09.01.03:337][ 56]LogTemp:Warning: Helios > getter node title
[2016.06.08-09.01.03:337][ 56]LogTemp:Warning: Helios > getter node title
[2016.06.08-09.01.03:337][ 56]LogTemp:Warning: Helios > getter node title
[2016.06.08-09.01.03:345][ 56]LogTemp:Warning: Helios > getter node title
[2016.06.08-09.01.03:345][ 56]LogTemp:Warning: Helios > getter node title
[2016.06.08-09.01.03:354][ 57]LogTemp:Warning: Helios > getter node title
[2016.06.08-09.01.03:354][ 57]LogTemp:Warning: Helios > getter node title
[2016.06.08-09.01.03:354][ 57]LogTemp:Warning: Helios > getter node title
[2016.06.08-09.01.03:363][ 57]LogTemp:Warning: Helios > getter node title
[2016.06.08-09.01.03:363][ 57]LogTemp:Warning: Helios > getter node title
[2016.06.08-09.01.03:720][ 79]LogTemp:Warning: Helios > getter node title
[2016.06.08-09.01.03:720][ 79]LogTemp:Warning: Helios > getter node title
[2016.06.08-09.01.03:720][ 79]LogTemp:Warning: Helios > getter node title
[2016.06.08-09.01.03:730][ 79]LogTemp:Warning: Helios > getter node title
[2016.06.08-09.01.03:730][ 79]LogTemp:Warning: Helios > getter node title
[2016.06.08-09.01.40:777][257]LogActorComponent: UnregisterComponent: (/Engine/Transient.SteamVRChaperone_GEN_VARIABLE) Not registered. Aborting.
[2016.06.08-09.01.40:777][257]LogActorComponent: UnregisterComponent: (/Engine/Transient.FloatingPawnMovement_GEN_VARIABLE) Not registered. Aborting.
[2016.06.08-09.01.46:955][424]LogActorComponent: UnregisterComponent: (/Engine/Transient.SteamVRChaperone_GEN_VARIABLE) Not registered. Aborting.
[2016.06.08-09.01.46:955][424]LogActorComponent: UnregisterComponent: (/Engine/Transient.FloatingPawnMovement_GEN_VARIABLE) Not registered. Aborting.
[2016.06.08-09.01.48:850][425]Cmd: QUIT_EDITOR
[2016.06.08-09.01.49:234][425]LogWindowsTextInputMethodSystem:Display: IME system now deactivated.
[2016.06.08-09.01.49:276][425]LogExit: Preparing to exit.
[2016.06.08-09.01.50:173][425]LogExit: Editor shut down
[2016.06.08-09.01.50:173][425]LogExit: Transaction tracking system shut down
[2016.06.08-09.01.50:309][425]LogObj: Freed 0b from 0 cluster array pools.
[2016.06.08-09.01.50:310][425]LogExit: Object subsystem successfully closed.
[2016.06.08-09.01.50:325][425]LogD3D11RHI: Shutdown
[2016.06.08-09.01.50:325][425]LogD3D11RHI: CleanupD3DDevice
[2016.06.08-09.01.50:407][425]LogD3D11RHI: ~FD3D11DynamicRHI
[2016.06.08-09.01.50:846][425]LogDerivedDataCache: Shutdown
[2016.06.08-09.01.50:846][425]LogModuleManager: Shutting down and abandoning module MovieSceneCapture (209)
[2016.06.08-09.01.50:846][425]LogModuleManager: Shutting down and abandoning module BlueprintGraph (208)
[2016.06.08-09.01.50:846][425]LogModuleManager: Shutting down and abandoning module HierarchicalLODOutliner (207)
[2016.06.08-09.01.50:846][425]LogModuleManager: Shutting down and abandoning module CrashTracker (206)
[2016.06.08-09.01.50:846][425]LogModuleManager: Shutting down and abandoning module SceneOutliner (205)
[2016.06.08-09.01.50:846][425]LogModuleManager: Shutting down and abandoning module SuperSearch (204)
[2016.06.08-09.01.50:846][425]LogModuleManager: Shutting down and abandoning module WidgetCarousel (203)
[2016.06.08-09.01.50:846][425]LogModuleManager: Shutting down and abandoning module AddContentDialog (202)
[2016.06.08-09.01.50:846][425]LogModuleManager: Shutting down and abandoning module GameplayTags (201)
[2016.06.08-09.01.50:846][425]LogModuleManager: Shutting down and abandoning module EditorWidgets (200)
[2016.06.08-09.01.50:846][425]LogModuleManager: Shutting down and abandoning module CollectionManager (199)
[2016.06.08-09.01.50:847][425]LogModuleManager: Shutting down and abandoning module StatsViewer (198)
[2016.06.08-09.01.50:847][425]LogModuleManager: Shutting down and abandoning module FoliageEdit (197)
[2016.06.08-09.01.50:847][425]LogModuleManager: Shutting down and abandoning module LandscapeEditor (196)
[2016.06.08-09.01.50:847][425]LogModuleManager: Shutting down and abandoning module ActorPickerMode (195)
[2016.06.08-09.01.50:847][425]LogModuleManager: Shutting down and abandoning module GeometryMode (194)
[2016.06.08-09.01.50:847][425]LogModuleManager: Shutting down and abandoning module TextureAlignMode (193)
[2016.06.08-09.01.50:847][425]LogModuleManager: Shutting down and abandoning module BspMode (192)
[2016.06.08-09.01.50:847][425]LogModuleManager: Shutting down and abandoning module PlacementMode (191)
[2016.06.08-09.01.50:847][425]LogModuleManager: Shutting down and abandoning module AutomationWorker (190)
[2016.06.08-09.01.50:847][425]LogModuleManager: Shutting down and abandoning module CharacterAI (189)
[2016.06.08-09.01.50:847][425]LogModuleManager: Shutting down and abandoning module SmartSnapping (188)
[2016.06.08-09.01.50:847][425]LogModuleManager: Shutting down and abandoning module ViewportSnapping (187)
[2016.06.08-09.01.50:847][425]LogModuleManager: Shutting down and abandoning module LogVisualizer (186)
[2016.06.08-09.01.50:847][425]LogModuleManager: Shutting down and abandoning module GameProjectGeneration (185)
[2016.06.08-09.01.50:847][425]LogModuleManager: Shutting down and abandoning module IntroTutorials (184)
[2016.06.08-09.01.50:847][425]LogModuleManager: Shutting down and abandoning module EditorLiveStreaming (183)
[2016.06.08-09.01.50:847][425]LogModuleManager: Shutting down and abandoning module IOSPlatformEditor (182)
[2016.06.08-09.01.50:847][425]LogModuleManager: Shutting down and abandoning module HTML5PlatformEditor (181)
[2016.06.08-09.01.50:847][425]LogModuleManager: Shutting down and abandoning module AndroidDeviceDetection (180)
[2016.06.08-09.01.51:636][425]LogModuleManager: Shutting down and abandoning module AndroidPlatformEditor (179)
[2016.06.08-09.01.51:636][425]LogModuleManager: Shutting down and abandoning module IOSRuntimeSettings (178)
[2016.06.08-09.01.51:636][425]LogModuleManager: Shutting down and abandoning module AndroidRuntimeSettings (177)
[2016.06.08-09.01.51:636][425]LogModuleManager: Shutting down and abandoning module MergeActors (176)
[2016.06.08-09.01.51:636][425]LogModuleManager: Shutting down and abandoning module SizeMap (175)
[2016.06.08-09.01.51:636][425]LogModuleManager: Shutting down and abandoning module TreeMap (174)
[2016.06.08-09.01.51:636][425]LogModuleManager: Shutting down and abandoning module ReferenceViewer (173)
[2016.06.08-09.01.51:636][425]LogModuleManager: Shutting down and abandoning module LocalizationService (172)
[2016.06.08-09.01.51:636][425]LogModuleManager: Shutting down and abandoning module LocalizationDashboard (171)
[2016.06.08-09.01.51:636][425]LogModuleManager: Shutting down and abandoning module HardwareTargeting (170)
[2016.06.08-09.01.51:636][425]LogModuleManager: Shutting down and abandoning module DeviceProfileEditor (169)
[2016.06.08-09.01.51:636][425]LogModuleManager: Shutting down and abandoning module UndoHistory (168)
[2016.06.08-09.01.51:636][425]LogModuleManager: Shutting down and abandoning module UserFeedback (167)
[2016.06.08-09.01.51:636][425]LogModuleManager: Shutting down and abandoning module XmlParser (166)
[2016.06.08-09.01.51:636][425]LogModuleManager: Shutting down and abandoning module Blutility (165)
[2016.06.08-09.01.51:636][425]LogModuleManager: Shutting down and abandoning module ProjectTargetPlatformEditor (164)
[2016.06.08-09.01.51:636][425]LogModuleManager: Shutting down and abandoning module ProjectSettingsViewer (163)
[2016.06.08-09.01.51:636][425]LogModuleManager: Shutting down and abandoning module InputBindingEditor (162)
[2016.06.08-09.01.51:636][425]LogModuleManager: Shutting down and abandoning module EditorSettingsViewer (161)
[2016.06.08-09.01.51:636][425]LogModuleManager: Shutting down and abandoning module SettingsEditor (160)
[2016.06.08-09.01.51:636][425]LogModuleManager: Shutting down and abandoning module ProjectLauncher (159)
[2016.06.08-09.01.51:636][425]LogModuleManager: Shutting down and abandoning module SessionFrontend (158)
[2016.06.08-09.01.51:636][425]LogModuleManager: Shutting down and abandoning module ProfilerClient (157)
[2016.06.08-09.01.51:636][425]LogModuleManager: Shutting down and abandoning module TargetDeviceServices (156)
[2016.06.08-09.01.51:637][425]LogModuleManager: Shutting down and abandoning module DeviceManager (155)
[2016.06.08-09.01.51:670][425]LogModuleManager: Shutting down and abandoning module AutomationController (154)
[2016.06.08-09.01.51:670][425]LogModuleManager: Shutting down and abandoning module AutomationWindow (153)
[2016.06.08-09.01.51:670][425]LogModuleManager: Shutting down and abandoning module Layers (152)
[2016.06.08-09.01.51:670][425]LogModuleManager: Shutting down and abandoning module ComponentVisualizers (151)
[2016.06.08-09.01.51:670][425]LogModuleManager: Shutting down and abandoning module DetailCustomizations (150)
[2016.06.08-09.01.51:670][425]LogModuleManager: Shutting down and abandoning module PackagesDialog (149)
[2016.06.08-09.01.51:670][425]LogModuleManager: Shutting down and abandoning module Persona (148)
[2016.06.08-09.01.51:670][425]LogModuleManager: Shutting down and abandoning module Kismet (147)
[2016.06.08-09.01.51:670][425]LogModuleManager: Shutting down and abandoning module GraphEditor (146)
[2016.06.08-09.01.51:670][425]LogModuleManager: Shutting down and abandoning module ClassViewer (145)
[2016.06.08-09.01.51:670][425]LogModuleManager: Shutting down and abandoning module Toolbox (144)
[2016.06.08-09.01.51:670][425]LogModuleManager: Shutting down and abandoning module ModuleUI (143)
[2016.06.08-09.01.51:670][425]LogModuleManager: Shutting down and abandoning module MovieSceneTools (142)
[2016.06.08-09.01.51:670][425]LogModuleManager: Shutting down and abandoning module OutputLog (141)
[2016.06.08-09.01.51:670][425]LogModuleManager: Shutting down and abandoning module GammaUI (140)
[2016.06.08-09.01.51:670][425]LogModuleManager: Shutting down and abandoning module Documentation (139)
[2016.06.08-09.01.51:670][425]LogModuleManager: Shutting down and abandoning module StreamingPauseRendering (138)
[2016.06.08-09.01.51:670][425]LogModuleManager: Shutting down and abandoning module AnalyticsET (137)
[2016.06.08-09.01.51:670][425]LogModuleManager: Shutting down and abandoning module Analytics (136)
[2016.06.08-09.01.51:670][425]LogModuleManager: Shutting down and abandoning module PortalServices (135)
[2016.06.08-09.01.51:670][425]LogModuleManager: Shutting down and abandoning module PortalRpc (134)
[2016.06.08-09.01.51:670][425]LogModuleManager: Shutting down and abandoning module MessagingRpc (133)
[2016.06.08-09.01.51:670][425]LogModuleManager: Shutting down and abandoning module AITestSuite (132)
[2016.06.08-09.01.51:670][425]LogModuleManager: Shutting down and abandoning module GameplayDebugger (131)
[2016.06.08-09.01.51:670][425]LogModuleManager: Shutting down and abandoning module AIModule (130)
[2016.06.08-09.01.51:670][425]LogModuleManager: Shutting down and abandoning module ProfilerService (129)
[2016.06.08-09.01.51:837][425]LogModuleManager: Shutting down and abandoning module TaskGraph (128)
[2016.06.08-09.01.51:837][425]LogModuleManager: Shutting down and abandoning module VRGripMotionControllerPlugin (127)
[2016.06.08-09.01.51:837][425]LogModuleManager: Shutting down and abandoning module SimpleDataIntegration (126)
[2016.06.08-09.01.51:837][425]LogModuleManager: Shutting down and abandoning module SlateRemote (125)
[2016.06.08-09.01.51:837][425]LogModuleManager: Shutting down and abandoning module SteamVRController (124)
[2016.06.08-09.01.51:837][425]LogModuleManager: Shutting down and abandoning module SteamVR (123)
[2016.06.08-09.01.51:837][425]LogModuleManager: Shutting down and abandoning module ProceduralMeshComponent (122)
[2016.06.08-09.01.51:837][425]LogModuleManager: Shutting down and abandoning module OculusLibrary (121)
[2016.06.08-09.01.51:837][425]LogModuleManager: Shutting down and abandoning module OculusInput (120)
[2016.06.08-09.01.51:837][425]LogModuleManager: Shutting down and abandoning module CustomMeshComponent (119)
[2016.06.08-09.01.51:837][425]LogModuleManager: Shutting down and abandoning module CableComponent (118)
[2016.06.08-09.01.51:837][425]LogModuleManager: Shutting down and abandoning module ArchVisCharacter (117)
[2016.06.08-09.01.51:837][425]LogModuleManager: Shutting down and abandoning module MediaPlayerEditor (116)
[2016.06.08-09.01.51:837][425]LogModuleManager: Shutting down and abandoning module HTML5Networking (115)
[2016.06.08-09.01.51:837][425]LogModuleManager: Shutting down and abandoning module SpeedTreeImporter (114)
[2016.06.08-09.01.51:837][425]LogModuleManager: Shutting down and abandoning module PluginBrowser (113)
[2016.06.08-09.01.51:837][425]LogModuleManager: Shutting down and abandoning module EpicSurvey (112)
[2016.06.08-09.01.51:838][425]LogModuleManager: Shutting down and abandoning module DesktopPlatform (111)
[2016.06.08-09.01.51:838][425]LogModuleManager: Shutting down and abandoning module VisualStudioSourceCodeAccess (110)
[2016.06.08-09.01.51:838][425]LogModuleManager: Shutting down and abandoning module UObjectPlugin (109)
[2016.06.08-09.01.51:838][425]LogModuleManager: Shutting down and abandoning module SubversionSourceControl (108)
[2016.06.08-09.01.51:838][425]LogModuleManager: Shutting down and abandoning module PerforceSourceControl (107)
[2016.06.08-09.01.51:838][425]LogModuleManager: Shutting down and abandoning module SourceControl (106)
[2016.06.08-09.01.51:838][425]LogModuleManager: Shutting down and abandoning module GitSourceControl (105)
[2016.06.08-09.01.51:838][425]LogModuleManager: Shutting down and abandoning module LightPropagationVolumeEditor (104)
[2016.06.08-09.01.51:838][425]LogModuleManager: Shutting down and abandoning module PaperTiledImporter (103)
[2016.06.08-09.01.51:838][425]LogModuleManager: Shutting down and abandoning module PaperSpriteSheetImporter (102)
[2016.06.08-09.01.51:838][425]LogModuleManager: Shutting down and abandoning module MeshPaint (101)
[2016.06.08-09.01.51:838][425]LogModuleManager: Shutting down and abandoning module HotReload (100)
[2016.06.08-09.01.51:838][425]LogModuleManager: Shutting down and abandoning module MainFrame (99)
[2016.06.08-09.01.51:838][425]LogModuleManager: Shutting down and abandoning module LevelEditor (98)
[2016.06.08-09.01.51:839][425]LogModuleManager: Shutting down and abandoning module DirectoryWatcher (97)
[2016.06.08-09.01.51:839][425]LogModuleManager: Shutting down and abandoning module AssetRegistry (96)
[2016.06.08-09.01.52:012][425]LogModuleManager: Shutting down and abandoning module ContentBrowser (95)
[2016.06.08-09.01.52:013][425]LogModuleManager: Shutting down and abandoning module Paper2DEditor (94)
[2016.06.08-09.01.52:013][425]LogModuleManager: Shutting down and abandoning module HeliosFinal (93)
[2016.06.08-09.01.52:013][425]LogModuleManager: Shutting down and abandoning module UdpMessaging (92)
[2016.06.08-09.01.52:114][425]LogModuleManager: Shutting down and abandoning module LightPropagationVolumeRuntime (91)
[2016.06.08-09.01.52:114][425]LogModuleManager: Shutting down and abandoning module Paper2D (90)
[2016.06.08-09.01.52:114][425]LogModuleManager: Shutting down and abandoning module WindowsMoviePlayer (89)
[2016.06.08-09.01.52:114][425]LogModuleManager: Shutting down and abandoning module Media (88)
[2016.06.08-09.01.52:114][425]LogModuleManager: Shutting down and abandoning module WmfMedia (87)
[2016.06.08-09.01.52:114][425]LogModuleManager: Shutting down and abandoning module MediaAssets (86)
[2016.06.08-09.01.52:114][425]LogModuleManager: Shutting down and abandoning module GameLiveStreaming (85)
[2016.06.08-09.01.52:114][425]LogModuleManager: Shutting down and abandoning module GameplayTagsEditor (84)
[2016.06.08-09.01.52:114][425]LogModuleManager: Shutting down and abandoning module OnlineBlueprintSupport (83)
[2016.06.08-09.01.52:114][425]LogModuleManager: Shutting down and abandoning module GameplayTasksEditor (82)
[2016.06.08-09.01.52:114][425]LogModuleManager: Shutting down and abandoning module PropertyEditor (81)
[2016.06.08-09.01.52:114][425]LogModuleManager: Shutting down and abandoning module BehaviorTreeEditor (80)
[2016.06.08-09.01.52:114][425]LogModuleManager: Shutting down and abandoning module FunctionalTesting (79)
[2016.06.08-09.01.52:114][425]LogModuleManager: Shutting down and abandoning module CollisionAnalyzer (78)
[2016.06.08-09.01.52:114][425]LogModuleManager: Shutting down and abandoning module WorkspaceMenuStructure (77)
[2016.06.08-09.01.52:114][425]LogModuleManager: Shutting down and abandoning module MessageLog (76)
[2016.06.08-09.01.52:114][425]LogModuleManager: Shutting down and abandoning module Sequencer (75)
[2016.06.08-09.01.52:114][425]LogModuleManager: Shutting down and abandoning module AssetTools (74)
[2016.06.08-09.01.52:114][425]LogModuleManager: Shutting down and abandoning module UMGEditor (73)
[2016.06.08-09.01.52:114][425]LogModuleManager: Shutting down and abandoning module UMG (72)
[2016.06.08-09.01.52:114][425]LogModuleManager: Shutting down and abandoning module SlateReflector (71)
[2016.06.08-09.01.52:114][425]LogModuleManager: Shutting down and abandoning module Slate (70)
[2016.06.08-09.01.52:114][425]LogModuleManager: Shutting down and abandoning module EditorStyle (69)
[2016.06.08-09.01.52:116][425]LogModuleManager: Shutting down and abandoning module SessionServices (68)
[2016.06.08-09.01.52:116][425]LogModuleManager: Shutting down and abandoning module SourceCodeAccess (67)
[2016.06.08-09.01.52:116][425]LogModuleManager: Shutting down and abandoning module HeadMountedDisplay (66)
[2016.06.08-09.01.52:116][425]LogModuleManager: Shutting down and abandoning module XAudio2 (65)
[2016.06.08-09.01.52:116][425]LogModuleManager: Shutting down and abandoning module Networking (63)
[2016.06.08-09.01.52:116][425]LogModuleManager: Shutting down and abandoning module Core (62)
[2016.06.08-09.01.52:116][425]LogModuleManager: Shutting down and abandoning module KismetCompiler (61)
[2016.06.08-09.01.52:116][425]LogModuleManager: Shutting down and abandoning module PhysXFormats (60)
[2016.06.08-09.01.52:116][425]LogModuleManager: Shutting down and abandoning module MeshUtilities (59)
[2016.06.08-09.01.52:116][425]LogModuleManager: Shutting down and abandoning module CookingStats (58)
[2016.06.08-09.01.52:116][425]LogModuleManager: Shutting down and abandoning module DerivedDataCache (57)
[2016.06.08-09.01.52:116][425]LogDerivedDataCache: Shutdown
[2016.06.08-09.01.52:116][425]LogModuleManager: Shutting down and abandoning module ShaderFormatOpenGL (56)
[2016.06.08-09.01.52:116][425]LogModuleManager: Shutting down and abandoning module ShaderFormatD3D (55)
[2016.06.08-09.01.52:116][425]LogModuleManager: Shutting down and abandoning module MetalShaderFormat (54)
[2016.06.08-09.01.52:116][425]LogModuleManager: Shutting down and abandoning module TextureFormatUncompressed (53)
[2016.06.08-09.01.52:116][425]LogModuleManager: Shutting down and abandoning module TextureFormatPVR (52)
[2016.06.08-09.01.52:116][425]LogModuleManager: Shutting down and abandoning module TextureFormatIntelISPCTexComp (51)
[2016.06.08-09.01.52:116][425]LogModuleManager: Shutting down and abandoning module TextureFormatDXT (50)
[2016.06.08-09.01.52:116][425]LogModuleManager: Shutting down and abandoning module ImageWrapper (49)
[2016.06.08-09.01.52:116][425]LogModuleManager: Shutting down and abandoning module TextureFormatASTC (48)
[2016.06.08-09.01.52:116][425]LogModuleManager: Shutting down and abandoning module TextureFormatAndroid (47)
[2016.06.08-09.01.52:116][425]LogModuleManager: Shutting down and abandoning module AudioFormatOpus (46)
[2016.06.08-09.01.52:116][425]LogModuleManager: Shutting down and abandoning module AudioFormatOgg (45)
[2016.06.08-09.01.52:116][425]LogModuleManager: Shutting down and abandoning module AudioFormatADPCM (44)
[2016.06.08-09.01.52:116][425]LogModuleManager: Shutting down and abandoning module LinuxTargetPlatform (43)
[2016.06.08-09.01.52:116][425]LogModuleManager: Shutting down and abandoning module LinuxServerTargetPlatform (42)
[2016.06.08-09.01.52:116][425]LogModuleManager: Shutting down and abandoning module LinuxNoEditorTargetPlatform (41)
[2016.06.08-09.01.52:116][425]LogModuleManager: Shutting down and abandoning module TVOSTargetPlatform (40)
[2016.06.08-09.01.52:116][425]LogModuleManager: Shutting down and abandoning module Messaging (39)
[2016.06.08-09.01.52:116][425]LogModuleManager: Shutting down and abandoning module IOSTargetPlatform (38)
[2016.06.08-09.01.52:116][425]LogModuleManager: Shutting down and abandoning module HTML5TargetPlatform (37)
[2016.06.08-09.01.52:116][425]LogModuleManager: Shutting down and abandoning module Android_PVRTCTargetPlatform (36)
[2016.06.08-09.01.52:116][425]LogModuleManager: Shutting down and abandoning module Android_MultiTargetPlatform (35)
[2016.06.08-09.01.52:116][425]LogModuleManager: Shutting down and abandoning module Android_ETC2TargetPlatform (34)
[2016.06.08-09.01.52:116][425]LogModuleManager: Shutting down and abandoning module Android_ETC1TargetPlatform (33)
[2016.06.08-09.01.52:116][425]LogModuleManager: Shutting down and abandoning module Android_DXTTargetPlatform (32)
[2016.06.08-09.01.52:116][425]LogModuleManager: Shutting down and abandoning module Android_ATCTargetPlatform (31)
[2016.06.08-09.01.52:116][425]LogModuleManager: Shutting down and abandoning module Android_ASTCTargetPlatform (30)
[2016.06.08-09.01.52:116][425]LogModuleManager: Shutting down and abandoning module AndroidTargetPlatform (29)
[2016.06.08-09.01.52:116][425]LogModuleManager: Shutting down and abandoning module WindowsTargetPlatform (28)
[2016.06.08-09.01.52:116][425]LogModuleManager: Shutting down and abandoning module WindowsServerTargetPlatform (27)
[2016.06.08-09.01.52:116][425]LogModuleManager: Shutting down and abandoning module WindowsNoEditorTargetPlatform (26)
[2016.06.08-09.01.52:116][425]LogModuleManager: Shutting down and abandoning module WindowsClientTargetPlatform (25)
[2016.06.08-09.01.52:116][425]LogModuleManager: Shutting down and abandoning module AllDesktopTargetPlatform (24)
[2016.06.08-09.01.52:116][425]LogModuleManager: Shutting down and abandoning module TargetPlatform (23)
[2016.06.08-09.01.52:116][425]LogModuleManager: Shutting down and abandoning module InputCore (22)
[2016.06.08-09.01.52:116][425]LogModuleManager: Shutting down and abandoning module Settings (21)
[2016.06.08-09.01.52:117][425]LogModuleManager: Shutting down and abandoning module OnlineSubsystem (19)
[2016.06.08-09.01.52:117][425]LogModuleManager: Shutting down and abandoning module HTTP (18)
[2016.06.08-09.01.53:119][425]LogModuleManager: Shutting down and abandoning module XMPP (17)
[2016.06.08-09.01.53:119][425]LogModuleManager: Shutting down and abandoning module OculusRift (16)
[2016.06.08-09.01.53:119][425]LogModuleManager: Shutting down and abandoning module ExampleDeviceProfileSelector (15)
[2016.06.08-09.01.53:119][425]LogModuleManager: Shutting down and abandoning module TextureCompressor (14)
[2016.06.08-09.01.53:119][425]LogModuleManager: Shutting down and abandoning module ShaderCore (13)
[2016.06.08-09.01.53:119][425]LogModuleManager: Shutting down and abandoning module Landscape (12)
[2016.06.08-09.01.53:119][425]LogModuleManager: Shutting down and abandoning module SlateRHIRenderer (11)
[2016.06.08-09.01.53:120][425]LogModuleManager: Shutting down and abandoning module OpenGLDrv (10)
[2016.06.08-09.01.53:120][425]LogModuleManager: Shutting down and abandoning module D3D11RHI (9)
[2016.06.08-09.01.53:120][425]LogModuleManager: Shutting down and abandoning module AnimGraphRuntime (8)
[2016.06.08-09.01.53:120][425]LogModuleManager: Shutting down and abandoning module Renderer (7)
[2016.06.08-09.01.53:120][425]LogModuleManager: Shutting down and abandoning module Engine (6)
[2016.06.08-09.01.53:120][425]LogModuleManager: Shutting down and abandoning module CoreUObject (5)
[2016.06.08-09.01.53:120][425]LogModuleManager: Shutting down and abandoning module NetworkFile (4)
[2016.06.08-09.01.53:120][425]LogModuleManager: Shutting down and abandoning module StreamingFile (3)
[2016.06.08-09.01.53:120][425]LogModuleManager: Shutting down and abandoning module SandboxFile (2)
[2016.06.08-09.01.53:120][425]LogModuleManager: Shutting down and abandoning module PakFile (1)
[2016.06.08-09.01.53:122][425]LogExit: Exiting.
[2016.06.08-09.01.53:124][425]Log file closed, 06/08/16 02:01:53
