Log file open, 06/08/16 01:50:30
LogInit:Display: Running engine for game: HeliosFinal
LogPlatformFile: Not using cached read wrapper
LogInit:Display: RandInit(923284946) SRandInit(923284947).
LogTaskGraph: Started task graph with 4 named threads and 7 total threads.
LogStats: Stats thread started at 0.081690
LogInit: Version: 4.11.2-2946394+++UE4+Release-4.11
LogInit: API Version: 2927265
LogInit: Compiled (64-bit): Apr 18 2016 02:18:46
LogInit: Compiled with Visual C++: 19.00.23026.00
LogInit: Build Configuration: Development
LogInit: Branch Name: ++UE4+Release-4.11
LogInit: Command line: 
LogInit: Base directory: C:/Program Files/Epic Games/4.11/Engine/Binaries/Win64/
LogInit: Installed Engine Build: 1
LogInit: Using libcurl 7.41.0
LogInit:  - built for x86_64-pc-win32
LogInit:  - supports SSL with WinSSL
LogInit:  - other features:
LogInit:      CURL_VERSION_SSL
LogInit:      CURL_VERSION_IPV6
LogInit:      CURL_VERSION_ASYNCHDNS
LogInit:      CURL_VERSION_LARGEFILE
LogInit:      CURL_VERSION_IDN
LogInit:  CurlRequestOptions (configurable via config and command line):
LogInit:  - bVerifyPeer = true  - Libcurl will verify peer certificate
LogInit:  - bUseHttpProxy = false  - Libcurl will NOT use HTTP proxy
LogInit:  - bDontReuseConnections = false  - Libcurl will reuse connections
LogInit:  - CertBundlePath = nullptr  - Libcurl will use whatever was configured at build time.
LogInit: Presizing for max 16777216 objects, including 0 objects not considered by GC, pre-allocating 0 bytes for permanent pool.
LogInit: Object subsystem initialized
[2016.06.08-08.50.30:763][  0]LogConsoleManager:Display: Setting the console variable 'r.ScreenPercentage' with 'SetByScalability' was ignored as it is lower priority than the previous 'SetBySystemSettingsIni'
[2016.06.08-08.50.30:763][  0]LogConsoleManager:Display: Setting the console variable 'r.PostProcessAAQuality' with 'SetByScalability' was ignored as it is lower priority than the previous 'SetBySystemSettingsIni'
[2016.06.08-08.50.30:763][  0]LogConsoleManager:Display: Setting the console variable 'sg.PostProcessQuality' with 'SetByScalability' was ignored as it is lower priority than the previous 'SetBySystemSettingsIni'
[2016.06.08-08.50.30:764][  0]LogConsoleManager:Display: Setting the console variable 'r.MaxAnisotropy' with 'SetByScalability' was ignored as it is lower priority than the previous 'SetBySystemSettingsIni'
[2016.06.08-08.50.30:764][  0]LogConsoleManager:Display: Setting the console variable 'sg.EffectsQuality' with 'SetByScalability' was ignored as it is lower priority than the previous 'SetBySystemSettingsIni'
[2016.06.08-08.50.30:764][  0]LogInit: Selected Device Profile: [Windows]
[2016.06.08-08.50.30:764][  0]LogInit: Applying CVar settings loaded from the selected device profile: [Windows]
[2016.06.08-08.50.30:771][  0]LogInit: Computer: 210-EUROPA
[2016.06.08-08.50.30:771][  0]LogInit: User: Helios
[2016.06.08-08.50.30:771][  0]LogInit: CPU Page size=65536, Cores=4
[2016.06.08-08.50.30:771][  0]LogInit: High frequency timer resolution =2.531255 MHz
[2016.06.08-08.50.30:772][  0]LogMemory: Memory total: Physical=15.9GB (16GB approx)
[2016.06.08-08.50.30:772][  0]LogMemory: Platform Memory Stats for Windows
[2016.06.08-08.50.30:772][  0]LogMemory: Process Physical Memory: 315.00 MB used, 315.00 MB peak
[2016.06.08-08.50.30:772][  0]LogMemory: Process Virtual Memory: 314.93 MB used, 314.93 MB peak
[2016.06.08-08.50.30:772][  0]LogMemory: Physical Memory: 5143.00 MB used, 16283.44 MB total
[2016.06.08-08.50.30:772][  0]LogMemory: Virtual Memory: 653.71 MB used, 134217728.00 MB total
[2016.06.08-08.50.30:805][  0]LogTextLocalizationManager: No specific translations for ('en-US') exist, so ('en') translations will be used.
[2016.06.08-08.50.31:226][  0]LogD3D11RHI: D3D11 adapters:
[2016.06.08-08.50.31:255][  0]LogD3D11RHI:    0. 'NVIDIA GeForce GTX 980 Ti' (Feature Level 11_0)
[2016.06.08-08.50.31:255][  0]LogD3D11RHI:       6047MB of dedicated video memory, 0MB of dedicated system memory, and 8141MB of shared system memory, 1 output[s]
[2016.06.08-08.50.31:262][  0]LogD3D11RHI:    1. 'Intel(R) HD Graphics 530' (Feature Level 11_0)
[2016.06.08-08.50.31:262][  0]LogD3D11RHI:       128MB of dedicated video memory, 0MB of dedicated system memory, and 8141MB of shared system memory, 0 output[s]
[2016.06.08-08.50.31:263][  0]LogD3D11RHI:    2. 'Microsoft Basic Render Driver' (Feature Level 11_0)
[2016.06.08-08.50.31:263][  0]LogD3D11RHI:       0MB of dedicated video memory, 0MB of dedicated system memory, and 8141MB of shared system memory, 0 output[s]
[2016.06.08-08.50.31:263][  0]LogD3D11RHI: Chosen D3D11 Adapter: 0
[2016.06.08-08.50.31:267][  0]LogD3D11RHI: Creating new Direct3DDevice
[2016.06.08-08.50.31:268][  0]LogD3D11RHI:     Adapter Name: NVIDIA GeForce GTX 980 Ti
[2016.06.08-08.50.31:268][  0]LogD3D11RHI:   Driver Version: Unknown (internal Unknown)
[2016.06.08-08.50.31:268][  0]LogD3D11RHI:      Driver Date: Unknown
[2016.06.08-08.50.31:268][  0]LogRHI: Texture pool is 1361 MB (70% of 1945 MB)
[2016.06.08-08.50.31:285][  0]LogD3D11RHI: Async texture creation enabled
[2016.06.08-08.50.31:302][  0]LogShaderCompilers: Guid format shader working directory is 33 characters bigger than the processId version (D:/HeliosFinal/Intermediate/Shaders/WorkingDirectory/3208/).
[2016.06.08-08.50.31:302][  0]LogShaderCompilers: Cleaned the shader compiler working directory 'C:/Users/Helios/AppData/Local/Temp/UnrealShaderWorkingDir/66C881E54C87E2D41DDB23BCF83AF3EE/'.
[2016.06.08-08.50.31:302][  0]LogShaderCompilers:Display: Using Local Shader Compiler.
[2016.06.08-08.50.32:190][  0]LogTemp:Display: Loaded TP AllDesktopTargetPlatform
[2016.06.08-08.50.32:195][  0]LogTemp:Display: Loaded TP WindowsClientTargetPlatform
[2016.06.08-08.50.32:199][  0]LogTemp:Display: Loaded TP WindowsNoEditorTargetPlatform
[2016.06.08-08.50.32:205][  0]LogTemp:Display: Loaded TP WindowsServerTargetPlatform
[2016.06.08-08.50.32:210][  0]LogTemp:Display: Loaded TP WindowsTargetPlatform
[2016.06.08-08.50.32:213][  0]LogTemp:Display: Loaded TP AndroidTargetPlatform
[2016.06.08-08.50.32:216][  0]LogTemp:Display: Loaded TP Android_ASTCTargetPlatform
[2016.06.08-08.50.32:219][  0]LogTemp:Display: Loaded TP Android_ATCTargetPlatform
[2016.06.08-08.50.32:222][  0]LogTemp:Display: Loaded TP Android_DXTTargetPlatform
[2016.06.08-08.50.32:226][  0]LogTemp:Display: Loaded TP Android_ETC1TargetPlatform
[2016.06.08-08.50.32:229][  0]LogTemp:Display: Loaded TP Android_ETC2TargetPlatform
[2016.06.08-08.50.32:235][  0]LogTemp:Display: Loaded TP Android_MultiTargetPlatform
[2016.06.08-08.50.32:235][  0]LogTemp:Display: Loaded TP Android_PVRTCTargetPlatform
[2016.06.08-08.50.32:236][  0]LogTemp:Display: Loaded TP HTML5TargetPlatform
[2016.06.08-08.50.32:253][  0]LogTemp:Display: Loaded TP IOSTargetPlatform
[2016.06.08-08.50.32:255][  0]LogTemp:Display: Loaded TP TVOSTargetPlatform
[2016.06.08-08.50.32:258][  0]LogTemp:Display: Loaded TP LinuxNoEditorTargetPlatform
[2016.06.08-08.50.32:261][  0]LogTemp:Display: Loaded TP LinuxServerTargetPlatform
[2016.06.08-08.50.32:264][  0]LogTemp:Display: Loaded TP LinuxTargetPlatform
[2016.06.08-08.50.32:264][  0]LogTargetPlatformManager:Display: Building Assets For Windows
[2016.06.08-08.50.32:349][  0]LogDerivedDataCache:Display: Max Cache Size: 512 MB
[2016.06.08-08.50.32:416][  0]LogDerivedDataCache: Loaded boot cache 0.07s 73MB C:/Users/Helios/AppData/Local/UnrealEngine/4.11/DerivedDataCache/Boot.ddc.
[2016.06.08-08.50.32:417][  0]LogDerivedDataCache:Display: Loaded Boot cache: C:/Users/Helios/AppData/Local/UnrealEngine/4.11/DerivedDataCache/Boot.ddc
[2016.06.08-08.50.32:417][  0]LogDerivedDataCache: FDerivedDataBackendGraph:  Pak pak cache file D:/HeliosFinal/DerivedDataCache/DDC.ddp not found, will not use a pak cache.
[2016.06.08-08.50.32:417][  0]LogDerivedDataCache: Unable to find inner node Pak for hierarchical cache Hierarchy.
[2016.06.08-08.50.32:417][  0]LogDerivedDataCache: FDerivedDataBackendGraph:  CompressedPak pak cache file D:/HeliosFinal/DerivedDataCache/Compressed.ddp not found, will not use a pak cache.
[2016.06.08-08.50.32:417][  0]LogDerivedDataCache: Unable to find inner node CompressedPak for hierarchical cache Hierarchy.
[2016.06.08-08.50.32:431][  0]LogDerivedDataCache:Display: Pak cache opened for reading ../../../Engine/DerivedDataCache/Compressed.ddp.
[2016.06.08-08.50.32:443][  0]LogDerivedDataCache: Using Local data cache path C:/Users/Helios/AppData/Local/UnrealEngine/Common/DerivedDataCache: Writable
[2016.06.08-08.50.32:595][  0]LogInit: Selected Device Profile: [Windows]
[2016.06.08-08.50.32:596][  0]LogContentStreaming: Texture pool size is 0.00 MB
[2016.06.08-08.50.32:624][  0]LogMaterial: Uniform references updated for custom material expression Custom.
[2016.06.08-08.50.32:747][  0]LogMeshUtilities: No automatic mesh reduction module available
[2016.06.08-08.50.32:747][  0]LogMeshUtilities: No automatic mesh merging module available
[2016.06.08-08.50.32:747][  0]LogMeshUtilities: No distributed automatic mesh merging module available
[2016.06.08-08.50.32:966][  0]LogUObjectArray: 27679 objects as part of root set at end of initial load.
[2016.06.08-08.50.32:966][  0]LogUObjectAllocator: 5591592 out of 0 bytes used by permanent object pool.
[2016.06.08-08.50.32:967][  0]LogUObjectArray: CloseDisregardForGC: 0/0 objects in disregard for GC pool
[2016.06.08-08.50.32:975][  0]LogInit: WinSock: version 1.1 (2.2), MaxSocks=32767, MaxUdp=65467
[2016.06.08-08.50.33:070][  0]LogSlate: SlateFontCache - WITH_FREETYPE: 1, WITH_HARFBUZZ: 1
[2016.06.08-08.50.33:070][  0]LogSlate: SlateFontCache - WITH_FREETYPE: 1, WITH_HARFBUZZ: 1
[2016.06.08-08.50.33:159][  0]LogStreaming:Warning: Failed to read file '../../../Engine/Content/Editor/Slate/Common/Selection_16x.png' error.
[2016.06.08-08.50.33:159][  0]LogSlate: Could not find file for Slate resource: ../../../Engine/Content/Editor/Slate/Common/Selection_16x.png
[2016.06.08-08.50.33:159][  0]LogStreaming:Warning: Failed to read file '../../../Engine/Content/Editor/Slate/Common/Selection_16x.png' error.
[2016.06.08-08.50.33:159][  0]LogSlate: Could not find file for Slate resource: ../../../Engine/Content/Editor/Slate/Common/Selection_16x.png
[2016.06.08-08.50.33:159][  0]LogStreaming:Warning: Failed to read file '../../../Engine/Content/Editor/Slate/Common/Selection_16x.png' error.
[2016.06.08-08.50.33:159][  0]LogSlate: Could not find file for Slate resource: ../../../Engine/Content/Editor/Slate/Common/Selection_16x.png
[2016.06.08-08.50.33:661][  0]LogUdpMessaging: Initializing bridge on interface 0.0.0.0:0 to multicast group 230.0.0.1:6666.
[2016.06.08-08.50.33:773][  0]LogAssetRegistry: FAssetRegistry took 0.0222 seconds to start up
[2016.06.08-08.50.33:932][  0]SourceControl: Info Source control is disabled
[2016.06.08-08.50.33:964][  0]SourceControl: Info Source control is disabled
[2016.06.08-08.50.33:972][  0]SourceControl: Info Source control is disabled
[2016.06.08-08.50.33:980][  0]SourceControl: Info Source control is disabled
[2016.06.08-08.50.34:170][  0]LogConsoleManager:Warning: Console object named 'vr.EnableMotionControllerLateUpdate' already exists but is being registered again, but we weren't expected it to be! (FConsoleManager::AddConsoleObject)
[2016.06.08-08.50.34:223][  0]LogEngine: Initializing Engine...
[2016.06.08-08.50.34:227][  0]LogHMD: SteamVR initialized.  Driver: lighthouse  Display: LHR-2D0E5179
[2016.06.08-08.50.34:374][  0]LogAIModule: Creating AISystem for world NewWorld
[2016.06.08-08.50.34:381][  0]LogInit: XAudio2 using 'Speakers (4- USB Audio Device)' : 2 channels at 44.1 kHz using 16 bits per sample (channel mask 0x3)
[2016.06.08-08.50.34:398][  0]LogInit: FAudioDevice initialized.
[2016.06.08-08.50.34:431][  0]LogDerivedDataCache: Saved boot cache 0.03s 73MB C:/Users/Helios/AppData/Local/UnrealEngine/4.11/DerivedDataCache/Boot.ddc.
[2016.06.08-08.50.34:437][  0]LogInit: Texture streaming: Enabled
[2016.06.08-08.50.35:952][  0]LogInit: Transaction tracking system initialized
[2016.06.08-08.50.35:993][  0]BlueprintLog: New page: Editor Load
[2016.06.08-08.50.36:076][  0]LocalizationService: Info Localization service is disabled
[2016.06.08-08.50.36:158][  0]LogConsoleResponse:Display: 
[2016.06.08-08.50.36:263][  0]LogCook:Display: Max memory allowance for cook 8192mb
[2016.06.08-08.50.36:263][  0]LogCook:Display: Mobile HDR setting 1
[2016.06.08-08.50.36:263][  0]LogCook:Display: Done creating registry. It took  0.00s.
[2016.06.08-08.50.36:318][  0]LogFileCache: Scanning file cache for directory 'D:/HeliosFinal/Content/' took 0.01s
[2016.06.08-08.50.36:318][  0]SourceControl: Info Source control is disabled
[2016.06.08-08.50.36:318][  0]Cmd: MAP LOAD FILE="D:/HeliosFinal/Content/Plains.umap" TEMPLATE=0 SHOWPROGRESS=1 FEATURELEVEL=3
[2016.06.08-08.50.36:318][  0]LightingResults: New page: Lighting Build
[2016.06.08-08.50.36:322][  0]MapCheck: New page: Map Check
[2016.06.08-08.50.36:322][  0]LightingResults: New page: Lighting Build
[2016.06.08-08.50.36:877][  0]LogAIModule: Creating AISystem for world Plains
[2016.06.08-08.50.36:897][  0]LogEditorServer: Finished looking for orphan Actors (0.000 secs)
[2016.06.08-08.50.36:898][  0]Cmd: MAP CHECKDEP NOCLEARLOG
[2016.06.08-08.50.36:939][  0]MapCheck: Info Map check complete: 0 Error(s), 0 Warning(s), took 40.992ms to complete.
[2016.06.08-08.50.36:939][  0]LogFileHelpers: Loading map 'Plains' took 0.621
[2016.06.08-08.50.37:066][  0]LogCollectionManager: Loaded 0 collections in 0.002750 seconds
[2016.06.08-08.50.37:106][  0]LogFileCache: Scanning file cache for directory 'D:/HeliosFinal/Saved/Collections/' took 0.01s
[2016.06.08-08.50.37:106][  0]LogFileCache: Scanning file cache for directory 'D:/HeliosFinal/Content/Developers/Helios/Collections/' took 0.01s
[2016.06.08-08.50.37:106][  0]LogFileCache: Scanning file cache for directory 'D:/HeliosFinal/Content/Collections/' took 0.01s
[2016.06.08-08.50.37:106][  0]LogCollectionManager: Rebuilt the GUID cache for 0 collections in 0.000002 seconds
[2016.06.08-08.50.37:114][  0]LogContentBrowser: Native class hierarchy populated in 0.0077 seconds. Added 1990 classes and 349 folders.
[2016.06.08-08.50.37:120][  0]LogStats: UGameplayTagsManager::ConstructGameplayTagTree: Construct from data asset -  0.000 s
[2016.06.08-08.50.37:120][  0]LogStats: UGameplayTagsManager::ConstructGameplayTagTree: GameplayTagTreeChangedEvent.Broadcast -  0.000 s
[2016.06.08-08.50.37:121][  0]LogContentBrowser: Native class hierarchy updated for 'GameplayTags' in 0.0009 seconds. Added 12 classes and 0 folders.
[2016.06.08-08.50.37:127][  0]LogContentBrowser: Native class hierarchy updated for 'WidgetCarousel' in 0.0008 seconds. Added 0 classes and 0 folders.
[2016.06.08-08.50.37:135][  0]LogContentBrowser: Native class hierarchy updated for 'SuperSearch' in 0.0009 seconds. Added 1 classes and 2 folders.
[2016.06.08-08.50.37:169][  0]LogContentBrowser: Native class hierarchy updated for 'AddContentDialog' in 0.0009 seconds. Added 0 classes and 0 folders.
[2016.06.08-08.50.37:176][  0]LogContentBrowser: Native class hierarchy updated for 'SceneOutliner' in 0.0013 seconds. Added 1 classes and 2 folders.
[2016.06.08-08.50.37:234][  0]LogCrashTracker: Crashtracker disabled due to settings.
[2016.06.08-08.50.37:239][  0]LogUObjectGlobals:Warning: Failed to find object 'Class None.'
[2016.06.08-08.50.37:267][  0]LogContentBrowser: Native class hierarchy updated for 'HierarchicalLODOutliner' in 0.0008 seconds. Added 1 classes and 2 folders.
[2016.06.08-08.50.37:267][  0]LogLoad: Full Startup: 7.31 seconds (BP compile: 0.10 seconds)
[2016.06.08-08.50.37:267][  0]LogExternalProfiler: Found external profiler: VSPerf
[2016.06.08-08.50.37:267][  0]LogExternalProfiler: Using external profiler: VSPerf
[2016.06.08-08.50.37:285][  0]LogOcInput: OculusInput pre-init called
[2016.06.08-08.50.37:342][  0]LogContentStreaming: Texture pool size now 700 MB
[2016.06.08-08.50.37:488][  0]LogRenderer: Reallocating scene render targets to support 2056x1256 (Frame:2).
[2016.06.08-08.50.37:598][  1]Cmd: UpdateLandscapeEditorData -warnings
[2016.06.08-08.50.37:614][  1]LogAssetRegistry: Asset discovery search completed in 3.8630 seconds
[2016.06.08-08.50.37:614][  1]LogCollectionManager: Rebuilt the object cache for 0 collections in 0.000000 seconds (found 0 objects)
[2016.06.08-08.50.37:614][  1]LogCollectionManager: Fixed up redirectors for 0 collections in 0.000017 seconds (updated 0 objects)
[2016.06.08-08.50.40:742][141]LogTemp:Warning: Helios > setter node title
[2016.06.08-08.50.40:742][141]LogTemp:Warning: Helios > setter node title
[2016.06.08-08.50.40:742][141]LogTemp:Warning: Helios > setter node title
[2016.06.08-08.50.40:742][141]LogTemp:Warning: Helios > setter node title
[2016.06.08-08.50.40:743][141]LogTemp:Warning: Helios > getter node title
[2016.06.08-08.50.41:194][141]LogContentBrowser: Native class hierarchy updated for 'BlueprintGraph' in 0.0014 seconds. Added 108 classes and 0 folders.
[2016.06.08-08.50.41:604][141]LogTemp:Warning: Helios > getter node title
[2016.06.08-08.50.41:604][141]LogTemp:Warning: Helios > getter node title
[2016.06.08-08.50.41:604][141]LogTemp:Warning: Helios > setter node title
[2016.06.08-08.50.41:604][141]LogTemp:Warning: Helios > setter node title
[2016.06.08-08.50.41:604][141]LogTemp:Warning: Helios > getter node title
[2016.06.08-08.50.41:604][141]LogTemp:Warning: Helios > getter node title
[2016.06.08-08.50.41:604][141]LogTemp:Warning: Helios > setter node title
[2016.06.08-08.50.41:604][141]LogTemp:Warning: Helios > setter node title
[2016.06.08-08.50.41:604][141]LogTemp:Warning: Helios > getter node title
[2016.06.08-08.50.41:604][141]LogTemp:Warning: Helios > getter node title
[2016.06.08-08.50.41:604][141]LogTemp:Warning: Helios > setter node title
[2016.06.08-08.50.41:604][141]LogTemp:Warning: Helios > setter node title
[2016.06.08-08.50.41:604][141]LogTemp:Warning: Helios > getter node title
[2016.06.08-08.50.41:604][141]LogTemp:Warning: Helios > getter node title
[2016.06.08-08.50.41:604][141]LogTemp:Warning: Helios > setter node title
[2016.06.08-08.50.41:604][141]LogTemp:Warning: Helios > setter node title
[2016.06.08-08.51.04:009][904]LogTemp:Warning: Helios > setter node title
[2016.06.08-08.51.04:011][904]LogTemp:Warning: Helios > setter node title
[2016.06.08-08.51.04:011][904]LogTemp:Warning: Helios > setter node title
[2016.06.08-08.51.04:014][904]LogTemp:Warning: Helios > setter node title
[2016.06.08-08.51.04:014][904]LogTemp:Warning: Helios > setter node title
[2016.06.08-08.51.04:017][904]LogTemp:Warning: Helios > setter node title
[2016.06.08-08.51.04:017][904]LogTemp:Warning: Helios > setter node title
[2016.06.08-08.51.04:020][904]LogTemp:Warning: Helios > setter node title
[2016.06.08-08.51.04:026][904]LogTemp:Warning: Helios > getter node title
[2016.06.08-08.51.04:028][904]LogTemp:Warning: Helios > getter node title
[2016.06.08-08.51.05:747][978]LogTemp:Warning: Helios > getter node title
[2016.06.08-08.51.05:747][978]LogTemp:Warning: Helios > getter node title
[2016.06.08-08.51.05:747][978]LogTemp:Warning: Helios > getter node title
[2016.06.08-08.51.05:756][978]LogTemp:Warning: Helios > getter node title
[2016.06.08-08.51.05:756][978]LogTemp:Warning: Helios > getter node title
[2016.06.08-08.51.05:756][978]LogTemp:Warning: Helios > getter node title
[2016.06.08-08.51.05:774][978]LogTemp:Warning: Helios > getter node title
[2016.06.08-08.51.05:774][978]LogTemp:Warning: Helios > getter node title
[2016.06.08-08.51.05:784][979]LogTemp:Warning: Helios > getter node title
[2016.06.08-08.51.05:784][979]LogTemp:Warning: Helios > getter node title
[2016.06.08-08.51.05:784][979]LogTemp:Warning: Helios > getter node title
[2016.06.08-08.51.05:802][979]LogTemp:Warning: Helios > getter node title
[2016.06.08-08.51.05:802][979]LogTemp:Warning: Helios > getter node title
[2016.06.08-08.51.05:816][980]LogTemp:Warning: Helios > getter node title
[2016.06.08-08.51.05:816][980]LogTemp:Warning: Helios > getter node title
[2016.06.08-08.51.05:816][980]LogTemp:Warning: Helios > getter node title
[2016.06.08-08.51.05:832][980]LogTemp:Warning: Helios > getter node title
[2016.06.08-08.51.05:832][980]LogTemp:Warning: Helios > getter node title
[2016.06.08-08.51.05:846][981]LogTemp:Warning: Helios > getter node title
[2016.06.08-08.51.05:846][981]LogTemp:Warning: Helios > getter node title
[2016.06.08-08.51.05:846][981]LogTemp:Warning: Helios > getter node title
[2016.06.08-08.51.05:861][981]LogTemp:Warning: Helios > getter node title
[2016.06.08-08.51.05:861][981]LogTemp:Warning: Helios > getter node title
[2016.06.08-08.51.05:874][982]LogTemp:Warning: Helios > getter node title
[2016.06.08-08.51.05:875][982]LogTemp:Warning: Helios > getter node title
[2016.06.08-08.51.05:875][982]LogTemp:Warning: Helios > getter node title
[2016.06.08-08.51.05:887][982]LogTemp:Warning: Helios > getter node title
[2016.06.08-08.51.05:887][982]LogTemp:Warning: Helios > getter node title
[2016.06.08-08.51.05:901][983]LogTemp:Warning: Helios > getter node title
[2016.06.08-08.51.05:902][983]LogTemp:Warning: Helios > getter node title
[2016.06.08-08.51.05:902][983]LogTemp:Warning: Helios > getter node title
[2016.06.08-08.51.05:916][983]LogTemp:Warning: Helios > getter node title
[2016.06.08-08.51.05:916][983]LogTemp:Warning: Helios > getter node title
[2016.06.08-08.51.05:930][984]LogTemp:Warning: Helios > getter node title
[2016.06.08-08.51.05:930][984]LogTemp:Warning: Helios > getter node title
[2016.06.08-08.51.05:930][984]LogTemp:Warning: Helios > getter node title
[2016.06.08-08.51.05:946][984]LogTemp:Warning: Helios > getter node title
[2016.06.08-08.51.05:946][984]LogTemp:Warning: Helios > getter node title
[2016.06.08-08.51.05:962][985]LogTemp:Warning: Helios > getter node title
[2016.06.08-08.51.05:962][985]LogTemp:Warning: Helios > getter node title
[2016.06.08-08.51.05:962][985]LogTemp:Warning: Helios > getter node title
[2016.06.08-08.51.06:050][985]LogTemp:Warning: Helios > getter node title
[2016.06.08-08.51.06:050][985]LogTemp:Warning: Helios > getter node title
[2016.06.08-08.51.06:062][986]LogTemp:Warning: Helios > getter node title
[2016.06.08-08.51.06:062][986]LogTemp:Warning: Helios > getter node title
[2016.06.08-08.51.06:062][986]LogTemp:Warning: Helios > getter node title
[2016.06.08-08.51.06:073][986]LogTemp:Warning: Helios > getter node title
[2016.06.08-08.51.06:073][986]LogTemp:Warning: Helios > getter node title
[2016.06.08-08.51.06:081][987]LogTemp:Warning: Helios > getter node title
[2016.06.08-08.51.06:081][987]LogTemp:Warning: Helios > getter node title
[2016.06.08-08.51.06:081][987]LogTemp:Warning: Helios > getter node title
[2016.06.08-08.51.06:094][987]LogTemp:Warning: Helios > getter node title
[2016.06.08-08.51.06:094][987]LogTemp:Warning: Helios > getter node title
[2016.06.08-08.51.06:105][988]LogTemp:Warning: Helios > getter node title
[2016.06.08-08.51.06:105][988]LogTemp:Warning: Helios > getter node title
[2016.06.08-08.51.06:105][988]LogTemp:Warning: Helios > getter node title
[2016.06.08-08.51.06:117][988]LogTemp:Warning: Helios > getter node title
[2016.06.08-08.51.06:117][988]LogTemp:Warning: Helios > getter node title
[2016.06.08-08.51.06:129][989]LogTemp:Warning: Helios > getter node title
[2016.06.08-08.51.06:129][989]LogTemp:Warning: Helios > getter node title
[2016.06.08-08.51.06:129][989]LogTemp:Warning: Helios > getter node title
[2016.06.08-08.51.06:143][989]LogTemp:Warning: Helios > getter node title
[2016.06.08-08.51.06:143][989]LogTemp:Warning: Helios > getter node title
[2016.06.08-08.51.06:303][999]LogTemp:Warning: Helios > getter node title
[2016.06.08-08.51.06:303][999]LogTemp:Warning: Helios > getter node title
[2016.06.08-08.51.06:303][999]LogTemp:Warning: Helios > getter node title
[2016.06.08-08.51.06:314][999]LogTemp:Warning: Helios > getter node title
[2016.06.08-08.51.06:314][999]LogTemp:Warning: Helios > getter node title
[2016.06.08-08.51.06:323][  0]LogTemp:Warning: Helios > getter node title
[2016.06.08-08.51.06:323][  0]LogTemp:Warning: Helios > getter node title
[2016.06.08-08.51.06:323][  0]LogTemp:Warning: Helios > getter node title
[2016.06.08-08.51.06:333][  0]LogTemp:Warning: Helios > getter node title
[2016.06.08-08.51.06:333][  0]LogTemp:Warning: Helios > getter node title
[2016.06.08-08.51.06:858][ 32]LogTemp:Warning: Helios > getter node title
[2016.06.08-08.51.06:858][ 32]LogTemp:Warning: Helios > getter node title
[2016.06.08-08.51.06:858][ 32]LogTemp:Warning: Helios > getter node title
[2016.06.08-08.51.06:868][ 32]LogTemp:Warning: Helios > getter node title
[2016.06.08-08.51.06:868][ 32]LogTemp:Warning: Helios > getter node title
[2016.06.08-08.51.06:877][ 33]LogTemp:Warning: Helios > getter node title
[2016.06.08-08.51.06:877][ 33]LogTemp:Warning: Helios > getter node title
[2016.06.08-08.51.06:877][ 33]LogTemp:Warning: Helios > getter node title
[2016.06.08-08.51.06:886][ 33]LogTemp:Warning: Helios > getter node title
[2016.06.08-08.51.06:886][ 33]LogTemp:Warning: Helios > getter node title
[2016.06.08-08.51.06:994][ 40]LogTemp:Warning: Helios > getter node title
[2016.06.08-08.51.06:994][ 40]LogTemp:Warning: Helios > getter node title
[2016.06.08-08.51.06:994][ 40]LogTemp:Warning: Helios > getter node title
[2016.06.08-08.51.07:003][ 40]LogTemp:Warning: Helios > getter node title
[2016.06.08-08.51.07:003][ 40]LogTemp:Warning: Helios > getter node title
[2016.06.08-08.51.07:010][ 41]LogTemp:Warning: Helios > getter node title
[2016.06.08-08.51.07:010][ 41]LogTemp:Warning: Helios > getter node title
[2016.06.08-08.51.07:010][ 41]LogTemp:Warning: Helios > getter node title
[2016.06.08-08.51.07:019][ 41]LogTemp:Warning: Helios > getter node title
[2016.06.08-08.51.07:019][ 41]LogTemp:Warning: Helios > getter node title
[2016.06.08-08.51.07:360][ 62]LogTemp:Warning: Helios > getter node title
[2016.06.08-08.51.07:360][ 62]LogTemp:Warning: Helios > getter node title
[2016.06.08-08.51.07:360][ 62]LogTemp:Warning: Helios > getter node title
[2016.06.08-08.51.07:369][ 62]LogTemp:Warning: Helios > getter node title
[2016.06.08-08.51.07:369][ 62]LogTemp:Warning: Helios > getter node title
[2016.06.08-08.51.07:378][ 63]LogTemp:Warning: Helios > getter node title
[2016.06.08-08.51.07:378][ 63]LogTemp:Warning: Helios > getter node title
[2016.06.08-08.51.07:378][ 63]LogTemp:Warning: Helios > getter node title
[2016.06.08-08.51.07:387][ 63]LogTemp:Warning: Helios > getter node title
[2016.06.08-08.51.07:387][ 63]LogTemp:Warning: Helios > getter node title
[2016.06.08-08.51.07:395][ 64]LogTemp:Warning: Helios > getter node title
[2016.06.08-08.51.07:395][ 64]LogTemp:Warning: Helios > getter node title
[2016.06.08-08.51.07:395][ 64]LogTemp:Warning: Helios > getter node title
[2016.06.08-08.51.07:406][ 64]LogTemp:Warning: Helios > getter node title
[2016.06.08-08.51.07:406][ 64]LogTemp:Warning: Helios > getter node title
[2016.06.08-08.51.08:248][115]LogTemp:Warning: Helios > getter node title
[2016.06.08-08.51.08:248][115]LogTemp:Warning: Helios > getter node title
[2016.06.08-08.51.08:248][115]LogTemp:Warning: Helios > getter node title
[2016.06.08-08.51.08:257][115]LogTemp:Warning: Helios > getter node title
[2016.06.08-08.51.08:257][115]LogTemp:Warning: Helios > getter node title
[2016.06.08-08.51.08:269][116]LogTemp:Warning: Helios > getter node title
[2016.06.08-08.51.08:269][116]LogTemp:Warning: Helios > getter node title
[2016.06.08-08.51.08:269][116]LogTemp:Warning: Helios > getter node title
[2016.06.08-08.51.08:368][116]LogTemp:Warning: Helios > getter node title
[2016.06.08-08.51.08:368][116]LogTemp:Warning: Helios > getter node title
[2016.06.08-08.51.12:683][301]LogTemp:Warning: Helios > getter node title
[2016.06.08-08.51.12:684][301]LogTemp:Warning: Helios > getter node title
[2016.06.08-08.51.13:435][340]LogTemp:Warning: Helios > getter node title
[2016.06.08-08.51.13:435][340]LogTemp:Warning: Helios > getter node title
[2016.06.08-08.51.13:436][340]LogTemp:Warning: Helios > getter node title
[2016.06.08-08.51.13:439][340]LogTemp:Warning: Helios > getter node title
[2016.06.08-08.51.13:439][340]LogTemp:Warning: Helios > getter node title
[2016.06.08-08.51.13:439][340]LogTemp:Warning: Helios > getter node title
[2016.06.08-08.51.13:464][341]LogTemp:Warning: Helios > getter node title
[2016.06.08-08.51.13:464][341]LogTemp:Warning: Helios > getter node title
[2016.06.08-08.51.13:465][341]LogTemp:Warning: Helios > getter node title
[2016.06.08-08.51.13:514][343]LogTemp:Warning: Helios > getter node title
[2016.06.08-08.51.13:514][343]LogTemp:Warning: Helios > getter node title
[2016.06.08-08.51.13:514][343]LogTemp:Warning: Helios > getter node title
[2016.06.08-08.51.13:541][344]LogTemp:Warning: Helios > getter node title
[2016.06.08-08.51.13:541][344]LogTemp:Warning: Helios > getter node title
[2016.06.08-08.51.13:541][344]LogTemp:Warning: Helios > getter node title
[2016.06.08-08.51.13:726][354]LogTemp:Warning: Helios > getter node title
[2016.06.08-08.51.13:726][354]LogTemp:Warning: Helios > getter node title
[2016.06.08-08.51.13:726][354]LogTemp:Warning: Helios > getter node title
[2016.06.08-08.51.13:745][355]LogTemp:Warning: Helios > getter node title
[2016.06.08-08.51.13:745][355]LogTemp:Warning: Helios > getter node title
[2016.06.08-08.51.13:746][355]LogTemp:Warning: Helios > getter node title
[2016.06.08-08.51.13:764][356]LogTemp:Warning: Helios > getter node title
[2016.06.08-08.51.13:765][356]LogTemp:Warning: Helios > getter node title
[2016.06.08-08.51.13:765][356]LogTemp:Warning: Helios > getter node title
[2016.06.08-08.51.13:793][357]LogTemp:Warning: Helios > getter node title
[2016.06.08-08.51.13:793][357]LogTemp:Warning: Helios > getter node title
[2016.06.08-08.51.13:793][357]LogTemp:Warning: Helios > getter node title
[2016.06.08-08.51.13:821][358]LogTemp:Warning: Helios > getter node title
[2016.06.08-08.51.13:821][358]LogTemp:Warning: Helios > getter node title
[2016.06.08-08.51.13:821][358]LogTemp:Warning: Helios > getter node title
[2016.06.08-08.51.13:848][359]LogTemp:Warning: Helios > getter node title
[2016.06.08-08.51.13:848][359]LogTemp:Warning: Helios > getter node title
[2016.06.08-08.51.13:848][359]LogTemp:Warning: Helios > getter node title
[2016.06.08-08.51.14:560][396]LogTemp:Warning: Helios > getter node title
[2016.06.08-08.51.14:560][396]LogTemp:Warning: Helios > getter node title
[2016.06.08-08.51.14:560][396]LogTemp:Warning: Helios > getter node title
[2016.06.08-08.51.14:566][396]LogTemp:Warning: Helios > getter node title
[2016.06.08-08.51.14:566][396]LogTemp:Warning: Helios > getter node title
[2016.06.08-08.51.14:567][396]LogTemp:Warning: Helios > getter node title
[2016.06.08-08.51.14:577][396]LogTemp:Warning: Helios > getter node title
[2016.06.08-08.51.14:577][396]LogTemp:Warning: Helios > getter node title
[2016.06.08-08.51.14:587][397]LogTemp:Warning: Helios > getter node title
[2016.06.08-08.51.14:587][397]LogTemp:Warning: Helios > getter node title
[2016.06.08-08.51.14:587][397]LogTemp:Warning: Helios > getter node title
[2016.06.08-08.51.14:600][397]LogTemp:Warning: Helios > getter node title
[2016.06.08-08.51.14:600][397]LogTemp:Warning: Helios > getter node title
[2016.06.08-08.51.20:946][695]LogTemp:Warning: Helios > getter node title
[2016.06.08-08.51.20:946][695]LogTemp:Warning: Helios > getter node title
[2016.06.08-08.51.20:946][695]LogTemp:Warning: Helios > getter node title
[2016.06.08-08.51.20:955][695]LogTemp:Warning: Helios > getter node title
[2016.06.08-08.51.20:955][695]LogTemp:Warning: Helios > getter node title
[2016.06.08-08.51.20:955][695]LogTemp:Warning: Helios > getter node title
[2016.06.08-08.51.20:969][695]LogTemp:Warning: Helios > getter node title
[2016.06.08-08.51.20:969][695]LogTemp:Warning: Helios > getter node title
[2016.06.08-08.51.22:579][762]LogTemp:Warning: Helios > getter node title
[2016.06.08-08.51.22:579][762]LogTemp:Warning: Helios > getter node title
[2016.06.08-08.51.22:579][762]LogTemp:Warning: Helios > getter node title
[2016.06.08-08.51.22:588][762]LogTemp:Warning: Helios > getter node title
[2016.06.08-08.51.22:588][762]LogTemp:Warning: Helios > getter node title
[2016.06.08-08.51.22:588][762]LogTemp:Warning: Helios > getter node title
[2016.06.08-08.51.22:601][762]LogTemp:Warning: Helios > getter node title
[2016.06.08-08.51.22:601][762]LogTemp:Warning: Helios > getter node title
[2016.06.08-08.51.22:614][763]LogTemp:Warning: Helios > getter node title
[2016.06.08-08.51.22:614][763]LogTemp:Warning: Helios > getter node title
[2016.06.08-08.51.22:614][763]LogTemp:Warning: Helios > getter node title
[2016.06.08-08.51.22:626][763]LogTemp:Warning: Helios > getter node title
[2016.06.08-08.51.22:626][763]LogTemp:Warning: Helios > getter node title
[2016.06.08-08.51.22:638][764]LogTemp:Warning: Helios > getter node title
[2016.06.08-08.51.22:638][764]LogTemp:Warning: Helios > getter node title
[2016.06.08-08.51.22:638][764]LogTemp:Warning: Helios > getter node title
[2016.06.08-08.51.22:653][764]LogTemp:Warning: Helios > getter node title
[2016.06.08-08.51.22:653][764]LogTemp:Warning: Helios > getter node title
[2016.06.08-08.51.22:662][765]LogTemp:Warning: Helios > getter node title
[2016.06.08-08.51.22:662][765]LogTemp:Warning: Helios > getter node title
[2016.06.08-08.51.22:662][765]LogTemp:Warning: Helios > getter node title
[2016.06.08-08.51.22:679][765]LogTemp:Warning: Helios > getter node title
[2016.06.08-08.51.22:679][765]LogTemp:Warning: Helios > getter node title
[2016.06.08-08.51.22:690][766]LogTemp:Warning: Helios > getter node title
[2016.06.08-08.51.22:690][766]LogTemp:Warning: Helios > getter node title
[2016.06.08-08.51.22:690][766]LogTemp:Warning: Helios > getter node title
[2016.06.08-08.51.22:704][766]LogTemp:Warning: Helios > getter node title
[2016.06.08-08.51.22:705][766]LogTemp:Warning: Helios > getter node title
[2016.06.08-08.51.22:717][767]LogTemp:Warning: Helios > getter node title
[2016.06.08-08.51.22:718][767]LogTemp:Warning: Helios > getter node title
[2016.06.08-08.51.22:718][767]LogTemp:Warning: Helios > getter node title
[2016.06.08-08.51.22:729][767]LogTemp:Warning: Helios > getter node title
[2016.06.08-08.51.22:730][767]LogTemp:Warning: Helios > getter node title
[2016.06.08-08.51.22:742][768]LogTemp:Warning: Helios > getter node title
[2016.06.08-08.51.22:742][768]LogTemp:Warning: Helios > getter node title
[2016.06.08-08.51.22:742][768]LogTemp:Warning: Helios > getter node title
[2016.06.08-08.51.22:757][768]LogTemp:Warning: Helios > getter node title
[2016.06.08-08.51.22:757][768]LogTemp:Warning: Helios > getter node title
[2016.06.08-08.51.22:769][769]LogTemp:Warning: Helios > getter node title
[2016.06.08-08.51.22:769][769]LogTemp:Warning: Helios > getter node title
[2016.06.08-08.51.22:769][769]LogTemp:Warning: Helios > getter node title
[2016.06.08-08.51.22:784][769]LogTemp:Warning: Helios > getter node title
[2016.06.08-08.51.22:784][769]LogTemp:Warning: Helios > getter node title
[2016.06.08-08.51.22:792][770]LogTemp:Warning: Helios > getter node title
[2016.06.08-08.51.22:792][770]LogTemp:Warning: Helios > getter node title
[2016.06.08-08.51.22:792][770]LogTemp:Warning: Helios > getter node title
[2016.06.08-08.51.22:807][770]LogTemp:Warning: Helios > getter node title
[2016.06.08-08.51.22:807][770]LogTemp:Warning: Helios > getter node title
[2016.06.08-08.51.22:820][771]LogTemp:Warning: Helios > getter node title
[2016.06.08-08.51.22:820][771]LogTemp:Warning: Helios > getter node title
[2016.06.08-08.51.22:820][771]LogTemp:Warning: Helios > getter node title
[2016.06.08-08.51.22:831][771]LogTemp:Warning: Helios > getter node title
[2016.06.08-08.51.22:831][771]LogTemp:Warning: Helios > getter node title
[2016.06.08-08.51.22:844][772]LogTemp:Warning: Helios > getter node title
[2016.06.08-08.51.22:844][772]LogTemp:Warning: Helios > getter node title
[2016.06.08-08.51.22:844][772]LogTemp:Warning: Helios > getter node title
[2016.06.08-08.51.22:858][772]LogTemp:Warning: Helios > getter node title
[2016.06.08-08.51.22:858][772]LogTemp:Warning: Helios > getter node title
[2016.06.08-08.51.22:868][773]LogTemp:Warning: Helios > getter node title
[2016.06.08-08.51.22:868][773]LogTemp:Warning: Helios > getter node title
[2016.06.08-08.51.22:868][773]LogTemp:Warning: Helios > getter node title
[2016.06.08-08.51.22:884][773]LogTemp:Warning: Helios > getter node title
[2016.06.08-08.51.22:884][773]LogTemp:Warning: Helios > getter node title
[2016.06.08-08.51.22:895][774]LogTemp:Warning: Helios > getter node title
[2016.06.08-08.51.22:895][774]LogTemp:Warning: Helios > getter node title
[2016.06.08-08.51.22:895][774]LogTemp:Warning: Helios > getter node title
[2016.06.08-08.51.22:910][774]LogTemp:Warning: Helios > getter node title
[2016.06.08-08.51.22:910][774]LogTemp:Warning: Helios > getter node title
[2016.06.08-08.51.22:922][775]LogTemp:Warning: Helios > getter node title
[2016.06.08-08.51.22:922][775]LogTemp:Warning: Helios > getter node title
[2016.06.08-08.51.22:922][775]LogTemp:Warning: Helios > getter node title
[2016.06.08-08.51.22:933][775]LogTemp:Warning: Helios > getter node title
[2016.06.08-08.51.22:933][775]LogTemp:Warning: Helios > getter node title
[2016.06.08-08.51.22:945][776]LogTemp:Warning: Helios > getter node title
[2016.06.08-08.51.22:945][776]LogTemp:Warning: Helios > getter node title
[2016.06.08-08.51.22:945][776]LogTemp:Warning: Helios > getter node title
[2016.06.08-08.51.22:959][776]LogTemp:Warning: Helios > getter node title
[2016.06.08-08.51.22:959][776]LogTemp:Warning: Helios > getter node title
[2016.06.08-08.51.22:986][778]LogTemp:Warning: Helios > getter node title
[2016.06.08-08.51.22:986][778]LogTemp:Warning: Helios > getter node title
[2016.06.08-08.51.22:986][778]LogTemp:Warning: Helios > getter node title
[2016.06.08-08.51.22:998][778]LogTemp:Warning: Helios > getter node title
[2016.06.08-08.51.22:998][778]LogTemp:Warning: Helios > getter node title
[2016.06.08-08.51.23:010][779]LogTemp:Warning: Helios > getter node title
[2016.06.08-08.51.23:010][779]LogTemp:Warning: Helios > getter node title
[2016.06.08-08.51.23:010][779]LogTemp:Warning: Helios > getter node title
[2016.06.08-08.51.23:024][779]LogTemp:Warning: Helios > getter node title
[2016.06.08-08.51.23:024][779]LogTemp:Warning: Helios > getter node title
[2016.06.08-08.51.23:032][780]LogTemp:Warning: Helios > getter node title
[2016.06.08-08.51.23:032][780]LogTemp:Warning: Helios > getter node title
[2016.06.08-08.51.23:032][780]LogTemp:Warning: Helios > getter node title
[2016.06.08-08.51.23:048][780]LogTemp:Warning: Helios > getter node title
[2016.06.08-08.51.23:048][780]LogTemp:Warning: Helios > getter node title
[2016.06.08-08.51.23:059][781]LogTemp:Warning: Helios > getter node title
[2016.06.08-08.51.23:059][781]LogTemp:Warning: Helios > getter node title
[2016.06.08-08.51.23:059][781]LogTemp:Warning: Helios > getter node title
[2016.06.08-08.51.23:071][781]LogTemp:Warning: Helios > getter node title
[2016.06.08-08.51.23:071][781]LogTemp:Warning: Helios > getter node title
[2016.06.08-08.51.23:083][782]LogTemp:Warning: Helios > getter node title
[2016.06.08-08.51.23:083][782]LogTemp:Warning: Helios > getter node title
[2016.06.08-08.51.23:083][782]LogTemp:Warning: Helios > getter node title
[2016.06.08-08.51.23:095][782]LogTemp:Warning: Helios > getter node title
[2016.06.08-08.51.23:096][782]LogTemp:Warning: Helios > getter node title
[2016.06.08-08.51.23:124][784]LogTemp:Warning: Helios > getter node title
[2016.06.08-08.51.23:124][784]LogTemp:Warning: Helios > getter node title
[2016.06.08-08.51.23:124][784]LogTemp:Warning: Helios > getter node title
[2016.06.08-08.51.23:135][784]LogTemp:Warning: Helios > getter node title
[2016.06.08-08.51.23:135][784]LogTemp:Warning: Helios > getter node title
[2016.06.08-08.51.23:774][817]LogTemp:Warning: Helios > getter node title
[2016.06.08-08.51.23:774][817]LogTemp:Warning: Helios > getter node title
[2016.06.08-08.51.23:774][817]LogTemp:Warning: Helios > getter node title
[2016.06.08-08.51.23:935][823]LogTemp:Warning: Helios > getter node title
[2016.06.08-08.51.23:935][823]LogTemp:Warning: Helios > getter node title
[2016.06.08-08.51.23:935][823]LogTemp:Warning: Helios > getter node title
[2016.06.08-08.51.23:943][823]LogTemp:Warning: Helios > getter node title
[2016.06.08-08.51.23:943][823]LogTemp:Warning: Helios > getter node title
[2016.06.08-08.51.23:944][823]LogTemp:Warning: Helios > getter node title
[2016.06.08-08.51.23:959][823]LogTemp:Warning: Helios > getter node title
[2016.06.08-08.51.23:959][823]LogTemp:Warning: Helios > getter node title
[2016.06.08-08.51.23:971][824]LogTemp:Warning: Helios > getter node title
[2016.06.08-08.51.23:971][824]LogTemp:Warning: Helios > getter node title
[2016.06.08-08.51.23:971][824]LogTemp:Warning: Helios > getter node title
[2016.06.08-08.51.23:983][824]LogTemp:Warning: Helios > getter node title
[2016.06.08-08.51.23:983][824]LogTemp:Warning: Helios > getter node title
[2016.06.08-08.51.24:324][843]LogTemp:Warning: Helios > getter node title
[2016.06.08-08.51.24:324][843]LogTemp:Warning: Helios > getter node title
[2016.06.08-08.51.24:324][843]LogTemp:Warning: Helios > getter node title
[2016.06.08-08.51.24:331][843]LogTemp:Warning: Helios > getter node title
[2016.06.08-08.51.24:331][843]LogTemp:Warning: Helios > getter node title
[2016.06.08-08.51.24:331][843]LogTemp:Warning: Helios > getter node title
[2016.06.08-08.51.24:340][843]LogTemp:Warning: Helios > getter node title
[2016.06.08-08.51.24:340][843]LogTemp:Warning: Helios > getter node title
[2016.06.08-08.51.24:348][844]LogTemp:Warning: Helios > getter node title
[2016.06.08-08.51.24:348][844]LogTemp:Warning: Helios > getter node title
[2016.06.08-08.51.24:348][844]LogTemp:Warning: Helios > getter node title
[2016.06.08-08.51.24:358][844]LogTemp:Warning: Helios > getter node title
[2016.06.08-08.51.24:358][844]LogTemp:Warning: Helios > getter node title
[2016.06.08-08.51.24:367][845]LogTemp:Warning: Helios > getter node title
[2016.06.08-08.51.24:368][845]LogTemp:Warning: Helios > getter node title
[2016.06.08-08.51.24:368][845]LogTemp:Warning: Helios > getter node title
[2016.06.08-08.51.24:382][845]LogTemp:Warning: Helios > getter node title
[2016.06.08-08.51.24:382][845]LogTemp:Warning: Helios > getter node title
[2016.06.08-08.51.24:491][852]LogTemp:Warning: Helios > getter node title
[2016.06.08-08.51.24:491][852]LogTemp:Warning: Helios > getter node title
[2016.06.08-08.51.24:491][852]LogTemp:Warning: Helios > getter node title
[2016.06.08-08.51.24:501][852]LogTemp:Warning: Helios > getter node title
[2016.06.08-08.51.24:501][852]LogTemp:Warning: Helios > getter node title
[2016.06.08-08.51.24:510][853]LogTemp:Warning: Helios > getter node title
[2016.06.08-08.51.24:510][853]LogTemp:Warning: Helios > getter node title
[2016.06.08-08.51.24:510][853]LogTemp:Warning: Helios > getter node title
[2016.06.08-08.51.24:520][853]LogTemp:Warning: Helios > getter node title
[2016.06.08-08.51.24:520][853]LogTemp:Warning: Helios > getter node title
[2016.06.08-08.51.24:529][854]LogTemp:Warning: Helios > getter node title
[2016.06.08-08.51.24:529][854]LogTemp:Warning: Helios > getter node title
[2016.06.08-08.51.24:529][854]LogTemp:Warning: Helios > getter node title
[2016.06.08-08.51.24:543][854]LogTemp:Warning: Helios > getter node title
[2016.06.08-08.51.24:543][854]LogTemp:Warning: Helios > getter node title
[2016.06.08-08.51.24:554][855]LogTemp:Warning: Helios > getter node title
[2016.06.08-08.51.24:554][855]LogTemp:Warning: Helios > getter node title
[2016.06.08-08.51.24:554][855]LogTemp:Warning: Helios > getter node title
[2016.06.08-08.51.24:566][855]LogTemp:Warning: Helios > getter node title
[2016.06.08-08.51.24:566][855]LogTemp:Warning: Helios > getter node title
[2016.06.08-08.51.26:246][932]LogTemp:Warning: Helios > getter node title
[2016.06.08-08.51.26:247][932]LogTemp:Warning: Helios > getter node title
[2016.06.08-08.51.26:247][932]LogTemp:Warning: Helios > getter node title
[2016.06.08-08.51.27:113][982]LogEditorTransaction: Undo Create Pin Link
[2016.06.08-08.51.27:165][982]LogActorComponent: UnregisterComponent: (/Engine/Transient.SteamVRChaperone_GEN_VARIABLE) Not registered. Aborting.
[2016.06.08-08.51.27:165][982]LogActorComponent: UnregisterComponent: (/Engine/Transient.FloatingPawnMovement_GEN_VARIABLE) Not registered. Aborting.
[2016.06.08-08.51.27:571][982]LogTemp:Warning: Helios > setter node title
[2016.06.08-08.51.27:571][982]LogTemp:Warning: Helios > setter node title
[2016.06.08-08.51.27:572][982]LogTemp:Warning: Helios > setter node title
[2016.06.08-08.51.27:572][982]LogTemp:Warning: Helios > setter node title
[2016.06.08-08.51.27:573][982]LogTemp:Warning: Helios > setter node title
[2016.06.08-08.51.27:573][982]LogTemp:Warning: Helios > setter node title
[2016.06.08-08.51.27:574][982]LogTemp:Warning: Helios > setter node title
[2016.06.08-08.51.27:574][982]LogTemp:Warning: Helios > setter node title
[2016.06.08-08.51.27:575][982]LogTemp:Warning: Helios > getter node title
[2016.06.08-08.51.27:575][982]LogTemp:Warning: Helios > getter node title
[2016.06.08-08.51.27:756][988]LogTemp:Warning: Helios > getter node title
[2016.06.08-08.51.27:756][988]LogTemp:Warning: Helios > getter node title
[2016.06.08-08.51.27:756][988]LogTemp:Warning: Helios > getter node title
[2016.06.08-08.51.27:765][988]LogTemp:Warning: Helios > getter node title
[2016.06.08-08.51.27:765][988]LogTemp:Warning: Helios > getter node title
[2016.06.08-08.51.27:765][988]LogTemp:Warning: Helios > getter node title
[2016.06.08-08.51.27:778][988]LogTemp:Warning: Helios > getter node title
[2016.06.08-08.51.27:778][988]LogTemp:Warning: Helios > getter node title
[2016.06.08-08.51.28:005][998]LogTemp:Warning: Helios > getter node title
[2016.06.08-08.51.28:005][998]LogTemp:Warning: Helios > getter node title
[2016.06.08-08.51.28:005][998]LogTemp:Warning: Helios > getter node title
[2016.06.08-08.51.28:013][998]LogTemp:Warning: Helios > getter node title
[2016.06.08-08.51.28:013][998]LogTemp:Warning: Helios > getter node title
[2016.06.08-08.51.28:013][998]LogTemp:Warning: Helios > getter node title
[2016.06.08-08.51.28:028][998]LogTemp:Warning: Helios > getter node title
[2016.06.08-08.51.28:028][998]LogTemp:Warning: Helios > getter node title
[2016.06.08-08.51.29:791][ 62]LogTemp:Warning: Helios > getter node title
[2016.06.08-08.51.29:791][ 62]LogTemp:Warning: Helios > getter node title
[2016.06.08-08.51.29:791][ 62]LogTemp:Warning: Helios > getter node title
[2016.06.08-08.51.29:797][ 62]LogTemp:Warning: Helios > getter node title
[2016.06.08-08.51.29:797][ 62]LogTemp:Warning: Helios > getter node title
[2016.06.08-08.51.29:797][ 62]LogTemp:Warning: Helios > getter node title
[2016.06.08-08.51.29:812][ 62]LogTemp:Warning: Helios > getter node title
[2016.06.08-08.51.29:812][ 62]LogTemp:Warning: Helios > getter node title
[2016.06.08-08.51.29:823][ 63]LogTemp:Warning: Helios > getter node title
[2016.06.08-08.51.29:824][ 63]LogTemp:Warning: Helios > getter node title
[2016.06.08-08.51.29:824][ 63]LogTemp:Warning: Helios > getter node title
[2016.06.08-08.51.29:835][ 63]LogTemp:Warning: Helios > getter node title
[2016.06.08-08.51.29:835][ 63]LogTemp:Warning: Helios > getter node title
[2016.06.08-08.51.29:847][ 64]LogTemp:Warning: Helios > getter node title
[2016.06.08-08.51.29:848][ 64]LogTemp:Warning: Helios > getter node title
[2016.06.08-08.51.29:848][ 64]LogTemp:Warning: Helios > getter node title
[2016.06.08-08.51.29:861][ 64]LogTemp:Warning: Helios > getter node title
[2016.06.08-08.51.29:861][ 64]LogTemp:Warning: Helios > getter node title
[2016.06.08-08.51.29:870][ 65]LogTemp:Warning: Helios > getter node title
[2016.06.08-08.51.29:870][ 65]LogTemp:Warning: Helios > getter node title
[2016.06.08-08.51.29:870][ 65]LogTemp:Warning: Helios > getter node title
[2016.06.08-08.51.29:886][ 65]LogTemp:Warning: Helios > getter node title
[2016.06.08-08.51.29:886][ 65]LogTemp:Warning: Helios > getter node title
[2016.06.08-08.51.29:896][ 66]LogTemp:Warning: Helios > getter node title
[2016.06.08-08.51.29:896][ 66]LogTemp:Warning: Helios > getter node title
[2016.06.08-08.51.29:896][ 66]LogTemp:Warning: Helios > getter node title
[2016.06.08-08.51.29:910][ 66]LogTemp:Warning: Helios > getter node title
[2016.06.08-08.51.29:910][ 66]LogTemp:Warning: Helios > getter node title
[2016.06.08-08.51.29:921][ 67]LogTemp:Warning: Helios > getter node title
[2016.06.08-08.51.29:922][ 67]LogTemp:Warning: Helios > getter node title
[2016.06.08-08.51.29:922][ 67]LogTemp:Warning: Helios > getter node title
[2016.06.08-08.51.29:933][ 67]LogTemp:Warning: Helios > getter node title
[2016.06.08-08.51.29:933][ 67]LogTemp:Warning: Helios > getter node title
[2016.06.08-08.51.32:350][176]LogTemp:Warning: Helios > getter node title
[2016.06.08-08.51.32:351][176]LogTemp:Warning: Helios > getter node title
[2016.06.08-08.51.32:351][176]LogTemp:Warning: Helios > getter node title
[2016.06.08-08.51.32:359][176]LogTemp:Warning: Helios > getter node title
[2016.06.08-08.51.32:359][176]LogTemp:Warning: Helios > getter node title
[2016.06.08-08.51.32:359][176]LogTemp:Warning: Helios > getter node title
[2016.06.08-08.51.32:372][176]LogTemp:Warning: Helios > getter node title
[2016.06.08-08.51.32:373][176]LogTemp:Warning: Helios > getter node title
[2016.06.08-08.51.32:383][177]LogTemp:Warning: Helios > getter node title
[2016.06.08-08.51.32:383][177]LogTemp:Warning: Helios > getter node title
[2016.06.08-08.51.32:383][177]LogTemp:Warning: Helios > getter node title
[2016.06.08-08.51.32:395][177]LogTemp:Warning: Helios > getter node title
[2016.06.08-08.51.32:395][177]LogTemp:Warning: Helios > getter node title
[2016.06.08-08.51.32:408][178]LogTemp:Warning: Helios > getter node title
[2016.06.08-08.51.32:408][178]LogTemp:Warning: Helios > getter node title
[2016.06.08-08.51.32:408][178]LogTemp:Warning: Helios > getter node title
[2016.06.08-08.51.32:423][178]LogTemp:Warning: Helios > getter node title
[2016.06.08-08.51.32:423][178]LogTemp:Warning: Helios > getter node title
[2016.06.08-08.51.32:434][179]LogTemp:Warning: Helios > getter node title
[2016.06.08-08.51.32:434][179]LogTemp:Warning: Helios > getter node title
[2016.06.08-08.51.32:434][179]LogTemp:Warning: Helios > getter node title
[2016.06.08-08.51.32:450][179]LogTemp:Warning: Helios > getter node title
[2016.06.08-08.51.32:450][179]LogTemp:Warning: Helios > getter node title
[2016.06.08-08.51.32:459][180]LogTemp:Warning: Helios > getter node title
[2016.06.08-08.51.32:459][180]LogTemp:Warning: Helios > getter node title
[2016.06.08-08.51.32:459][180]LogTemp:Warning: Helios > getter node title
[2016.06.08-08.51.32:474][180]LogTemp:Warning: Helios > getter node title
[2016.06.08-08.51.32:474][180]LogTemp:Warning: Helios > getter node title
[2016.06.08-08.51.32:485][181]LogTemp:Warning: Helios > getter node title
[2016.06.08-08.51.32:486][181]LogTemp:Warning: Helios > getter node title
[2016.06.08-08.51.32:486][181]LogTemp:Warning: Helios > getter node title
[2016.06.08-08.51.32:497][181]LogTemp:Warning: Helios > getter node title
[2016.06.08-08.51.32:497][181]LogTemp:Warning: Helios > getter node title
[2016.06.08-08.51.34:370][266]LogActorComponent: UnregisterComponent: (/Engine/Transient.SteamVRChaperoneComponent_0) Not registered. Aborting.
[2016.06.08-08.51.34:370][266]LogActorComponent: UnregisterComponent: (/Engine/Transient.FloatingPawnMovement_0) Not registered. Aborting.
[2016.06.08-08.51.34:520][266]Cmd: OBJ SAVEPACKAGE PACKAGE="/Game/Vive/Vive_Pawn" FILE="D:/HeliosFinal/Content/Vive/Vive_Pawn.uasset" SILENT=true
[2016.06.08-08.51.34:602][266]LogTemp:Warning: Helios > setter node title
[2016.06.08-08.51.34:602][266]LogTemp:Warning: Helios > setter node title
[2016.06.08-08.51.34:602][266]LogTemp:Warning: Helios > setter node title
[2016.06.08-08.51.34:602][266]LogTemp:Warning: Helios > setter node title
[2016.06.08-08.51.34:602][266]LogTemp:Warning: Helios > getter node title
[2016.06.08-08.51.34:729][266]LogTemp:Warning: Helios > setter node title
[2016.06.08-08.51.34:729][266]LogTemp:Warning: Helios > setter node title
[2016.06.08-08.51.34:729][266]LogTemp:Warning: Helios > setter node title
[2016.06.08-08.51.34:729][266]LogTemp:Warning: Helios > setter node title
[2016.06.08-08.51.34:730][266]LogTemp:Warning: Helios > getter node title
[2016.06.08-08.51.34:778][266]LogActorComponent: UnregisterComponent: (/Engine/Transient.SteamVRChaperone_GEN_VARIABLE) Not registered. Aborting.
[2016.06.08-08.51.34:778][266]LogActorComponent: UnregisterComponent: (/Engine/Transient.FloatingPawnMovement_GEN_VARIABLE) Not registered. Aborting.
[2016.06.08-08.51.34:921][266]LogTemp:Warning: Helios > setter node title
[2016.06.08-08.51.34:921][266]LogTemp:Warning: Helios > setter node title
[2016.06.08-08.51.34:922][266]LogTemp:Warning: Helios > setter node title
[2016.06.08-08.51.34:922][266]LogTemp:Warning: Helios > setter node title
[2016.06.08-08.51.34:922][266]LogTemp:Warning: Helios > getter node title
[2016.06.08-08.51.35:188][266]LogTemp:Warning: Helios > setter node title
[2016.06.08-08.51.35:188][266]LogTemp:Warning: Helios > setter node title
[2016.06.08-08.51.35:188][266]LogTemp:Warning: Helios > setter node title
[2016.06.08-08.51.35:189][266]LogTemp:Warning: Helios > setter node title
[2016.06.08-08.51.35:189][266]LogTemp:Warning: Helios > getter node title
[2016.06.08-08.51.35:365][266]LogTemp:Warning: Helios > setter node title
[2016.06.08-08.51.35:365][266]LogTemp:Warning: Helios > setter node title
[2016.06.08-08.51.35:365][266]LogTemp:Warning: Helios > setter node title
[2016.06.08-08.51.35:365][266]LogTemp:Warning: Helios > setter node title
[2016.06.08-08.51.35:366][266]LogTemp:Warning: Helios > getter node title
[2016.06.08-08.51.35:452][266]LogSavePackage: Save=925.38ms
[2016.06.08-08.51.35:452][266]LogSavePackage: Moving 'D:/HeliosFinal/Saved/Vive_PawnF358C8FF4EBCD3FBA4580B837AB3DFB1.tmp' to 'D:/HeliosFinal/Content/Vive/Vive_Pawn.uasset'
[2016.06.08-08.51.35:454][266]LogSavePackage: Total save time: 933.96ms
[2016.06.08-08.51.35:455][266]LogSavePackage:Display: Finished SavePackage D:/HeliosFinal/Content/Vive/Vive_Pawn.uasset
[2016.06.08-08.51.44:006][748]BlueprintLog: New page: Pre-Play auto-recompile
[2016.06.08-08.51.44:059][748]LogPlayLevel: [PlayLevel] Compiling Vive_Pawn before play...
[2016.06.08-08.51.44:130][748]LogTemp:Warning: Helios > setter node title
[2016.06.08-08.51.44:130][748]LogTemp:Warning: Helios > setter node title
[2016.06.08-08.51.44:130][748]LogTemp:Warning: Helios > setter node title
[2016.06.08-08.51.44:130][748]LogTemp:Warning: Helios > setter node title
[2016.06.08-08.51.44:131][748]LogTemp:Warning: Helios > getter node title
[2016.06.08-08.51.44:437][748]LogPlayLevel: PlayLevel: Blueprint regeneration took 430 ms (1 blueprints)
[2016.06.08-08.51.44:463][748]PIE: New page: PIE session: Plains (Jun 7, 2016, 5:51:44 PM)
[2016.06.08-08.51.44:463][748]LogPlayLevel: Creating play world package: /Game/UEDPIE_0_Plains
[2016.06.08-08.51.44:482][748]LogPlayLevel: PIE: StaticDuplicateObject took: (0.018996s)
[2016.06.08-08.51.44:483][748]LogAIModule: Creating AISystem for world Plains
[2016.06.08-08.51.44:483][748]LogPlayLevel: PIE: World Init took: (0.000795s)
[2016.06.08-08.51.44:483][748]LogPlayLevel: PIE: Created PIE world by copying editor world from /Game/Plains.Plains to /Game/UEDPIE_0_Plains.Plains (0.019995s)
[2016.06.08-08.51.44:504][748]LogInit: XAudio2 using 'Speakers (4- USB Audio Device)' : 2 channels at 44.1 kHz using 16 bits per sample (channel mask 0x3)
[2016.06.08-08.51.44:510][748]LogInit: FAudioDevice initialized.
[2016.06.08-08.51.44:589][748]LogWorld: Game class is 'SteamVR_GM_C'
[2016.06.08-08.51.44:601][748]LogWorld: Bringing World /Game/UEDPIE_0_Plains.Plains up for play (max tick rate 60) at 2016.06.08-01.51.44
[2016.06.08-08.51.44:602][748]LogWorld: Bringing up level for play took: 0.007142
[2016.06.08-08.51.44:608][748]LogContentBrowser: Native class hierarchy updated for 'MovieSceneCapture' in 0.0009 seconds. Added 9 classes and 0 folders.
[2016.06.08-08.51.44:610][748]PIE: Info Play in editor start time for /Game/UEDPIE_0_Plains -0.313
[2016.06.08-08.51.44:964][748]LogRenderer: Reallocating scene render targets to support 2880x1756 (Frame:459).
[2016.06.08-08.51.44:964][748]LogTemp:Warning: Helios > setter node title
[2016.06.08-08.51.44:965][748]LogTemp:Warning: Helios > setter node title
[2016.06.08-08.51.44:965][748]LogTemp:Warning: Helios > setter node title
[2016.06.08-08.51.44:965][748]LogTemp:Warning: Helios > setter node title
[2016.06.08-08.51.44:966][748]LogTemp:Warning: Helios > setter node title
[2016.06.08-08.51.44:966][748]LogTemp:Warning: Helios > setter node title
[2016.06.08-08.51.44:966][748]LogTemp:Warning: Helios > setter node title
[2016.06.08-08.51.44:966][748]LogTemp:Warning: Helios > setter node title
[2016.06.08-08.51.44:968][748]LogTemp:Warning: Helios > getter node title
[2016.06.08-08.51.44:968][748]LogTemp:Warning: Helios > getter node title
[2016.06.08-08.51.45:011][750]LogRenderTargetPool:Warning: r.RenderTargetPoolMin exceeded 417/400 MB (ok in editor, bad on fixed memory platform)
[2016.06.08-08.51.45:352][753]LogCrashTracker: 


[2016.06.08-08.51.45:741][753]LogWindowsTextInputMethodSystem:Display: IME system now deactivated.
[2016.06.08-08.51.45:798][753]LogActorComponent: UnregisterComponent: (/Engine/Transient.SteamVRChaperone_GEN_VARIABLE) Not registered. Aborting.
[2016.06.08-08.51.45:798][753]LogActorComponent: UnregisterComponent: (/Engine/Transient.FloatingPawnMovement_GEN_VARIABLE) Not registered. Aborting.
[2016.06.08-08.51.46:007][753]LogExit: Preparing to exit.
[2016.06.08-08.51.46:844][753]LogExit: Editor shut down
[2016.06.08-08.51.46:844][753]LogExit: Transaction tracking system shut down
[2016.06.08-08.51.46:986][753]LogObj: Freed 0b from 0 cluster array pools.
[2016.06.08-08.51.46:986][753]LogExit: Object subsystem successfully closed.
[2016.06.08-08.51.47:006][753]LogD3D11RHI: Shutdown
[2016.06.08-08.51.47:006][753]LogD3D11RHI: CleanupD3DDevice
[2016.06.08-08.51.47:083][753]LogD3D11RHI: ~FD3D11DynamicRHI
[2016.06.08-08.51.47:491][753]LogDerivedDataCache: Shutdown
[2016.06.08-08.51.47:491][753]LogModuleManager: Shutting down and abandoning module MovieSceneCapture (209)
[2016.06.08-08.51.47:491][753]LogModuleManager: Shutting down and abandoning module BlueprintGraph (208)
[2016.06.08-08.51.47:491][753]LogModuleManager: Shutting down and abandoning module HierarchicalLODOutliner (207)
[2016.06.08-08.51.47:491][753]LogModuleManager: Shutting down and abandoning module CrashTracker (206)
[2016.06.08-08.51.47:491][753]LogModuleManager: Shutting down and abandoning module SceneOutliner (205)
[2016.06.08-08.51.47:491][753]LogModuleManager: Shutting down and abandoning module SuperSearch (204)
[2016.06.08-08.51.47:491][753]LogModuleManager: Shutting down and abandoning module WidgetCarousel (203)
[2016.06.08-08.51.47:491][753]LogModuleManager: Shutting down and abandoning module AddContentDialog (202)
[2016.06.08-08.51.47:492][753]LogModuleManager: Shutting down and abandoning module GameplayTags (201)
[2016.06.08-08.51.47:492][753]LogModuleManager: Shutting down and abandoning module EditorWidgets (200)
[2016.06.08-08.51.47:492][753]LogModuleManager: Shutting down and abandoning module CollectionManager (199)
[2016.06.08-08.51.47:492][753]LogModuleManager: Shutting down and abandoning module StatsViewer (198)
[2016.06.08-08.51.47:492][753]LogModuleManager: Shutting down and abandoning module FoliageEdit (197)
[2016.06.08-08.51.47:492][753]LogModuleManager: Shutting down and abandoning module LandscapeEditor (196)
[2016.06.08-08.51.47:492][753]LogModuleManager: Shutting down and abandoning module ActorPickerMode (195)
[2016.06.08-08.51.47:492][753]LogModuleManager: Shutting down and abandoning module GeometryMode (194)
[2016.06.08-08.51.47:492][753]LogModuleManager: Shutting down and abandoning module TextureAlignMode (193)
[2016.06.08-08.51.47:492][753]LogModuleManager: Shutting down and abandoning module BspMode (192)
[2016.06.08-08.51.47:492][753]LogModuleManager: Shutting down and abandoning module PlacementMode (191)
[2016.06.08-08.51.47:492][753]LogModuleManager: Shutting down and abandoning module AutomationWorker (190)
[2016.06.08-08.51.47:492][753]LogModuleManager: Shutting down and abandoning module CharacterAI (189)
[2016.06.08-08.51.47:492][753]LogModuleManager: Shutting down and abandoning module SmartSnapping (188)
[2016.06.08-08.51.47:492][753]LogModuleManager: Shutting down and abandoning module ViewportSnapping (187)
[2016.06.08-08.51.47:492][753]LogModuleManager: Shutting down and abandoning module LogVisualizer (186)
[2016.06.08-08.51.47:492][753]LogModuleManager: Shutting down and abandoning module GameProjectGeneration (185)
[2016.06.08-08.51.47:492][753]LogModuleManager: Shutting down and abandoning module IntroTutorials (184)
[2016.06.08-08.51.47:492][753]LogModuleManager: Shutting down and abandoning module EditorLiveStreaming (183)
[2016.06.08-08.51.47:493][753]LogModuleManager: Shutting down and abandoning module IOSPlatformEditor (182)
[2016.06.08-08.51.47:493][753]LogModuleManager: Shutting down and abandoning module HTML5PlatformEditor (181)
[2016.06.08-08.51.47:493][753]LogModuleManager: Shutting down and abandoning module AndroidDeviceDetection (180)
[2016.06.08-08.51.48:139][753]LogModuleManager: Shutting down and abandoning module AndroidPlatformEditor (179)
[2016.06.08-08.51.48:139][753]LogModuleManager: Shutting down and abandoning module IOSRuntimeSettings (178)
[2016.06.08-08.51.48:139][753]LogModuleManager: Shutting down and abandoning module AndroidRuntimeSettings (177)
[2016.06.08-08.51.48:139][753]LogModuleManager: Shutting down and abandoning module MergeActors (176)
[2016.06.08-08.51.48:139][753]LogModuleManager: Shutting down and abandoning module SizeMap (175)
[2016.06.08-08.51.48:139][753]LogModuleManager: Shutting down and abandoning module TreeMap (174)
[2016.06.08-08.51.48:139][753]LogModuleManager: Shutting down and abandoning module ReferenceViewer (173)
[2016.06.08-08.51.48:139][753]LogModuleManager: Shutting down and abandoning module LocalizationService (172)
[2016.06.08-08.51.48:139][753]LogModuleManager: Shutting down and abandoning module LocalizationDashboard (171)
[2016.06.08-08.51.48:139][753]LogModuleManager: Shutting down and abandoning module HardwareTargeting (170)
[2016.06.08-08.51.48:139][753]LogModuleManager: Shutting down and abandoning module DeviceProfileEditor (169)
[2016.06.08-08.51.48:139][753]LogModuleManager: Shutting down and abandoning module UndoHistory (168)
[2016.06.08-08.51.48:139][753]LogModuleManager: Shutting down and abandoning module UserFeedback (167)
[2016.06.08-08.51.48:139][753]LogModuleManager: Shutting down and abandoning module XmlParser (166)
[2016.06.08-08.51.48:139][753]LogModuleManager: Shutting down and abandoning module Blutility (165)
[2016.06.08-08.51.48:139][753]LogModuleManager: Shutting down and abandoning module ProjectTargetPlatformEditor (164)
[2016.06.08-08.51.48:139][753]LogModuleManager: Shutting down and abandoning module ProjectSettingsViewer (163)
[2016.06.08-08.51.48:139][753]LogModuleManager: Shutting down and abandoning module InputBindingEditor (162)
[2016.06.08-08.51.48:139][753]LogModuleManager: Shutting down and abandoning module EditorSettingsViewer (161)
[2016.06.08-08.51.48:139][753]LogModuleManager: Shutting down and abandoning module SettingsEditor (160)
[2016.06.08-08.51.48:139][753]LogModuleManager: Shutting down and abandoning module ProjectLauncher (159)
[2016.06.08-08.51.48:139][753]LogModuleManager: Shutting down and abandoning module SessionFrontend (158)
[2016.06.08-08.51.48:139][753]LogModuleManager: Shutting down and abandoning module ProfilerClient (157)
[2016.06.08-08.51.48:140][753]LogModuleManager: Shutting down and abandoning module TargetDeviceServices (156)
[2016.06.08-08.51.48:140][753]LogModuleManager: Shutting down and abandoning module DeviceManager (155)
[2016.06.08-08.51.48:173][753]LogModuleManager: Shutting down and abandoning module AutomationController (154)
[2016.06.08-08.51.48:173][753]LogModuleManager: Shutting down and abandoning module AutomationWindow (153)
[2016.06.08-08.51.48:173][753]LogModuleManager: Shutting down and abandoning module Layers (152)
[2016.06.08-08.51.48:173][753]LogModuleManager: Shutting down and abandoning module ComponentVisualizers (151)
[2016.06.08-08.51.48:173][753]LogModuleManager: Shutting down and abandoning module DetailCustomizations (150)
[2016.06.08-08.51.48:173][753]LogModuleManager: Shutting down and abandoning module PackagesDialog (149)
[2016.06.08-08.51.48:173][753]LogModuleManager: Shutting down and abandoning module Persona (148)
[2016.06.08-08.51.48:173][753]LogModuleManager: Shutting down and abandoning module Kismet (147)
[2016.06.08-08.51.48:173][753]LogModuleManager: Shutting down and abandoning module GraphEditor (146)
[2016.06.08-08.51.48:173][753]LogModuleManager: Shutting down and abandoning module ClassViewer (145)
[2016.06.08-08.51.48:173][753]LogModuleManager: Shutting down and abandoning module Toolbox (144)
[2016.06.08-08.51.48:173][753]LogModuleManager: Shutting down and abandoning module ModuleUI (143)
[2016.06.08-08.51.48:173][753]LogModuleManager: Shutting down and abandoning module MovieSceneTools (142)
[2016.06.08-08.51.48:173][753]LogModuleManager: Shutting down and abandoning module OutputLog (141)
[2016.06.08-08.51.48:173][753]LogModuleManager: Shutting down and abandoning module GammaUI (140)
[2016.06.08-08.51.48:173][753]LogModuleManager: Shutting down and abandoning module Documentation (139)
[2016.06.08-08.51.48:173][753]LogModuleManager: Shutting down and abandoning module StreamingPauseRendering (138)
[2016.06.08-08.51.48:173][753]LogModuleManager: Shutting down and abandoning module AnalyticsET (137)
[2016.06.08-08.51.48:173][753]LogModuleManager: Shutting down and abandoning module Analytics (136)
[2016.06.08-08.51.48:173][753]LogModuleManager: Shutting down and abandoning module PortalServices (135)
[2016.06.08-08.51.48:173][753]LogModuleManager: Shutting down and abandoning module PortalRpc (134)
[2016.06.08-08.51.48:173][753]LogModuleManager: Shutting down and abandoning module MessagingRpc (133)
[2016.06.08-08.51.48:173][753]LogModuleManager: Shutting down and abandoning module AITestSuite (132)
[2016.06.08-08.51.48:173][753]LogModuleManager: Shutting down and abandoning module GameplayDebugger (131)
[2016.06.08-08.51.48:173][753]LogModuleManager: Shutting down and abandoning module AIModule (130)
[2016.06.08-08.51.48:173][753]LogModuleManager: Shutting down and abandoning module ProfilerService (129)
[2016.06.08-08.51.48:291][753]LogModuleManager: Shutting down and abandoning module TaskGraph (128)
[2016.06.08-08.51.48:291][753]LogModuleManager: Shutting down and abandoning module VRGripMotionControllerPlugin (127)
[2016.06.08-08.51.48:291][753]LogModuleManager: Shutting down and abandoning module SimpleDataIntegration (126)
[2016.06.08-08.51.48:291][753]LogModuleManager: Shutting down and abandoning module SlateRemote (125)
[2016.06.08-08.51.48:291][753]LogModuleManager: Shutting down and abandoning module SteamVRController (124)
[2016.06.08-08.51.48:291][753]LogModuleManager: Shutting down and abandoning module SteamVR (123)
[2016.06.08-08.51.48:291][753]LogModuleManager: Shutting down and abandoning module ProceduralMeshComponent (122)
[2016.06.08-08.51.48:291][753]LogModuleManager: Shutting down and abandoning module OculusLibrary (121)
[2016.06.08-08.51.48:291][753]LogModuleManager: Shutting down and abandoning module OculusInput (120)
[2016.06.08-08.51.48:291][753]LogModuleManager: Shutting down and abandoning module CustomMeshComponent (119)
[2016.06.08-08.51.48:291][753]LogModuleManager: Shutting down and abandoning module CableComponent (118)
[2016.06.08-08.51.48:291][753]LogModuleManager: Shutting down and abandoning module ArchVisCharacter (117)
[2016.06.08-08.51.48:291][753]LogModuleManager: Shutting down and abandoning module MediaPlayerEditor (116)
[2016.06.08-08.51.48:291][753]LogModuleManager: Shutting down and abandoning module HTML5Networking (115)
[2016.06.08-08.51.48:291][753]LogModuleManager: Shutting down and abandoning module SpeedTreeImporter (114)
[2016.06.08-08.51.48:291][753]LogModuleManager: Shutting down and abandoning module PluginBrowser (113)
[2016.06.08-08.51.48:291][753]LogModuleManager: Shutting down and abandoning module EpicSurvey (112)
[2016.06.08-08.51.48:291][753]LogModuleManager: Shutting down and abandoning module DesktopPlatform (111)
[2016.06.08-08.51.48:291][753]LogModuleManager: Shutting down and abandoning module VisualStudioSourceCodeAccess (110)
[2016.06.08-08.51.48:291][753]LogModuleManager: Shutting down and abandoning module UObjectPlugin (109)
[2016.06.08-08.51.48:291][753]LogModuleManager: Shutting down and abandoning module SubversionSourceControl (108)
[2016.06.08-08.51.48:291][753]LogModuleManager: Shutting down and abandoning module PerforceSourceControl (107)
[2016.06.08-08.51.48:291][753]LogModuleManager: Shutting down and abandoning module SourceControl (106)
[2016.06.08-08.51.48:291][753]LogModuleManager: Shutting down and abandoning module GitSourceControl (105)
[2016.06.08-08.51.48:292][753]LogModuleManager: Shutting down and abandoning module LightPropagationVolumeEditor (104)
[2016.06.08-08.51.48:292][753]LogModuleManager: Shutting down and abandoning module PaperTiledImporter (103)
[2016.06.08-08.51.48:292][753]LogModuleManager: Shutting down and abandoning module PaperSpriteSheetImporter (102)
[2016.06.08-08.51.48:292][753]LogModuleManager: Shutting down and abandoning module MeshPaint (101)
[2016.06.08-08.51.48:292][753]LogModuleManager: Shutting down and abandoning module HotReload (100)
[2016.06.08-08.51.48:292][753]LogModuleManager: Shutting down and abandoning module MainFrame (99)
[2016.06.08-08.51.48:292][753]LogModuleManager: Shutting down and abandoning module LevelEditor (98)
[2016.06.08-08.51.48:293][753]LogModuleManager: Shutting down and abandoning module DirectoryWatcher (97)
[2016.06.08-08.51.48:293][753]LogModuleManager: Shutting down and abandoning module AssetRegistry (96)
[2016.06.08-08.51.48:444][753]LogModuleManager: Shutting down and abandoning module ContentBrowser (95)
[2016.06.08-08.51.48:444][753]LogModuleManager: Shutting down and abandoning module Paper2DEditor (94)
[2016.06.08-08.51.48:445][753]LogModuleManager: Shutting down and abandoning module HeliosFinal (93)
[2016.06.08-08.51.48:445][753]LogModuleManager: Shutting down and abandoning module UdpMessaging (92)
[2016.06.08-08.51.48:546][753]LogModuleManager: Shutting down and abandoning module LightPropagationVolumeRuntime (91)
[2016.06.08-08.51.48:546][753]LogModuleManager: Shutting down and abandoning module Paper2D (90)
[2016.06.08-08.51.48:546][753]LogModuleManager: Shutting down and abandoning module WindowsMoviePlayer (89)
[2016.06.08-08.51.48:546][753]LogModuleManager: Shutting down and abandoning module Media (88)
[2016.06.08-08.51.48:546][753]LogModuleManager: Shutting down and abandoning module WmfMedia (87)
[2016.06.08-08.51.48:546][753]LogModuleManager: Shutting down and abandoning module MediaAssets (86)
[2016.06.08-08.51.48:546][753]LogModuleManager: Shutting down and abandoning module GameLiveStreaming (85)
[2016.06.08-08.51.48:546][753]LogModuleManager: Shutting down and abandoning module GameplayTagsEditor (84)
[2016.06.08-08.51.48:546][753]LogModuleManager: Shutting down and abandoning module OnlineBlueprintSupport (83)
[2016.06.08-08.51.48:546][753]LogModuleManager: Shutting down and abandoning module GameplayTasksEditor (82)
[2016.06.08-08.51.48:546][753]LogModuleManager: Shutting down and abandoning module PropertyEditor (81)
[2016.06.08-08.51.48:546][753]LogModuleManager: Shutting down and abandoning module BehaviorTreeEditor (80)
[2016.06.08-08.51.48:546][753]LogModuleManager: Shutting down and abandoning module FunctionalTesting (79)
[2016.06.08-08.51.48:546][753]LogModuleManager: Shutting down and abandoning module CollisionAnalyzer (78)
[2016.06.08-08.51.48:546][753]LogModuleManager: Shutting down and abandoning module WorkspaceMenuStructure (77)
[2016.06.08-08.51.48:546][753]LogModuleManager: Shutting down and abandoning module MessageLog (76)
[2016.06.08-08.51.48:546][753]LogModuleManager: Shutting down and abandoning module Sequencer (75)
[2016.06.08-08.51.48:546][753]LogModuleManager: Shutting down and abandoning module AssetTools (74)
[2016.06.08-08.51.48:546][753]LogModuleManager: Shutting down and abandoning module UMGEditor (73)
[2016.06.08-08.51.48:546][753]LogModuleManager: Shutting down and abandoning module UMG (72)
[2016.06.08-08.51.48:546][753]LogModuleManager: Shutting down and abandoning module SlateReflector (71)
[2016.06.08-08.51.48:546][753]LogModuleManager: Shutting down and abandoning module Slate (70)
[2016.06.08-08.51.48:546][753]LogModuleManager: Shutting down and abandoning module EditorStyle (69)
[2016.06.08-08.51.48:548][753]LogModuleManager: Shutting down and abandoning module SessionServices (68)
[2016.06.08-08.51.48:548][753]LogModuleManager: Shutting down and abandoning module SourceCodeAccess (67)
[2016.06.08-08.51.48:548][753]LogModuleManager: Shutting down and abandoning module HeadMountedDisplay (66)
[2016.06.08-08.51.48:548][753]LogModuleManager: Shutting down and abandoning module XAudio2 (65)
[2016.06.08-08.51.48:548][753]LogModuleManager: Shutting down and abandoning module Networking (63)
[2016.06.08-08.51.48:548][753]LogModuleManager: Shutting down and abandoning module Core (62)
[2016.06.08-08.51.48:548][753]LogModuleManager: Shutting down and abandoning module KismetCompiler (61)
[2016.06.08-08.51.48:548][753]LogModuleManager: Shutting down and abandoning module PhysXFormats (60)
[2016.06.08-08.51.48:548][753]LogModuleManager: Shutting down and abandoning module MeshUtilities (59)
[2016.06.08-08.51.48:548][753]LogModuleManager: Shutting down and abandoning module CookingStats (58)
[2016.06.08-08.51.48:548][753]LogModuleManager: Shutting down and abandoning module DerivedDataCache (57)
[2016.06.08-08.51.48:548][753]LogDerivedDataCache: Shutdown
[2016.06.08-08.51.48:548][753]LogModuleManager: Shutting down and abandoning module ShaderFormatOpenGL (56)
[2016.06.08-08.51.48:548][753]LogModuleManager: Shutting down and abandoning module ShaderFormatD3D (55)
[2016.06.08-08.51.48:548][753]LogModuleManager: Shutting down and abandoning module MetalShaderFormat (54)
[2016.06.08-08.51.48:548][753]LogModuleManager: Shutting down and abandoning module TextureFormatUncompressed (53)
[2016.06.08-08.51.48:548][753]LogModuleManager: Shutting down and abandoning module TextureFormatPVR (52)
[2016.06.08-08.51.48:548][753]LogModuleManager: Shutting down and abandoning module TextureFormatIntelISPCTexComp (51)
[2016.06.08-08.51.48:549][753]LogModuleManager: Shutting down and abandoning module TextureFormatDXT (50)
[2016.06.08-08.51.48:549][753]LogModuleManager: Shutting down and abandoning module ImageWrapper (49)
[2016.06.08-08.51.48:549][753]LogModuleManager: Shutting down and abandoning module TextureFormatASTC (48)
[2016.06.08-08.51.48:549][753]LogModuleManager: Shutting down and abandoning module TextureFormatAndroid (47)
[2016.06.08-08.51.48:549][753]LogModuleManager: Shutting down and abandoning module AudioFormatOpus (46)
[2016.06.08-08.51.48:549][753]LogModuleManager: Shutting down and abandoning module AudioFormatOgg (45)
[2016.06.08-08.51.48:549][753]LogModuleManager: Shutting down and abandoning module AudioFormatADPCM (44)
[2016.06.08-08.51.48:549][753]LogModuleManager: Shutting down and abandoning module LinuxTargetPlatform (43)
[2016.06.08-08.51.48:549][753]LogModuleManager: Shutting down and abandoning module LinuxServerTargetPlatform (42)
[2016.06.08-08.51.48:549][753]LogModuleManager: Shutting down and abandoning module LinuxNoEditorTargetPlatform (41)
[2016.06.08-08.51.48:549][753]LogModuleManager: Shutting down and abandoning module TVOSTargetPlatform (40)
[2016.06.08-08.51.48:549][753]LogModuleManager: Shutting down and abandoning module Messaging (39)
[2016.06.08-08.51.48:549][753]LogModuleManager: Shutting down and abandoning module IOSTargetPlatform (38)
[2016.06.08-08.51.48:549][753]LogModuleManager: Shutting down and abandoning module HTML5TargetPlatform (37)
[2016.06.08-08.51.48:549][753]LogModuleManager: Shutting down and abandoning module Android_PVRTCTargetPlatform (36)
[2016.06.08-08.51.48:549][753]LogModuleManager: Shutting down and abandoning module Android_MultiTargetPlatform (35)
[2016.06.08-08.51.48:549][753]LogModuleManager: Shutting down and abandoning module Android_ETC2TargetPlatform (34)
[2016.06.08-08.51.48:549][753]LogModuleManager: Shutting down and abandoning module Android_ETC1TargetPlatform (33)
[2016.06.08-08.51.48:549][753]LogModuleManager: Shutting down and abandoning module Android_DXTTargetPlatform (32)
[2016.06.08-08.51.48:549][753]LogModuleManager: Shutting down and abandoning module Android_ATCTargetPlatform (31)
[2016.06.08-08.51.48:549][753]LogModuleManager: Shutting down and abandoning module Android_ASTCTargetPlatform (30)
[2016.06.08-08.51.48:549][753]LogModuleManager: Shutting down and abandoning module AndroidTargetPlatform (29)
[2016.06.08-08.51.48:549][753]LogModuleManager: Shutting down and abandoning module WindowsTargetPlatform (28)
[2016.06.08-08.51.48:549][753]LogModuleManager: Shutting down and abandoning module WindowsServerTargetPlatform (27)
[2016.06.08-08.51.48:549][753]LogModuleManager: Shutting down and abandoning module WindowsNoEditorTargetPlatform (26)
[2016.06.08-08.51.48:549][753]LogModuleManager: Shutting down and abandoning module WindowsClientTargetPlatform (25)
[2016.06.08-08.51.48:549][753]LogModuleManager: Shutting down and abandoning module AllDesktopTargetPlatform (24)
[2016.06.08-08.51.48:549][753]LogModuleManager: Shutting down and abandoning module TargetPlatform (23)
[2016.06.08-08.51.48:549][753]LogModuleManager: Shutting down and abandoning module InputCore (22)
[2016.06.08-08.51.48:549][753]LogModuleManager: Shutting down and abandoning module Settings (21)
[2016.06.08-08.51.48:549][753]LogModuleManager: Shutting down and abandoning module OnlineSubsystem (19)
[2016.06.08-08.51.48:549][753]LogModuleManager: Shutting down and abandoning module HTTP (18)
[2016.06.08-08.51.49:551][753]LogModuleManager: Shutting down and abandoning module XMPP (17)
[2016.06.08-08.51.49:551][753]LogModuleManager: Shutting down and abandoning module OculusRift (16)
[2016.06.08-08.51.49:551][753]LogModuleManager: Shutting down and abandoning module ExampleDeviceProfileSelector (15)
[2016.06.08-08.51.49:551][753]LogModuleManager: Shutting down and abandoning module TextureCompressor (14)
[2016.06.08-08.51.49:551][753]LogModuleManager: Shutting down and abandoning module ShaderCore (13)
[2016.06.08-08.51.49:551][753]LogModuleManager: Shutting down and abandoning module Landscape (12)
[2016.06.08-08.51.49:551][753]LogModuleManager: Shutting down and abandoning module SlateRHIRenderer (11)
[2016.06.08-08.51.49:552][753]LogModuleManager: Shutting down and abandoning module OpenGLDrv (10)
[2016.06.08-08.51.49:552][753]LogModuleManager: Shutting down and abandoning module D3D11RHI (9)
[2016.06.08-08.51.49:552][753]LogModuleManager: Shutting down and abandoning module AnimGraphRuntime (8)
[2016.06.08-08.51.49:552][753]LogModuleManager: Shutting down and abandoning module Renderer (7)
[2016.06.08-08.51.49:552][753]LogModuleManager: Shutting down and abandoning module Engine (6)
[2016.06.08-08.51.49:552][753]LogModuleManager: Shutting down and abandoning module CoreUObject (5)
[2016.06.08-08.51.49:552][753]LogModuleManager: Shutting down and abandoning module NetworkFile (4)
[2016.06.08-08.51.49:552][753]LogModuleManager: Shutting down and abandoning module StreamingFile (3)
[2016.06.08-08.51.49:552][753]LogModuleManager: Shutting down and abandoning module SandboxFile (2)
[2016.06.08-08.51.49:552][753]LogModuleManager: Shutting down and abandoning module PakFile (1)
[2016.06.08-08.51.49:554][753]LogWindows:Error: === Critical error: ===
Fatal error!



